{"type":"operationStart","subtype":"profile","data":{"_id":"oFygBnkHD8BN0OZQ","timestamp":"2023-01-27T17:45:01.423Z","state":"queued","mode":"standard","creationDate":"2023-01-27T17:45:01.425Z","modificationDate":"2023-01-27T17:45:01.425Z","shortid":"_pscsFE","$entitySet":"profiles"},"doDiffs":false,"timestamp":1674841501424,"id":"1ubeupg8jh6wgk8","previousOperationId":null,"operationId":"4y1kxinfj6ro6i7"}
{"type":"log","level":"info","message":"Render request 5 queued for execution and waiting for available worker","previousOperationId":"4y1kxinfj6ro6i7","timestamp":1674841501424,"id":"t7el44mjsvai6bk"}
{"type":"operationStart","subtype":"render","name":"SpaceInVRs-main","previousOperationId":"4y1kxinfj6ro6i7","timestamp":1674841501433,"id":"7cgg3fg3u57uzf0","previousEventId":"1ubeupg8jh6wgk8","operationId":"w5f0fnpwu1po49a"}
{"type":"log","timestamp":1674841501433,"level":"info","message":"Starting rendering request 5","meta":{"rootId":"02pr8vgltihdw3m","id":"02pr8vgltihdw3m"},"id":"r2lvdw0ehy70e8n","previousOperationId":"w5f0fnpwu1po49a"}
{"type":"log","timestamp":1674841501433,"level":"info","message":"Rendering template { name: SpaceInVRs-main, recipe: chrome-pdf, engine: handlebars, preview: true }","meta":{"rootId":"02pr8vgltihdw3m","id":"02pr8vgltihdw3m"},"id":"vdvjhbmyruqcbxn","previousOperationId":"w5f0fnpwu1po49a"}
{"type":"log","timestamp":1674841501434,"level":"debug","message":"Adding sample data 44EIOSaAC","meta":{"rootId":"02pr8vgltihdw3m","id":"02pr8vgltihdw3m"},"id":"o2sy65gvgq6j6ml","previousOperationId":"w5f0fnpwu1po49a"}
{"type":"log","timestamp":1674841501445,"level":"debug","message":"Executing script SpaceInVRs-mainscript (beforeRender)","meta":{"rootId":"02pr8vgltihdw3m","id":"02pr8vgltihdw3m"},"id":"msmrrmqq902zq2g","previousOperationId":"w5f0fnpwu1po49a"}
{"type":"operationStart","subtype":"scriptsBeforeRender","name":"scripts beforeRender","timestamp":1674841501506,"id":"uiii45qzapnn05z","previousEventId":"7cgg3fg3u57uzf0","operationId":"kpo6x6e1j1mi19w","previousOperationId":"w5f0fnpwu1po49a"}
{"type":"operationStart","subtype":"script","name":"scripts SpaceInVRs-mainscript","previousOperationId":"kpo6x6e1j1mi19w","timestamp":1674841501506,"id":"h3ft4b9zwec7wxy","previousEventId":"uiii45qzapnn05z","operationId":"qx7ldm8v8swhbbj"}
{"type":"log","timestamp":1674841501523,"level":"debug","message":"(console:log) {\n  id: 1,\n  score: 150,\n  ships_destroyed: 7,\n  bullets_fired: 5,\n  powerups: 2,\n  createdAt: '2022-11-29T15:30:58.000Z',\n  updatedAt: '2022-11-29T15:30:58.000Z',\n  user_id: 1\n}","meta":{"userLevel":true,"rootId":"02pr8vgltihdw3m","id":"02pr8vgltihdw3m"},"id":"agm73sppkykqwwn","previousOperationId":"qx7ldm8v8swhbbj"}
{"type":"log","timestamp":1674841501523,"level":"debug","message":"(console:log) Aquí el score: undefined","meta":{"userLevel":true,"rootId":"02pr8vgltihdw3m","id":"02pr8vgltihdw3m"},"id":"pfx189yog9qp7co","previousOperationId":"qx7ldm8v8swhbbj"}
{"type":"log","timestamp":1674841501523,"level":"debug","message":"(console:log) Aquí las naves destruidas: undefined","meta":{"userLevel":true,"rootId":"02pr8vgltihdw3m","id":"02pr8vgltihdw3m"},"id":"zexaueregai72qq","previousOperationId":"qx7ldm8v8swhbbj"}
{"type":"operationEnd","operationId":"qx7ldm8v8swhbbj","timestamp":1674841501534,"id":"k7yssn5pd2hpggw","previousEventId":"7cgg3fg3u57uzf0","previousOperationId":"w5f0fnpwu1po49a"}
{"type":"operationEnd","operationId":"kpo6x6e1j1mi19w","timestamp":1674841501534,"id":"ql5f452gpc5zujv","previousEventId":"k7yssn5pd2hpggw","previousOperationId":"w5f0fnpwu1po49a"}
{"type":"log","timestamp":1674841501534,"level":"debug","message":"Base url not specified, skipping its injection.","meta":{"rootId":"02pr8vgltihdw3m","id":"02pr8vgltihdw3m"},"id":"n2ebpm9yyq4sdgw","previousOperationId":"kpo6x6e1j1mi19w"}
{"type":"operationStart","subtype":"engine","name":"handlebars","timestamp":1674841501534,"id":"5yu6hign5uz2bpb","previousEventId":"ql5f452gpc5zujv","operationId":"ovikd9fq9cpaozq","previousOperationId":"kpo6x6e1j1mi19w"}
{"type":"log","timestamp":1674841501534,"level":"debug","message":"Rendering engine handlebars","meta":{"rootId":"02pr8vgltihdw3m","id":"02pr8vgltihdw3m"},"id":"kdmqrk5d1ql302a","previousOperationId":"ovikd9fq9cpaozq"}
{"type":"operationEnd","operationId":"ovikd9fq9cpaozq","timestamp":1674841501548,"id":"thj82j1merv8giq","previousEventId":"5yu6hign5uz2bpb","previousOperationId":"ovikd9fq9cpaozq"}
{"type":"operationStart","subtype":"recipe","name":"chrome-pdf","timestamp":1674841501548,"id":"umhuhcl8pkc0e45","previousEventId":"thj82j1merv8giq","operationId":"qo4em43xphxe2d5","previousOperationId":"ovikd9fq9cpaozq"}
{"type":"log","timestamp":1674841501548,"level":"debug","message":"Executing recipe chrome-pdf","meta":{"rootId":"02pr8vgltihdw3m","id":"02pr8vgltihdw3m"},"id":"62jzc72ymubdy9a","previousOperationId":"qo4em43xphxe2d5"}
{"type":"log","timestamp":1674841501551,"level":"debug","message":"Converting with chrome HeadlessChrome/105.0.5173.0 using chrome-pool strategy","meta":{"rootId":"02pr8vgltihdw3m","id":"02pr8vgltihdw3m"},"id":"6hyfeenb7un09uh","previousOperationId":"qo4em43xphxe2d5"}
{"type":"log","timestamp":1674841501628,"level":"debug","message":"Page request: GET (document) file:///C:/Users/Kris/AppData/Local/Temp/jsreport/autocleanup/b198d40e-ad79-4e08-a6c8-6ec6f4c4c519-chrome-pdf.html","meta":{"rootId":"02pr8vgltihdw3m","id":"02pr8vgltihdw3m"},"id":"r2otvsb8jg5c7ya","previousOperationId":"qo4em43xphxe2d5"}
{"type":"log","timestamp":1674841501637,"level":"debug","message":"Page request finished: GET (document) 200 file:///C:/Users/Kris/AppData/Local/Temp/jsreport/autocleanup/b198d40e-ad79-4e08-a6c8-6ec6f4c4c519-chrome-pdf.html","meta":{"rootId":"02pr8vgltihdw3m","id":"02pr8vgltihdw3m"},"id":"ypusb83k45zj36m","previousOperationId":"qo4em43xphxe2d5"}
{"type":"log","timestamp":1674841501637,"level":"debug","message":"Page request: GET (stylesheet) https://cdnjs.cloudflare.com/ajax/libs/chartist/0.11.0/chartist.min.css","meta":{"rootId":"02pr8vgltihdw3m","id":"02pr8vgltihdw3m"},"id":"ng1vkn4jfv0s6fl","previousOperationId":"qo4em43xphxe2d5"}
{"type":"log","timestamp":1674841501637,"level":"debug","message":"Page request: GET (script) https://cdnjs.cloudflare.com/ajax/libs/chartist/0.11.0/chartist.min.js","meta":{"rootId":"02pr8vgltihdw3m","id":"02pr8vgltihdw3m"},"id":"2jynieslcg68g1q","previousOperationId":"qo4em43xphxe2d5"}
{"type":"log","timestamp":1674841501638,"level":"debug","message":"Page request: GET (script) https://unpkg.com/chartist-plugin-tooltips@0.0.17","meta":{"rootId":"02pr8vgltihdw3m","id":"02pr8vgltihdw3m"},"id":"derdt03ipr5j935","previousOperationId":"qo4em43xphxe2d5"}
{"type":"log","timestamp":1674841501638,"level":"debug","message":"Page request: GET (script) https://unpkg.com/chartist-plugin-pointlabels@0.0.6","meta":{"rootId":"02pr8vgltihdw3m","id":"02pr8vgltihdw3m"},"id":"8rb09zw4nqys4i1","previousOperationId":"qo4em43xphxe2d5"}
{"type":"log","timestamp":1674841501642,"level":"warn","message":"Page request failed: GET (script) 302 https://unpkg.com/chartist-plugin-tooltips@0.0.17 (redirect to: /chartist-plugin-tooltips@0.0.17/dist/chartist-plugin-tooltip.js)","meta":{"rootId":"02pr8vgltihdw3m","id":"02pr8vgltihdw3m"},"id":"40p0i9pql4j8oyb","previousOperationId":"qo4em43xphxe2d5"}
{"type":"log","timestamp":1674841501642,"level":"debug","message":"Page request: GET (script) https://unpkg.com/chartist-plugin-tooltips@0.0.17/dist/chartist-plugin-tooltip.js (redirect from: https://unpkg.com/chartist-plugin-tooltips@0.0.17)","meta":{"rootId":"02pr8vgltihdw3m","id":"02pr8vgltihdw3m"},"id":"7ld729fsh13btgr","previousOperationId":"qo4em43xphxe2d5"}
{"type":"log","timestamp":1674841501643,"level":"debug","message":"Page request finished: GET (stylesheet) 200 https://cdnjs.cloudflare.com/ajax/libs/chartist/0.11.0/chartist.min.css","meta":{"rootId":"02pr8vgltihdw3m","id":"02pr8vgltihdw3m"},"id":"zkkjdnyegqgdwu9","previousOperationId":"qo4em43xphxe2d5"}
{"type":"log","timestamp":1674841501644,"level":"debug","message":"Page request finished: GET (script) 200 https://cdnjs.cloudflare.com/ajax/libs/chartist/0.11.0/chartist.min.js","meta":{"rootId":"02pr8vgltihdw3m","id":"02pr8vgltihdw3m"},"id":"gsegte5xf8zoxfv","previousOperationId":"qo4em43xphxe2d5"}
{"type":"log","timestamp":1674841501645,"level":"warn","message":"Page request failed: GET (script) 302 https://unpkg.com/chartist-plugin-pointlabels@0.0.6 (redirect to: /chartist-plugin-pointlabels@0.0.6/dist/chartist-plugin-pointlabels.js)","meta":{"rootId":"02pr8vgltihdw3m","id":"02pr8vgltihdw3m"},"id":"ilwrlijcepij9gg","previousOperationId":"qo4em43xphxe2d5"}
{"type":"log","timestamp":1674841501645,"level":"debug","message":"Page request: GET (script) https://unpkg.com/chartist-plugin-pointlabels@0.0.6/dist/chartist-plugin-pointlabels.js (redirect from: https://unpkg.com/chartist-plugin-pointlabels@0.0.6)","meta":{"rootId":"02pr8vgltihdw3m","id":"02pr8vgltihdw3m"},"id":"njg2tv6gts6bz5h","previousOperationId":"qo4em43xphxe2d5"}
{"type":"log","timestamp":1674841501647,"level":"debug","message":"Page request finished: GET (script) 200 https://unpkg.com/chartist-plugin-tooltips@0.0.17/dist/chartist-plugin-tooltip.js","meta":{"rootId":"02pr8vgltihdw3m","id":"02pr8vgltihdw3m"},"id":"bxhsfxx8w5bhqaf","previousOperationId":"qo4em43xphxe2d5"}
{"type":"log","timestamp":1674841501649,"level":"debug","message":"Page request finished: GET (script) 200 https://unpkg.com/chartist-plugin-pointlabels@0.0.6/dist/chartist-plugin-pointlabels.js","meta":{"rootId":"02pr8vgltihdw3m","id":"02pr8vgltihdw3m"},"id":"owv2wer1igu7t81","previousOperationId":"qo4em43xphxe2d5"}
{"type":"log","timestamp":1674841501693,"level":"debug","message":"Running chrome with params {\"printBackground\":true,\"timeout\":59873,\"margin\":{}}","meta":{"rootId":"02pr8vgltihdw3m","id":"02pr8vgltihdw3m"},"id":"yki5uaa9zsmy093","previousOperationId":"qo4em43xphxe2d5"}
{"type":"operationEnd","operationId":"qo4em43xphxe2d5","timestamp":1674841501804,"id":"cm61y0m2vf3n9nq","previousEventId":"umhuhcl8pkc0e45","previousOperationId":"qo4em43xphxe2d5"}
{"type":"log","timestamp":1674841501805,"level":"debug","message":"Skipping storing report.","meta":{"rootId":"02pr8vgltihdw3m","id":"02pr8vgltihdw3m"},"id":"wrm1ufjx7vbzkbb","previousOperationId":"qo4em43xphxe2d5"}
{"type":"log","timestamp":1674841501805,"level":"info","message":"Rendering request 5 finished in 382 ms","meta":{"rootId":"02pr8vgltihdw3m","id":"02pr8vgltihdw3m"},"id":"p9ulv05lkiwtw4z","previousOperationId":"qo4em43xphxe2d5"}
{"type":"operationEnd","subtype":"render","operationId":"w5f0fnpwu1po49a","timestamp":1674841501805,"id":"yzmd7blzyt7ji5l","previousEventId":"cm61y0m2vf3n9nq","previousOperationId":"qo4em43xphxe2d5"}
{"type":"operationEnd","doDiffs":false,"previousEventId":"1ubeupg8jh6wgk8","previousOperationId":"4y1kxinfj6ro6i7","operationId":"4y1kxinfj6ro6i7","timestamp":1674841501812,"id":"i7xra3m8ri4f2og"}
