{"type":"operationStart","subtype":"profile","data":{"_id":"p3sMNXe6qPPQPKgF","timestamp":"2023-01-27T18:05:09.471Z","state":"queued","mode":"standard","creationDate":"2023-01-27T18:05:09.473Z","modificationDate":"2023-01-27T18:05:09.473Z","shortid":"p51l1hB","$entitySet":"profiles"},"doDiffs":false,"timestamp":1674842709472,"id":"53qoe9oyb8zq7kk","previousOperationId":null,"operationId":"1yoyuh4iw66e1tu"}
{"type":"log","level":"info","message":"Render request 14 queued for execution and waiting for available worker","previousOperationId":"1yoyuh4iw66e1tu","timestamp":1674842709472,"id":"lp1dufi90k4t9jt"}
{"type":"operationStart","subtype":"render","name":"SpaceInVRs-main","previousOperationId":"1yoyuh4iw66e1tu","timestamp":1674842709481,"id":"865r9919y907jvn","previousEventId":"53qoe9oyb8zq7kk","operationId":"6z3o0i4qvfpblyh"}
{"type":"log","timestamp":1674842709481,"level":"info","message":"Starting rendering request 14","meta":{"rootId":"09e03jecixovx9x","id":"09e03jecixovx9x"},"id":"s0592n581rc4fq1","previousOperationId":"6z3o0i4qvfpblyh"}
{"type":"log","timestamp":1674842709481,"level":"info","message":"Rendering template { name: SpaceInVRs-main, recipe: chrome-pdf, engine: handlebars, preview: true }","meta":{"rootId":"09e03jecixovx9x","id":"09e03jecixovx9x"},"id":"p4d5cidcastdk8f","previousOperationId":"6z3o0i4qvfpblyh"}
{"type":"log","timestamp":1674842709483,"level":"debug","message":"Adding sample data 44EIOSaAC","meta":{"rootId":"09e03jecixovx9x","id":"09e03jecixovx9x"},"id":"qu2kig7j7sq2o44","previousOperationId":"6z3o0i4qvfpblyh"}
{"type":"log","timestamp":1674842709487,"level":"debug","message":"Executing script SpaceInVRs-mainscript (beforeRender)","meta":{"rootId":"09e03jecixovx9x","id":"09e03jecixovx9x"},"id":"r0r3kqfoseivyho","previousOperationId":"6z3o0i4qvfpblyh"}
{"type":"operationStart","subtype":"scriptsBeforeRender","name":"scripts beforeRender","timestamp":1674842709561,"id":"1hk8i8fqsv3wj5s","previousEventId":"865r9919y907jvn","operationId":"81dg26t5riajhq1","previousOperationId":"6z3o0i4qvfpblyh"}
{"type":"operationStart","subtype":"script","name":"scripts SpaceInVRs-mainscript","previousOperationId":"81dg26t5riajhq1","timestamp":1674842709562,"id":"yx5zv5p9xitbwqb","previousEventId":"1hk8i8fqsv3wj5s","operationId":"lrs477pddvxytei"}
{"type":"log","timestamp":1674842709580,"level":"debug","message":"(console:log) 150","meta":{"userLevel":true,"rootId":"09e03jecixovx9x","id":"09e03jecixovx9x"},"id":"xjc166segi0kxuj","previousOperationId":"lrs477pddvxytei"}
{"type":"log","timestamp":1674842709580,"level":"debug","message":"(console:log) Aquí el score: undefined","meta":{"userLevel":true,"rootId":"09e03jecixovx9x","id":"09e03jecixovx9x"},"id":"0ofei58f2pq763z","previousOperationId":"lrs477pddvxytei"}
{"type":"log","timestamp":1674842709580,"level":"debug","message":"(console:log) Aquí las naves destruidas: undefined","meta":{"userLevel":true,"rootId":"09e03jecixovx9x","id":"09e03jecixovx9x"},"id":"4w1g1b9zp0fxff2","previousOperationId":"lrs477pddvxytei"}
{"type":"operationEnd","operationId":"lrs477pddvxytei","timestamp":1674842709590,"id":"9lsddbw9fcq7y32","previousEventId":"865r9919y907jvn","previousOperationId":"6z3o0i4qvfpblyh"}
{"type":"operationEnd","operationId":"81dg26t5riajhq1","timestamp":1674842709590,"id":"mdhwk9d9rx82dtd","previousEventId":"9lsddbw9fcq7y32","previousOperationId":"6z3o0i4qvfpblyh"}
{"type":"log","timestamp":1674842709591,"level":"debug","message":"Base url not specified, skipping its injection.","meta":{"rootId":"09e03jecixovx9x","id":"09e03jecixovx9x"},"id":"zurz5elhe8okv26","previousOperationId":"81dg26t5riajhq1"}
{"type":"operationStart","subtype":"engine","name":"handlebars","timestamp":1674842709591,"id":"bq9b7hzcf7zehmm","previousEventId":"mdhwk9d9rx82dtd","operationId":"y9mysze7g141s9s","previousOperationId":"81dg26t5riajhq1"}
{"type":"log","timestamp":1674842709591,"level":"debug","message":"Rendering engine handlebars","meta":{"rootId":"09e03jecixovx9x","id":"09e03jecixovx9x"},"id":"di8104nvqirj6zc","previousOperationId":"y9mysze7g141s9s"}
{"type":"operationEnd","operationId":"y9mysze7g141s9s","timestamp":1674842709614,"id":"4phkxz61fosrn7w","previousEventId":"bq9b7hzcf7zehmm","previousOperationId":"y9mysze7g141s9s"}
{"type":"operationStart","subtype":"recipe","name":"chrome-pdf","timestamp":1674842709614,"id":"nefq1hy665cemsh","previousEventId":"4phkxz61fosrn7w","operationId":"j2ikejc5gwbqizz","previousOperationId":"y9mysze7g141s9s"}
{"type":"log","timestamp":1674842709615,"level":"debug","message":"Executing recipe chrome-pdf","meta":{"rootId":"09e03jecixovx9x","id":"09e03jecixovx9x"},"id":"eryv4a3y2ln6hai","previousOperationId":"j2ikejc5gwbqizz"}
{"type":"log","timestamp":1674842709618,"level":"debug","message":"Converting with chrome HeadlessChrome/105.0.5173.0 using chrome-pool strategy","meta":{"rootId":"09e03jecixovx9x","id":"09e03jecixovx9x"},"id":"bcuvdog4vse9xb4","previousOperationId":"j2ikejc5gwbqizz"}
{"type":"log","timestamp":1674842709704,"level":"debug","message":"Page request: GET (document) file:///C:/Users/Kris/AppData/Local/Temp/jsreport/autocleanup/75bf881f-ee1f-4fac-859f-1912e8eaaa13-chrome-pdf.html","meta":{"rootId":"09e03jecixovx9x","id":"09e03jecixovx9x"},"id":"osh34dbf32xuqc7","previousOperationId":"j2ikejc5gwbqizz"}
{"type":"log","timestamp":1674842709741,"level":"debug","message":"Page request finished: GET (document) 200 file:///C:/Users/Kris/AppData/Local/Temp/jsreport/autocleanup/75bf881f-ee1f-4fac-859f-1912e8eaaa13-chrome-pdf.html","meta":{"rootId":"09e03jecixovx9x","id":"09e03jecixovx9x"},"id":"djm9bpllojek3vn","previousOperationId":"j2ikejc5gwbqizz"}
{"type":"log","timestamp":1674842709741,"level":"debug","message":"Page request: GET (stylesheet) https://cdnjs.cloudflare.com/ajax/libs/chartist/0.11.0/chartist.min.css","meta":{"rootId":"09e03jecixovx9x","id":"09e03jecixovx9x"},"id":"p76lwgquaxi5onf","previousOperationId":"j2ikejc5gwbqizz"}
{"type":"log","timestamp":1674842709742,"level":"debug","message":"Page request: GET (script) https://cdnjs.cloudflare.com/ajax/libs/chartist/0.11.0/chartist.min.js","meta":{"rootId":"09e03jecixovx9x","id":"09e03jecixovx9x"},"id":"ui4yg9kt1zffclu","previousOperationId":"j2ikejc5gwbqizz"}
{"type":"log","timestamp":1674842709742,"level":"debug","message":"Page request: GET (script) https://unpkg.com/chartist-plugin-tooltips@0.0.17","meta":{"rootId":"09e03jecixovx9x","id":"09e03jecixovx9x"},"id":"fphlfggrswfkn34","previousOperationId":"j2ikejc5gwbqizz"}
{"type":"log","timestamp":1674842709742,"level":"debug","message":"Page request: GET (script) https://unpkg.com/chartist-plugin-pointlabels@0.0.6","meta":{"rootId":"09e03jecixovx9x","id":"09e03jecixovx9x"},"id":"5cogw3xt2w8bzja","previousOperationId":"j2ikejc5gwbqizz"}
{"type":"log","timestamp":1674842709745,"level":"debug","message":"Page request finished: GET (stylesheet) 200 https://cdnjs.cloudflare.com/ajax/libs/chartist/0.11.0/chartist.min.css","meta":{"rootId":"09e03jecixovx9x","id":"09e03jecixovx9x"},"id":"l5hq6kxygxlfu7a","previousOperationId":"j2ikejc5gwbqizz"}
{"type":"log","timestamp":1674842709746,"level":"warn","message":"Page request failed: GET (script) 302 https://unpkg.com/chartist-plugin-tooltips@0.0.17 (redirect to: /chartist-plugin-tooltips@0.0.17/dist/chartist-plugin-tooltip.js)","meta":{"rootId":"09e03jecixovx9x","id":"09e03jecixovx9x"},"id":"mdef40bgm2cgfuz","previousOperationId":"j2ikejc5gwbqizz"}
{"type":"log","timestamp":1674842709746,"level":"debug","message":"Page request: GET (script) https://unpkg.com/chartist-plugin-tooltips@0.0.17/dist/chartist-plugin-tooltip.js (redirect from: https://unpkg.com/chartist-plugin-tooltips@0.0.17)","meta":{"rootId":"09e03jecixovx9x","id":"09e03jecixovx9x"},"id":"2b2cfhtb83wxiag","previousOperationId":"j2ikejc5gwbqizz"}
{"type":"log","timestamp":1674842709747,"level":"warn","message":"Page request failed: GET (script) 302 https://unpkg.com/chartist-plugin-pointlabels@0.0.6 (redirect to: /chartist-plugin-pointlabels@0.0.6/dist/chartist-plugin-pointlabels.js)","meta":{"rootId":"09e03jecixovx9x","id":"09e03jecixovx9x"},"id":"xjcpugfnt6j6y74","previousOperationId":"j2ikejc5gwbqizz"}
{"type":"log","timestamp":1674842709747,"level":"debug","message":"Page request finished: GET (script) 200 https://cdnjs.cloudflare.com/ajax/libs/chartist/0.11.0/chartist.min.js","meta":{"rootId":"09e03jecixovx9x","id":"09e03jecixovx9x"},"id":"u7srbxv1avrzdnh","previousOperationId":"j2ikejc5gwbqizz"}
{"type":"log","timestamp":1674842709747,"level":"debug","message":"Page request: GET (script) https://unpkg.com/chartist-plugin-pointlabels@0.0.6/dist/chartist-plugin-pointlabels.js (redirect from: https://unpkg.com/chartist-plugin-pointlabels@0.0.6)","meta":{"rootId":"09e03jecixovx9x","id":"09e03jecixovx9x"},"id":"ipm560hpstl417x","previousOperationId":"j2ikejc5gwbqizz"}
{"type":"log","timestamp":1674842709749,"level":"debug","message":"Page request finished: GET (script) 200 https://unpkg.com/chartist-plugin-tooltips@0.0.17/dist/chartist-plugin-tooltip.js","meta":{"rootId":"09e03jecixovx9x","id":"09e03jecixovx9x"},"id":"6asncoal1qlqs6t","previousOperationId":"j2ikejc5gwbqizz"}
{"type":"log","timestamp":1674842709750,"level":"debug","message":"Page request finished: GET (script) 200 https://unpkg.com/chartist-plugin-pointlabels@0.0.6/dist/chartist-plugin-pointlabels.js","meta":{"rootId":"09e03jecixovx9x","id":"09e03jecixovx9x"},"id":"6a7k63dsyvl47na","previousOperationId":"j2ikejc5gwbqizz"}
{"type":"log","timestamp":1674842709752,"level":"warn","message":"Page error: SyntaxError: Identifier 'finalscore' has already been declared","meta":{"rootId":"09e03jecixovx9x","id":"09e03jecixovx9x"},"id":"0vtqtgxa24rfy7s","previousOperationId":"j2ikejc5gwbqizz"}
{"type":"log","timestamp":1674842709752,"level":"warn","message":"Page error: SyntaxError: Identifier 'finalscore' has already been declared","meta":{"rootId":"09e03jecixovx9x","id":"09e03jecixovx9x"},"id":"9izvomw2gbbcqyv","previousOperationId":"j2ikejc5gwbqizz"}
{"type":"log","timestamp":1674842709752,"level":"warn","message":"Page error: SyntaxError: Identifier 'finalscore' has already been declared","meta":{"rootId":"09e03jecixovx9x","id":"09e03jecixovx9x"},"id":"qrmjk5jfh0ombdk","previousOperationId":"j2ikejc5gwbqizz"}
{"type":"log","timestamp":1674842709753,"level":"warn","message":"Page error: SyntaxError: Identifier 'finalscore' has already been declared","meta":{"rootId":"09e03jecixovx9x","id":"09e03jecixovx9x"},"id":"y9gtxzgk7ycd7e5","previousOperationId":"j2ikejc5gwbqizz"}
{"type":"log","timestamp":1674842709783,"level":"debug","message":"Running chrome with params {\"printBackground\":true,\"timeout\":59855,\"margin\":{}}","meta":{"rootId":"09e03jecixovx9x","id":"09e03jecixovx9x"},"id":"244q7tdjakysg4c","previousOperationId":"j2ikejc5gwbqizz"}
{"type":"operationEnd","operationId":"j2ikejc5gwbqizz","timestamp":1674842709848,"id":"e380m72o9eipgs9","previousEventId":"nefq1hy665cemsh","previousOperationId":"j2ikejc5gwbqizz"}
{"type":"log","timestamp":1674842709848,"level":"debug","message":"Skipping storing report.","meta":{"rootId":"09e03jecixovx9x","id":"09e03jecixovx9x"},"id":"kqb6qluzc35cpoi","previousOperationId":"j2ikejc5gwbqizz"}
{"type":"log","timestamp":1674842709848,"level":"info","message":"Rendering request 14 finished in 377 ms","meta":{"rootId":"09e03jecixovx9x","id":"09e03jecixovx9x"},"id":"ifu98cfk07djan7","previousOperationId":"j2ikejc5gwbqizz"}
{"type":"operationEnd","subtype":"render","operationId":"6z3o0i4qvfpblyh","timestamp":1674842709848,"id":"f4imjgavo6sdwyh","previousEventId":"e380m72o9eipgs9","previousOperationId":"j2ikejc5gwbqizz"}
{"type":"operationEnd","doDiffs":false,"previousEventId":"53qoe9oyb8zq7kk","previousOperationId":"1yoyuh4iw66e1tu","operationId":"1yoyuh4iw66e1tu","timestamp":1674842709853,"id":"bv9n99io8mncw97"}
