{"type":"operationStart","subtype":"profile","data":{"_id":"ZgWMEQAdeG8IIudb","timestamp":"2023-01-27T18:04:30.046Z","state":"queued","mode":"standard","creationDate":"2023-01-27T18:04:30.047Z","modificationDate":"2023-01-27T18:04:30.047Z","shortid":"JBhQa4u","$entitySet":"profiles"},"doDiffs":false,"timestamp":1674842670046,"id":"travjyj4la9wn9d","previousOperationId":null,"operationId":"oe7vk9g35xu69ue"}
{"type":"log","level":"info","message":"Render request 11 queued for execution and waiting for available worker","previousOperationId":"oe7vk9g35xu69ue","timestamp":1674842670047,"id":"jg6ii8uh0bqproq"}
{"type":"operationStart","subtype":"render","name":"SpaceInVRs-main","previousOperationId":"oe7vk9g35xu69ue","timestamp":1674842670056,"id":"d5kjegi5g1vwzdj","previousEventId":"travjyj4la9wn9d","operationId":"zok8vy1815g4gbq"}
{"type":"log","timestamp":1674842670056,"level":"info","message":"Starting rendering request 11","meta":{"rootId":"2fylew2j1wd9zv5","id":"2fylew2j1wd9zv5"},"id":"53dtz6aqx5sk7u6","previousOperationId":"zok8vy1815g4gbq"}
{"type":"log","timestamp":1674842670056,"level":"info","message":"Rendering template { name: SpaceInVRs-main, recipe: chrome-pdf, engine: handlebars, preview: true }","meta":{"rootId":"2fylew2j1wd9zv5","id":"2fylew2j1wd9zv5"},"id":"dgtlrj5ikfsb1r1","previousOperationId":"zok8vy1815g4gbq"}
{"type":"log","timestamp":1674842670057,"level":"debug","message":"Adding sample data 44EIOSaAC","meta":{"rootId":"2fylew2j1wd9zv5","id":"2fylew2j1wd9zv5"},"id":"tv129719wj74yu7","previousOperationId":"zok8vy1815g4gbq"}
{"type":"log","timestamp":1674842670059,"level":"debug","message":"Executing script SpaceInVRs-mainscript (beforeRender)","meta":{"rootId":"2fylew2j1wd9zv5","id":"2fylew2j1wd9zv5"},"id":"ie78za8qaasghin","previousOperationId":"zok8vy1815g4gbq"}
{"type":"operationStart","subtype":"scriptsBeforeRender","name":"scripts beforeRender","timestamp":1674842670116,"id":"ios1lyn1y1cht3q","previousEventId":"d5kjegi5g1vwzdj","operationId":"delyqy646v4vzfu","previousOperationId":"zok8vy1815g4gbq"}
{"type":"operationStart","subtype":"script","name":"scripts SpaceInVRs-mainscript","previousOperationId":"delyqy646v4vzfu","timestamp":1674842670116,"id":"rhkeykfchun9npz","previousEventId":"ios1lyn1y1cht3q","operationId":"7ezdfqztpn17gv7"}
{"type":"log","timestamp":1674842670132,"level":"debug","message":"(console:log) 150","meta":{"userLevel":true,"rootId":"2fylew2j1wd9zv5","id":"2fylew2j1wd9zv5"},"id":"6xq2u1h926r5pff","previousOperationId":"7ezdfqztpn17gv7"}
{"type":"log","timestamp":1674842670132,"level":"debug","message":"(console:log) Aquí el score: undefined","meta":{"userLevel":true,"rootId":"2fylew2j1wd9zv5","id":"2fylew2j1wd9zv5"},"id":"3ldpi6saxnaei2r","previousOperationId":"7ezdfqztpn17gv7"}
{"type":"log","timestamp":1674842670132,"level":"debug","message":"(console:log) Aquí las naves destruidas: undefined","meta":{"userLevel":true,"rootId":"2fylew2j1wd9zv5","id":"2fylew2j1wd9zv5"},"id":"z09zvou9fcxcknr","previousOperationId":"7ezdfqztpn17gv7"}
{"type":"operationEnd","operationId":"7ezdfqztpn17gv7","timestamp":1674842670141,"id":"ez0rkzzss8zgnry","previousEventId":"d5kjegi5g1vwzdj","previousOperationId":"zok8vy1815g4gbq"}
{"type":"operationEnd","operationId":"delyqy646v4vzfu","timestamp":1674842670141,"id":"ccnp58rf571yh45","previousEventId":"ez0rkzzss8zgnry","previousOperationId":"zok8vy1815g4gbq"}
{"type":"log","timestamp":1674842670141,"level":"debug","message":"Base url not specified, skipping its injection.","meta":{"rootId":"2fylew2j1wd9zv5","id":"2fylew2j1wd9zv5"},"id":"gd8s5j0gznyhjjf","previousOperationId":"delyqy646v4vzfu"}
{"type":"operationStart","subtype":"engine","name":"handlebars","timestamp":1674842670141,"id":"6ubpnj6myk1yrw5","previousEventId":"ccnp58rf571yh45","operationId":"h2aqbqy4dp182bg","previousOperationId":"delyqy646v4vzfu"}
{"type":"log","timestamp":1674842670141,"level":"debug","message":"Rendering engine handlebars","meta":{"rootId":"2fylew2j1wd9zv5","id":"2fylew2j1wd9zv5"},"id":"jzew3t2g2ptla10","previousOperationId":"h2aqbqy4dp182bg"}
{"type":"operationEnd","operationId":"h2aqbqy4dp182bg","timestamp":1674842670159,"id":"3npx9d83dxz6i26","previousEventId":"6ubpnj6myk1yrw5","previousOperationId":"h2aqbqy4dp182bg"}
{"type":"operationStart","subtype":"recipe","name":"chrome-pdf","timestamp":1674842670159,"id":"ys5osl26tasy5bv","previousEventId":"3npx9d83dxz6i26","operationId":"z00x94xyx3hs6sd","previousOperationId":"h2aqbqy4dp182bg"}
{"type":"log","timestamp":1674842670159,"level":"debug","message":"Executing recipe chrome-pdf","meta":{"rootId":"2fylew2j1wd9zv5","id":"2fylew2j1wd9zv5"},"id":"pqxzqj6cdfp0x4u","previousOperationId":"z00x94xyx3hs6sd"}
{"type":"log","timestamp":1674842670162,"level":"debug","message":"Converting with chrome HeadlessChrome/105.0.5173.0 using chrome-pool strategy","meta":{"rootId":"2fylew2j1wd9zv5","id":"2fylew2j1wd9zv5"},"id":"duqq8nblhyh0k53","previousOperationId":"z00x94xyx3hs6sd"}
{"type":"log","timestamp":1674842670250,"level":"debug","message":"Page request: GET (document) file:///C:/Users/Kris/AppData/Local/Temp/jsreport/autocleanup/d0bf0364-d21e-4d2c-9971-fa826784cb9d-chrome-pdf.html","meta":{"rootId":"2fylew2j1wd9zv5","id":"2fylew2j1wd9zv5"},"id":"g12mwxbbs572o4i","previousOperationId":"z00x94xyx3hs6sd"}
{"type":"log","timestamp":1674842670285,"level":"debug","message":"Page request finished: GET (document) 200 file:///C:/Users/Kris/AppData/Local/Temp/jsreport/autocleanup/d0bf0364-d21e-4d2c-9971-fa826784cb9d-chrome-pdf.html","meta":{"rootId":"2fylew2j1wd9zv5","id":"2fylew2j1wd9zv5"},"id":"89mxzlrn03kjhgr","previousOperationId":"z00x94xyx3hs6sd"}
{"type":"log","timestamp":1674842670285,"level":"debug","message":"Page request: GET (stylesheet) https://cdnjs.cloudflare.com/ajax/libs/chartist/0.11.0/chartist.min.css","meta":{"rootId":"2fylew2j1wd9zv5","id":"2fylew2j1wd9zv5"},"id":"phzwnsj45lgghz1","previousOperationId":"z00x94xyx3hs6sd"}
{"type":"log","timestamp":1674842670285,"level":"debug","message":"Page request: GET (script) https://cdnjs.cloudflare.com/ajax/libs/chartist/0.11.0/chartist.min.js","meta":{"rootId":"2fylew2j1wd9zv5","id":"2fylew2j1wd9zv5"},"id":"4recm8ev0r7bbwm","previousOperationId":"z00x94xyx3hs6sd"}
{"type":"log","timestamp":1674842670286,"level":"debug","message":"Page request: GET (script) https://unpkg.com/chartist-plugin-tooltips@0.0.17","meta":{"rootId":"2fylew2j1wd9zv5","id":"2fylew2j1wd9zv5"},"id":"xosvoxwte7vd75b","previousOperationId":"z00x94xyx3hs6sd"}
{"type":"log","timestamp":1674842670286,"level":"debug","message":"Page request: GET (script) https://unpkg.com/chartist-plugin-pointlabels@0.0.6","meta":{"rootId":"2fylew2j1wd9zv5","id":"2fylew2j1wd9zv5"},"id":"6dod0h7satgy0rn","previousOperationId":"z00x94xyx3hs6sd"}
{"type":"log","timestamp":1674842670290,"level":"debug","message":"Page request finished: GET (stylesheet) 200 https://cdnjs.cloudflare.com/ajax/libs/chartist/0.11.0/chartist.min.css","meta":{"rootId":"2fylew2j1wd9zv5","id":"2fylew2j1wd9zv5"},"id":"646iyjs97fz43l6","previousOperationId":"z00x94xyx3hs6sd"}
{"type":"log","timestamp":1674842670291,"level":"warn","message":"Page request failed: GET (script) 302 https://unpkg.com/chartist-plugin-tooltips@0.0.17 (redirect to: /chartist-plugin-tooltips@0.0.17/dist/chartist-plugin-tooltip.js)","meta":{"rootId":"2fylew2j1wd9zv5","id":"2fylew2j1wd9zv5"},"id":"2dfld19o3jfty00","previousOperationId":"z00x94xyx3hs6sd"}
{"type":"log","timestamp":1674842670291,"level":"debug","message":"Page request: GET (script) https://unpkg.com/chartist-plugin-tooltips@0.0.17/dist/chartist-plugin-tooltip.js (redirect from: https://unpkg.com/chartist-plugin-tooltips@0.0.17)","meta":{"rootId":"2fylew2j1wd9zv5","id":"2fylew2j1wd9zv5"},"id":"amschm3t5itewtm","previousOperationId":"z00x94xyx3hs6sd"}
{"type":"log","timestamp":1674842670291,"level":"warn","message":"Page request failed: GET (script) 302 https://unpkg.com/chartist-plugin-pointlabels@0.0.6 (redirect to: /chartist-plugin-pointlabels@0.0.6/dist/chartist-plugin-pointlabels.js)","meta":{"rootId":"2fylew2j1wd9zv5","id":"2fylew2j1wd9zv5"},"id":"010teohnmcw4e4r","previousOperationId":"z00x94xyx3hs6sd"}
{"type":"log","timestamp":1674842670291,"level":"debug","message":"Page request finished: GET (script) 200 https://cdnjs.cloudflare.com/ajax/libs/chartist/0.11.0/chartist.min.js","meta":{"rootId":"2fylew2j1wd9zv5","id":"2fylew2j1wd9zv5"},"id":"9ejj00d6nkc3plc","previousOperationId":"z00x94xyx3hs6sd"}
{"type":"log","timestamp":1674842670292,"level":"debug","message":"Page request: GET (script) https://unpkg.com/chartist-plugin-pointlabels@0.0.6/dist/chartist-plugin-pointlabels.js (redirect from: https://unpkg.com/chartist-plugin-pointlabels@0.0.6)","meta":{"rootId":"2fylew2j1wd9zv5","id":"2fylew2j1wd9zv5"},"id":"8i6vxghc6jemyzm","previousOperationId":"z00x94xyx3hs6sd"}
{"type":"log","timestamp":1674842670294,"level":"debug","message":"Page request finished: GET (script) 200 https://unpkg.com/chartist-plugin-tooltips@0.0.17/dist/chartist-plugin-tooltip.js","meta":{"rootId":"2fylew2j1wd9zv5","id":"2fylew2j1wd9zv5"},"id":"5ttek7is5a9zzhy","previousOperationId":"z00x94xyx3hs6sd"}
{"type":"log","timestamp":1674842670295,"level":"debug","message":"Page request finished: GET (script) 200 https://unpkg.com/chartist-plugin-pointlabels@0.0.6/dist/chartist-plugin-pointlabels.js","meta":{"rootId":"2fylew2j1wd9zv5","id":"2fylew2j1wd9zv5"},"id":"xeym5wdyzvtjhgx","previousOperationId":"z00x94xyx3hs6sd"}
{"type":"log","timestamp":1674842670342,"level":"debug","message":"Running chrome with params {\"printBackground\":true,\"timeout\":59884,\"margin\":{}}","meta":{"rootId":"2fylew2j1wd9zv5","id":"2fylew2j1wd9zv5"},"id":"5hdnk0b0915natt","previousOperationId":"z00x94xyx3hs6sd"}
{"type":"operationEnd","operationId":"z00x94xyx3hs6sd","timestamp":1674842670434,"id":"r8er77gdjy1p33b","previousEventId":"ys5osl26tasy5bv","previousOperationId":"z00x94xyx3hs6sd"}
{"type":"log","timestamp":1674842670435,"level":"debug","message":"Skipping storing report.","meta":{"rootId":"2fylew2j1wd9zv5","id":"2fylew2j1wd9zv5"},"id":"22b83p9s9se757u","previousOperationId":"z00x94xyx3hs6sd"}
{"type":"log","timestamp":1674842670435,"level":"info","message":"Rendering request 11 finished in 390 ms","meta":{"rootId":"2fylew2j1wd9zv5","id":"2fylew2j1wd9zv5"},"id":"o8qhm7v8tfo4d6m","previousOperationId":"z00x94xyx3hs6sd"}
{"type":"operationEnd","subtype":"render","operationId":"zok8vy1815g4gbq","timestamp":1674842670435,"id":"pd7uexr02bh0axl","previousEventId":"r8er77gdjy1p33b","previousOperationId":"z00x94xyx3hs6sd"}
{"type":"operationEnd","doDiffs":false,"previousEventId":"travjyj4la9wn9d","previousOperationId":"oe7vk9g35xu69ue","operationId":"oe7vk9g35xu69ue","timestamp":1674842670439,"id":"ej8jzojnkxrlu3c"}
