{"type":"operationStart","subtype":"profile","data":{"_id":"12oQBf4j86JaNt3G","timestamp":"2023-01-27T17:41:51.943Z","state":"queued","mode":"standard","creationDate":"2023-01-27T17:41:51.946Z","modificationDate":"2023-01-27T17:41:51.946Z","shortid":"t4BTITH","$entitySet":"profiles"},"doDiffs":false,"timestamp":1674841311944,"id":"y7dg8a647cwlnb7","previousOperationId":null,"operationId":"hfz80rh7c1ncd74"}
{"type":"log","level":"info","message":"Render request 1 queued for execution and waiting for available worker","previousOperationId":"hfz80rh7c1ncd74","timestamp":1674841311945,"id":"pnicg7vnlfvabv8"}
{"type":"operationStart","subtype":"render","name":"SpaceInVRs-main","previousOperationId":"hfz80rh7c1ncd74","timestamp":1674841311974,"id":"reoadyhbq3a9e69","previousEventId":"y7dg8a647cwlnb7","operationId":"7mucmqzp77d7ozw"}
{"type":"log","timestamp":1674841311974,"level":"info","message":"Starting rendering request 1","meta":{"rootId":"3vhd6jeh25j5ddh","id":"3vhd6jeh25j5ddh"},"id":"o7gnkkhdji8rkew","previousOperationId":"7mucmqzp77d7ozw"}
{"type":"log","timestamp":1674841311976,"level":"info","message":"Rendering template { name: SpaceInVRs-main, recipe: chrome-pdf, engine: handlebars, preview: true }","meta":{"rootId":"3vhd6jeh25j5ddh","id":"3vhd6jeh25j5ddh"},"id":"w6w9en5hur7q0u3","previousOperationId":"7mucmqzp77d7ozw"}
{"type":"log","timestamp":1674841311978,"level":"debug","message":"Adding sample data 44EIOSaAC","meta":{"rootId":"3vhd6jeh25j5ddh","id":"3vhd6jeh25j5ddh"},"id":"6ra8u1qxy5qg1la","previousOperationId":"7mucmqzp77d7ozw"}
{"type":"log","timestamp":1674841311982,"level":"debug","message":"Executing script SpaceInVRs-mainscript (beforeRender)","meta":{"rootId":"3vhd6jeh25j5ddh","id":"3vhd6jeh25j5ddh"},"id":"5jlwik0kmgqzhoj","previousOperationId":"7mucmqzp77d7ozw"}
{"type":"operationStart","subtype":"scriptsBeforeRender","name":"scripts beforeRender","timestamp":1674841312340,"id":"lv1ss3zte7w88qa","previousEventId":"reoadyhbq3a9e69","operationId":"bz6fdvg83qt36yp","previousOperationId":"7mucmqzp77d7ozw"}
{"type":"operationStart","subtype":"script","name":"scripts SpaceInVRs-mainscript","previousOperationId":"bz6fdvg83qt36yp","timestamp":1674841312340,"id":"0rz4dl5bvlbamsy","previousEventId":"lv1ss3zte7w88qa","operationId":"ddyr4jrj1gdjn7u"}
{"type":"log","timestamp":1674841312370,"level":"debug","message":"(console:log) Aquí el score: undefined","meta":{"userLevel":true,"rootId":"3vhd6jeh25j5ddh","id":"3vhd6jeh25j5ddh"},"id":"55jrjd7h4sjsfmx","previousOperationId":"ddyr4jrj1gdjn7u"}
{"type":"log","timestamp":1674841312370,"level":"debug","message":"(console:log) Aquí las naves destruidas: undefined","meta":{"userLevel":true,"rootId":"3vhd6jeh25j5ddh","id":"3vhd6jeh25j5ddh"},"id":"98fa9sbrnk616vt","previousOperationId":"ddyr4jrj1gdjn7u"}
{"type":"operationEnd","operationId":"ddyr4jrj1gdjn7u","timestamp":1674841312384,"id":"lqjctdidtbc54iq","previousEventId":"reoadyhbq3a9e69","previousOperationId":"7mucmqzp77d7ozw"}
{"type":"operationEnd","operationId":"bz6fdvg83qt36yp","timestamp":1674841312384,"id":"qfr7r2423lizcjo","previousEventId":"lqjctdidtbc54iq","previousOperationId":"7mucmqzp77d7ozw"}
{"type":"log","timestamp":1674841312384,"level":"debug","message":"Base url not specified, skipping its injection.","meta":{"rootId":"3vhd6jeh25j5ddh","id":"3vhd6jeh25j5ddh"},"id":"bj78mws6peyll83","previousOperationId":"bz6fdvg83qt36yp"}
{"type":"operationStart","subtype":"engine","name":"handlebars","timestamp":1674841312385,"id":"hlnxwydi8pp0xp4","previousEventId":"qfr7r2423lizcjo","operationId":"sf0ixbmnad2ddq2","previousOperationId":"bz6fdvg83qt36yp"}
{"type":"log","timestamp":1674841312385,"level":"debug","message":"Rendering engine handlebars","meta":{"rootId":"3vhd6jeh25j5ddh","id":"3vhd6jeh25j5ddh"},"id":"vxipr5qkew9z9oc","previousOperationId":"sf0ixbmnad2ddq2"}
{"type":"operationEnd","operationId":"sf0ixbmnad2ddq2","timestamp":1674841312716,"id":"ceduzy704jvgxtd","previousEventId":"hlnxwydi8pp0xp4","previousOperationId":"sf0ixbmnad2ddq2"}
{"type":"operationStart","subtype":"recipe","name":"chrome-pdf","timestamp":1674841312717,"id":"pdd1rhuth4ep0sr","previousEventId":"ceduzy704jvgxtd","operationId":"p9fg29lblie3zhr","previousOperationId":"sf0ixbmnad2ddq2"}
{"type":"log","timestamp":1674841312717,"level":"debug","message":"Executing recipe chrome-pdf","meta":{"rootId":"3vhd6jeh25j5ddh","id":"3vhd6jeh25j5ddh"},"id":"htyzd7g3v98nyqs","previousOperationId":"p9fg29lblie3zhr"}
{"type":"log","timestamp":1674841312996,"level":"debug","message":"Converting with chrome HeadlessChrome/105.0.5173.0 using chrome-pool strategy","meta":{"rootId":"3vhd6jeh25j5ddh","id":"3vhd6jeh25j5ddh"},"id":"jkdj2j27ogidopf","previousOperationId":"p9fg29lblie3zhr"}
{"type":"log","timestamp":1674841313180,"level":"debug","message":"Page request: GET (document) file:///C:/Users/Kris/AppData/Local/Temp/jsreport/autocleanup/fca2898f-5e53-4fba-97ef-06527d610fa9-chrome-pdf.html","meta":{"rootId":"3vhd6jeh25j5ddh","id":"3vhd6jeh25j5ddh"},"id":"qzdnilm5zc5o7af","previousOperationId":"p9fg29lblie3zhr"}
{"type":"log","timestamp":1674841313191,"level":"debug","message":"Page request finished: GET (document) 200 file:///C:/Users/Kris/AppData/Local/Temp/jsreport/autocleanup/fca2898f-5e53-4fba-97ef-06527d610fa9-chrome-pdf.html","meta":{"rootId":"3vhd6jeh25j5ddh","id":"3vhd6jeh25j5ddh"},"id":"f0s4z0uyblsl3pd","previousOperationId":"p9fg29lblie3zhr"}
{"type":"log","timestamp":1674841313191,"level":"debug","message":"Page request: GET (stylesheet) https://cdnjs.cloudflare.com/ajax/libs/chartist/0.11.0/chartist.min.css","meta":{"rootId":"3vhd6jeh25j5ddh","id":"3vhd6jeh25j5ddh"},"id":"ceofq7vxz456wni","previousOperationId":"p9fg29lblie3zhr"}
{"type":"log","timestamp":1674841313191,"level":"debug","message":"Page request: GET (script) https://cdnjs.cloudflare.com/ajax/libs/chartist/0.11.0/chartist.min.js","meta":{"rootId":"3vhd6jeh25j5ddh","id":"3vhd6jeh25j5ddh"},"id":"escfdm09246pxnn","previousOperationId":"p9fg29lblie3zhr"}
{"type":"log","timestamp":1674841313191,"level":"debug","message":"Page request: GET (script) https://unpkg.com/chartist-plugin-tooltips@0.0.17","meta":{"rootId":"3vhd6jeh25j5ddh","id":"3vhd6jeh25j5ddh"},"id":"zictc71qhw130lz","previousOperationId":"p9fg29lblie3zhr"}
{"type":"log","timestamp":1674841313192,"level":"debug","message":"Page request: GET (script) https://unpkg.com/chartist-plugin-pointlabels@0.0.6","meta":{"rootId":"3vhd6jeh25j5ddh","id":"3vhd6jeh25j5ddh"},"id":"df9kwn61ipefy1w","previousOperationId":"p9fg29lblie3zhr"}
{"type":"log","timestamp":1674841316094,"level":"warn","message":"Page request failed: GET (script) 302 https://unpkg.com/chartist-plugin-tooltips@0.0.17 (redirect to: /chartist-plugin-tooltips@0.0.17/dist/chartist-plugin-tooltip.js)","meta":{"rootId":"3vhd6jeh25j5ddh","id":"3vhd6jeh25j5ddh"},"id":"kva2qykft2cgkyx","previousOperationId":"p9fg29lblie3zhr"}
{"type":"log","timestamp":1674841316094,"level":"debug","message":"Page request: GET (script) https://unpkg.com/chartist-plugin-tooltips@0.0.17/dist/chartist-plugin-tooltip.js (redirect from: https://unpkg.com/chartist-plugin-tooltips@0.0.17)","meta":{"rootId":"3vhd6jeh25j5ddh","id":"3vhd6jeh25j5ddh"},"id":"dq87gvfwjojyouv","previousOperationId":"p9fg29lblie3zhr"}
{"type":"log","timestamp":1674841316096,"level":"warn","message":"Page request failed: GET (script) 302 https://unpkg.com/chartist-plugin-pointlabels@0.0.6 (redirect to: /chartist-plugin-pointlabels@0.0.6/dist/chartist-plugin-pointlabels.js)","meta":{"rootId":"3vhd6jeh25j5ddh","id":"3vhd6jeh25j5ddh"},"id":"2hlj25duaovf67m","previousOperationId":"p9fg29lblie3zhr"}
{"type":"log","timestamp":1674841316096,"level":"debug","message":"Page request: GET (script) https://unpkg.com/chartist-plugin-pointlabels@0.0.6/dist/chartist-plugin-pointlabels.js (redirect from: https://unpkg.com/chartist-plugin-pointlabels@0.0.6)","meta":{"rootId":"3vhd6jeh25j5ddh","id":"3vhd6jeh25j5ddh"},"id":"oqwenykzer11j0z","previousOperationId":"p9fg29lblie3zhr"}
{"type":"log","timestamp":1674841316108,"level":"debug","message":"Page request finished: GET (script) 200 https://cdnjs.cloudflare.com/ajax/libs/chartist/0.11.0/chartist.min.js","meta":{"rootId":"3vhd6jeh25j5ddh","id":"3vhd6jeh25j5ddh"},"id":"22c9nxm0svik3df","previousOperationId":"p9fg29lblie3zhr"}
{"type":"log","timestamp":1674841316120,"level":"debug","message":"Page request finished: GET (stylesheet) 200 https://cdnjs.cloudflare.com/ajax/libs/chartist/0.11.0/chartist.min.css","meta":{"rootId":"3vhd6jeh25j5ddh","id":"3vhd6jeh25j5ddh"},"id":"aavfm7ibb62fzc3","previousOperationId":"p9fg29lblie3zhr"}
{"type":"log","timestamp":1674841316146,"level":"debug","message":"Page request finished: GET (script) 200 https://unpkg.com/chartist-plugin-pointlabels@0.0.6/dist/chartist-plugin-pointlabels.js","meta":{"rootId":"3vhd6jeh25j5ddh","id":"3vhd6jeh25j5ddh"},"id":"yr93r2twwfzhuh7","previousOperationId":"p9fg29lblie3zhr"}
{"type":"log","timestamp":1674841316146,"level":"debug","message":"Page request finished: GET (script) 200 https://unpkg.com/chartist-plugin-tooltips@0.0.17/dist/chartist-plugin-tooltip.js","meta":{"rootId":"3vhd6jeh25j5ddh","id":"3vhd6jeh25j5ddh"},"id":"cozlfafmvsa1763","previousOperationId":"p9fg29lblie3zhr"}
{"type":"log","timestamp":1674841316191,"level":"debug","message":"Running chrome with params {\"printBackground\":true,\"timeout\":59108,\"margin\":{}}","meta":{"rootId":"3vhd6jeh25j5ddh","id":"3vhd6jeh25j5ddh"},"id":"kqqwg2lgokbsxwn","previousOperationId":"p9fg29lblie3zhr"}
{"type":"operationEnd","operationId":"p9fg29lblie3zhr","timestamp":1674841316312,"id":"dldi555nlibhnbr","previousEventId":"pdd1rhuth4ep0sr","previousOperationId":"p9fg29lblie3zhr"}
{"type":"log","timestamp":1674841316313,"level":"debug","message":"Skipping storing report.","meta":{"rootId":"3vhd6jeh25j5ddh","id":"3vhd6jeh25j5ddh"},"id":"1x6lv3fprrrow65","previousOperationId":"p9fg29lblie3zhr"}
{"type":"log","timestamp":1674841316314,"level":"info","message":"Rendering request 1 finished in 4372 ms","meta":{"rootId":"3vhd6jeh25j5ddh","id":"3vhd6jeh25j5ddh"},"id":"i5h90v2u6rmf2mi","previousOperationId":"p9fg29lblie3zhr"}
{"type":"operationEnd","subtype":"render","operationId":"7mucmqzp77d7ozw","timestamp":1674841316314,"id":"98r0goeippaznzo","previousEventId":"dldi555nlibhnbr","previousOperationId":"p9fg29lblie3zhr"}
{"type":"operationEnd","doDiffs":false,"previousEventId":"y7dg8a647cwlnb7","previousOperationId":"hfz80rh7c1ncd74","operationId":"hfz80rh7c1ncd74","timestamp":1674841316319,"id":"9vlu5ore0fbk0zj"}
