{"type":"operationStart","subtype":"profile","data":{"_id":"Ft3z8DZfNtgcXGjy","timestamp":"2023-01-27T18:03:51.547Z","state":"queued","mode":"standard","creationDate":"2023-01-27T18:03:51.549Z","modificationDate":"2023-01-27T18:03:51.549Z","shortid":"xoANCTV","$entitySet":"profiles"},"doDiffs":false,"timestamp":1674842631548,"id":"xefh28iyq9dyo17","previousOperationId":null,"operationId":"lyewj31i7qwy7zm"}
{"type":"log","level":"info","message":"Render request 10 queued for execution and waiting for available worker","previousOperationId":"lyewj31i7qwy7zm","timestamp":1674842631549,"id":"9vj8ok7u1hlmf2d"}
{"type":"operationStart","subtype":"render","name":"SpaceInVRs-main","previousOperationId":"lyewj31i7qwy7zm","timestamp":1674842631559,"id":"yzghokxcmwtq8ki","previousEventId":"xefh28iyq9dyo17","operationId":"u3xjvqgww4larqf"}
{"type":"log","timestamp":1674842631559,"level":"info","message":"Starting rendering request 10","meta":{"rootId":"40jk001xfvmshvi","id":"40jk001xfvmshvi"},"id":"8f9acv0hzwt0i3k","previousOperationId":"u3xjvqgww4larqf"}
{"type":"log","timestamp":1674842631559,"level":"info","message":"Rendering template { name: SpaceInVRs-main, recipe: chrome-pdf, engine: handlebars, preview: true }","meta":{"rootId":"40jk001xfvmshvi","id":"40jk001xfvmshvi"},"id":"bii4sl5jyrtwq6p","previousOperationId":"u3xjvqgww4larqf"}
{"type":"log","timestamp":1674842631560,"level":"debug","message":"Adding sample data 44EIOSaAC","meta":{"rootId":"40jk001xfvmshvi","id":"40jk001xfvmshvi"},"id":"wq2stcfec8u2r4m","previousOperationId":"u3xjvqgww4larqf"}
{"type":"log","timestamp":1674842631564,"level":"debug","message":"Executing script SpaceInVRs-mainscript (beforeRender)","meta":{"rootId":"40jk001xfvmshvi","id":"40jk001xfvmshvi"},"id":"ts8llydyyzs6007","previousOperationId":"u3xjvqgww4larqf"}
{"type":"operationStart","subtype":"scriptsBeforeRender","name":"scripts beforeRender","timestamp":1674842631629,"id":"rcdk35ncqwlehpk","previousEventId":"yzghokxcmwtq8ki","operationId":"dyjgqzsbm7q5g1x","previousOperationId":"u3xjvqgww4larqf"}
{"type":"operationStart","subtype":"script","name":"scripts SpaceInVRs-mainscript","previousOperationId":"dyjgqzsbm7q5g1x","timestamp":1674842631629,"id":"un3nmgahlhxflmn","previousEventId":"rcdk35ncqwlehpk","operationId":"e319p0qntn89gek"}
{"type":"log","timestamp":1674842631647,"level":"debug","message":"(console:log) 150","meta":{"userLevel":true,"rootId":"40jk001xfvmshvi","id":"40jk001xfvmshvi"},"id":"dpn9ww54v142rjp","previousOperationId":"e319p0qntn89gek"}
{"type":"log","timestamp":1674842631647,"level":"debug","message":"(console:log) Aquí el score: undefined","meta":{"userLevel":true,"rootId":"40jk001xfvmshvi","id":"40jk001xfvmshvi"},"id":"dnsaja5f80d3be0","previousOperationId":"e319p0qntn89gek"}
{"type":"log","timestamp":1674842631647,"level":"debug","message":"(console:log) Aquí las naves destruidas: undefined","meta":{"userLevel":true,"rootId":"40jk001xfvmshvi","id":"40jk001xfvmshvi"},"id":"b2qew7ffidmjkh9","previousOperationId":"e319p0qntn89gek"}
{"type":"operationEnd","operationId":"e319p0qntn89gek","timestamp":1674842631658,"id":"40ff11g0gcchqoh","previousEventId":"yzghokxcmwtq8ki","previousOperationId":"u3xjvqgww4larqf"}
{"type":"operationEnd","operationId":"dyjgqzsbm7q5g1x","timestamp":1674842631658,"id":"cms1l72vwbfym71","previousEventId":"40ff11g0gcchqoh","previousOperationId":"u3xjvqgww4larqf"}
{"type":"log","timestamp":1674842631658,"level":"debug","message":"Base url not specified, skipping its injection.","meta":{"rootId":"40jk001xfvmshvi","id":"40jk001xfvmshvi"},"id":"dkayonpspdhs59s","previousOperationId":"dyjgqzsbm7q5g1x"}
{"type":"operationStart","subtype":"engine","name":"handlebars","timestamp":1674842631658,"id":"8df1v8p16p19cg3","previousEventId":"cms1l72vwbfym71","operationId":"g9sojvbw7v9cr8n","previousOperationId":"dyjgqzsbm7q5g1x"}
{"type":"log","timestamp":1674842631658,"level":"debug","message":"Rendering engine handlebars","meta":{"rootId":"40jk001xfvmshvi","id":"40jk001xfvmshvi"},"id":"lkjq59o7g9tm0lf","previousOperationId":"g9sojvbw7v9cr8n"}
{"type":"operationEnd","operationId":"g9sojvbw7v9cr8n","timestamp":1674842631680,"id":"qoh0rrurnzrx6dw","previousEventId":"8df1v8p16p19cg3","previousOperationId":"g9sojvbw7v9cr8n"}
{"type":"operationStart","subtype":"recipe","name":"chrome-pdf","timestamp":1674842631681,"id":"2rnwpui8li7qm7e","previousEventId":"qoh0rrurnzrx6dw","operationId":"dktasy5ewwwu7pk","previousOperationId":"g9sojvbw7v9cr8n"}
{"type":"log","timestamp":1674842631681,"level":"debug","message":"Executing recipe chrome-pdf","meta":{"rootId":"40jk001xfvmshvi","id":"40jk001xfvmshvi"},"id":"lkqwssnzpc8qjhq","previousOperationId":"dktasy5ewwwu7pk"}
{"type":"log","timestamp":1674842631684,"level":"debug","message":"Converting with chrome HeadlessChrome/105.0.5173.0 using chrome-pool strategy","meta":{"rootId":"40jk001xfvmshvi","id":"40jk001xfvmshvi"},"id":"a39z56hllfodmvt","previousOperationId":"dktasy5ewwwu7pk"}
{"type":"log","timestamp":1674842631781,"level":"debug","message":"Page request: GET (document) file:///C:/Users/Kris/AppData/Local/Temp/jsreport/autocleanup/fdabd4c1-e17b-42ae-951a-57b6ec2128c0-chrome-pdf.html","meta":{"rootId":"40jk001xfvmshvi","id":"40jk001xfvmshvi"},"id":"fudyo3jw3qas76w","previousOperationId":"dktasy5ewwwu7pk"}
{"type":"log","timestamp":1674842631823,"level":"debug","message":"Page request finished: GET (document) 200 file:///C:/Users/Kris/AppData/Local/Temp/jsreport/autocleanup/fdabd4c1-e17b-42ae-951a-57b6ec2128c0-chrome-pdf.html","meta":{"rootId":"40jk001xfvmshvi","id":"40jk001xfvmshvi"},"id":"7qlpsa2xwilqyna","previousOperationId":"dktasy5ewwwu7pk"}
{"type":"log","timestamp":1674842631823,"level":"debug","message":"Page request: GET (stylesheet) https://cdnjs.cloudflare.com/ajax/libs/chartist/0.11.0/chartist.min.css","meta":{"rootId":"40jk001xfvmshvi","id":"40jk001xfvmshvi"},"id":"7unaf0hep08wxce","previousOperationId":"dktasy5ewwwu7pk"}
{"type":"log","timestamp":1674842631823,"level":"debug","message":"Page request: GET (script) https://cdnjs.cloudflare.com/ajax/libs/chartist/0.11.0/chartist.min.js","meta":{"rootId":"40jk001xfvmshvi","id":"40jk001xfvmshvi"},"id":"2crhe4wpl4ksicb","previousOperationId":"dktasy5ewwwu7pk"}
{"type":"log","timestamp":1674842631823,"level":"debug","message":"Page request: GET (script) https://unpkg.com/chartist-plugin-tooltips@0.0.17","meta":{"rootId":"40jk001xfvmshvi","id":"40jk001xfvmshvi"},"id":"nbmyc8jwwmjhhke","previousOperationId":"dktasy5ewwwu7pk"}
{"type":"log","timestamp":1674842631823,"level":"debug","message":"Page request: GET (script) https://unpkg.com/chartist-plugin-pointlabels@0.0.6","meta":{"rootId":"40jk001xfvmshvi","id":"40jk001xfvmshvi"},"id":"81hwc9e8b0bwbj4","previousOperationId":"dktasy5ewwwu7pk"}
{"type":"log","timestamp":1674842631827,"level":"warn","message":"Page request failed: GET (script) 302 https://unpkg.com/chartist-plugin-tooltips@0.0.17 (redirect to: /chartist-plugin-tooltips@0.0.17/dist/chartist-plugin-tooltip.js)","meta":{"rootId":"40jk001xfvmshvi","id":"40jk001xfvmshvi"},"id":"2zy3hzntv2h6f07","previousOperationId":"dktasy5ewwwu7pk"}
{"type":"log","timestamp":1674842631827,"level":"debug","message":"Page request finished: GET (stylesheet) 200 https://cdnjs.cloudflare.com/ajax/libs/chartist/0.11.0/chartist.min.css","meta":{"rootId":"40jk001xfvmshvi","id":"40jk001xfvmshvi"},"id":"zv6mfko2qqvss2g","previousOperationId":"dktasy5ewwwu7pk"}
{"type":"log","timestamp":1674842631828,"level":"debug","message":"Page request: GET (script) https://unpkg.com/chartist-plugin-tooltips@0.0.17/dist/chartist-plugin-tooltip.js (redirect from: https://unpkg.com/chartist-plugin-tooltips@0.0.17)","meta":{"rootId":"40jk001xfvmshvi","id":"40jk001xfvmshvi"},"id":"blmcxya59rwp2ap","previousOperationId":"dktasy5ewwwu7pk"}
{"type":"log","timestamp":1674842631828,"level":"warn","message":"Page request failed: GET (script) 302 https://unpkg.com/chartist-plugin-pointlabels@0.0.6 (redirect to: /chartist-plugin-pointlabels@0.0.6/dist/chartist-plugin-pointlabels.js)","meta":{"rootId":"40jk001xfvmshvi","id":"40jk001xfvmshvi"},"id":"e70ztvjoneqhu3z","previousOperationId":"dktasy5ewwwu7pk"}
{"type":"log","timestamp":1674842631828,"level":"debug","message":"Page request finished: GET (script) 200 https://cdnjs.cloudflare.com/ajax/libs/chartist/0.11.0/chartist.min.js","meta":{"rootId":"40jk001xfvmshvi","id":"40jk001xfvmshvi"},"id":"haq2693c1c69118","previousOperationId":"dktasy5ewwwu7pk"}
{"type":"log","timestamp":1674842631828,"level":"debug","message":"Page request: GET (script) https://unpkg.com/chartist-plugin-pointlabels@0.0.6/dist/chartist-plugin-pointlabels.js (redirect from: https://unpkg.com/chartist-plugin-pointlabels@0.0.6)","meta":{"rootId":"40jk001xfvmshvi","id":"40jk001xfvmshvi"},"id":"e5u4bwibt11zbmz","previousOperationId":"dktasy5ewwwu7pk"}
{"type":"log","timestamp":1674842631831,"level":"debug","message":"Page request finished: GET (script) 200 https://unpkg.com/chartist-plugin-tooltips@0.0.17/dist/chartist-plugin-tooltip.js","meta":{"rootId":"40jk001xfvmshvi","id":"40jk001xfvmshvi"},"id":"kkprns40kwstnua","previousOperationId":"dktasy5ewwwu7pk"}
{"type":"log","timestamp":1674842631831,"level":"debug","message":"Page request finished: GET (script) 200 https://unpkg.com/chartist-plugin-pointlabels@0.0.6/dist/chartist-plugin-pointlabels.js","meta":{"rootId":"40jk001xfvmshvi","id":"40jk001xfvmshvi"},"id":"67gwo3sm9g1xvez","previousOperationId":"dktasy5ewwwu7pk"}
{"type":"log","timestamp":1674842631832,"level":"warn","message":"Page error: SyntaxError: Unexpected end of input","meta":{"rootId":"40jk001xfvmshvi","id":"40jk001xfvmshvi"},"id":"xf5yu4h2t91xf35","previousOperationId":"dktasy5ewwwu7pk"}
{"type":"log","timestamp":1674842631881,"level":"debug","message":"Running chrome with params {\"printBackground\":true,\"timeout\":59864,\"margin\":{}}","meta":{"rootId":"40jk001xfvmshvi","id":"40jk001xfvmshvi"},"id":"mnkdu0opagju6xu","previousOperationId":"dktasy5ewwwu7pk"}
{"type":"operationEnd","operationId":"dktasy5ewwwu7pk","timestamp":1674842631972,"id":"somknw390d6kykj","previousEventId":"2rnwpui8li7qm7e","previousOperationId":"dktasy5ewwwu7pk"}
{"type":"log","timestamp":1674842631973,"level":"debug","message":"Skipping storing report.","meta":{"rootId":"40jk001xfvmshvi","id":"40jk001xfvmshvi"},"id":"s0cb1hh4ydlppgh","previousOperationId":"dktasy5ewwwu7pk"}
{"type":"log","timestamp":1674842631973,"level":"info","message":"Rendering request 10 finished in 426 ms","meta":{"rootId":"40jk001xfvmshvi","id":"40jk001xfvmshvi"},"id":"b2mci7unjly8ow8","previousOperationId":"dktasy5ewwwu7pk"}
{"type":"operationEnd","subtype":"render","operationId":"u3xjvqgww4larqf","timestamp":1674842631973,"id":"gsen6vxzjqf734a","previousEventId":"somknw390d6kykj","previousOperationId":"dktasy5ewwwu7pk"}
{"type":"operationEnd","doDiffs":false,"previousEventId":"xefh28iyq9dyo17","previousOperationId":"lyewj31i7qwy7zm","operationId":"lyewj31i7qwy7zm","timestamp":1674842631980,"id":"opv0w4va2fyyac4"}
