{"type":"operationStart","subtype":"profile","data":{"_id":"aTqwpA79F15LTvhB","timestamp":"2023-01-27T17:46:42.105Z","state":"queued","mode":"standard","creationDate":"2023-01-27T17:46:42.107Z","modificationDate":"2023-01-27T17:46:42.107Z","shortid":"YxfrFsL","$entitySet":"profiles"},"doDiffs":false,"timestamp":1674841602107,"id":"x4vmek9pa88lubp","previousOperationId":null,"operationId":"8d8o31kx58h1qug"}
{"type":"log","level":"info","message":"Render request 8 queued for execution and waiting for available worker","previousOperationId":"8d8o31kx58h1qug","timestamp":1674841602107,"id":"tatwa7s979anx1g"}
{"type":"operationStart","subtype":"render","name":"SpaceInVRs-main","previousOperationId":"8d8o31kx58h1qug","timestamp":1674841602116,"id":"nnrbqqnczty33jr","previousEventId":"x4vmek9pa88lubp","operationId":"450k8jvwvgvsk1v"}
{"type":"log","timestamp":1674841602116,"level":"info","message":"Starting rendering request 8","meta":{"rootId":"505g1ohdu874nfz","id":"505g1ohdu874nfz"},"id":"hei0n19a6cq5o3u","previousOperationId":"450k8jvwvgvsk1v"}
{"type":"log","timestamp":1674841602116,"level":"info","message":"Rendering template { name: SpaceInVRs-main, recipe: chrome-pdf, engine: handlebars, preview: true }","meta":{"rootId":"505g1ohdu874nfz","id":"505g1ohdu874nfz"},"id":"ncb30w2o9hjzd62","previousOperationId":"450k8jvwvgvsk1v"}
{"type":"log","timestamp":1674841602117,"level":"debug","message":"Adding sample data 44EIOSaAC","meta":{"rootId":"505g1ohdu874nfz","id":"505g1ohdu874nfz"},"id":"2phftsq8np4vqip","previousOperationId":"450k8jvwvgvsk1v"}
{"type":"log","timestamp":1674841602119,"level":"debug","message":"Executing script SpaceInVRs-mainscript (beforeRender)","meta":{"rootId":"505g1ohdu874nfz","id":"505g1ohdu874nfz"},"id":"kx3jhugk3rphw7q","previousOperationId":"450k8jvwvgvsk1v"}
{"type":"operationStart","subtype":"scriptsBeforeRender","name":"scripts beforeRender","timestamp":1674841602178,"id":"vnp69rvofyr3dxk","previousEventId":"nnrbqqnczty33jr","operationId":"ni3sjd9z4tm15e3","previousOperationId":"450k8jvwvgvsk1v"}
{"type":"operationStart","subtype":"script","name":"scripts SpaceInVRs-mainscript","previousOperationId":"ni3sjd9z4tm15e3","timestamp":1674841602178,"id":"xl3gum8fqcb4a1s","previousEventId":"vnp69rvofyr3dxk","operationId":"n0zc9qpopk2c5cy"}
{"type":"log","timestamp":1674841602194,"level":"debug","message":"(console:log) 150","meta":{"userLevel":true,"rootId":"505g1ohdu874nfz","id":"505g1ohdu874nfz"},"id":"h8pr5j5hhrcufo6","previousOperationId":"n0zc9qpopk2c5cy"}
{"type":"log","timestamp":1674841602194,"level":"debug","message":"(console:log) Aquí el score: undefined","meta":{"userLevel":true,"rootId":"505g1ohdu874nfz","id":"505g1ohdu874nfz"},"id":"ncehyraw211z4zm","previousOperationId":"n0zc9qpopk2c5cy"}
{"type":"log","timestamp":1674841602194,"level":"debug","message":"(console:log) Aquí las naves destruidas: undefined","meta":{"userLevel":true,"rootId":"505g1ohdu874nfz","id":"505g1ohdu874nfz"},"id":"4glerbv6hkjjajv","previousOperationId":"n0zc9qpopk2c5cy"}
{"type":"operationEnd","operationId":"n0zc9qpopk2c5cy","timestamp":1674841602205,"id":"gtknzmy1pp7eaxi","previousEventId":"nnrbqqnczty33jr","previousOperationId":"450k8jvwvgvsk1v"}
{"type":"operationEnd","operationId":"ni3sjd9z4tm15e3","timestamp":1674841602205,"id":"77v73f3vzovtxxp","previousEventId":"gtknzmy1pp7eaxi","previousOperationId":"450k8jvwvgvsk1v"}
{"type":"log","timestamp":1674841602205,"level":"debug","message":"Base url not specified, skipping its injection.","meta":{"rootId":"505g1ohdu874nfz","id":"505g1ohdu874nfz"},"id":"3vhi0kaxuokzhub","previousOperationId":"ni3sjd9z4tm15e3"}
{"type":"operationStart","subtype":"engine","name":"handlebars","timestamp":1674841602205,"id":"arq9ar23cmulytf","previousEventId":"77v73f3vzovtxxp","operationId":"qyvzt49ds1gktwo","previousOperationId":"ni3sjd9z4tm15e3"}
{"type":"log","timestamp":1674841602205,"level":"debug","message":"Rendering engine handlebars","meta":{"rootId":"505g1ohdu874nfz","id":"505g1ohdu874nfz"},"id":"e782lx3wlcv803o","previousOperationId":"qyvzt49ds1gktwo"}
{"type":"operationEnd","operationId":"qyvzt49ds1gktwo","timestamp":1674841602219,"id":"qszred04wyxwgkv","previousEventId":"arq9ar23cmulytf","previousOperationId":"qyvzt49ds1gktwo"}
{"type":"operationStart","subtype":"recipe","name":"chrome-pdf","timestamp":1674841602220,"id":"0iz7se1qr0yw4u4","previousEventId":"qszred04wyxwgkv","operationId":"tx62au9f97bqs2n","previousOperationId":"qyvzt49ds1gktwo"}
{"type":"log","timestamp":1674841602220,"level":"debug","message":"Executing recipe chrome-pdf","meta":{"rootId":"505g1ohdu874nfz","id":"505g1ohdu874nfz"},"id":"nvl8q7lq426ualm","previousOperationId":"tx62au9f97bqs2n"}
{"type":"log","timestamp":1674841602223,"level":"debug","message":"Converting with chrome HeadlessChrome/105.0.5173.0 using chrome-pool strategy","meta":{"rootId":"505g1ohdu874nfz","id":"505g1ohdu874nfz"},"id":"5x5eibyfvtr59uo","previousOperationId":"tx62au9f97bqs2n"}
{"type":"log","timestamp":1674841602308,"level":"debug","message":"Page request: GET (document) file:///C:/Users/Kris/AppData/Local/Temp/jsreport/autocleanup/dc3f0a20-43d9-43bc-ab31-a00b2c7f2427-chrome-pdf.html","meta":{"rootId":"505g1ohdu874nfz","id":"505g1ohdu874nfz"},"id":"poliut6rk2pkotg","previousOperationId":"tx62au9f97bqs2n"}
{"type":"log","timestamp":1674841602318,"level":"debug","message":"Page request finished: GET (document) 200 file:///C:/Users/Kris/AppData/Local/Temp/jsreport/autocleanup/dc3f0a20-43d9-43bc-ab31-a00b2c7f2427-chrome-pdf.html","meta":{"rootId":"505g1ohdu874nfz","id":"505g1ohdu874nfz"},"id":"grwk0dtxcir6fxe","previousOperationId":"tx62au9f97bqs2n"}
{"type":"log","timestamp":1674841602319,"level":"debug","message":"Page request: GET (stylesheet) https://cdnjs.cloudflare.com/ajax/libs/chartist/0.11.0/chartist.min.css","meta":{"rootId":"505g1ohdu874nfz","id":"505g1ohdu874nfz"},"id":"g3cvvigukrpjks7","previousOperationId":"tx62au9f97bqs2n"}
{"type":"log","timestamp":1674841602319,"level":"debug","message":"Page request: GET (script) https://cdnjs.cloudflare.com/ajax/libs/chartist/0.11.0/chartist.min.js","meta":{"rootId":"505g1ohdu874nfz","id":"505g1ohdu874nfz"},"id":"l7zum0ufza6pbhf","previousOperationId":"tx62au9f97bqs2n"}
{"type":"log","timestamp":1674841602319,"level":"debug","message":"Page request: GET (script) https://unpkg.com/chartist-plugin-tooltips@0.0.17","meta":{"rootId":"505g1ohdu874nfz","id":"505g1ohdu874nfz"},"id":"uka3f50toe2f32f","previousOperationId":"tx62au9f97bqs2n"}
{"type":"log","timestamp":1674841602320,"level":"debug","message":"Page request: GET (script) https://unpkg.com/chartist-plugin-pointlabels@0.0.6","meta":{"rootId":"505g1ohdu874nfz","id":"505g1ohdu874nfz"},"id":"bjcmzas67efbxoa","previousOperationId":"tx62au9f97bqs2n"}
{"type":"log","timestamp":1674841602324,"level":"warn","message":"Page request failed: GET (script) 302 https://unpkg.com/chartist-plugin-tooltips@0.0.17 (redirect to: /chartist-plugin-tooltips@0.0.17/dist/chartist-plugin-tooltip.js)","meta":{"rootId":"505g1ohdu874nfz","id":"505g1ohdu874nfz"},"id":"qn0v2tvzogesd4z","previousOperationId":"tx62au9f97bqs2n"}
{"type":"log","timestamp":1674841602324,"level":"debug","message":"Page request: GET (script) https://unpkg.com/chartist-plugin-tooltips@0.0.17/dist/chartist-plugin-tooltip.js (redirect from: https://unpkg.com/chartist-plugin-tooltips@0.0.17)","meta":{"rootId":"505g1ohdu874nfz","id":"505g1ohdu874nfz"},"id":"xltyv19o16t8k6e","previousOperationId":"tx62au9f97bqs2n"}
{"type":"log","timestamp":1674841602324,"level":"debug","message":"Page request finished: GET (stylesheet) 200 https://cdnjs.cloudflare.com/ajax/libs/chartist/0.11.0/chartist.min.css","meta":{"rootId":"505g1ohdu874nfz","id":"505g1ohdu874nfz"},"id":"8ahvnhwq4fnqf5f","previousOperationId":"tx62au9f97bqs2n"}
{"type":"log","timestamp":1674841602325,"level":"debug","message":"Page request finished: GET (script) 200 https://cdnjs.cloudflare.com/ajax/libs/chartist/0.11.0/chartist.min.js","meta":{"rootId":"505g1ohdu874nfz","id":"505g1ohdu874nfz"},"id":"opsy7azf0atk3ec","previousOperationId":"tx62au9f97bqs2n"}
{"type":"log","timestamp":1674841602325,"level":"warn","message":"Page request failed: GET (script) 302 https://unpkg.com/chartist-plugin-pointlabels@0.0.6 (redirect to: /chartist-plugin-pointlabels@0.0.6/dist/chartist-plugin-pointlabels.js)","meta":{"rootId":"505g1ohdu874nfz","id":"505g1ohdu874nfz"},"id":"03ab3loto3g1hx7","previousOperationId":"tx62au9f97bqs2n"}
{"type":"log","timestamp":1674841602325,"level":"debug","message":"Page request: GET (script) https://unpkg.com/chartist-plugin-pointlabels@0.0.6/dist/chartist-plugin-pointlabels.js (redirect from: https://unpkg.com/chartist-plugin-pointlabels@0.0.6)","meta":{"rootId":"505g1ohdu874nfz","id":"505g1ohdu874nfz"},"id":"bef19mxah81q72r","previousOperationId":"tx62au9f97bqs2n"}
{"type":"log","timestamp":1674841602326,"level":"debug","message":"Page request finished: GET (script) 200 https://unpkg.com/chartist-plugin-tooltips@0.0.17/dist/chartist-plugin-tooltip.js","meta":{"rootId":"505g1ohdu874nfz","id":"505g1ohdu874nfz"},"id":"akzi1mt0aqz3zmr","previousOperationId":"tx62au9f97bqs2n"}
{"type":"log","timestamp":1674841602328,"level":"debug","message":"Page request finished: GET (script) 200 https://unpkg.com/chartist-plugin-pointlabels@0.0.6/dist/chartist-plugin-pointlabels.js","meta":{"rootId":"505g1ohdu874nfz","id":"505g1ohdu874nfz"},"id":"tbpwhhezn9ogzil","previousOperationId":"tx62au9f97bqs2n"}
{"type":"log","timestamp":1674841602375,"level":"debug","message":"Running chrome with params {\"printBackground\":true,\"timeout\":59883,\"margin\":{}}","meta":{"rootId":"505g1ohdu874nfz","id":"505g1ohdu874nfz"},"id":"a2hbnzc1epfuqrm","previousOperationId":"tx62au9f97bqs2n"}
{"type":"operationEnd","operationId":"tx62au9f97bqs2n","timestamp":1674841602471,"id":"r4l704d9gww12ly","previousEventId":"0iz7se1qr0yw4u4","previousOperationId":"tx62au9f97bqs2n"}
{"type":"log","timestamp":1674841602471,"level":"debug","message":"Skipping storing report.","meta":{"rootId":"505g1ohdu874nfz","id":"505g1ohdu874nfz"},"id":"u2dpsav7zdhjo8z","previousOperationId":"tx62au9f97bqs2n"}
{"type":"log","timestamp":1674841602472,"level":"info","message":"Rendering request 8 finished in 367 ms","meta":{"rootId":"505g1ohdu874nfz","id":"505g1ohdu874nfz"},"id":"ib8m1eje74x1om7","previousOperationId":"tx62au9f97bqs2n"}
{"type":"operationEnd","subtype":"render","operationId":"450k8jvwvgvsk1v","timestamp":1674841602472,"id":"a2mefo3c8u9i8gj","previousEventId":"r4l704d9gww12ly","previousOperationId":"tx62au9f97bqs2n"}
{"type":"operationEnd","doDiffs":false,"previousEventId":"x4vmek9pa88lubp","previousOperationId":"8d8o31kx58h1qug","operationId":"8d8o31kx58h1qug","timestamp":1674841602475,"id":"yem0o82ttnpuej9"}
