{"type":"operationStart","subtype":"profile","data":{"_id":"Fwr3rsUC1DwLS56Z","timestamp":"2023-01-27T11:57:53.588Z","state":"queued","mode":"standard","creationDate":"2023-01-27T11:57:53.590Z","modificationDate":"2023-01-27T11:57:53.590Z","shortid":"3ZG3nc8","$entitySet":"profiles"},"doDiffs":false,"timestamp":1674820673589,"id":"vl836w0hoyxylud","previousOperationId":null,"operationId":"qpiqxcy98rjgs5j"}
{"type":"log","level":"info","message":"Render request 2 queued for execution and waiting for available worker","previousOperationId":"qpiqxcy98rjgs5j","timestamp":1674820673589,"id":"0vv7b671q4s7lg5"}
{"type":"operationStart","subtype":"render","name":"SpaceInVRs-main","previousOperationId":"qpiqxcy98rjgs5j","timestamp":1674820673602,"id":"sken9bxaf3q8ta8","previousEventId":"vl836w0hoyxylud","operationId":"qb4ih4tu5npl6dj"}
{"type":"log","timestamp":1674820673602,"level":"info","message":"Starting rendering request 2","meta":{"rootId":"87occd4wnval6i3","id":"87occd4wnval6i3"},"id":"h69xiycycof3roa","previousOperationId":"qb4ih4tu5npl6dj"}
{"type":"log","timestamp":1674820673603,"level":"info","message":"Rendering template { name: SpaceInVRs-main, recipe: chrome-pdf, engine: handlebars, preview: false }","meta":{"rootId":"87occd4wnval6i3","id":"87occd4wnval6i3"},"id":"s98rcivgqafhp6m","previousOperationId":"qb4ih4tu5npl6dj"}
{"type":"log","timestamp":1674820673616,"level":"debug","message":"Adding sample data 44EIOSaAC","meta":{"rootId":"87occd4wnval6i3","id":"87occd4wnval6i3"},"id":"lq6vpb0j050ewnf","previousOperationId":"qb4ih4tu5npl6dj"}
{"type":"log","timestamp":1674820673620,"level":"debug","message":"Base url not specified, skipping its injection.","meta":{"rootId":"87occd4wnval6i3","id":"87occd4wnval6i3"},"id":"sttz40cemhy9u2r","previousOperationId":"qb4ih4tu5npl6dj"}
{"type":"operationStart","subtype":"engine","name":"handlebars","timestamp":1674820673624,"id":"b9nvnhw1qykver2","previousEventId":"sken9bxaf3q8ta8","operationId":"rjvb6lg6iwzh1tg","previousOperationId":"qb4ih4tu5npl6dj"}
{"type":"log","timestamp":1674820673625,"level":"debug","message":"Rendering engine handlebars","meta":{"rootId":"87occd4wnval6i3","id":"87occd4wnval6i3"},"id":"45ianrhgbsk02qe","previousOperationId":"rjvb6lg6iwzh1tg"}
{"type":"operationEnd","operationId":"rjvb6lg6iwzh1tg","timestamp":1674820673650,"id":"aj21pssbnj9q008","previousEventId":"b9nvnhw1qykver2","previousOperationId":"rjvb6lg6iwzh1tg"}
{"type":"operationStart","subtype":"recipe","name":"chrome-pdf","timestamp":1674820673651,"id":"nhaxaa0zqj7mojm","previousEventId":"aj21pssbnj9q008","operationId":"wk0e1d3lqozl2zd","previousOperationId":"rjvb6lg6iwzh1tg"}
{"type":"log","timestamp":1674820673651,"level":"debug","message":"Executing recipe chrome-pdf","meta":{"rootId":"87occd4wnval6i3","id":"87occd4wnval6i3"},"id":"wa24nueouk2y915","previousOperationId":"wk0e1d3lqozl2zd"}
{"type":"log","timestamp":1674820673654,"level":"debug","message":"Converting with chrome HeadlessChrome/105.0.5173.0 using chrome-pool strategy","meta":{"rootId":"87occd4wnval6i3","id":"87occd4wnval6i3"},"id":"xtx7nq0qeirkhrb","previousOperationId":"wk0e1d3lqozl2zd"}
{"type":"log","timestamp":1674820673736,"level":"debug","message":"Page request: GET (document) file:///C:/Users/Kris/AppData/Local/Temp/jsreport/autocleanup/f625c60d-38da-4a64-b24b-0cbaabe53f4c-chrome-pdf.html","meta":{"rootId":"87occd4wnval6i3","id":"87occd4wnval6i3"},"id":"drta2zgro5rzxwh","previousOperationId":"wk0e1d3lqozl2zd"}
{"type":"log","timestamp":1674820673746,"level":"debug","message":"Page request finished: GET (document) 200 file:///C:/Users/Kris/AppData/Local/Temp/jsreport/autocleanup/f625c60d-38da-4a64-b24b-0cbaabe53f4c-chrome-pdf.html","meta":{"rootId":"87occd4wnval6i3","id":"87occd4wnval6i3"},"id":"qnf0gg8xeknjqau","previousOperationId":"wk0e1d3lqozl2zd"}
{"type":"log","timestamp":1674820673746,"level":"debug","message":"Page request: GET (stylesheet) https://cdnjs.cloudflare.com/ajax/libs/chartist/0.11.0/chartist.min.css","meta":{"rootId":"87occd4wnval6i3","id":"87occd4wnval6i3"},"id":"fi0qle2oj9mkeuk","previousOperationId":"wk0e1d3lqozl2zd"}
{"type":"log","timestamp":1674820673747,"level":"debug","message":"Page request: GET (script) https://cdnjs.cloudflare.com/ajax/libs/chartist/0.11.0/chartist.min.js","meta":{"rootId":"87occd4wnval6i3","id":"87occd4wnval6i3"},"id":"zqnb5n8kfq0wnl8","previousOperationId":"wk0e1d3lqozl2zd"}
{"type":"log","timestamp":1674820673747,"level":"debug","message":"Page request: GET (script) https://unpkg.com/chartist-plugin-tooltips@0.0.17","meta":{"rootId":"87occd4wnval6i3","id":"87occd4wnval6i3"},"id":"olvqgffw60rbh15","previousOperationId":"wk0e1d3lqozl2zd"}
{"type":"log","timestamp":1674820673747,"level":"debug","message":"Page request: GET (script) https://unpkg.com/chartist-plugin-pointlabels@0.0.6","meta":{"rootId":"87occd4wnval6i3","id":"87occd4wnval6i3"},"id":"nj7hb95tl8oo745","previousOperationId":"wk0e1d3lqozl2zd"}
{"type":"log","timestamp":1674820673750,"level":"warn","message":"Page request failed: GET (script) 302 https://unpkg.com/chartist-plugin-tooltips@0.0.17 (redirect to: /chartist-plugin-tooltips@0.0.17/dist/chartist-plugin-tooltip.js)","meta":{"rootId":"87occd4wnval6i3","id":"87occd4wnval6i3"},"id":"j60ivj9ebjuf2zn","previousOperationId":"wk0e1d3lqozl2zd"}
{"type":"log","timestamp":1674820673750,"level":"debug","message":"Page request: GET (script) https://unpkg.com/chartist-plugin-tooltips@0.0.17/dist/chartist-plugin-tooltip.js (redirect from: https://unpkg.com/chartist-plugin-tooltips@0.0.17)","meta":{"rootId":"87occd4wnval6i3","id":"87occd4wnval6i3"},"id":"3x60jrrl47jpty6","previousOperationId":"wk0e1d3lqozl2zd"}
{"type":"log","timestamp":1674820673751,"level":"debug","message":"Page request finished: GET (stylesheet) 200 https://cdnjs.cloudflare.com/ajax/libs/chartist/0.11.0/chartist.min.css","meta":{"rootId":"87occd4wnval6i3","id":"87occd4wnval6i3"},"id":"kccr2qoeocl5goj","previousOperationId":"wk0e1d3lqozl2zd"}
{"type":"log","timestamp":1674820673752,"level":"warn","message":"Page request failed: GET (script) 302 https://unpkg.com/chartist-plugin-pointlabels@0.0.6 (redirect to: /chartist-plugin-pointlabels@0.0.6/dist/chartist-plugin-pointlabels.js)","meta":{"rootId":"87occd4wnval6i3","id":"87occd4wnval6i3"},"id":"d7a9me4uicdj1hb","previousOperationId":"wk0e1d3lqozl2zd"}
{"type":"log","timestamp":1674820673752,"level":"debug","message":"Page request: GET (script) https://unpkg.com/chartist-plugin-pointlabels@0.0.6/dist/chartist-plugin-pointlabels.js (redirect from: https://unpkg.com/chartist-plugin-pointlabels@0.0.6)","meta":{"rootId":"87occd4wnval6i3","id":"87occd4wnval6i3"},"id":"k13uv2f2dnw149x","previousOperationId":"wk0e1d3lqozl2zd"}
{"type":"log","timestamp":1674820673753,"level":"debug","message":"Page request finished: GET (script) 200 https://cdnjs.cloudflare.com/ajax/libs/chartist/0.11.0/chartist.min.js","meta":{"rootId":"87occd4wnval6i3","id":"87occd4wnval6i3"},"id":"eyruy3djul20wtl","previousOperationId":"wk0e1d3lqozl2zd"}
{"type":"log","timestamp":1674820673756,"level":"debug","message":"Page request finished: GET (script) 200 https://unpkg.com/chartist-plugin-tooltips@0.0.17/dist/chartist-plugin-tooltip.js","meta":{"rootId":"87occd4wnval6i3","id":"87occd4wnval6i3"},"id":"qy7618yw9jgzu9w","previousOperationId":"wk0e1d3lqozl2zd"}
{"type":"log","timestamp":1674820673757,"level":"debug","message":"Page request finished: GET (script) 200 https://unpkg.com/chartist-plugin-pointlabels@0.0.6/dist/chartist-plugin-pointlabels.js","meta":{"rootId":"87occd4wnval6i3","id":"87occd4wnval6i3"},"id":"rvl2iir8iem5gk5","previousOperationId":"wk0e1d3lqozl2zd"}
{"type":"log","timestamp":1674820673787,"level":"debug","message":"Running chrome with params {\"printBackground\":true,\"timeout\":59935,\"margin\":{}}","meta":{"rootId":"87occd4wnval6i3","id":"87occd4wnval6i3"},"id":"5eshj1aooyl40e6","previousOperationId":"wk0e1d3lqozl2zd"}
{"type":"operationEnd","operationId":"wk0e1d3lqozl2zd","timestamp":1674820673873,"id":"xyznlwtqybnrtyx","previousEventId":"nhaxaa0zqj7mojm","previousOperationId":"wk0e1d3lqozl2zd"}
{"type":"log","timestamp":1674820673874,"level":"debug","message":"Skipping storing report.","meta":{"rootId":"87occd4wnval6i3","id":"87occd4wnval6i3"},"id":"qxss7abpcbtwd55","previousOperationId":"wk0e1d3lqozl2zd"}
{"type":"log","timestamp":1674820673874,"level":"info","message":"Rendering request 2 finished in 286 ms","meta":{"rootId":"87occd4wnval6i3","id":"87occd4wnval6i3"},"id":"mhtkqtuotk0jocp","previousOperationId":"wk0e1d3lqozl2zd"}
{"type":"operationEnd","subtype":"render","operationId":"qb4ih4tu5npl6dj","timestamp":1674820673874,"id":"xhswleyh6h59x42","previousEventId":"xyznlwtqybnrtyx","previousOperationId":"wk0e1d3lqozl2zd"}
{"type":"operationEnd","doDiffs":false,"previousEventId":"vl836w0hoyxylud","previousOperationId":"qpiqxcy98rjgs5j","operationId":"qpiqxcy98rjgs5j","timestamp":1674820673877,"id":"atw4xt5x2idp9mi"}
