{"type":"operationStart","subtype":"profile","data":{"_id":"GWCEnGpj4BKbnckf","timestamp":"2023-01-27T18:18:18.066Z","state":"queued","mode":"standard","creationDate":"2023-01-27T18:18:18.067Z","modificationDate":"2023-01-27T18:18:18.067Z","shortid":"dRMtdsg","$entitySet":"profiles"},"doDiffs":false,"timestamp":1674843498066,"id":"gmb5zgdc8vp6hjo","previousOperationId":null,"operationId":"l2wq1r8nl86flt8"}
{"type":"log","level":"info","message":"Render request 24 queued for execution and waiting for available worker","previousOperationId":"l2wq1r8nl86flt8","timestamp":1674843498067,"id":"k5xsa7q9cxn0snf"}
{"type":"operationStart","subtype":"render","name":"SpaceInVRs-main","previousOperationId":"l2wq1r8nl86flt8","timestamp":1674843498076,"id":"3x0sn7chm219fpn","previousEventId":"gmb5zgdc8vp6hjo","operationId":"ane0jo4rs5pkbkg"}
{"type":"log","timestamp":1674843498076,"level":"info","message":"Starting rendering request 24","meta":{"rootId":"a4o4kq086vn3cvc","id":"a4o4kq086vn3cvc"},"id":"fofn3h582pho4va","previousOperationId":"ane0jo4rs5pkbkg"}
{"type":"log","timestamp":1674843498077,"level":"info","message":"Rendering template { name: SpaceInVRs-main, recipe: chrome-pdf, engine: handlebars, preview: true }","meta":{"rootId":"a4o4kq086vn3cvc","id":"a4o4kq086vn3cvc"},"id":"5jx3u8bs5guek57","previousOperationId":"ane0jo4rs5pkbkg"}
{"type":"log","timestamp":1674843498078,"level":"debug","message":"Adding sample data 44EIOSaAC","meta":{"rootId":"a4o4kq086vn3cvc","id":"a4o4kq086vn3cvc"},"id":"urmotysipebwpuu","previousOperationId":"ane0jo4rs5pkbkg"}
{"type":"log","timestamp":1674843498081,"level":"debug","message":"Executing script SpaceInVRs-mainscript (beforeRender)","meta":{"rootId":"a4o4kq086vn3cvc","id":"a4o4kq086vn3cvc"},"id":"riawyaigpnu41mw","previousOperationId":"ane0jo4rs5pkbkg"}
{"type":"operationStart","subtype":"scriptsBeforeRender","name":"scripts beforeRender","timestamp":1674843498155,"id":"7fwuewkpalejxcy","previousEventId":"3x0sn7chm219fpn","operationId":"yghbmg4pc3thnjr","previousOperationId":"ane0jo4rs5pkbkg"}
{"type":"operationStart","subtype":"script","name":"scripts SpaceInVRs-mainscript","previousOperationId":"yghbmg4pc3thnjr","timestamp":1674843498155,"id":"r4msgd5lkcnm678","previousEventId":"7fwuewkpalejxcy","operationId":"3hmlknkvh6n6uxr"}
{"type":"log","timestamp":1674843498171,"level":"debug","message":"(console:log) 150","meta":{"userLevel":true,"rootId":"a4o4kq086vn3cvc","id":"a4o4kq086vn3cvc"},"id":"itqsrky8nxw9ojr","previousOperationId":"3hmlknkvh6n6uxr"}
{"type":"log","timestamp":1674843498171,"level":"debug","message":"(console:log) Aquí el score: undefined","meta":{"userLevel":true,"rootId":"a4o4kq086vn3cvc","id":"a4o4kq086vn3cvc"},"id":"tjzgsfmyv3tla7k","previousOperationId":"3hmlknkvh6n6uxr"}
{"type":"log","timestamp":1674843498171,"level":"debug","message":"(console:log) Aquí las naves destruidas: undefined","meta":{"userLevel":true,"rootId":"a4o4kq086vn3cvc","id":"a4o4kq086vn3cvc"},"id":"lk9sbsagz2uk9tl","previousOperationId":"3hmlknkvh6n6uxr"}
{"type":"operationEnd","operationId":"3hmlknkvh6n6uxr","timestamp":1674843498181,"id":"uuf91t20wcseeus","previousEventId":"3x0sn7chm219fpn","previousOperationId":"ane0jo4rs5pkbkg"}
{"type":"operationEnd","operationId":"yghbmg4pc3thnjr","timestamp":1674843498181,"id":"0aumvhruxi0jfbv","previousEventId":"uuf91t20wcseeus","previousOperationId":"ane0jo4rs5pkbkg"}
{"type":"log","timestamp":1674843498181,"level":"debug","message":"Base url not specified, skipping its injection.","meta":{"rootId":"a4o4kq086vn3cvc","id":"a4o4kq086vn3cvc"},"id":"c8m2y44u6l3uaz2","previousOperationId":"yghbmg4pc3thnjr"}
{"type":"operationStart","subtype":"engine","name":"handlebars","timestamp":1674843498182,"id":"5l28xcckmu2g5av","previousEventId":"0aumvhruxi0jfbv","operationId":"fwait1m22512ms5","previousOperationId":"yghbmg4pc3thnjr"}
{"type":"log","timestamp":1674843498182,"level":"debug","message":"Rendering engine handlebars","meta":{"rootId":"a4o4kq086vn3cvc","id":"a4o4kq086vn3cvc"},"id":"dgbqb3poftxbsha","previousOperationId":"fwait1m22512ms5"}
{"type":"operationEnd","operationId":"fwait1m22512ms5","timestamp":1674843498207,"id":"sii4fui565vlcpy","previousEventId":"5l28xcckmu2g5av","previousOperationId":"fwait1m22512ms5"}
{"type":"operationStart","subtype":"recipe","name":"chrome-pdf","timestamp":1674843498208,"id":"4udakoo9jrsnmv4","previousEventId":"sii4fui565vlcpy","operationId":"zdpijk02m4u4p4a","previousOperationId":"fwait1m22512ms5"}
{"type":"log","timestamp":1674843498208,"level":"debug","message":"Executing recipe chrome-pdf","meta":{"rootId":"a4o4kq086vn3cvc","id":"a4o4kq086vn3cvc"},"id":"wfr2zvhw8gsbeuf","previousOperationId":"zdpijk02m4u4p4a"}
{"type":"log","timestamp":1674843498210,"level":"debug","message":"Converting with chrome HeadlessChrome/105.0.5173.0 using chrome-pool strategy","meta":{"rootId":"a4o4kq086vn3cvc","id":"a4o4kq086vn3cvc"},"id":"swxb6rwkx4cugkx","previousOperationId":"zdpijk02m4u4p4a"}
{"type":"log","timestamp":1674843498294,"level":"debug","message":"Page request: GET (document) file:///C:/Users/Kris/AppData/Local/Temp/jsreport/autocleanup/e4dcaa93-9b77-4523-9fd0-a06e292e8ff3-chrome-pdf.html","meta":{"rootId":"a4o4kq086vn3cvc","id":"a4o4kq086vn3cvc"},"id":"0ygr5oj6kuzapix","previousOperationId":"zdpijk02m4u4p4a"}
{"type":"log","timestamp":1674843498339,"level":"debug","message":"Page request: GET (stylesheet) https://cdnjs.cloudflare.com/ajax/libs/chartist/0.11.0/chartist.min.css","meta":{"rootId":"a4o4kq086vn3cvc","id":"a4o4kq086vn3cvc"},"id":"7i05zvjf04f7n1w","previousOperationId":"zdpijk02m4u4p4a"}
{"type":"log","timestamp":1674843498340,"level":"debug","message":"Page request: GET (script) https://cdnjs.cloudflare.com/ajax/libs/chartist/0.11.0/chartist.min.js","meta":{"rootId":"a4o4kq086vn3cvc","id":"a4o4kq086vn3cvc"},"id":"7shi0ozixxban4l","previousOperationId":"zdpijk02m4u4p4a"}
{"type":"log","timestamp":1674843498340,"level":"debug","message":"Page request: GET (script) https://unpkg.com/chartist-plugin-tooltips@0.0.17","meta":{"rootId":"a4o4kq086vn3cvc","id":"a4o4kq086vn3cvc"},"id":"jg1hf4qx2xm1unv","previousOperationId":"zdpijk02m4u4p4a"}
{"type":"log","timestamp":1674843498341,"level":"debug","message":"Page request: GET (script) https://unpkg.com/chartist-plugin-pointlabels@0.0.6","meta":{"rootId":"a4o4kq086vn3cvc","id":"a4o4kq086vn3cvc"},"id":"5xpc4oqcqciv7js","previousOperationId":"zdpijk02m4u4p4a"}
{"type":"log","timestamp":1674843498342,"level":"debug","message":"Page request finished: GET (document) 200 file:///C:/Users/Kris/AppData/Local/Temp/jsreport/autocleanup/e4dcaa93-9b77-4523-9fd0-a06e292e8ff3-chrome-pdf.html","meta":{"rootId":"a4o4kq086vn3cvc","id":"a4o4kq086vn3cvc"},"id":"9biw4vbn95l8n1x","previousOperationId":"zdpijk02m4u4p4a"}
{"type":"log","timestamp":1674843498344,"level":"debug","message":"Page request finished: GET (stylesheet) 200 https://cdnjs.cloudflare.com/ajax/libs/chartist/0.11.0/chartist.min.css","meta":{"rootId":"a4o4kq086vn3cvc","id":"a4o4kq086vn3cvc"},"id":"59xmedpc9usv6k7","previousOperationId":"zdpijk02m4u4p4a"}
{"type":"log","timestamp":1674843498344,"level":"debug","message":"Page request finished: GET (script) 200 https://cdnjs.cloudflare.com/ajax/libs/chartist/0.11.0/chartist.min.js","meta":{"rootId":"a4o4kq086vn3cvc","id":"a4o4kq086vn3cvc"},"id":"oxtq9kk9l7nucqg","previousOperationId":"zdpijk02m4u4p4a"}
{"type":"log","timestamp":1674843498344,"level":"warn","message":"Page request failed: GET (script) 302 https://unpkg.com/chartist-plugin-tooltips@0.0.17 (redirect to: /chartist-plugin-tooltips@0.0.17/dist/chartist-plugin-tooltip.js)","meta":{"rootId":"a4o4kq086vn3cvc","id":"a4o4kq086vn3cvc"},"id":"hwka4jr67vjxs4x","previousOperationId":"zdpijk02m4u4p4a"}
{"type":"log","timestamp":1674843498344,"level":"debug","message":"Page request: GET (script) https://unpkg.com/chartist-plugin-tooltips@0.0.17/dist/chartist-plugin-tooltip.js (redirect from: https://unpkg.com/chartist-plugin-tooltips@0.0.17)","meta":{"rootId":"a4o4kq086vn3cvc","id":"a4o4kq086vn3cvc"},"id":"gwont6h4nyy6hn7","previousOperationId":"zdpijk02m4u4p4a"}
{"type":"log","timestamp":1674843498346,"level":"warn","message":"Page request failed: GET (script) 302 https://unpkg.com/chartist-plugin-pointlabels@0.0.6 (redirect to: /chartist-plugin-pointlabels@0.0.6/dist/chartist-plugin-pointlabels.js)","meta":{"rootId":"a4o4kq086vn3cvc","id":"a4o4kq086vn3cvc"},"id":"cq59ttb2jwkmzmy","previousOperationId":"zdpijk02m4u4p4a"}
{"type":"log","timestamp":1674843498346,"level":"debug","message":"Page request: GET (script) https://unpkg.com/chartist-plugin-pointlabels@0.0.6/dist/chartist-plugin-pointlabels.js (redirect from: https://unpkg.com/chartist-plugin-pointlabels@0.0.6)","meta":{"rootId":"a4o4kq086vn3cvc","id":"a4o4kq086vn3cvc"},"id":"s5b6jazbk2io26a","previousOperationId":"zdpijk02m4u4p4a"}
{"type":"log","timestamp":1674843498350,"level":"debug","message":"Page request finished: GET (script) 200 https://unpkg.com/chartist-plugin-tooltips@0.0.17/dist/chartist-plugin-tooltip.js","meta":{"rootId":"a4o4kq086vn3cvc","id":"a4o4kq086vn3cvc"},"id":"j0t2d8et1m9met9","previousOperationId":"zdpijk02m4u4p4a"}
{"type":"log","timestamp":1674843498351,"level":"debug","message":"Page request finished: GET (script) 200 https://unpkg.com/chartist-plugin-pointlabels@0.0.6/dist/chartist-plugin-pointlabels.js","meta":{"rootId":"a4o4kq086vn3cvc","id":"a4o4kq086vn3cvc"},"id":"nfi42cb9bqf0p1s","previousOperationId":"zdpijk02m4u4p4a"}
{"type":"log","timestamp":1674843498407,"level":"debug","message":"Running chrome with params {\"printBackground\":true,\"timeout\":59856,\"margin\":{}}","meta":{"rootId":"a4o4kq086vn3cvc","id":"a4o4kq086vn3cvc"},"id":"by0lex9jugkp1sq","previousOperationId":"zdpijk02m4u4p4a"}
{"type":"operationEnd","operationId":"zdpijk02m4u4p4a","timestamp":1674843498497,"id":"5wfjg55s6z2yigp","previousEventId":"4udakoo9jrsnmv4","previousOperationId":"zdpijk02m4u4p4a"}
{"type":"log","timestamp":1674843498497,"level":"debug","message":"Skipping storing report.","meta":{"rootId":"a4o4kq086vn3cvc","id":"a4o4kq086vn3cvc"},"id":"aklh42lccbt5wxx","previousOperationId":"zdpijk02m4u4p4a"}
{"type":"log","timestamp":1674843498497,"level":"info","message":"Rendering request 24 finished in 432 ms","meta":{"rootId":"a4o4kq086vn3cvc","id":"a4o4kq086vn3cvc"},"id":"j8xm09wi0ofgexy","previousOperationId":"zdpijk02m4u4p4a"}
{"type":"operationEnd","subtype":"render","operationId":"ane0jo4rs5pkbkg","timestamp":1674843498497,"id":"nht9t9bk7zyytyd","previousEventId":"5wfjg55s6z2yigp","previousOperationId":"zdpijk02m4u4p4a"}
{"type":"operationEnd","doDiffs":false,"previousEventId":"gmb5zgdc8vp6hjo","previousOperationId":"l2wq1r8nl86flt8","operationId":"l2wq1r8nl86flt8","timestamp":1674843498501,"id":"rpjk4imniurunl2"}
