{"type":"operationStart","subtype":"profile","data":{"_id":"7ZI5uOI6QGvG5QnO","timestamp":"2023-01-27T18:33:09.411Z","state":"queued","mode":"standard","creationDate":"2023-01-27T18:33:09.415Z","modificationDate":"2023-01-27T18:33:09.415Z","shortid":"pSv3jpC","$entitySet":"profiles"},"doDiffs":false,"timestamp":1674844389413,"id":"lnfydgqdv7fqn8s","previousOperationId":null,"operationId":"07boybvlakybf2n"}
{"type":"log","level":"info","message":"Render request 1 queued for execution and waiting for available worker","previousOperationId":"07boybvlakybf2n","timestamp":1674844389413,"id":"q3keif28m3xdn3m"}
{"type":"operationStart","subtype":"render","name":"SpaceInVRs-main","previousOperationId":"07boybvlakybf2n","timestamp":1674844389439,"id":"0m8dp93b057kp2y","previousEventId":"lnfydgqdv7fqn8s","operationId":"ok9g0rjtf94zlqe"}
{"type":"log","timestamp":1674844389441,"level":"info","message":"Starting rendering request 1","meta":{"rootId":"a4vk7gig2rsj6ll","id":"a4vk7gig2rsj6ll"},"id":"4rzfjdqsdloff2u","previousOperationId":"ok9g0rjtf94zlqe"}
{"type":"log","timestamp":1674844389443,"level":"info","message":"Rendering template { name: SpaceInVRs-main, recipe: chrome-pdf, engine: handlebars, preview: false }","meta":{"rootId":"a4vk7gig2rsj6ll","id":"a4vk7gig2rsj6ll"},"id":"gt5wox10il4zvvv","previousOperationId":"ok9g0rjtf94zlqe"}
{"type":"log","timestamp":1674844389447,"level":"debug","message":"Adding sample data 44EIOSaAC","meta":{"rootId":"a4vk7gig2rsj6ll","id":"a4vk7gig2rsj6ll"},"id":"moabw6x1qp8zctj","previousOperationId":"ok9g0rjtf94zlqe"}
{"type":"log","timestamp":1674844389452,"level":"debug","message":"Executing script SpaceInVRs-mainscript (beforeRender)","meta":{"rootId":"a4vk7gig2rsj6ll","id":"a4vk7gig2rsj6ll"},"id":"bmpy31mxs7vz2y5","previousOperationId":"ok9g0rjtf94zlqe"}
{"type":"operationStart","subtype":"scriptsBeforeRender","name":"scripts beforeRender","timestamp":1674844389868,"id":"8t8cmkvckau2lrt","previousEventId":"0m8dp93b057kp2y","operationId":"qu4h6qm1ibrbk2n","previousOperationId":"ok9g0rjtf94zlqe"}
{"type":"operationStart","subtype":"script","name":"scripts SpaceInVRs-mainscript","previousOperationId":"qu4h6qm1ibrbk2n","timestamp":1674844389868,"id":"7ylt84zu8rtelli","previousEventId":"8t8cmkvckau2lrt","operationId":"cmm4utriunackd7"}
{"type":"log","timestamp":1674844389898,"level":"debug","message":"(console:log) 150","meta":{"userLevel":true,"rootId":"a4vk7gig2rsj6ll","id":"a4vk7gig2rsj6ll"},"id":"ta88p08i5ahviy9","previousOperationId":"cmm4utriunackd7"}
{"type":"log","timestamp":1674844389898,"level":"debug","message":"(console:log) Aquí el score: undefined","meta":{"userLevel":true,"rootId":"a4vk7gig2rsj6ll","id":"a4vk7gig2rsj6ll"},"id":"94lgkyu7bh0vhe2","previousOperationId":"cmm4utriunackd7"}
{"type":"log","timestamp":1674844389898,"level":"debug","message":"(console:log) Aquí las naves destruidas: undefined","meta":{"userLevel":true,"rootId":"a4vk7gig2rsj6ll","id":"a4vk7gig2rsj6ll"},"id":"32xn1i0fykl501q","previousOperationId":"cmm4utriunackd7"}
{"type":"operationEnd","operationId":"cmm4utriunackd7","timestamp":1674844389911,"id":"jvvvls17heko0xy","previousEventId":"0m8dp93b057kp2y","previousOperationId":"ok9g0rjtf94zlqe"}
{"type":"operationEnd","operationId":"qu4h6qm1ibrbk2n","timestamp":1674844389911,"id":"m0rfn3qzdikte7s","previousEventId":"jvvvls17heko0xy","previousOperationId":"ok9g0rjtf94zlqe"}
{"type":"log","timestamp":1674844389912,"level":"debug","message":"Base url not specified, skipping its injection.","meta":{"rootId":"a4vk7gig2rsj6ll","id":"a4vk7gig2rsj6ll"},"id":"874fmmzo23n74un","previousOperationId":"qu4h6qm1ibrbk2n"}
{"type":"operationStart","subtype":"engine","name":"handlebars","timestamp":1674844389913,"id":"7qkfoee3vq26whl","previousEventId":"m0rfn3qzdikte7s","operationId":"1a7iw9rc62jtcw3","previousOperationId":"qu4h6qm1ibrbk2n"}
{"type":"log","timestamp":1674844389913,"level":"debug","message":"Rendering engine handlebars","meta":{"rootId":"a4vk7gig2rsj6ll","id":"a4vk7gig2rsj6ll"},"id":"ftjjuwdt93id5o5","previousOperationId":"1a7iw9rc62jtcw3"}
{"type":"operationEnd","operationId":"1a7iw9rc62jtcw3","timestamp":1674844390265,"id":"kcvyw0vgbxv52pz","previousEventId":"7qkfoee3vq26whl","previousOperationId":"1a7iw9rc62jtcw3"}
{"type":"operationStart","subtype":"recipe","name":"chrome-pdf","timestamp":1674844390266,"id":"61weiqn2ohzpld0","previousEventId":"kcvyw0vgbxv52pz","operationId":"y2etk9snsrfyxdw","previousOperationId":"1a7iw9rc62jtcw3"}
{"type":"log","timestamp":1674844390266,"level":"debug","message":"Executing recipe chrome-pdf","meta":{"rootId":"a4vk7gig2rsj6ll","id":"a4vk7gig2rsj6ll"},"id":"8nbtvjcobygohu1","previousOperationId":"y2etk9snsrfyxdw"}
{"type":"log","timestamp":1674844390548,"level":"debug","message":"Converting with chrome HeadlessChrome/105.0.5173.0 using chrome-pool strategy","meta":{"rootId":"a4vk7gig2rsj6ll","id":"a4vk7gig2rsj6ll"},"id":"h7bkfw9dvxp4wyt","previousOperationId":"y2etk9snsrfyxdw"}
{"type":"log","timestamp":1674844390704,"level":"debug","message":"Page request: GET (document) file:///C:/Users/Kris/AppData/Local/Temp/jsreport/autocleanup/677804b5-c80b-4c7b-a759-d2c8753ffb51-chrome-pdf.html","meta":{"rootId":"a4vk7gig2rsj6ll","id":"a4vk7gig2rsj6ll"},"id":"afp4738jd5elxka","previousOperationId":"y2etk9snsrfyxdw"}
{"type":"log","timestamp":1674844390718,"level":"debug","message":"Page request finished: GET (document) 200 file:///C:/Users/Kris/AppData/Local/Temp/jsreport/autocleanup/677804b5-c80b-4c7b-a759-d2c8753ffb51-chrome-pdf.html","meta":{"rootId":"a4vk7gig2rsj6ll","id":"a4vk7gig2rsj6ll"},"id":"0fzzhsb0gsigv5m","previousOperationId":"y2etk9snsrfyxdw"}
{"type":"log","timestamp":1674844390718,"level":"debug","message":"Page request: GET (stylesheet) https://cdnjs.cloudflare.com/ajax/libs/chartist/0.11.0/chartist.min.css","meta":{"rootId":"a4vk7gig2rsj6ll","id":"a4vk7gig2rsj6ll"},"id":"hje0uiz6me9atm8","previousOperationId":"y2etk9snsrfyxdw"}
{"type":"log","timestamp":1674844390718,"level":"debug","message":"Page request: GET (script) https://cdnjs.cloudflare.com/ajax/libs/chartist/0.11.0/chartist.min.js","meta":{"rootId":"a4vk7gig2rsj6ll","id":"a4vk7gig2rsj6ll"},"id":"39b4wiuo3yaxh0s","previousOperationId":"y2etk9snsrfyxdw"}
{"type":"log","timestamp":1674844390718,"level":"debug","message":"Page request: GET (script) https://unpkg.com/chartist-plugin-tooltips@0.0.17","meta":{"rootId":"a4vk7gig2rsj6ll","id":"a4vk7gig2rsj6ll"},"id":"kzvh04dqkyej6ws","previousOperationId":"y2etk9snsrfyxdw"}
{"type":"log","timestamp":1674844390719,"level":"debug","message":"Page request: GET (script) https://unpkg.com/chartist-plugin-pointlabels@0.0.6","meta":{"rootId":"a4vk7gig2rsj6ll","id":"a4vk7gig2rsj6ll"},"id":"dt489xu4nwz9jrl","previousOperationId":"y2etk9snsrfyxdw"}
{"type":"log","timestamp":1674844393616,"level":"warn","message":"Page request failed: GET (script) 302 https://unpkg.com/chartist-plugin-tooltips@0.0.17 (redirect to: /chartist-plugin-tooltips@0.0.17/dist/chartist-plugin-tooltip.js)","meta":{"rootId":"a4vk7gig2rsj6ll","id":"a4vk7gig2rsj6ll"},"id":"k5c89shooh0ks8x","previousOperationId":"y2etk9snsrfyxdw"}
{"type":"log","timestamp":1674844393616,"level":"debug","message":"Page request: GET (script) https://unpkg.com/chartist-plugin-tooltips@0.0.17/dist/chartist-plugin-tooltip.js (redirect from: https://unpkg.com/chartist-plugin-tooltips@0.0.17)","meta":{"rootId":"a4vk7gig2rsj6ll","id":"a4vk7gig2rsj6ll"},"id":"jnie3t20d5u92z9","previousOperationId":"y2etk9snsrfyxdw"}
{"type":"log","timestamp":1674844393617,"level":"warn","message":"Page request failed: GET (script) 302 https://unpkg.com/chartist-plugin-pointlabels@0.0.6 (redirect to: /chartist-plugin-pointlabels@0.0.6/dist/chartist-plugin-pointlabels.js)","meta":{"rootId":"a4vk7gig2rsj6ll","id":"a4vk7gig2rsj6ll"},"id":"aplaof1csub0hz7","previousOperationId":"y2etk9snsrfyxdw"}
{"type":"log","timestamp":1674844393618,"level":"debug","message":"Page request finished: GET (stylesheet) 200 https://cdnjs.cloudflare.com/ajax/libs/chartist/0.11.0/chartist.min.css","meta":{"rootId":"a4vk7gig2rsj6ll","id":"a4vk7gig2rsj6ll"},"id":"n2rcd0joyp4vx8b","previousOperationId":"y2etk9snsrfyxdw"}
{"type":"log","timestamp":1674844393618,"level":"debug","message":"Page request: GET (script) https://unpkg.com/chartist-plugin-pointlabels@0.0.6/dist/chartist-plugin-pointlabels.js (redirect from: https://unpkg.com/chartist-plugin-pointlabels@0.0.6)","meta":{"rootId":"a4vk7gig2rsj6ll","id":"a4vk7gig2rsj6ll"},"id":"6vpauxu70ccpaky","previousOperationId":"y2etk9snsrfyxdw"}
{"type":"log","timestamp":1674844393619,"level":"debug","message":"Page request finished: GET (script) 200 https://cdnjs.cloudflare.com/ajax/libs/chartist/0.11.0/chartist.min.js","meta":{"rootId":"a4vk7gig2rsj6ll","id":"a4vk7gig2rsj6ll"},"id":"46kmjbm1rv3vti8","previousOperationId":"y2etk9snsrfyxdw"}
{"type":"log","timestamp":1674844393671,"level":"debug","message":"Page request finished: GET (script) 200 https://unpkg.com/chartist-plugin-pointlabels@0.0.6/dist/chartist-plugin-pointlabels.js","meta":{"rootId":"a4vk7gig2rsj6ll","id":"a4vk7gig2rsj6ll"},"id":"f5z41hrelcqgds0","previousOperationId":"y2etk9snsrfyxdw"}
{"type":"log","timestamp":1674844393672,"level":"debug","message":"Page request finished: GET (script) 200 https://unpkg.com/chartist-plugin-tooltips@0.0.17/dist/chartist-plugin-tooltip.js","meta":{"rootId":"a4vk7gig2rsj6ll","id":"a4vk7gig2rsj6ll"},"id":"9vnel8tgokccehx","previousOperationId":"y2etk9snsrfyxdw"}
{"type":"log","timestamp":1674844393730,"level":"debug","message":"Running chrome with params {\"printBackground\":true,\"timeout\":59027,\"margin\":{}}","meta":{"rootId":"a4vk7gig2rsj6ll","id":"a4vk7gig2rsj6ll"},"id":"1lgjcizzpetlxrq","previousOperationId":"y2etk9snsrfyxdw"}
{"type":"operationEnd","operationId":"y2etk9snsrfyxdw","timestamp":1674844393822,"id":"dyq8i8gvv53k3l7","previousEventId":"61weiqn2ohzpld0","previousOperationId":"y2etk9snsrfyxdw"}
{"type":"log","timestamp":1674844393823,"level":"debug","message":"Skipping storing report.","meta":{"rootId":"a4vk7gig2rsj6ll","id":"a4vk7gig2rsj6ll"},"id":"o9b2n02d210w4cl","previousOperationId":"y2etk9snsrfyxdw"}
{"type":"log","timestamp":1674844393823,"level":"info","message":"Rendering request 1 finished in 4414 ms","meta":{"rootId":"a4vk7gig2rsj6ll","id":"a4vk7gig2rsj6ll"},"id":"w4kwxvn6v7gi6z0","previousOperationId":"y2etk9snsrfyxdw"}
{"type":"operationEnd","subtype":"render","operationId":"ok9g0rjtf94zlqe","timestamp":1674844393824,"id":"7jj95qisokloor0","previousEventId":"dyq8i8gvv53k3l7","previousOperationId":"y2etk9snsrfyxdw"}
{"type":"operationEnd","doDiffs":false,"previousEventId":"lnfydgqdv7fqn8s","previousOperationId":"07boybvlakybf2n","operationId":"07boybvlakybf2n","timestamp":1674844393826,"id":"qjv3blb7btkuz6o"}
