{"type":"operationStart","subtype":"profile","data":{"_id":"8PRhDVLYlo8CIGkB","timestamp":"2023-01-27T18:04:42.511Z","state":"queued","mode":"standard","creationDate":"2023-01-27T18:04:42.513Z","modificationDate":"2023-01-27T18:04:42.513Z","shortid":"1JL0V4d","$entitySet":"profiles"},"doDiffs":false,"timestamp":1674842682512,"id":"l7vg17q3ymta8zv","previousOperationId":null,"operationId":"7cryeh9iyy5w0ob"}
{"type":"log","level":"info","message":"Render request 12 queued for execution and waiting for available worker","previousOperationId":"7cryeh9iyy5w0ob","timestamp":1674842682512,"id":"19zjoto66pisnu0"}
{"type":"operationStart","subtype":"render","name":"SpaceInVRs-main","previousOperationId":"7cryeh9iyy5w0ob","timestamp":1674842682520,"id":"vnwywiki6mqnsfo","previousEventId":"l7vg17q3ymta8zv","operationId":"iw3i05abzb0ids6"}
{"type":"log","timestamp":1674842682520,"level":"info","message":"Starting rendering request 12","meta":{"rootId":"fv2eha9zerzcjxc","id":"fv2eha9zerzcjxc"},"id":"0rkrt3chxl5dvb7","previousOperationId":"iw3i05abzb0ids6"}
{"type":"log","timestamp":1674842682521,"level":"info","message":"Rendering template { name: SpaceInVRs-main, recipe: chrome-pdf, engine: handlebars, preview: true }","meta":{"rootId":"fv2eha9zerzcjxc","id":"fv2eha9zerzcjxc"},"id":"ot3pn5fmmj7y1np","previousOperationId":"iw3i05abzb0ids6"}
{"type":"log","timestamp":1674842682522,"level":"debug","message":"Adding sample data 44EIOSaAC","meta":{"rootId":"fv2eha9zerzcjxc","id":"fv2eha9zerzcjxc"},"id":"ptlyasn530yj5w8","previousOperationId":"iw3i05abzb0ids6"}
{"type":"log","timestamp":1674842682523,"level":"debug","message":"Executing script SpaceInVRs-mainscript (beforeRender)","meta":{"rootId":"fv2eha9zerzcjxc","id":"fv2eha9zerzcjxc"},"id":"bjgw18ofbi1icz4","previousOperationId":"iw3i05abzb0ids6"}
{"type":"operationStart","subtype":"scriptsBeforeRender","name":"scripts beforeRender","timestamp":1674842682591,"id":"q6yo1chlg4db3bn","previousEventId":"vnwywiki6mqnsfo","operationId":"8gdd68wh97ul6j1","previousOperationId":"iw3i05abzb0ids6"}
{"type":"operationStart","subtype":"script","name":"scripts SpaceInVRs-mainscript","previousOperationId":"8gdd68wh97ul6j1","timestamp":1674842682591,"id":"u5ndyvmrdioo65k","previousEventId":"q6yo1chlg4db3bn","operationId":"fjvt97cezqxkuzm"}
{"type":"log","timestamp":1674842682608,"level":"debug","message":"(console:log) 150","meta":{"userLevel":true,"rootId":"fv2eha9zerzcjxc","id":"fv2eha9zerzcjxc"},"id":"haw5ttm39ylc130","previousOperationId":"fjvt97cezqxkuzm"}
{"type":"log","timestamp":1674842682608,"level":"debug","message":"(console:log) Aquí el score: undefined","meta":{"userLevel":true,"rootId":"fv2eha9zerzcjxc","id":"fv2eha9zerzcjxc"},"id":"jt5167j7rkaihns","previousOperationId":"fjvt97cezqxkuzm"}
{"type":"log","timestamp":1674842682609,"level":"debug","message":"(console:log) Aquí las naves destruidas: undefined","meta":{"userLevel":true,"rootId":"fv2eha9zerzcjxc","id":"fv2eha9zerzcjxc"},"id":"3ww9e0pq4f5fbqj","previousOperationId":"fjvt97cezqxkuzm"}
{"type":"operationEnd","operationId":"fjvt97cezqxkuzm","timestamp":1674842682619,"id":"7v08vgmxgcfqrdk","previousEventId":"vnwywiki6mqnsfo","previousOperationId":"iw3i05abzb0ids6"}
{"type":"operationEnd","operationId":"8gdd68wh97ul6j1","timestamp":1674842682619,"id":"1td23ur6e74uy9n","previousEventId":"7v08vgmxgcfqrdk","previousOperationId":"iw3i05abzb0ids6"}
{"type":"log","timestamp":1674842682619,"level":"debug","message":"Base url not specified, skipping its injection.","meta":{"rootId":"fv2eha9zerzcjxc","id":"fv2eha9zerzcjxc"},"id":"o1u6txb1nwzlxal","previousOperationId":"8gdd68wh97ul6j1"}
{"type":"operationStart","subtype":"engine","name":"handlebars","timestamp":1674842682619,"id":"wttug8qrnm8pmpj","previousEventId":"1td23ur6e74uy9n","operationId":"uuvykm1j4l2mofw","previousOperationId":"8gdd68wh97ul6j1"}
{"type":"log","timestamp":1674842682619,"level":"debug","message":"Rendering engine handlebars","meta":{"rootId":"fv2eha9zerzcjxc","id":"fv2eha9zerzcjxc"},"id":"xjai2n96b0koijp","previousOperationId":"uuvykm1j4l2mofw"}
{"type":"operationEnd","operationId":"uuvykm1j4l2mofw","timestamp":1674842682639,"id":"0lqlpvfykhaifi0","previousEventId":"wttug8qrnm8pmpj","previousOperationId":"uuvykm1j4l2mofw"}
{"type":"operationStart","subtype":"recipe","name":"chrome-pdf","timestamp":1674842682640,"id":"koecfnhfl2bu6sh","previousEventId":"0lqlpvfykhaifi0","operationId":"bkcnn126c7cifrg","previousOperationId":"uuvykm1j4l2mofw"}
{"type":"log","timestamp":1674842682640,"level":"debug","message":"Executing recipe chrome-pdf","meta":{"rootId":"fv2eha9zerzcjxc","id":"fv2eha9zerzcjxc"},"id":"9v7y62lf47lg492","previousOperationId":"bkcnn126c7cifrg"}
{"type":"log","timestamp":1674842682643,"level":"debug","message":"Converting with chrome HeadlessChrome/105.0.5173.0 using chrome-pool strategy","meta":{"rootId":"fv2eha9zerzcjxc","id":"fv2eha9zerzcjxc"},"id":"p4fqfleyek4dk7g","previousOperationId":"bkcnn126c7cifrg"}
{"type":"log","timestamp":1674842682733,"level":"debug","message":"Page request: GET (document) file:///C:/Users/Kris/AppData/Local/Temp/jsreport/autocleanup/294891e3-c050-4456-9e34-3c62919faea2-chrome-pdf.html","meta":{"rootId":"fv2eha9zerzcjxc","id":"fv2eha9zerzcjxc"},"id":"exhznhkpci6bglf","previousOperationId":"bkcnn126c7cifrg"}
{"type":"log","timestamp":1674842682765,"level":"debug","message":"Page request finished: GET (document) 200 file:///C:/Users/Kris/AppData/Local/Temp/jsreport/autocleanup/294891e3-c050-4456-9e34-3c62919faea2-chrome-pdf.html","meta":{"rootId":"fv2eha9zerzcjxc","id":"fv2eha9zerzcjxc"},"id":"7cn6v5fu2h5qroa","previousOperationId":"bkcnn126c7cifrg"}
{"type":"log","timestamp":1674842682765,"level":"debug","message":"Page request: GET (stylesheet) https://cdnjs.cloudflare.com/ajax/libs/chartist/0.11.0/chartist.min.css","meta":{"rootId":"fv2eha9zerzcjxc","id":"fv2eha9zerzcjxc"},"id":"zx464mgrdej3xpu","previousOperationId":"bkcnn126c7cifrg"}
{"type":"log","timestamp":1674842682765,"level":"debug","message":"Page request: GET (script) https://cdnjs.cloudflare.com/ajax/libs/chartist/0.11.0/chartist.min.js","meta":{"rootId":"fv2eha9zerzcjxc","id":"fv2eha9zerzcjxc"},"id":"1z8uij94s2jdq2y","previousOperationId":"bkcnn126c7cifrg"}
{"type":"log","timestamp":1674842682765,"level":"debug","message":"Page request: GET (script) https://unpkg.com/chartist-plugin-tooltips@0.0.17","meta":{"rootId":"fv2eha9zerzcjxc","id":"fv2eha9zerzcjxc"},"id":"eoh40tdmgxna9v9","previousOperationId":"bkcnn126c7cifrg"}
{"type":"log","timestamp":1674842682767,"level":"debug","message":"Page request: GET (script) https://unpkg.com/chartist-plugin-pointlabels@0.0.6","meta":{"rootId":"fv2eha9zerzcjxc","id":"fv2eha9zerzcjxc"},"id":"rqkn1rvol66asui","previousOperationId":"bkcnn126c7cifrg"}
{"type":"log","timestamp":1674842682769,"level":"warn","message":"Page request failed: GET (script) 302 https://unpkg.com/chartist-plugin-tooltips@0.0.17 (redirect to: /chartist-plugin-tooltips@0.0.17/dist/chartist-plugin-tooltip.js)","meta":{"rootId":"fv2eha9zerzcjxc","id":"fv2eha9zerzcjxc"},"id":"91hpsicoengu4js","previousOperationId":"bkcnn126c7cifrg"}
{"type":"log","timestamp":1674842682769,"level":"debug","message":"Page request: GET (script) https://unpkg.com/chartist-plugin-tooltips@0.0.17/dist/chartist-plugin-tooltip.js (redirect from: https://unpkg.com/chartist-plugin-tooltips@0.0.17)","meta":{"rootId":"fv2eha9zerzcjxc","id":"fv2eha9zerzcjxc"},"id":"1tzrbzedt9yrtel","previousOperationId":"bkcnn126c7cifrg"}
{"type":"log","timestamp":1674842682770,"level":"debug","message":"Page request finished: GET (stylesheet) 200 https://cdnjs.cloudflare.com/ajax/libs/chartist/0.11.0/chartist.min.css","meta":{"rootId":"fv2eha9zerzcjxc","id":"fv2eha9zerzcjxc"},"id":"1yw1fk7bqq9b5js","previousOperationId":"bkcnn126c7cifrg"}
{"type":"log","timestamp":1674842682770,"level":"warn","message":"Page request failed: GET (script) 302 https://unpkg.com/chartist-plugin-pointlabels@0.0.6 (redirect to: /chartist-plugin-pointlabels@0.0.6/dist/chartist-plugin-pointlabels.js)","meta":{"rootId":"fv2eha9zerzcjxc","id":"fv2eha9zerzcjxc"},"id":"phzq9i4l2kmb7bb","previousOperationId":"bkcnn126c7cifrg"}
{"type":"log","timestamp":1674842682770,"level":"debug","message":"Page request: GET (script) https://unpkg.com/chartist-plugin-pointlabels@0.0.6/dist/chartist-plugin-pointlabels.js (redirect from: https://unpkg.com/chartist-plugin-pointlabels@0.0.6)","meta":{"rootId":"fv2eha9zerzcjxc","id":"fv2eha9zerzcjxc"},"id":"ez2d6f2tw4w7n9s","previousOperationId":"bkcnn126c7cifrg"}
{"type":"log","timestamp":1674842682771,"level":"debug","message":"Page request finished: GET (script) 200 https://cdnjs.cloudflare.com/ajax/libs/chartist/0.11.0/chartist.min.js","meta":{"rootId":"fv2eha9zerzcjxc","id":"fv2eha9zerzcjxc"},"id":"uu2yffn7ksstn5r","previousOperationId":"bkcnn126c7cifrg"}
{"type":"log","timestamp":1674842682772,"level":"debug","message":"Page request finished: GET (script) 200 https://unpkg.com/chartist-plugin-tooltips@0.0.17/dist/chartist-plugin-tooltip.js","meta":{"rootId":"fv2eha9zerzcjxc","id":"fv2eha9zerzcjxc"},"id":"6oq2alhctc474lk","previousOperationId":"bkcnn126c7cifrg"}
{"type":"log","timestamp":1674842682773,"level":"debug","message":"Page request finished: GET (script) 200 https://unpkg.com/chartist-plugin-pointlabels@0.0.6/dist/chartist-plugin-pointlabels.js","meta":{"rootId":"fv2eha9zerzcjxc","id":"fv2eha9zerzcjxc"},"id":"vsbitami3a2o7wd","previousOperationId":"bkcnn126c7cifrg"}
{"type":"log","timestamp":1674842682774,"level":"warn","message":"Page error: SyntaxError: Identifier 'finalscore' has already been declared","meta":{"rootId":"fv2eha9zerzcjxc","id":"fv2eha9zerzcjxc"},"id":"32i73p1bpnhsfcl","previousOperationId":"bkcnn126c7cifrg"}
{"type":"log","timestamp":1674842682775,"level":"warn","message":"Page error: SyntaxError: Identifier 'finalscore' has already been declared","meta":{"rootId":"fv2eha9zerzcjxc","id":"fv2eha9zerzcjxc"},"id":"69oytcbqmwtgbea","previousOperationId":"bkcnn126c7cifrg"}
{"type":"log","timestamp":1674842682775,"level":"warn","message":"Page error: SyntaxError: Identifier 'finalscore' has already been declared","meta":{"rootId":"fv2eha9zerzcjxc","id":"fv2eha9zerzcjxc"},"id":"dxgwj0jgr00nqdb","previousOperationId":"bkcnn126c7cifrg"}
{"type":"log","timestamp":1674842682775,"level":"warn","message":"Page error: SyntaxError: Identifier 'finalscore' has already been declared","meta":{"rootId":"fv2eha9zerzcjxc","id":"fv2eha9zerzcjxc"},"id":"spruadz2zbbsbf5","previousOperationId":"bkcnn126c7cifrg"}
{"type":"log","timestamp":1674842682818,"level":"debug","message":"Running chrome with params {\"printBackground\":true,\"timeout\":59869,\"margin\":{}}","meta":{"rootId":"fv2eha9zerzcjxc","id":"fv2eha9zerzcjxc"},"id":"6cmw78egb71enww","previousOperationId":"bkcnn126c7cifrg"}
{"type":"operationEnd","operationId":"bkcnn126c7cifrg","timestamp":1674842682924,"id":"vk6ka3yssu0tq5b","previousEventId":"koecfnhfl2bu6sh","previousOperationId":"bkcnn126c7cifrg"}
{"type":"log","timestamp":1674842682924,"level":"debug","message":"Skipping storing report.","meta":{"rootId":"fv2eha9zerzcjxc","id":"fv2eha9zerzcjxc"},"id":"fxhot82yghoraqo","previousOperationId":"bkcnn126c7cifrg"}
{"type":"log","timestamp":1674842682925,"level":"info","message":"Rendering request 12 finished in 414 ms","meta":{"rootId":"fv2eha9zerzcjxc","id":"fv2eha9zerzcjxc"},"id":"7uvrg36wgju6vmo","previousOperationId":"bkcnn126c7cifrg"}
{"type":"operationEnd","subtype":"render","operationId":"iw3i05abzb0ids6","timestamp":1674842682925,"id":"cg1u9y4e9tvlb3c","previousEventId":"vk6ka3yssu0tq5b","previousOperationId":"bkcnn126c7cifrg"}
{"type":"operationEnd","doDiffs":false,"previousEventId":"l7vg17q3ymta8zv","previousOperationId":"7cryeh9iyy5w0ob","operationId":"7cryeh9iyy5w0ob","timestamp":1674842682930,"id":"wp3vag7g1h7fymu"}
