{"type":"operationStart","subtype":"profile","data":{"_id":"570Fyq4vCGt0pY62","timestamp":"2023-01-27T11:57:31.520Z","state":"queued","mode":"standard","creationDate":"2023-01-27T11:57:31.523Z","modificationDate":"2023-01-27T11:57:31.523Z","shortid":"iTSoQjv","$entitySet":"profiles"},"doDiffs":false,"timestamp":1674820651521,"id":"rmnwxrp4wmc8zzj","previousOperationId":null,"operationId":"627ygpzm8h71ma8"}
{"type":"log","level":"info","message":"Render request 1 queued for execution and waiting for available worker","previousOperationId":"627ygpzm8h71ma8","timestamp":1674820651522,"id":"7czrizsqoqlfqvd"}
{"type":"operationStart","subtype":"render","name":"SpaceInVRs-main","previousOperationId":"627ygpzm8h71ma8","timestamp":1674820651539,"id":"0muh3kj6mgwllgy","previousEventId":"rmnwxrp4wmc8zzj","operationId":"qimu14w02g5eeuo"}
{"type":"log","timestamp":1674820651540,"level":"info","message":"Starting rendering request 1","meta":{"rootId":"gcw1196qp5yxj0r","id":"gcw1196qp5yxj0r"},"id":"d89202bgo8ed2cx","previousOperationId":"qimu14w02g5eeuo"}
{"type":"log","timestamp":1674820651542,"level":"info","message":"Rendering template { name: SpaceInVRs-main, recipe: chrome-pdf, engine: handlebars, preview: true }","meta":{"rootId":"gcw1196qp5yxj0r","id":"gcw1196qp5yxj0r"},"id":"eeful7mo5lrfw9i","previousOperationId":"qimu14w02g5eeuo"}
{"type":"log","timestamp":1674820651543,"level":"debug","message":"Inline data specified.","meta":{"rootId":"gcw1196qp5yxj0r","id":"gcw1196qp5yxj0r"},"id":"666b206dy6agm7p","previousOperationId":"qimu14w02g5eeuo"}
{"type":"log","timestamp":1674820651546,"level":"debug","message":"Base url not specified, skipping its injection.","meta":{"rootId":"gcw1196qp5yxj0r","id":"gcw1196qp5yxj0r"},"id":"s8nb82fi6cvqaz9","previousOperationId":"qimu14w02g5eeuo"}
{"type":"operationStart","subtype":"engine","name":"handlebars","timestamp":1674820651548,"id":"34uw6qd67d4ucbk","previousEventId":"0muh3kj6mgwllgy","operationId":"07fgs2rk6oardg5","previousOperationId":"qimu14w02g5eeuo"}
{"type":"log","timestamp":1674820651548,"level":"debug","message":"Rendering engine handlebars","meta":{"rootId":"gcw1196qp5yxj0r","id":"gcw1196qp5yxj0r"},"id":"63g23jwvv9hlkhq","previousOperationId":"07fgs2rk6oardg5"}
{"type":"operationEnd","operationId":"07fgs2rk6oardg5","timestamp":1674820652204,"id":"i6zxsjw2s5exl4l","previousEventId":"34uw6qd67d4ucbk","previousOperationId":"07fgs2rk6oardg5"}
{"type":"operationStart","subtype":"recipe","name":"chrome-pdf","timestamp":1674820652205,"id":"9ygm4lpd2jgv5sn","previousEventId":"i6zxsjw2s5exl4l","operationId":"5kengd564ieusmz","previousOperationId":"07fgs2rk6oardg5"}
{"type":"log","timestamp":1674820652205,"level":"debug","message":"Executing recipe chrome-pdf","meta":{"rootId":"gcw1196qp5yxj0r","id":"gcw1196qp5yxj0r"},"id":"p61smuodsgj908y","previousOperationId":"5kengd564ieusmz"}
{"type":"log","timestamp":1674820652865,"level":"debug","message":"Converting with chrome HeadlessChrome/105.0.5173.0 using chrome-pool strategy","meta":{"rootId":"gcw1196qp5yxj0r","id":"gcw1196qp5yxj0r"},"id":"56mwkm7mafp1qps","previousOperationId":"5kengd564ieusmz"}
{"type":"log","timestamp":1674820653479,"level":"debug","message":"Page request: GET (document) file:///C:/Users/Kris/AppData/Local/Temp/jsreport/autocleanup/9e3abb8a-a6f9-4416-a37d-46025b7e8622-chrome-pdf.html","meta":{"rootId":"gcw1196qp5yxj0r","id":"gcw1196qp5yxj0r"},"id":"sq1j2vfmt2l7mbr","previousOperationId":"5kengd564ieusmz"}
{"type":"log","timestamp":1674820653508,"level":"debug","message":"Page request: GET (stylesheet) https://cdnjs.cloudflare.com/ajax/libs/chartist/0.11.0/chartist.min.css","meta":{"rootId":"gcw1196qp5yxj0r","id":"gcw1196qp5yxj0r"},"id":"hmindh8b7fmf7s6","previousOperationId":"5kengd564ieusmz"}
{"type":"log","timestamp":1674820653509,"level":"debug","message":"Page request finished: GET (document) 200 file:///C:/Users/Kris/AppData/Local/Temp/jsreport/autocleanup/9e3abb8a-a6f9-4416-a37d-46025b7e8622-chrome-pdf.html","meta":{"rootId":"gcw1196qp5yxj0r","id":"gcw1196qp5yxj0r"},"id":"9d17z91mifhr1hk","previousOperationId":"5kengd564ieusmz"}
{"type":"log","timestamp":1674820653509,"level":"debug","message":"Page request: GET (script) https://cdnjs.cloudflare.com/ajax/libs/chartist/0.11.0/chartist.min.js","meta":{"rootId":"gcw1196qp5yxj0r","id":"gcw1196qp5yxj0r"},"id":"du99641i0dz7izb","previousOperationId":"5kengd564ieusmz"}
{"type":"log","timestamp":1674820653510,"level":"debug","message":"Page request: GET (script) https://unpkg.com/chartist-plugin-tooltips@0.0.17","meta":{"rootId":"gcw1196qp5yxj0r","id":"gcw1196qp5yxj0r"},"id":"ctlw87mw4iez9ih","previousOperationId":"5kengd564ieusmz"}
{"type":"log","timestamp":1674820653510,"level":"debug","message":"Page request: GET (script) https://unpkg.com/chartist-plugin-pointlabels@0.0.6","meta":{"rootId":"gcw1196qp5yxj0r","id":"gcw1196qp5yxj0r"},"id":"3w01po6piufh0lj","previousOperationId":"5kengd564ieusmz"}
{"type":"log","timestamp":1674820656386,"level":"warn","message":"Page request failed: GET (script) 302 https://unpkg.com/chartist-plugin-pointlabels@0.0.6 (redirect to: /chartist-plugin-pointlabels@0.0.6/dist/chartist-plugin-pointlabels.js)","meta":{"rootId":"gcw1196qp5yxj0r","id":"gcw1196qp5yxj0r"},"id":"g7c6wvthduex8u3","previousOperationId":"5kengd564ieusmz"}
{"type":"log","timestamp":1674820656386,"level":"debug","message":"Page request: GET (script) https://unpkg.com/chartist-plugin-pointlabels@0.0.6/dist/chartist-plugin-pointlabels.js (redirect from: https://unpkg.com/chartist-plugin-pointlabels@0.0.6)","meta":{"rootId":"gcw1196qp5yxj0r","id":"gcw1196qp5yxj0r"},"id":"hyhlbu7qsuugsmx","previousOperationId":"5kengd564ieusmz"}
{"type":"log","timestamp":1674820656387,"level":"debug","message":"Page request finished: GET (stylesheet) 200 https://cdnjs.cloudflare.com/ajax/libs/chartist/0.11.0/chartist.min.css","meta":{"rootId":"gcw1196qp5yxj0r","id":"gcw1196qp5yxj0r"},"id":"h4kzba9ga5y7xy3","previousOperationId":"5kengd564ieusmz"}
{"type":"log","timestamp":1674820656391,"level":"warn","message":"Page request failed: GET (script) 302 https://unpkg.com/chartist-plugin-tooltips@0.0.17 (redirect to: /chartist-plugin-tooltips@0.0.17/dist/chartist-plugin-tooltip.js)","meta":{"rootId":"gcw1196qp5yxj0r","id":"gcw1196qp5yxj0r"},"id":"a0gfvvp2fhfoh0v","previousOperationId":"5kengd564ieusmz"}
{"type":"log","timestamp":1674820656391,"level":"debug","message":"Page request finished: GET (script) 200 https://cdnjs.cloudflare.com/ajax/libs/chartist/0.11.0/chartist.min.js","meta":{"rootId":"gcw1196qp5yxj0r","id":"gcw1196qp5yxj0r"},"id":"70cdu1fpz7jez6r","previousOperationId":"5kengd564ieusmz"}
{"type":"log","timestamp":1674820656391,"level":"debug","message":"Page request: GET (script) https://unpkg.com/chartist-plugin-tooltips@0.0.17/dist/chartist-plugin-tooltip.js (redirect from: https://unpkg.com/chartist-plugin-tooltips@0.0.17)","meta":{"rootId":"gcw1196qp5yxj0r","id":"gcw1196qp5yxj0r"},"id":"l1mgwhj8pw8bqjl","previousOperationId":"5kengd564ieusmz"}
{"type":"log","timestamp":1674820656426,"level":"debug","message":"Page request finished: GET (script) 200 https://unpkg.com/chartist-plugin-pointlabels@0.0.6/dist/chartist-plugin-pointlabels.js","meta":{"rootId":"gcw1196qp5yxj0r","id":"gcw1196qp5yxj0r"},"id":"6dswe6h90kjy09q","previousOperationId":"5kengd564ieusmz"}
{"type":"log","timestamp":1674820656433,"level":"debug","message":"Page request finished: GET (script) 200 https://unpkg.com/chartist-plugin-tooltips@0.0.17/dist/chartist-plugin-tooltip.js","meta":{"rootId":"gcw1196qp5yxj0r","id":"gcw1196qp5yxj0r"},"id":"8oa3c240pblyk7r","previousOperationId":"5kengd564ieusmz"}
{"type":"log","timestamp":1674820656468,"level":"debug","message":"Running chrome with params {\"printBackground\":true,\"timeout\":59184,\"margin\":{}}","meta":{"rootId":"gcw1196qp5yxj0r","id":"gcw1196qp5yxj0r"},"id":"gjiihmuxvj02nbp","previousOperationId":"5kengd564ieusmz"}
{"type":"operationEnd","operationId":"5kengd564ieusmz","timestamp":1674820656541,"id":"5gogijrl9mnj8v9","previousEventId":"9ygm4lpd2jgv5sn","previousOperationId":"5kengd564ieusmz"}
{"type":"log","timestamp":1674820656541,"level":"debug","message":"Skipping storing report.","meta":{"rootId":"gcw1196qp5yxj0r","id":"gcw1196qp5yxj0r"},"id":"2otpz6cj23kchmb","previousOperationId":"5kengd564ieusmz"}
{"type":"log","timestamp":1674820656542,"level":"info","message":"Rendering request 1 finished in 5022 ms","meta":{"rootId":"gcw1196qp5yxj0r","id":"gcw1196qp5yxj0r"},"id":"37x0f6yoc0opxz1","previousOperationId":"5kengd564ieusmz"}
{"type":"operationEnd","subtype":"render","operationId":"qimu14w02g5eeuo","timestamp":1674820656542,"id":"e7ic35hgdp8o65h","previousEventId":"5gogijrl9mnj8v9","previousOperationId":"5kengd564ieusmz"}
{"type":"operationEnd","doDiffs":false,"previousEventId":"rmnwxrp4wmc8zzj","previousOperationId":"627ygpzm8h71ma8","operationId":"627ygpzm8h71ma8","timestamp":1674820656547,"id":"0kjdmkmnfj6da5l"}
