{"type":"operationStart","subtype":"profile","data":{"_id":"hwTQtNuh4Dgeva1y","timestamp":"2023-01-27T18:36:47.798Z","state":"queued","mode":"standard","creationDate":"2023-01-27T18:36:47.800Z","modificationDate":"2023-01-27T18:36:47.800Z","shortid":"hYBdpva","$entitySet":"profiles"},"doDiffs":false,"timestamp":1674844607799,"id":"fqmxbib8js2r9xp","previousOperationId":null,"operationId":"s21gmognqi4nrs2"}
{"type":"log","level":"info","message":"Render request 3 queued for execution and waiting for available worker","previousOperationId":"s21gmognqi4nrs2","timestamp":1674844607799,"id":"3cdypquy3aqvm62"}
{"type":"operationStart","subtype":"render","name":"SpaceInVRs-main","previousOperationId":"s21gmognqi4nrs2","timestamp":1674844607804,"id":"o2vj3r9t59dhqot","previousEventId":"fqmxbib8js2r9xp","operationId":"hiwgsetqwzzkg2z"}
{"type":"log","timestamp":1674844607805,"level":"info","message":"Starting rendering request 3","meta":{"rootId":"hv7mba5wornjv7s","id":"hv7mba5wornjv7s"},"id":"khpaykz431hqunf","previousOperationId":"hiwgsetqwzzkg2z"}
{"type":"log","timestamp":1674844607805,"level":"info","message":"Rendering template { name: SpaceInVRs-main, recipe: chrome-pdf, engine: handlebars, preview: false }","meta":{"rootId":"hv7mba5wornjv7s","id":"hv7mba5wornjv7s"},"id":"5btf4wl5oowq09k","previousOperationId":"hiwgsetqwzzkg2z"}
{"type":"log","timestamp":1674844607806,"level":"debug","message":"Adding sample data 44EIOSaAC","meta":{"rootId":"hv7mba5wornjv7s","id":"hv7mba5wornjv7s"},"id":"474uxdq8yqn6jbk","previousOperationId":"hiwgsetqwzzkg2z"}
{"type":"log","timestamp":1674844607810,"level":"debug","message":"Executing script SpaceInVRs-mainscript (beforeRender)","meta":{"rootId":"hv7mba5wornjv7s","id":"hv7mba5wornjv7s"},"id":"bhrbilta2z1f6u7","previousOperationId":"hiwgsetqwzzkg2z"}
{"type":"operationStart","subtype":"scriptsBeforeRender","name":"scripts beforeRender","timestamp":1674844607875,"id":"yz8o64yv20ykcbr","previousEventId":"o2vj3r9t59dhqot","operationId":"xyu42674etfdmgv","previousOperationId":"hiwgsetqwzzkg2z"}
{"type":"operationStart","subtype":"script","name":"scripts SpaceInVRs-mainscript","previousOperationId":"xyu42674etfdmgv","timestamp":1674844607875,"id":"pq2atsv8j638yh7","previousEventId":"yz8o64yv20ykcbr","operationId":"q975zea0in4zg0s"}
{"type":"log","timestamp":1674844607897,"level":"debug","message":"(console:log) 150","meta":{"userLevel":true,"rootId":"hv7mba5wornjv7s","id":"hv7mba5wornjv7s"},"id":"o1wwollz47trqpj","previousOperationId":"q975zea0in4zg0s"}
{"type":"log","timestamp":1674844607897,"level":"debug","message":"(console:log) Aquí el score: undefined","meta":{"userLevel":true,"rootId":"hv7mba5wornjv7s","id":"hv7mba5wornjv7s"},"id":"a8lra99ssz1w764","previousOperationId":"q975zea0in4zg0s"}
{"type":"log","timestamp":1674844607897,"level":"debug","message":"(console:log) Aquí las naves destruidas: undefined","meta":{"userLevel":true,"rootId":"hv7mba5wornjv7s","id":"hv7mba5wornjv7s"},"id":"608l5zpkhm7f873","previousOperationId":"q975zea0in4zg0s"}
{"type":"operationEnd","operationId":"q975zea0in4zg0s","timestamp":1674844607909,"id":"qck800g9wk5lph6","previousEventId":"o2vj3r9t59dhqot","previousOperationId":"hiwgsetqwzzkg2z"}
{"type":"operationEnd","operationId":"xyu42674etfdmgv","timestamp":1674844607909,"id":"gpvicuefhwnxxq9","previousEventId":"qck800g9wk5lph6","previousOperationId":"hiwgsetqwzzkg2z"}
{"type":"log","timestamp":1674844607909,"level":"debug","message":"Base url not specified, skipping its injection.","meta":{"rootId":"hv7mba5wornjv7s","id":"hv7mba5wornjv7s"},"id":"ucnvhncgyl6hyph","previousOperationId":"xyu42674etfdmgv"}
{"type":"operationStart","subtype":"engine","name":"handlebars","timestamp":1674844607909,"id":"qiil717r2qdpw3r","previousEventId":"gpvicuefhwnxxq9","operationId":"h718b4qxgc6a6l8","previousOperationId":"xyu42674etfdmgv"}
{"type":"log","timestamp":1674844607909,"level":"debug","message":"Rendering engine handlebars","meta":{"rootId":"hv7mba5wornjv7s","id":"hv7mba5wornjv7s"},"id":"k0jaa2117jnjms0","previousOperationId":"h718b4qxgc6a6l8"}
{"type":"operationEnd","operationId":"h718b4qxgc6a6l8","timestamp":1674844607921,"id":"hnihdx8r3dkb2f5","previousEventId":"qiil717r2qdpw3r","previousOperationId":"h718b4qxgc6a6l8"}
{"type":"operationStart","subtype":"recipe","name":"chrome-pdf","timestamp":1674844607921,"id":"2jlvoeamym0f8tn","previousEventId":"hnihdx8r3dkb2f5","operationId":"53xqqm2lysbtlc5","previousOperationId":"h718b4qxgc6a6l8"}
{"type":"log","timestamp":1674844607921,"level":"debug","message":"Executing recipe chrome-pdf","meta":{"rootId":"hv7mba5wornjv7s","id":"hv7mba5wornjv7s"},"id":"zlvv8b7q9b2j3di","previousOperationId":"53xqqm2lysbtlc5"}
{"type":"log","timestamp":1674844607925,"level":"debug","message":"Converting with chrome HeadlessChrome/105.0.5173.0 using chrome-pool strategy","meta":{"rootId":"hv7mba5wornjv7s","id":"hv7mba5wornjv7s"},"id":"ijwdy8bxibr1ug7","previousOperationId":"53xqqm2lysbtlc5"}
{"type":"log","timestamp":1674844608015,"level":"debug","message":"Page request: GET (document) file:///C:/Users/Kris/AppData/Local/Temp/jsreport/autocleanup/384bddc1-0fa4-43ed-9537-aff9e22cf426-chrome-pdf.html","meta":{"rootId":"hv7mba5wornjv7s","id":"hv7mba5wornjv7s"},"id":"z1b6st34zhcq01z","previousOperationId":"53xqqm2lysbtlc5"}
{"type":"log","timestamp":1674844608028,"level":"debug","message":"Page request: GET (stylesheet) https://cdnjs.cloudflare.com/ajax/libs/chartist/0.11.0/chartist.min.css","meta":{"rootId":"hv7mba5wornjv7s","id":"hv7mba5wornjv7s"},"id":"gdpbm0mawigb6oz","previousOperationId":"53xqqm2lysbtlc5"}
{"type":"log","timestamp":1674844608028,"level":"debug","message":"Page request: GET (script) https://cdnjs.cloudflare.com/ajax/libs/chartist/0.11.0/chartist.min.js","meta":{"rootId":"hv7mba5wornjv7s","id":"hv7mba5wornjv7s"},"id":"wdqyr84nb9tckgc","previousOperationId":"53xqqm2lysbtlc5"}
{"type":"log","timestamp":1674844608029,"level":"debug","message":"Page request finished: GET (document) 200 file:///C:/Users/Kris/AppData/Local/Temp/jsreport/autocleanup/384bddc1-0fa4-43ed-9537-aff9e22cf426-chrome-pdf.html","meta":{"rootId":"hv7mba5wornjv7s","id":"hv7mba5wornjv7s"},"id":"4ubbdvwz45c78ch","previousOperationId":"53xqqm2lysbtlc5"}
{"type":"log","timestamp":1674844608029,"level":"debug","message":"Page request: GET (script) https://unpkg.com/chartist-plugin-tooltips@0.0.17","meta":{"rootId":"hv7mba5wornjv7s","id":"hv7mba5wornjv7s"},"id":"wemeyzxblx69khf","previousOperationId":"53xqqm2lysbtlc5"}
{"type":"log","timestamp":1674844608029,"level":"debug","message":"Page request: GET (script) https://unpkg.com/chartist-plugin-pointlabels@0.0.6","meta":{"rootId":"hv7mba5wornjv7s","id":"hv7mba5wornjv7s"},"id":"n2h3cfvph5l7z4f","previousOperationId":"53xqqm2lysbtlc5"}
{"type":"log","timestamp":1674844608033,"level":"debug","message":"Page request finished: GET (stylesheet) 200 https://cdnjs.cloudflare.com/ajax/libs/chartist/0.11.0/chartist.min.css","meta":{"rootId":"hv7mba5wornjv7s","id":"hv7mba5wornjv7s"},"id":"x0kd9fk8dauqb1e","previousOperationId":"53xqqm2lysbtlc5"}
{"type":"log","timestamp":1674844608034,"level":"debug","message":"Page request finished: GET (script) 200 https://cdnjs.cloudflare.com/ajax/libs/chartist/0.11.0/chartist.min.js","meta":{"rootId":"hv7mba5wornjv7s","id":"hv7mba5wornjv7s"},"id":"nv66ytliqhsyg9o","previousOperationId":"53xqqm2lysbtlc5"}
{"type":"log","timestamp":1674844608034,"level":"warn","message":"Page request failed: GET (script) 302 https://unpkg.com/chartist-plugin-tooltips@0.0.17 (redirect to: /chartist-plugin-tooltips@0.0.17/dist/chartist-plugin-tooltip.js)","meta":{"rootId":"hv7mba5wornjv7s","id":"hv7mba5wornjv7s"},"id":"omv6ky2caiev2qx","previousOperationId":"53xqqm2lysbtlc5"}
{"type":"log","timestamp":1674844608035,"level":"warn","message":"Page request failed: GET (script) 302 https://unpkg.com/chartist-plugin-pointlabels@0.0.6 (redirect to: /chartist-plugin-pointlabels@0.0.6/dist/chartist-plugin-pointlabels.js)","meta":{"rootId":"hv7mba5wornjv7s","id":"hv7mba5wornjv7s"},"id":"059ffgamwusf3kj","previousOperationId":"53xqqm2lysbtlc5"}
{"type":"log","timestamp":1674844608035,"level":"debug","message":"Page request: GET (script) https://unpkg.com/chartist-plugin-tooltips@0.0.17/dist/chartist-plugin-tooltip.js (redirect from: https://unpkg.com/chartist-plugin-tooltips@0.0.17)","meta":{"rootId":"hv7mba5wornjv7s","id":"hv7mba5wornjv7s"},"id":"wvodavz4ewz9dvx","previousOperationId":"53xqqm2lysbtlc5"}
{"type":"log","timestamp":1674844608035,"level":"debug","message":"Page request: GET (script) https://unpkg.com/chartist-plugin-pointlabels@0.0.6/dist/chartist-plugin-pointlabels.js (redirect from: https://unpkg.com/chartist-plugin-pointlabels@0.0.6)","meta":{"rootId":"hv7mba5wornjv7s","id":"hv7mba5wornjv7s"},"id":"hlz95jcpnifjz2k","previousOperationId":"53xqqm2lysbtlc5"}
{"type":"log","timestamp":1674844608038,"level":"debug","message":"Page request finished: GET (script) 200 https://unpkg.com/chartist-plugin-tooltips@0.0.17/dist/chartist-plugin-tooltip.js","meta":{"rootId":"hv7mba5wornjv7s","id":"hv7mba5wornjv7s"},"id":"gxw8lrye7sxllfd","previousOperationId":"53xqqm2lysbtlc5"}
{"type":"log","timestamp":1674844608038,"level":"debug","message":"Page request finished: GET (script) 200 https://unpkg.com/chartist-plugin-pointlabels@0.0.6/dist/chartist-plugin-pointlabels.js","meta":{"rootId":"hv7mba5wornjv7s","id":"hv7mba5wornjv7s"},"id":"pn5jjur3fsff4tw","previousOperationId":"53xqqm2lysbtlc5"}
{"type":"log","timestamp":1674844608099,"level":"debug","message":"Running chrome with params {\"printBackground\":true,\"timeout\":59874,\"margin\":{}}","meta":{"rootId":"hv7mba5wornjv7s","id":"hv7mba5wornjv7s"},"id":"aikr12svawvp3b7","previousOperationId":"53xqqm2lysbtlc5"}
{"type":"operationEnd","operationId":"53xqqm2lysbtlc5","timestamp":1674844608196,"id":"iht61jwmfm0ip4u","previousEventId":"2jlvoeamym0f8tn","previousOperationId":"53xqqm2lysbtlc5"}
{"type":"log","timestamp":1674844608196,"level":"debug","message":"Skipping storing report.","meta":{"rootId":"hv7mba5wornjv7s","id":"hv7mba5wornjv7s"},"id":"d9jgt3ark29zq29","previousOperationId":"53xqqm2lysbtlc5"}
{"type":"log","timestamp":1674844608196,"level":"info","message":"Rendering request 3 finished in 398 ms","meta":{"rootId":"hv7mba5wornjv7s","id":"hv7mba5wornjv7s"},"id":"dtvr1ks286jgamg","previousOperationId":"53xqqm2lysbtlc5"}
{"type":"operationEnd","subtype":"render","operationId":"hiwgsetqwzzkg2z","timestamp":1674844608197,"id":"ele8l46j059g7pn","previousEventId":"iht61jwmfm0ip4u","previousOperationId":"53xqqm2lysbtlc5"}
{"type":"operationEnd","doDiffs":false,"previousEventId":"fqmxbib8js2r9xp","previousOperationId":"s21gmognqi4nrs2","operationId":"s21gmognqi4nrs2","timestamp":1674844608199,"id":"oje6ra9wg97lmsu"}
