{"type":"operationStart","subtype":"profile","data":{"_id":"J3WybLaf9oeoA1N3","timestamp":"2023-01-27T17:40:13.442Z","state":"queued","mode":"standard","creationDate":"2023-01-27T17:40:13.443Z","modificationDate":"2023-01-27T17:40:13.443Z","shortid":"kkObefC","$entitySet":"profiles"},"doDiffs":false,"timestamp":1674841213443,"id":"nyklxyjj9g5gfbf","previousOperationId":null,"operationId":"k85dl7jsvopcbs5"}
{"type":"log","level":"info","message":"Render request 116 queued for execution and waiting for available worker","previousOperationId":"k85dl7jsvopcbs5","timestamp":1674841213443,"id":"dzaaupntj7rb8fx"}
{"type":"operationStart","subtype":"render","name":"SpaceInVRs-main","previousOperationId":"k85dl7jsvopcbs5","timestamp":1674841213452,"id":"lra9eftlcl7cqlo","previousEventId":"nyklxyjj9g5gfbf","operationId":"ts8qcfou9kfm018"}
{"type":"log","timestamp":1674841213452,"level":"info","message":"Starting rendering request 116","meta":{"rootId":"j0qrugcfos80a15","id":"j0qrugcfos80a15"},"id":"wqrw1b28un7neey","previousOperationId":"ts8qcfou9kfm018"}
{"type":"log","timestamp":1674841213452,"level":"info","message":"Rendering template { name: SpaceInVRs-main, recipe: chrome-pdf, engine: handlebars, preview: true }","meta":{"rootId":"j0qrugcfos80a15","id":"j0qrugcfos80a15"},"id":"07gjeqmcz9407yo","previousOperationId":"ts8qcfou9kfm018"}
{"type":"log","timestamp":1674841213453,"level":"debug","message":"Inline data specified.","meta":{"rootId":"j0qrugcfos80a15","id":"j0qrugcfos80a15"},"id":"r4fc0mvcf35yjyu","previousOperationId":"ts8qcfou9kfm018"}
{"type":"log","timestamp":1674841213456,"level":"debug","message":"Executing script SpaceInVRs-mainscript (beforeRender)","meta":{"rootId":"j0qrugcfos80a15","id":"j0qrugcfos80a15"},"id":"qit51nvluep6vjp","previousOperationId":"ts8qcfou9kfm018"}
{"type":"operationStart","subtype":"scriptsBeforeRender","name":"scripts beforeRender","timestamp":1674841213547,"id":"c8vfqe3ppj7f10j","previousEventId":"lra9eftlcl7cqlo","operationId":"o2o46xi98iioybu","previousOperationId":"ts8qcfou9kfm018"}
{"type":"operationStart","subtype":"script","name":"scripts SpaceInVRs-mainscript","previousOperationId":"o2o46xi98iioybu","timestamp":1674841213547,"id":"t7gcxxlpp4vmq96","previousEventId":"c8vfqe3ppj7f10j","operationId":"0wec30fcqmp5xuq"}
{"type":"log","timestamp":1674841213567,"level":"debug","message":"(console:log) Aquí el score: undefined","meta":{"userLevel":true,"rootId":"j0qrugcfos80a15","id":"j0qrugcfos80a15"},"id":"sy6sk84dqwbo77j","previousOperationId":"0wec30fcqmp5xuq"}
{"type":"log","timestamp":1674841213567,"level":"debug","message":"(console:log) Aquí las naves destruidas: undefined","meta":{"userLevel":true,"rootId":"j0qrugcfos80a15","id":"j0qrugcfos80a15"},"id":"ko7nw11t3j2nwc4","previousOperationId":"0wec30fcqmp5xuq"}
{"type":"operationEnd","operationId":"0wec30fcqmp5xuq","timestamp":1674841213579,"id":"jvjd643svqbf0bi","previousEventId":"lra9eftlcl7cqlo","previousOperationId":"ts8qcfou9kfm018"}
{"type":"operationEnd","operationId":"o2o46xi98iioybu","timestamp":1674841213579,"id":"2fxf586m57ue2dp","previousEventId":"jvjd643svqbf0bi","previousOperationId":"ts8qcfou9kfm018"}
{"type":"log","timestamp":1674841213579,"level":"debug","message":"Base url not specified, skipping its injection.","meta":{"rootId":"j0qrugcfos80a15","id":"j0qrugcfos80a15"},"id":"hkly2cnnnf96x6o","previousOperationId":"o2o46xi98iioybu"}
{"type":"operationStart","subtype":"engine","name":"handlebars","timestamp":1674841213579,"id":"90jrruxjff36ag2","previousEventId":"2fxf586m57ue2dp","operationId":"apfb9zxep0ar9kf","previousOperationId":"o2o46xi98iioybu"}
{"type":"log","timestamp":1674841213579,"level":"debug","message":"Rendering engine handlebars","meta":{"rootId":"j0qrugcfos80a15","id":"j0qrugcfos80a15"},"id":"1jthjvoidjpfgfj","previousOperationId":"apfb9zxep0ar9kf"}
{"type":"operationEnd","operationId":"apfb9zxep0ar9kf","timestamp":1674841213600,"id":"y2j38r60mnzjn5m","previousEventId":"90jrruxjff36ag2","previousOperationId":"apfb9zxep0ar9kf"}
{"type":"operationStart","subtype":"recipe","name":"chrome-pdf","timestamp":1674841213600,"id":"fqaxb3c44dx9o1f","previousEventId":"y2j38r60mnzjn5m","operationId":"2wdly68ttp18rr0","previousOperationId":"apfb9zxep0ar9kf"}
{"type":"log","timestamp":1674841213600,"level":"debug","message":"Executing recipe chrome-pdf","meta":{"rootId":"j0qrugcfos80a15","id":"j0qrugcfos80a15"},"id":"1wdfabnbn6817qr","previousOperationId":"2wdly68ttp18rr0"}
{"type":"log","timestamp":1674841213609,"level":"debug","message":"Converting with chrome HeadlessChrome/105.0.5173.0 using chrome-pool strategy","meta":{"rootId":"j0qrugcfos80a15","id":"j0qrugcfos80a15"},"id":"42hr7xqaj2bsx99","previousOperationId":"2wdly68ttp18rr0"}
{"type":"log","timestamp":1674841213718,"level":"debug","message":"Page request: GET (document) file:///C:/Users/Kris/AppData/Local/Temp/jsreport/autocleanup/f1426533-b199-4388-afb7-8b555998dab4-chrome-pdf.html","meta":{"rootId":"j0qrugcfos80a15","id":"j0qrugcfos80a15"},"id":"6a80r8xy26qad7n","previousOperationId":"2wdly68ttp18rr0"}
{"type":"log","timestamp":1674841213730,"level":"debug","message":"Page request finished: GET (document) 200 file:///C:/Users/Kris/AppData/Local/Temp/jsreport/autocleanup/f1426533-b199-4388-afb7-8b555998dab4-chrome-pdf.html","meta":{"rootId":"j0qrugcfos80a15","id":"j0qrugcfos80a15"},"id":"orsp6mhxmr33vxt","previousOperationId":"2wdly68ttp18rr0"}
{"type":"log","timestamp":1674841213730,"level":"debug","message":"Page request: GET (stylesheet) https://cdnjs.cloudflare.com/ajax/libs/chartist/0.11.0/chartist.min.css","meta":{"rootId":"j0qrugcfos80a15","id":"j0qrugcfos80a15"},"id":"84g86785o1tisx6","previousOperationId":"2wdly68ttp18rr0"}
{"type":"log","timestamp":1674841213730,"level":"debug","message":"Page request: GET (script) https://cdnjs.cloudflare.com/ajax/libs/chartist/0.11.0/chartist.min.js","meta":{"rootId":"j0qrugcfos80a15","id":"j0qrugcfos80a15"},"id":"cjk7qc3cl4rd3uy","previousOperationId":"2wdly68ttp18rr0"}
{"type":"log","timestamp":1674841213731,"level":"debug","message":"Page request: GET (script) https://unpkg.com/chartist-plugin-tooltips@0.0.17","meta":{"rootId":"j0qrugcfos80a15","id":"j0qrugcfos80a15"},"id":"ui5dr21yfd092v1","previousOperationId":"2wdly68ttp18rr0"}
{"type":"log","timestamp":1674841213731,"level":"debug","message":"Page request: GET (script) https://unpkg.com/chartist-plugin-pointlabels@0.0.6","meta":{"rootId":"j0qrugcfos80a15","id":"j0qrugcfos80a15"},"id":"29mps578jduoedz","previousOperationId":"2wdly68ttp18rr0"}
{"type":"log","timestamp":1674841213734,"level":"warn","message":"Page request failed: GET (script) 302 https://unpkg.com/chartist-plugin-tooltips@0.0.17 (redirect to: /chartist-plugin-tooltips@0.0.17/dist/chartist-plugin-tooltip.js)","meta":{"rootId":"j0qrugcfos80a15","id":"j0qrugcfos80a15"},"id":"fkavzzpnkltoj54","previousOperationId":"2wdly68ttp18rr0"}
{"type":"log","timestamp":1674841213734,"level":"debug","message":"Page request: GET (script) https://unpkg.com/chartist-plugin-tooltips@0.0.17/dist/chartist-plugin-tooltip.js (redirect from: https://unpkg.com/chartist-plugin-tooltips@0.0.17)","meta":{"rootId":"j0qrugcfos80a15","id":"j0qrugcfos80a15"},"id":"w90pg4gdszw9ir8","previousOperationId":"2wdly68ttp18rr0"}
{"type":"log","timestamp":1674841213735,"level":"debug","message":"Page request finished: GET (stylesheet) 200 https://cdnjs.cloudflare.com/ajax/libs/chartist/0.11.0/chartist.min.css","meta":{"rootId":"j0qrugcfos80a15","id":"j0qrugcfos80a15"},"id":"2a1bxynlfhb13i6","previousOperationId":"2wdly68ttp18rr0"}
{"type":"log","timestamp":1674841213736,"level":"warn","message":"Page request failed: GET (script) 302 https://unpkg.com/chartist-plugin-pointlabels@0.0.6 (redirect to: /chartist-plugin-pointlabels@0.0.6/dist/chartist-plugin-pointlabels.js)","meta":{"rootId":"j0qrugcfos80a15","id":"j0qrugcfos80a15"},"id":"ny2qds0gng2118l","previousOperationId":"2wdly68ttp18rr0"}
{"type":"log","timestamp":1674841213736,"level":"debug","message":"Page request finished: GET (script) 200 https://cdnjs.cloudflare.com/ajax/libs/chartist/0.11.0/chartist.min.js","meta":{"rootId":"j0qrugcfos80a15","id":"j0qrugcfos80a15"},"id":"wvm7ht6m09ow6br","previousOperationId":"2wdly68ttp18rr0"}
{"type":"log","timestamp":1674841213736,"level":"debug","message":"Page request: GET (script) https://unpkg.com/chartist-plugin-pointlabels@0.0.6/dist/chartist-plugin-pointlabels.js (redirect from: https://unpkg.com/chartist-plugin-pointlabels@0.0.6)","meta":{"rootId":"j0qrugcfos80a15","id":"j0qrugcfos80a15"},"id":"zgamtren6c96s82","previousOperationId":"2wdly68ttp18rr0"}
{"type":"log","timestamp":1674841213738,"level":"debug","message":"Page request finished: GET (script) 200 https://unpkg.com/chartist-plugin-tooltips@0.0.17/dist/chartist-plugin-tooltip.js","meta":{"rootId":"j0qrugcfos80a15","id":"j0qrugcfos80a15"},"id":"7yhodh45x4fi77g","previousOperationId":"2wdly68ttp18rr0"}
{"type":"log","timestamp":1674841213739,"level":"debug","message":"Page request finished: GET (script) 200 https://unpkg.com/chartist-plugin-pointlabels@0.0.6/dist/chartist-plugin-pointlabels.js","meta":{"rootId":"j0qrugcfos80a15","id":"j0qrugcfos80a15"},"id":"fki40s9rgg56r5i","previousOperationId":"2wdly68ttp18rr0"}
{"type":"log","timestamp":1674841213787,"level":"debug","message":"Running chrome with params {\"printBackground\":true,\"timeout\":59840,\"margin\":{}}","meta":{"rootId":"j0qrugcfos80a15","id":"j0qrugcfos80a15"},"id":"joooaqchg7czfde","previousOperationId":"2wdly68ttp18rr0"}
{"type":"operationEnd","operationId":"2wdly68ttp18rr0","timestamp":1674841213900,"id":"uyqhs34obk3nulk","previousEventId":"fqaxb3c44dx9o1f","previousOperationId":"2wdly68ttp18rr0"}
{"type":"log","timestamp":1674841213900,"level":"debug","message":"Skipping storing report.","meta":{"rootId":"j0qrugcfos80a15","id":"j0qrugcfos80a15"},"id":"a9l76iberox34e9","previousOperationId":"2wdly68ttp18rr0"}
{"type":"log","timestamp":1674841213900,"level":"info","message":"Rendering request 116 finished in 458 ms","meta":{"rootId":"j0qrugcfos80a15","id":"j0qrugcfos80a15"},"id":"jqu8v8tbocw9qjb","previousOperationId":"2wdly68ttp18rr0"}
{"type":"operationEnd","subtype":"render","operationId":"ts8qcfou9kfm018","timestamp":1674841213900,"id":"0t8hjq36n0m7p0p","previousEventId":"uyqhs34obk3nulk","previousOperationId":"2wdly68ttp18rr0"}
{"type":"operationEnd","doDiffs":false,"previousEventId":"nyklxyjj9g5gfbf","previousOperationId":"k85dl7jsvopcbs5","operationId":"k85dl7jsvopcbs5","timestamp":1674841213903,"id":"6a17tcha75sg4li"}
