{"type":"operationStart","subtype":"profile","data":{"_id":"Ajq07SRjHAM0KfK3","timestamp":"2023-01-27T17:45:36.317Z","state":"queued","mode":"standard","creationDate":"2023-01-27T17:45:36.319Z","modificationDate":"2023-01-27T17:45:36.319Z","shortid":"05Hh6I7","$entitySet":"profiles"},"doDiffs":false,"timestamp":1674841536318,"id":"diyk7xrcikca66c","previousOperationId":null,"operationId":"w06dpcjrwlrkktn"}
{"type":"log","level":"info","message":"Render request 6 queued for execution and waiting for available worker","previousOperationId":"w06dpcjrwlrkktn","timestamp":1674841536318,"id":"w93rgam7tqwfsx4"}
{"type":"operationStart","subtype":"render","name":"SpaceInVRs-main","previousOperationId":"w06dpcjrwlrkktn","timestamp":1674841536327,"id":"3yy0gqtodpftthl","previousEventId":"diyk7xrcikca66c","operationId":"ftj0ykfesbbtaz3"}
{"type":"log","timestamp":1674841536327,"level":"info","message":"Starting rendering request 6","meta":{"rootId":"mdhmj0t1zp46zby","id":"mdhmj0t1zp46zby"},"id":"uku7o4smk5wt21v","previousOperationId":"ftj0ykfesbbtaz3"}
{"type":"log","timestamp":1674841536327,"level":"info","message":"Rendering template { name: SpaceInVRs-main, recipe: chrome-pdf, engine: handlebars, preview: true }","meta":{"rootId":"mdhmj0t1zp46zby","id":"mdhmj0t1zp46zby"},"id":"uffhlji7zeyoe18","previousOperationId":"ftj0ykfesbbtaz3"}
{"type":"log","timestamp":1674841536329,"level":"debug","message":"Adding sample data 44EIOSaAC","meta":{"rootId":"mdhmj0t1zp46zby","id":"mdhmj0t1zp46zby"},"id":"rvjyg75h5pdcq4a","previousOperationId":"ftj0ykfesbbtaz3"}
{"type":"log","timestamp":1674841536331,"level":"debug","message":"Executing script SpaceInVRs-mainscript (beforeRender)","meta":{"rootId":"mdhmj0t1zp46zby","id":"mdhmj0t1zp46zby"},"id":"34yi140heq1cuhf","previousOperationId":"ftj0ykfesbbtaz3"}
{"type":"operationStart","subtype":"scriptsBeforeRender","name":"scripts beforeRender","timestamp":1674841536399,"id":"5y26ruglfw8fdef","previousEventId":"3yy0gqtodpftthl","operationId":"4c65wotlno9uteq","previousOperationId":"ftj0ykfesbbtaz3"}
{"type":"operationStart","subtype":"script","name":"scripts SpaceInVRs-mainscript","previousOperationId":"4c65wotlno9uteq","timestamp":1674841536399,"id":"ulfc373o2mbx2lb","previousEventId":"5y26ruglfw8fdef","operationId":"xa0m1ntmwghxe1d"}
{"type":"log","timestamp":1674841536421,"level":"debug","message":"(console:log) 150","meta":{"userLevel":true,"rootId":"mdhmj0t1zp46zby","id":"mdhmj0t1zp46zby"},"id":"m3gknbethfavcbt","previousOperationId":"xa0m1ntmwghxe1d"}
{"type":"log","timestamp":1674841536421,"level":"debug","message":"(console:log) Aquí el score: undefined","meta":{"userLevel":true,"rootId":"mdhmj0t1zp46zby","id":"mdhmj0t1zp46zby"},"id":"r3vjdeqxe6rrxe4","previousOperationId":"xa0m1ntmwghxe1d"}
{"type":"log","timestamp":1674841536421,"level":"debug","message":"(console:log) Aquí las naves destruidas: undefined","meta":{"userLevel":true,"rootId":"mdhmj0t1zp46zby","id":"mdhmj0t1zp46zby"},"id":"0gcl547nunuyfo2","previousOperationId":"xa0m1ntmwghxe1d"}
{"type":"operationEnd","operationId":"xa0m1ntmwghxe1d","timestamp":1674841536435,"id":"4twa5e4z63whkhu","previousEventId":"3yy0gqtodpftthl","previousOperationId":"ftj0ykfesbbtaz3"}
{"type":"operationEnd","operationId":"4c65wotlno9uteq","timestamp":1674841536435,"id":"vrvbcvlyqmzp87t","previousEventId":"4twa5e4z63whkhu","previousOperationId":"ftj0ykfesbbtaz3"}
{"type":"log","timestamp":1674841536435,"level":"debug","message":"Base url not specified, skipping its injection.","meta":{"rootId":"mdhmj0t1zp46zby","id":"mdhmj0t1zp46zby"},"id":"b8bs3kd5iatka8u","previousOperationId":"4c65wotlno9uteq"}
{"type":"operationStart","subtype":"engine","name":"handlebars","timestamp":1674841536436,"id":"3y2953isiynpnzc","previousEventId":"vrvbcvlyqmzp87t","operationId":"teq39xcjmbl1n12","previousOperationId":"4c65wotlno9uteq"}
{"type":"log","timestamp":1674841536436,"level":"debug","message":"Rendering engine handlebars","meta":{"rootId":"mdhmj0t1zp46zby","id":"mdhmj0t1zp46zby"},"id":"0fx2cv8p9s3rbo7","previousOperationId":"teq39xcjmbl1n12"}
{"type":"operationEnd","operationId":"teq39xcjmbl1n12","timestamp":1674841536450,"id":"vxj6oy1zpwd3s4d","previousEventId":"3y2953isiynpnzc","previousOperationId":"teq39xcjmbl1n12"}
{"type":"operationStart","subtype":"recipe","name":"chrome-pdf","timestamp":1674841536451,"id":"5uv9nvqm1d4qoyv","previousEventId":"vxj6oy1zpwd3s4d","operationId":"2erxihzmxbop7ea","previousOperationId":"teq39xcjmbl1n12"}
{"type":"log","timestamp":1674841536451,"level":"debug","message":"Executing recipe chrome-pdf","meta":{"rootId":"mdhmj0t1zp46zby","id":"mdhmj0t1zp46zby"},"id":"mh34hs45rs1hvb9","previousOperationId":"2erxihzmxbop7ea"}
{"type":"log","timestamp":1674841536454,"level":"debug","message":"Converting with chrome HeadlessChrome/105.0.5173.0 using chrome-pool strategy","meta":{"rootId":"mdhmj0t1zp46zby","id":"mdhmj0t1zp46zby"},"id":"q1zmgi3o5xr2y9f","previousOperationId":"2erxihzmxbop7ea"}
{"type":"log","timestamp":1674841536542,"level":"debug","message":"Page request: GET (document) file:///C:/Users/Kris/AppData/Local/Temp/jsreport/autocleanup/c2a42767-dd46-4369-a1b8-200f85265c0c-chrome-pdf.html","meta":{"rootId":"mdhmj0t1zp46zby","id":"mdhmj0t1zp46zby"},"id":"d3dyvmj8x8da3ac","previousOperationId":"2erxihzmxbop7ea"}
{"type":"log","timestamp":1674841536552,"level":"debug","message":"Page request: GET (stylesheet) https://cdnjs.cloudflare.com/ajax/libs/chartist/0.11.0/chartist.min.css","meta":{"rootId":"mdhmj0t1zp46zby","id":"mdhmj0t1zp46zby"},"id":"2xjn8ksuvvjj5tp","previousOperationId":"2erxihzmxbop7ea"}
{"type":"log","timestamp":1674841536553,"level":"debug","message":"Page request finished: GET (document) 200 file:///C:/Users/Kris/AppData/Local/Temp/jsreport/autocleanup/c2a42767-dd46-4369-a1b8-200f85265c0c-chrome-pdf.html","meta":{"rootId":"mdhmj0t1zp46zby","id":"mdhmj0t1zp46zby"},"id":"dr5j9w0a4wb40fw","previousOperationId":"2erxihzmxbop7ea"}
{"type":"log","timestamp":1674841536553,"level":"debug","message":"Page request: GET (script) https://cdnjs.cloudflare.com/ajax/libs/chartist/0.11.0/chartist.min.js","meta":{"rootId":"mdhmj0t1zp46zby","id":"mdhmj0t1zp46zby"},"id":"6k3562qbo8bbkqh","previousOperationId":"2erxihzmxbop7ea"}
{"type":"log","timestamp":1674841536554,"level":"debug","message":"Page request: GET (script) https://unpkg.com/chartist-plugin-tooltips@0.0.17","meta":{"rootId":"mdhmj0t1zp46zby","id":"mdhmj0t1zp46zby"},"id":"d41ia8dcow3tsz7","previousOperationId":"2erxihzmxbop7ea"}
{"type":"log","timestamp":1674841536554,"level":"debug","message":"Page request: GET (script) https://unpkg.com/chartist-plugin-pointlabels@0.0.6","meta":{"rootId":"mdhmj0t1zp46zby","id":"mdhmj0t1zp46zby"},"id":"yowqi6khpqskpfj","previousOperationId":"2erxihzmxbop7ea"}
{"type":"log","timestamp":1674841536557,"level":"debug","message":"Page request finished: GET (stylesheet) 200 https://cdnjs.cloudflare.com/ajax/libs/chartist/0.11.0/chartist.min.css","meta":{"rootId":"mdhmj0t1zp46zby","id":"mdhmj0t1zp46zby"},"id":"nmdqi9br57gpp00","previousOperationId":"2erxihzmxbop7ea"}
{"type":"log","timestamp":1674841536557,"level":"warn","message":"Page request failed: GET (script) 302 https://unpkg.com/chartist-plugin-tooltips@0.0.17 (redirect to: /chartist-plugin-tooltips@0.0.17/dist/chartist-plugin-tooltip.js)","meta":{"rootId":"mdhmj0t1zp46zby","id":"mdhmj0t1zp46zby"},"id":"dbrw1e957ra2ekn","previousOperationId":"2erxihzmxbop7ea"}
{"type":"log","timestamp":1674841536557,"level":"debug","message":"Page request: GET (script) https://unpkg.com/chartist-plugin-tooltips@0.0.17/dist/chartist-plugin-tooltip.js (redirect from: https://unpkg.com/chartist-plugin-tooltips@0.0.17)","meta":{"rootId":"mdhmj0t1zp46zby","id":"mdhmj0t1zp46zby"},"id":"4yja4evujh5q73n","previousOperationId":"2erxihzmxbop7ea"}
{"type":"log","timestamp":1674841536558,"level":"warn","message":"Page request failed: GET (script) 302 https://unpkg.com/chartist-plugin-pointlabels@0.0.6 (redirect to: /chartist-plugin-pointlabels@0.0.6/dist/chartist-plugin-pointlabels.js)","meta":{"rootId":"mdhmj0t1zp46zby","id":"mdhmj0t1zp46zby"},"id":"j62o8edqhrc5xhh","previousOperationId":"2erxihzmxbop7ea"}
{"type":"log","timestamp":1674841536558,"level":"debug","message":"Page request finished: GET (script) 200 https://cdnjs.cloudflare.com/ajax/libs/chartist/0.11.0/chartist.min.js","meta":{"rootId":"mdhmj0t1zp46zby","id":"mdhmj0t1zp46zby"},"id":"odjw2hllqsz2svy","previousOperationId":"2erxihzmxbop7ea"}
{"type":"log","timestamp":1674841536558,"level":"debug","message":"Page request: GET (script) https://unpkg.com/chartist-plugin-pointlabels@0.0.6/dist/chartist-plugin-pointlabels.js (redirect from: https://unpkg.com/chartist-plugin-pointlabels@0.0.6)","meta":{"rootId":"mdhmj0t1zp46zby","id":"mdhmj0t1zp46zby"},"id":"rpz4bm455tarz0i","previousOperationId":"2erxihzmxbop7ea"}
{"type":"log","timestamp":1674841536560,"level":"debug","message":"Page request finished: GET (script) 200 https://unpkg.com/chartist-plugin-tooltips@0.0.17/dist/chartist-plugin-tooltip.js","meta":{"rootId":"mdhmj0t1zp46zby","id":"mdhmj0t1zp46zby"},"id":"hnhjxsxyuhda0kv","previousOperationId":"2erxihzmxbop7ea"}
{"type":"log","timestamp":1674841536561,"level":"debug","message":"Page request finished: GET (script) 200 https://unpkg.com/chartist-plugin-pointlabels@0.0.6/dist/chartist-plugin-pointlabels.js","meta":{"rootId":"mdhmj0t1zp46zby","id":"mdhmj0t1zp46zby"},"id":"scsj9y9xbr8chj1","previousOperationId":"2erxihzmxbop7ea"}
{"type":"log","timestamp":1674841536612,"level":"debug","message":"Running chrome with params {\"printBackground\":true,\"timeout\":59864,\"margin\":{}}","meta":{"rootId":"mdhmj0t1zp46zby","id":"mdhmj0t1zp46zby"},"id":"5qpd2yezwg1iqkb","previousOperationId":"2erxihzmxbop7ea"}
{"type":"operationEnd","operationId":"2erxihzmxbop7ea","timestamp":1674841536706,"id":"xkr12vd9f5lvgud","previousEventId":"5uv9nvqm1d4qoyv","previousOperationId":"2erxihzmxbop7ea"}
{"type":"log","timestamp":1674841536707,"level":"debug","message":"Skipping storing report.","meta":{"rootId":"mdhmj0t1zp46zby","id":"mdhmj0t1zp46zby"},"id":"bgtml5fs6bxuqeq","previousOperationId":"2erxihzmxbop7ea"}
{"type":"log","timestamp":1674841536707,"level":"info","message":"Rendering request 6 finished in 390 ms","meta":{"rootId":"mdhmj0t1zp46zby","id":"mdhmj0t1zp46zby"},"id":"2wgcckf4tl061vb","previousOperationId":"2erxihzmxbop7ea"}
{"type":"operationEnd","subtype":"render","operationId":"ftj0ykfesbbtaz3","timestamp":1674841536707,"id":"1sodv75g5grm1e6","previousEventId":"xkr12vd9f5lvgud","previousOperationId":"2erxihzmxbop7ea"}
{"type":"operationEnd","doDiffs":false,"previousEventId":"diyk7xrcikca66c","previousOperationId":"w06dpcjrwlrkktn","operationId":"w06dpcjrwlrkktn","timestamp":1674841536710,"id":"1yfxtgfwvxy8ezi"}
