{"type":"operationStart","subtype":"profile","data":{"_id":"PVjpDIYiwR5oPW51","timestamp":"2023-01-27T18:11:04.935Z","state":"queued","mode":"standard","creationDate":"2023-01-27T18:11:04.937Z","modificationDate":"2023-01-27T18:11:04.937Z","shortid":"tWQZykg","$entitySet":"profiles"},"doDiffs":false,"timestamp":1674843064936,"id":"ah81ra78k8hydlc","previousOperationId":null,"operationId":"c3qoj13t79dxjpg"}
{"type":"log","level":"info","message":"Render request 22 queued for execution and waiting for available worker","previousOperationId":"c3qoj13t79dxjpg","timestamp":1674843064936,"id":"hni714zzkcp2s8v"}
{"type":"operationStart","subtype":"render","name":"SpaceInVRs-main","previousOperationId":"c3qoj13t79dxjpg","timestamp":1674843064946,"id":"g0upqcfyglsm6qx","previousEventId":"ah81ra78k8hydlc","operationId":"euxi2h0weminjth"}
{"type":"log","timestamp":1674843064946,"level":"info","message":"Starting rendering request 22","meta":{"rootId":"ooykx52ya653z22","id":"ooykx52ya653z22"},"id":"wi91btzbtwazb9f","previousOperationId":"euxi2h0weminjth"}
{"type":"log","timestamp":1674843064946,"level":"info","message":"Rendering template { name: SpaceInVRs-main, recipe: chrome-pdf, engine: handlebars, preview: true }","meta":{"rootId":"ooykx52ya653z22","id":"ooykx52ya653z22"},"id":"7y4n6z39nl7gjyd","previousOperationId":"euxi2h0weminjth"}
{"type":"log","timestamp":1674843064947,"level":"debug","message":"Adding sample data 44EIOSaAC","meta":{"rootId":"ooykx52ya653z22","id":"ooykx52ya653z22"},"id":"bl83p67744m4t7s","previousOperationId":"euxi2h0weminjth"}
{"type":"log","timestamp":1674843064949,"level":"debug","message":"Executing script SpaceInVRs-mainscript (beforeRender)","meta":{"rootId":"ooykx52ya653z22","id":"ooykx52ya653z22"},"id":"9seeon83tebb1n6","previousOperationId":"euxi2h0weminjth"}
{"type":"operationStart","subtype":"scriptsBeforeRender","name":"scripts beforeRender","timestamp":1674843065009,"id":"fzydgebur317f5f","previousEventId":"g0upqcfyglsm6qx","operationId":"g42frvgv6yrne6k","previousOperationId":"euxi2h0weminjth"}
{"type":"operationStart","subtype":"script","name":"scripts SpaceInVRs-mainscript","previousOperationId":"g42frvgv6yrne6k","timestamp":1674843065009,"id":"5vxvc441mw156g5","previousEventId":"fzydgebur317f5f","operationId":"8qnibs6e6c97h6w"}
{"type":"log","timestamp":1674843065028,"level":"debug","message":"(console:log) 150","meta":{"userLevel":true,"rootId":"ooykx52ya653z22","id":"ooykx52ya653z22"},"id":"iu9p925o5w7dv2x","previousOperationId":"8qnibs6e6c97h6w"}
{"type":"log","timestamp":1674843065028,"level":"debug","message":"(console:log) Aquí el score: undefined","meta":{"userLevel":true,"rootId":"ooykx52ya653z22","id":"ooykx52ya653z22"},"id":"f2p907v4wmp8fa5","previousOperationId":"8qnibs6e6c97h6w"}
{"type":"log","timestamp":1674843065028,"level":"debug","message":"(console:log) Aquí las naves destruidas: undefined","meta":{"userLevel":true,"rootId":"ooykx52ya653z22","id":"ooykx52ya653z22"},"id":"8f5t36dcrnzryfl","previousOperationId":"8qnibs6e6c97h6w"}
{"type":"operationEnd","operationId":"8qnibs6e6c97h6w","timestamp":1674843065038,"id":"e91304tukrb4ivq","previousEventId":"g0upqcfyglsm6qx","previousOperationId":"euxi2h0weminjth"}
{"type":"operationEnd","operationId":"g42frvgv6yrne6k","timestamp":1674843065038,"id":"qh1rw38i9t905mk","previousEventId":"e91304tukrb4ivq","previousOperationId":"euxi2h0weminjth"}
{"type":"log","timestamp":1674843065038,"level":"debug","message":"Base url not specified, skipping its injection.","meta":{"rootId":"ooykx52ya653z22","id":"ooykx52ya653z22"},"id":"fja6c1gcqsybip5","previousOperationId":"g42frvgv6yrne6k"}
{"type":"operationStart","subtype":"engine","name":"handlebars","timestamp":1674843065039,"id":"vvqrp34yido3a5n","previousEventId":"qh1rw38i9t905mk","operationId":"jhni17kmu40qamk","previousOperationId":"g42frvgv6yrne6k"}
{"type":"log","timestamp":1674843065039,"level":"debug","message":"Rendering engine handlebars","meta":{"rootId":"ooykx52ya653z22","id":"ooykx52ya653z22"},"id":"9ez2dqhd87cvm8g","previousOperationId":"jhni17kmu40qamk"}
{"type":"operationEnd","operationId":"jhni17kmu40qamk","timestamp":1674843065057,"id":"sqr5z0z0qpbrbag","previousEventId":"vvqrp34yido3a5n","previousOperationId":"jhni17kmu40qamk"}
{"type":"operationStart","subtype":"recipe","name":"chrome-pdf","timestamp":1674843065058,"id":"ykywnnrxp9j07qc","previousEventId":"sqr5z0z0qpbrbag","operationId":"slvt2fhwt0ky62n","previousOperationId":"jhni17kmu40qamk"}
{"type":"log","timestamp":1674843065058,"level":"debug","message":"Executing recipe chrome-pdf","meta":{"rootId":"ooykx52ya653z22","id":"ooykx52ya653z22"},"id":"skvbzgg1nzfg7so","previousOperationId":"slvt2fhwt0ky62n"}
{"type":"log","timestamp":1674843065066,"level":"debug","message":"Converting with chrome HeadlessChrome/105.0.5173.0 using chrome-pool strategy","meta":{"rootId":"ooykx52ya653z22","id":"ooykx52ya653z22"},"id":"kn4tyd4nt8i8fnw","previousOperationId":"slvt2fhwt0ky62n"}
{"type":"log","timestamp":1674843065165,"level":"debug","message":"Page request: GET (document) file:///C:/Users/Kris/AppData/Local/Temp/jsreport/autocleanup/fddcbed5-3501-4c78-bbf5-b218626ac874-chrome-pdf.html","meta":{"rootId":"ooykx52ya653z22","id":"ooykx52ya653z22"},"id":"zpgq03j9ftdd6xl","previousOperationId":"slvt2fhwt0ky62n"}
{"type":"log","timestamp":1674843065202,"level":"debug","message":"Page request: GET (stylesheet) https://cdnjs.cloudflare.com/ajax/libs/chartist/0.11.0/chartist.min.css","meta":{"rootId":"ooykx52ya653z22","id":"ooykx52ya653z22"},"id":"2t6wy2v5emu76m1","previousOperationId":"slvt2fhwt0ky62n"}
{"type":"log","timestamp":1674843065203,"level":"debug","message":"Page request: GET (script) https://cdnjs.cloudflare.com/ajax/libs/chartist/0.11.0/chartist.min.js","meta":{"rootId":"ooykx52ya653z22","id":"ooykx52ya653z22"},"id":"2n3rm4tfylmhe1x","previousOperationId":"slvt2fhwt0ky62n"}
{"type":"log","timestamp":1674843065203,"level":"debug","message":"Page request: GET (script) https://unpkg.com/chartist-plugin-tooltips@0.0.17","meta":{"rootId":"ooykx52ya653z22","id":"ooykx52ya653z22"},"id":"qbsz86x85m1z11t","previousOperationId":"slvt2fhwt0ky62n"}
{"type":"log","timestamp":1674843065203,"level":"debug","message":"Page request finished: GET (document) 200 file:///C:/Users/Kris/AppData/Local/Temp/jsreport/autocleanup/fddcbed5-3501-4c78-bbf5-b218626ac874-chrome-pdf.html","meta":{"rootId":"ooykx52ya653z22","id":"ooykx52ya653z22"},"id":"n5ttr5d8v2h4npj","previousOperationId":"slvt2fhwt0ky62n"}
{"type":"log","timestamp":1674843065203,"level":"debug","message":"Page request: GET (script) https://unpkg.com/chartist-plugin-pointlabels@0.0.6","meta":{"rootId":"ooykx52ya653z22","id":"ooykx52ya653z22"},"id":"jc8uwyp33g3vjbl","previousOperationId":"slvt2fhwt0ky62n"}
{"type":"log","timestamp":1674843065207,"level":"warn","message":"Page request failed: GET (script) 302 https://unpkg.com/chartist-plugin-tooltips@0.0.17 (redirect to: /chartist-plugin-tooltips@0.0.17/dist/chartist-plugin-tooltip.js)","meta":{"rootId":"ooykx52ya653z22","id":"ooykx52ya653z22"},"id":"uss7l6zajm61t6k","previousOperationId":"slvt2fhwt0ky62n"}
{"type":"log","timestamp":1674843065207,"level":"debug","message":"Page request finished: GET (stylesheet) 200 https://cdnjs.cloudflare.com/ajax/libs/chartist/0.11.0/chartist.min.css","meta":{"rootId":"ooykx52ya653z22","id":"ooykx52ya653z22"},"id":"4ni6ywolkqnwwha","previousOperationId":"slvt2fhwt0ky62n"}
{"type":"log","timestamp":1674843065207,"level":"debug","message":"Page request: GET (script) https://unpkg.com/chartist-plugin-tooltips@0.0.17/dist/chartist-plugin-tooltip.js (redirect from: https://unpkg.com/chartist-plugin-tooltips@0.0.17)","meta":{"rootId":"ooykx52ya653z22","id":"ooykx52ya653z22"},"id":"txz99oyte325xrw","previousOperationId":"slvt2fhwt0ky62n"}
{"type":"log","timestamp":1674843065208,"level":"debug","message":"Page request finished: GET (script) 200 https://cdnjs.cloudflare.com/ajax/libs/chartist/0.11.0/chartist.min.js","meta":{"rootId":"ooykx52ya653z22","id":"ooykx52ya653z22"},"id":"1z2eosd4jeig7zh","previousOperationId":"slvt2fhwt0ky62n"}
{"type":"log","timestamp":1674843065208,"level":"warn","message":"Page request failed: GET (script) 302 https://unpkg.com/chartist-plugin-pointlabels@0.0.6 (redirect to: /chartist-plugin-pointlabels@0.0.6/dist/chartist-plugin-pointlabels.js)","meta":{"rootId":"ooykx52ya653z22","id":"ooykx52ya653z22"},"id":"xsm1x5mprelg6rp","previousOperationId":"slvt2fhwt0ky62n"}
{"type":"log","timestamp":1674843065208,"level":"debug","message":"Page request: GET (script) https://unpkg.com/chartist-plugin-pointlabels@0.0.6/dist/chartist-plugin-pointlabels.js (redirect from: https://unpkg.com/chartist-plugin-pointlabels@0.0.6)","meta":{"rootId":"ooykx52ya653z22","id":"ooykx52ya653z22"},"id":"wpjqro6ni1or3se","previousOperationId":"slvt2fhwt0ky62n"}
{"type":"log","timestamp":1674843065210,"level":"debug","message":"Page request finished: GET (script) 200 https://unpkg.com/chartist-plugin-tooltips@0.0.17/dist/chartist-plugin-tooltip.js","meta":{"rootId":"ooykx52ya653z22","id":"ooykx52ya653z22"},"id":"twg75nje6ia2pon","previousOperationId":"slvt2fhwt0ky62n"}
{"type":"log","timestamp":1674843065211,"level":"debug","message":"Page request finished: GET (script) 200 https://unpkg.com/chartist-plugin-pointlabels@0.0.6/dist/chartist-plugin-pointlabels.js","meta":{"rootId":"ooykx52ya653z22","id":"ooykx52ya653z22"},"id":"ha2rcvsvjnyq6gy","previousOperationId":"slvt2fhwt0ky62n"}
{"type":"log","timestamp":1674843065265,"level":"debug","message":"Running chrome with params {\"printBackground\":true,\"timeout\":59872,\"margin\":{}}","meta":{"rootId":"ooykx52ya653z22","id":"ooykx52ya653z22"},"id":"r7846ft8gu7mdel","previousOperationId":"slvt2fhwt0ky62n"}
{"type":"operationEnd","operationId":"slvt2fhwt0ky62n","timestamp":1674843065375,"id":"501i0zbgybwgims","previousEventId":"ykywnnrxp9j07qc","previousOperationId":"slvt2fhwt0ky62n"}
{"type":"log","timestamp":1674843065375,"level":"debug","message":"Skipping storing report.","meta":{"rootId":"ooykx52ya653z22","id":"ooykx52ya653z22"},"id":"qie7xc99it0a6kn","previousOperationId":"slvt2fhwt0ky62n"}
{"type":"log","timestamp":1674843065376,"level":"info","message":"Rendering request 22 finished in 441 ms","meta":{"rootId":"ooykx52ya653z22","id":"ooykx52ya653z22"},"id":"revvrbh0v2xai3d","previousOperationId":"slvt2fhwt0ky62n"}
{"type":"operationEnd","subtype":"render","operationId":"euxi2h0weminjth","timestamp":1674843065376,"id":"c4mrqvbxcbu3kab","previousEventId":"501i0zbgybwgims","previousOperationId":"slvt2fhwt0ky62n"}
{"type":"operationEnd","doDiffs":false,"previousEventId":"ah81ra78k8hydlc","previousOperationId":"c3qoj13t79dxjpg","operationId":"c3qoj13t79dxjpg","timestamp":1674843065379,"id":"n5p1d1mx0xc47q8"}
