{"type":"operationStart","subtype":"profile","data":{"_id":"b6SYUmZfO0XNooVi","timestamp":"2023-01-27T17:43:19.374Z","state":"queued","mode":"standard","creationDate":"2023-01-27T17:43:19.375Z","modificationDate":"2023-01-27T17:43:19.375Z","shortid":"hTNnYtl","$entitySet":"profiles"},"doDiffs":false,"timestamp":1674841399375,"id":"tm1ph7cxlpn1w6q","previousOperationId":null,"operationId":"rdzx9qki1ynf0f7"}
{"type":"log","level":"info","message":"Render request 3 queued for execution and waiting for available worker","previousOperationId":"rdzx9qki1ynf0f7","timestamp":1674841399375,"id":"cd779xjjwd29mk7"}
{"type":"operationStart","subtype":"render","name":"SpaceInVRs-main","previousOperationId":"rdzx9qki1ynf0f7","timestamp":1674841399383,"id":"2axbz1ft2v7oswn","previousEventId":"tm1ph7cxlpn1w6q","operationId":"yhz64y1y7inc1pp"}
{"type":"log","timestamp":1674841399383,"level":"info","message":"Starting rendering request 3","meta":{"rootId":"pazuw0utgiq1efw","id":"pazuw0utgiq1efw"},"id":"0w6ya6b433ddprd","previousOperationId":"yhz64y1y7inc1pp"}
{"type":"log","timestamp":1674841399384,"level":"info","message":"Rendering template { name: SpaceInVRs-main, recipe: chrome-pdf, engine: handlebars, preview: true }","meta":{"rootId":"pazuw0utgiq1efw","id":"pazuw0utgiq1efw"},"id":"bjri5p3oj689iyz","previousOperationId":"yhz64y1y7inc1pp"}
{"type":"log","timestamp":1674841399385,"level":"debug","message":"Adding sample data 44EIOSaAC","meta":{"rootId":"pazuw0utgiq1efw","id":"pazuw0utgiq1efw"},"id":"easquloz58cesop","previousOperationId":"yhz64y1y7inc1pp"}
{"type":"log","timestamp":1674841399387,"level":"debug","message":"Executing script SpaceInVRs-mainscript (beforeRender)","meta":{"rootId":"pazuw0utgiq1efw","id":"pazuw0utgiq1efw"},"id":"q0h9t85erptd6b5","previousOperationId":"yhz64y1y7inc1pp"}
{"type":"operationStart","subtype":"scriptsBeforeRender","name":"scripts beforeRender","timestamp":1674841399453,"id":"shj75l4et0oohgn","previousEventId":"2axbz1ft2v7oswn","operationId":"un8ctfkkkxb6yv1","previousOperationId":"yhz64y1y7inc1pp"}
{"type":"operationStart","subtype":"script","name":"scripts SpaceInVRs-mainscript","previousOperationId":"un8ctfkkkxb6yv1","timestamp":1674841399453,"id":"7ly2hjej9h4c2m1","previousEventId":"shj75l4et0oohgn","operationId":"waqr64xyslq5hxh"}
{"type":"log","timestamp":1674841399470,"level":"debug","message":"(console:log) {\n  '0': {\n    id: 1,\n    score: 150,\n    ships_destroyed: 7,\n    bullets_fired: 5,\n    powerups: 2,\n    createdAt: '2022-11-29T15:30:58.000Z',\n    updatedAt: '2022-11-29T15:30:58.000Z',\n    user_id: 1\n  },\n  '1': {\n    id: 2,\n    score: 120,\n    ships_destroyed: 6,\n    bullets_fired: 5,\n    powerups: 2,\n    createdAt: '2022-11-29T15:30:58.000Z',\n    updatedAt: '2022-11-29T15:30:58.000Z',\n    user_id: 2\n  },\n  '2': {\n    id: 4,\n    score: 170,\n    ships_destroyed: 45,\n    bullets_fired: 60,\n    powerups: 10,\n    createdAt: '2023-01-27T16:29:10.000Z',\n    updatedAt: '2023-01-27T16:29:10.000Z',\n    user_id: 3\n  },\n  '3': {\n    id: 5,\n    score: 200,\n    ships_destroyed: 50,\n    bullets_fired: 65,\n    powerups: 15,\n    createdAt: '2023-01-27T16:38:08.000Z',\n    updatedAt: '2023-01-27T16:38:08.000Z',\n    user_id: 1\n  },\n  '4': {\n    id: 6,\n    score: 50,\n    ships_destroyed: 2,\n    bullets_fired: 5,\n    powerups: 1,\n    createdAt: '2023-01-27T16:43:35.000Z',\n    updatedAt: '2023-01-27T16:43:35.000Z',\n    user_id: 1\n  }\n}","meta":{"userLevel":true,"rootId":"pazuw0utgiq1efw","id":"pazuw0utgiq1efw"},"id":"3tgc1x1tynwyvtd","previousOperationId":"waqr64xyslq5hxh"}
{"type":"log","timestamp":1674841399470,"level":"debug","message":"(console:log) Aquí el score: undefined","meta":{"userLevel":true,"rootId":"pazuw0utgiq1efw","id":"pazuw0utgiq1efw"},"id":"9t2qt5k2xcr763f","previousOperationId":"waqr64xyslq5hxh"}
{"type":"log","timestamp":1674841399470,"level":"debug","message":"(console:log) Aquí las naves destruidas: undefined","meta":{"userLevel":true,"rootId":"pazuw0utgiq1efw","id":"pazuw0utgiq1efw"},"id":"4ufl9mzq833t9t9","previousOperationId":"waqr64xyslq5hxh"}
{"type":"operationEnd","operationId":"waqr64xyslq5hxh","timestamp":1674841399482,"id":"r8qkhtvoeb66vqo","previousEventId":"2axbz1ft2v7oswn","previousOperationId":"yhz64y1y7inc1pp"}
{"type":"operationEnd","operationId":"un8ctfkkkxb6yv1","timestamp":1674841399482,"id":"w5pg7xwh8i9r0hk","previousEventId":"r8qkhtvoeb66vqo","previousOperationId":"yhz64y1y7inc1pp"}
{"type":"log","timestamp":1674841399482,"level":"debug","message":"Base url not specified, skipping its injection.","meta":{"rootId":"pazuw0utgiq1efw","id":"pazuw0utgiq1efw"},"id":"gt7ecysnm1vyzcm","previousOperationId":"un8ctfkkkxb6yv1"}
{"type":"operationStart","subtype":"engine","name":"handlebars","timestamp":1674841399482,"id":"5p8bu2i12e7gtcz","previousEventId":"w5pg7xwh8i9r0hk","operationId":"iqblept1ptnwmbc","previousOperationId":"un8ctfkkkxb6yv1"}
{"type":"log","timestamp":1674841399482,"level":"debug","message":"Rendering engine handlebars","meta":{"rootId":"pazuw0utgiq1efw","id":"pazuw0utgiq1efw"},"id":"shelue41109jls6","previousOperationId":"iqblept1ptnwmbc"}
{"type":"operationEnd","operationId":"iqblept1ptnwmbc","timestamp":1674841399501,"id":"wz7iju7maqtlfh5","previousEventId":"5p8bu2i12e7gtcz","previousOperationId":"iqblept1ptnwmbc"}
{"type":"operationStart","subtype":"recipe","name":"chrome-pdf","timestamp":1674841399502,"id":"rtt8o32j23e8jtm","previousEventId":"wz7iju7maqtlfh5","operationId":"79xdc85wl3dg7ah","previousOperationId":"iqblept1ptnwmbc"}
{"type":"log","timestamp":1674841399502,"level":"debug","message":"Executing recipe chrome-pdf","meta":{"rootId":"pazuw0utgiq1efw","id":"pazuw0utgiq1efw"},"id":"d1ifiujlt18s8dv","previousOperationId":"79xdc85wl3dg7ah"}
{"type":"log","timestamp":1674841399505,"level":"debug","message":"Converting with chrome HeadlessChrome/105.0.5173.0 using chrome-pool strategy","meta":{"rootId":"pazuw0utgiq1efw","id":"pazuw0utgiq1efw"},"id":"eaozd2ov2go7o9c","previousOperationId":"79xdc85wl3dg7ah"}
{"type":"log","timestamp":1674841399617,"level":"debug","message":"Page request: GET (document) file:///C:/Users/Kris/AppData/Local/Temp/jsreport/autocleanup/0bf4f8e6-8cdc-443a-812c-1a52425547a3-chrome-pdf.html","meta":{"rootId":"pazuw0utgiq1efw","id":"pazuw0utgiq1efw"},"id":"x6x33lblxs37m85","previousOperationId":"79xdc85wl3dg7ah"}
{"type":"log","timestamp":1674841399627,"level":"debug","message":"Page request finished: GET (document) 200 file:///C:/Users/Kris/AppData/Local/Temp/jsreport/autocleanup/0bf4f8e6-8cdc-443a-812c-1a52425547a3-chrome-pdf.html","meta":{"rootId":"pazuw0utgiq1efw","id":"pazuw0utgiq1efw"},"id":"61mvcnfaniimd6o","previousOperationId":"79xdc85wl3dg7ah"}
{"type":"log","timestamp":1674841399628,"level":"debug","message":"Page request: GET (stylesheet) https://cdnjs.cloudflare.com/ajax/libs/chartist/0.11.0/chartist.min.css","meta":{"rootId":"pazuw0utgiq1efw","id":"pazuw0utgiq1efw"},"id":"e3it267czkolrjr","previousOperationId":"79xdc85wl3dg7ah"}
{"type":"log","timestamp":1674841399628,"level":"debug","message":"Page request: GET (script) https://cdnjs.cloudflare.com/ajax/libs/chartist/0.11.0/chartist.min.js","meta":{"rootId":"pazuw0utgiq1efw","id":"pazuw0utgiq1efw"},"id":"0tjnam388py62ui","previousOperationId":"79xdc85wl3dg7ah"}
{"type":"log","timestamp":1674841399628,"level":"debug","message":"Page request: GET (script) https://unpkg.com/chartist-plugin-tooltips@0.0.17","meta":{"rootId":"pazuw0utgiq1efw","id":"pazuw0utgiq1efw"},"id":"a9pths6tuxdcpgm","previousOperationId":"79xdc85wl3dg7ah"}
{"type":"log","timestamp":1674841399628,"level":"debug","message":"Page request: GET (script) https://unpkg.com/chartist-plugin-pointlabels@0.0.6","meta":{"rootId":"pazuw0utgiq1efw","id":"pazuw0utgiq1efw"},"id":"sbngdkbu262x6ed","previousOperationId":"79xdc85wl3dg7ah"}
{"type":"log","timestamp":1674841399634,"level":"warn","message":"Page request failed: GET (script) 302 https://unpkg.com/chartist-plugin-tooltips@0.0.17 (redirect to: /chartist-plugin-tooltips@0.0.17/dist/chartist-plugin-tooltip.js)","meta":{"rootId":"pazuw0utgiq1efw","id":"pazuw0utgiq1efw"},"id":"i8v1dn51rn2i12k","previousOperationId":"79xdc85wl3dg7ah"}
{"type":"log","timestamp":1674841399634,"level":"debug","message":"Page request finished: GET (stylesheet) 200 https://cdnjs.cloudflare.com/ajax/libs/chartist/0.11.0/chartist.min.css","meta":{"rootId":"pazuw0utgiq1efw","id":"pazuw0utgiq1efw"},"id":"cdt8tjvb845wfpe","previousOperationId":"79xdc85wl3dg7ah"}
{"type":"log","timestamp":1674841399635,"level":"warn","message":"Page request failed: GET (script) 302 https://unpkg.com/chartist-plugin-pointlabels@0.0.6 (redirect to: /chartist-plugin-pointlabels@0.0.6/dist/chartist-plugin-pointlabels.js)","meta":{"rootId":"pazuw0utgiq1efw","id":"pazuw0utgiq1efw"},"id":"1t2uir0err5h0xc","previousOperationId":"79xdc85wl3dg7ah"}
{"type":"log","timestamp":1674841399635,"level":"debug","message":"Page request finished: GET (script) 200 https://cdnjs.cloudflare.com/ajax/libs/chartist/0.11.0/chartist.min.js","meta":{"rootId":"pazuw0utgiq1efw","id":"pazuw0utgiq1efw"},"id":"oxpv49qya1kim9x","previousOperationId":"79xdc85wl3dg7ah"}
{"type":"log","timestamp":1674841399635,"level":"debug","message":"Page request: GET (script) https://unpkg.com/chartist-plugin-tooltips@0.0.17/dist/chartist-plugin-tooltip.js (redirect from: https://unpkg.com/chartist-plugin-tooltips@0.0.17)","meta":{"rootId":"pazuw0utgiq1efw","id":"pazuw0utgiq1efw"},"id":"k9ophkumqtka76x","previousOperationId":"79xdc85wl3dg7ah"}
{"type":"log","timestamp":1674841399635,"level":"debug","message":"Page request: GET (script) https://unpkg.com/chartist-plugin-pointlabels@0.0.6/dist/chartist-plugin-pointlabels.js (redirect from: https://unpkg.com/chartist-plugin-pointlabels@0.0.6)","meta":{"rootId":"pazuw0utgiq1efw","id":"pazuw0utgiq1efw"},"id":"s7wma64ti9vkq00","previousOperationId":"79xdc85wl3dg7ah"}
{"type":"log","timestamp":1674841399637,"level":"debug","message":"Page request finished: GET (script) 200 https://unpkg.com/chartist-plugin-tooltips@0.0.17/dist/chartist-plugin-tooltip.js","meta":{"rootId":"pazuw0utgiq1efw","id":"pazuw0utgiq1efw"},"id":"0e3elno4sq3afwg","previousOperationId":"79xdc85wl3dg7ah"}
{"type":"log","timestamp":1674841399638,"level":"debug","message":"Page request finished: GET (script) 200 https://unpkg.com/chartist-plugin-pointlabels@0.0.6/dist/chartist-plugin-pointlabels.js","meta":{"rootId":"pazuw0utgiq1efw","id":"pazuw0utgiq1efw"},"id":"bn88b1emcocucji","previousOperationId":"79xdc85wl3dg7ah"}
{"type":"log","timestamp":1674841399688,"level":"debug","message":"Running chrome with params {\"printBackground\":true,\"timeout\":59870,\"margin\":{}}","meta":{"rootId":"pazuw0utgiq1efw","id":"pazuw0utgiq1efw"},"id":"1t9r2xcbqaianz8","previousOperationId":"79xdc85wl3dg7ah"}
{"type":"operationEnd","operationId":"79xdc85wl3dg7ah","timestamp":1674841399893,"id":"aqg3htnpwwya7wt","previousEventId":"rtt8o32j23e8jtm","previousOperationId":"79xdc85wl3dg7ah"}
{"type":"log","timestamp":1674841399893,"level":"debug","message":"Skipping storing report.","meta":{"rootId":"pazuw0utgiq1efw","id":"pazuw0utgiq1efw"},"id":"fzpkifl39hyly3d","previousOperationId":"79xdc85wl3dg7ah"}
{"type":"log","timestamp":1674841399893,"level":"info","message":"Rendering request 3 finished in 519 ms","meta":{"rootId":"pazuw0utgiq1efw","id":"pazuw0utgiq1efw"},"id":"g1fi19tm9e2oare","previousOperationId":"79xdc85wl3dg7ah"}
{"type":"operationEnd","subtype":"render","operationId":"yhz64y1y7inc1pp","timestamp":1674841399893,"id":"uzaf4dg0ptrqijg","previousEventId":"aqg3htnpwwya7wt","previousOperationId":"79xdc85wl3dg7ah"}
{"type":"operationEnd","doDiffs":false,"previousEventId":"tm1ph7cxlpn1w6q","previousOperationId":"rdzx9qki1ynf0f7","operationId":"rdzx9qki1ynf0f7","timestamp":1674841399898,"id":"7j4rtfy4uvuw6r5"}
