{"type":"operationStart","subtype":"profile","data":{"_id":"SrbtnNq4vZmDtJKx","timestamp":"2023-01-27T18:04:48.435Z","state":"queued","mode":"standard","creationDate":"2023-01-27T18:04:48.436Z","modificationDate":"2023-01-27T18:04:48.436Z","shortid":"vGjcexW","$entitySet":"profiles"},"doDiffs":false,"timestamp":1674842688435,"id":"ya1aw5o82yvqvy5","previousOperationId":null,"operationId":"4df792iihikpx66"}
{"type":"log","level":"info","message":"Render request 13 queued for execution and waiting for available worker","previousOperationId":"4df792iihikpx66","timestamp":1674842688436,"id":"w2zc2wfv33fzzco"}
{"type":"operationStart","subtype":"render","name":"SpaceInVRs-main","previousOperationId":"4df792iihikpx66","timestamp":1674842688445,"id":"ph74znz1nh5lwah","previousEventId":"ya1aw5o82yvqvy5","operationId":"6x34gcm4525ipvf"}
{"type":"log","timestamp":1674842688445,"level":"info","message":"Starting rendering request 13","meta":{"rootId":"sgz6ez8y40h3ymy","id":"sgz6ez8y40h3ymy"},"id":"74kuy6r63axhreh","previousOperationId":"6x34gcm4525ipvf"}
{"type":"log","timestamp":1674842688446,"level":"info","message":"Rendering template { name: SpaceInVRs-main, recipe: chrome-pdf, engine: handlebars, preview: true }","meta":{"rootId":"sgz6ez8y40h3ymy","id":"sgz6ez8y40h3ymy"},"id":"9usfg6lo0mwing7","previousOperationId":"6x34gcm4525ipvf"}
{"type":"log","timestamp":1674842688447,"level":"debug","message":"Adding sample data 44EIOSaAC","meta":{"rootId":"sgz6ez8y40h3ymy","id":"sgz6ez8y40h3ymy"},"id":"7tykt4dx9fi1fkh","previousOperationId":"6x34gcm4525ipvf"}
{"type":"log","timestamp":1674842688450,"level":"debug","message":"Executing script SpaceInVRs-mainscript (beforeRender)","meta":{"rootId":"sgz6ez8y40h3ymy","id":"sgz6ez8y40h3ymy"},"id":"nq2m2h6lkwqhory","previousOperationId":"6x34gcm4525ipvf"}
{"type":"operationStart","subtype":"scriptsBeforeRender","name":"scripts beforeRender","timestamp":1674842688512,"id":"1k5exuhdd96e8o5","previousEventId":"ph74znz1nh5lwah","operationId":"4yaxncuiitecfm0","previousOperationId":"6x34gcm4525ipvf"}
{"type":"operationStart","subtype":"script","name":"scripts SpaceInVRs-mainscript","previousOperationId":"4yaxncuiitecfm0","timestamp":1674842688512,"id":"wzlmjsi7vipr4ql","previousEventId":"1k5exuhdd96e8o5","operationId":"i6vkbpid04ue140"}
{"type":"log","timestamp":1674842688527,"level":"debug","message":"(console:log) 150","meta":{"userLevel":true,"rootId":"sgz6ez8y40h3ymy","id":"sgz6ez8y40h3ymy"},"id":"1kpefemexone5ge","previousOperationId":"i6vkbpid04ue140"}
{"type":"log","timestamp":1674842688527,"level":"debug","message":"(console:log) Aquí el score: undefined","meta":{"userLevel":true,"rootId":"sgz6ez8y40h3ymy","id":"sgz6ez8y40h3ymy"},"id":"1e5s38p9u8qrw9l","previousOperationId":"i6vkbpid04ue140"}
{"type":"log","timestamp":1674842688527,"level":"debug","message":"(console:log) Aquí las naves destruidas: undefined","meta":{"userLevel":true,"rootId":"sgz6ez8y40h3ymy","id":"sgz6ez8y40h3ymy"},"id":"675dbtk3co8zpaa","previousOperationId":"i6vkbpid04ue140"}
{"type":"operationEnd","operationId":"i6vkbpid04ue140","timestamp":1674842688539,"id":"obzg0rzfhuwie10","previousEventId":"ph74znz1nh5lwah","previousOperationId":"6x34gcm4525ipvf"}
{"type":"operationEnd","operationId":"4yaxncuiitecfm0","timestamp":1674842688539,"id":"rav63nbt894b0zh","previousEventId":"obzg0rzfhuwie10","previousOperationId":"6x34gcm4525ipvf"}
{"type":"log","timestamp":1674842688539,"level":"debug","message":"Base url not specified, skipping its injection.","meta":{"rootId":"sgz6ez8y40h3ymy","id":"sgz6ez8y40h3ymy"},"id":"irgr7h9go6l1643","previousOperationId":"4yaxncuiitecfm0"}
{"type":"operationStart","subtype":"engine","name":"handlebars","timestamp":1674842688539,"id":"ugqmbf70dos3mbb","previousEventId":"rav63nbt894b0zh","operationId":"4u45sjwfcvdyu0l","previousOperationId":"4yaxncuiitecfm0"}
{"type":"log","timestamp":1674842688539,"level":"debug","message":"Rendering engine handlebars","meta":{"rootId":"sgz6ez8y40h3ymy","id":"sgz6ez8y40h3ymy"},"id":"xwztppeqjaplhin","previousOperationId":"4u45sjwfcvdyu0l"}
{"type":"operationEnd","operationId":"4u45sjwfcvdyu0l","timestamp":1674842688557,"id":"09zt4hcznxkecdm","previousEventId":"ugqmbf70dos3mbb","previousOperationId":"4u45sjwfcvdyu0l"}
{"type":"operationStart","subtype":"recipe","name":"chrome-pdf","timestamp":1674842688557,"id":"bznl8ek7pcwzct6","previousEventId":"09zt4hcznxkecdm","operationId":"pbsx0pj7yesms6w","previousOperationId":"4u45sjwfcvdyu0l"}
{"type":"log","timestamp":1674842688557,"level":"debug","message":"Executing recipe chrome-pdf","meta":{"rootId":"sgz6ez8y40h3ymy","id":"sgz6ez8y40h3ymy"},"id":"pu8vcbs5y8vf0cf","previousOperationId":"pbsx0pj7yesms6w"}
{"type":"log","timestamp":1674842688560,"level":"debug","message":"Converting with chrome HeadlessChrome/105.0.5173.0 using chrome-pool strategy","meta":{"rootId":"sgz6ez8y40h3ymy","id":"sgz6ez8y40h3ymy"},"id":"mwe9d69okgmxw05","previousOperationId":"pbsx0pj7yesms6w"}
{"type":"log","timestamp":1674842688648,"level":"debug","message":"Page request: GET (document) file:///C:/Users/Kris/AppData/Local/Temp/jsreport/autocleanup/9915b109-7e87-4455-b0aa-d96776347d30-chrome-pdf.html","meta":{"rootId":"sgz6ez8y40h3ymy","id":"sgz6ez8y40h3ymy"},"id":"nyewxz4f1jwn783","previousOperationId":"pbsx0pj7yesms6w"}
{"type":"log","timestamp":1674842688677,"level":"debug","message":"Page request finished: GET (document) 200 file:///C:/Users/Kris/AppData/Local/Temp/jsreport/autocleanup/9915b109-7e87-4455-b0aa-d96776347d30-chrome-pdf.html","meta":{"rootId":"sgz6ez8y40h3ymy","id":"sgz6ez8y40h3ymy"},"id":"rvnq0k1hlmdaz80","previousOperationId":"pbsx0pj7yesms6w"}
{"type":"log","timestamp":1674842688677,"level":"debug","message":"Page request: GET (stylesheet) https://cdnjs.cloudflare.com/ajax/libs/chartist/0.11.0/chartist.min.css","meta":{"rootId":"sgz6ez8y40h3ymy","id":"sgz6ez8y40h3ymy"},"id":"w525es98zmiw6o4","previousOperationId":"pbsx0pj7yesms6w"}
{"type":"log","timestamp":1674842688678,"level":"debug","message":"Page request: GET (script) https://cdnjs.cloudflare.com/ajax/libs/chartist/0.11.0/chartist.min.js","meta":{"rootId":"sgz6ez8y40h3ymy","id":"sgz6ez8y40h3ymy"},"id":"7vhlrguikwk96kw","previousOperationId":"pbsx0pj7yesms6w"}
{"type":"log","timestamp":1674842688678,"level":"debug","message":"Page request: GET (script) https://unpkg.com/chartist-plugin-tooltips@0.0.17","meta":{"rootId":"sgz6ez8y40h3ymy","id":"sgz6ez8y40h3ymy"},"id":"n8wjvz20cytxxzq","previousOperationId":"pbsx0pj7yesms6w"}
{"type":"log","timestamp":1674842688678,"level":"debug","message":"Page request: GET (script) https://unpkg.com/chartist-plugin-pointlabels@0.0.6","meta":{"rootId":"sgz6ez8y40h3ymy","id":"sgz6ez8y40h3ymy"},"id":"0zgmdfbuzytpawt","previousOperationId":"pbsx0pj7yesms6w"}
{"type":"log","timestamp":1674842688681,"level":"warn","message":"Page request failed: GET (script) 302 https://unpkg.com/chartist-plugin-tooltips@0.0.17 (redirect to: /chartist-plugin-tooltips@0.0.17/dist/chartist-plugin-tooltip.js)","meta":{"rootId":"sgz6ez8y40h3ymy","id":"sgz6ez8y40h3ymy"},"id":"mf7f7aze578zcnh","previousOperationId":"pbsx0pj7yesms6w"}
{"type":"log","timestamp":1674842688681,"level":"debug","message":"Page request: GET (script) https://unpkg.com/chartist-plugin-tooltips@0.0.17/dist/chartist-plugin-tooltip.js (redirect from: https://unpkg.com/chartist-plugin-tooltips@0.0.17)","meta":{"rootId":"sgz6ez8y40h3ymy","id":"sgz6ez8y40h3ymy"},"id":"08mxrebiqowj76y","previousOperationId":"pbsx0pj7yesms6w"}
{"type":"log","timestamp":1674842688682,"level":"debug","message":"Page request finished: GET (stylesheet) 200 https://cdnjs.cloudflare.com/ajax/libs/chartist/0.11.0/chartist.min.css","meta":{"rootId":"sgz6ez8y40h3ymy","id":"sgz6ez8y40h3ymy"},"id":"31bqjgkpfzrtvce","previousOperationId":"pbsx0pj7yesms6w"}
{"type":"log","timestamp":1674842688682,"level":"debug","message":"Page request finished: GET (script) 200 https://cdnjs.cloudflare.com/ajax/libs/chartist/0.11.0/chartist.min.js","meta":{"rootId":"sgz6ez8y40h3ymy","id":"sgz6ez8y40h3ymy"},"id":"nobc26wi6ihwp93","previousOperationId":"pbsx0pj7yesms6w"}
{"type":"log","timestamp":1674842688682,"level":"warn","message":"Page request failed: GET (script) 302 https://unpkg.com/chartist-plugin-pointlabels@0.0.6 (redirect to: /chartist-plugin-pointlabels@0.0.6/dist/chartist-plugin-pointlabels.js)","meta":{"rootId":"sgz6ez8y40h3ymy","id":"sgz6ez8y40h3ymy"},"id":"zyw47d8rjrvsn33","previousOperationId":"pbsx0pj7yesms6w"}
{"type":"log","timestamp":1674842688682,"level":"debug","message":"Page request: GET (script) https://unpkg.com/chartist-plugin-pointlabels@0.0.6/dist/chartist-plugin-pointlabels.js (redirect from: https://unpkg.com/chartist-plugin-pointlabels@0.0.6)","meta":{"rootId":"sgz6ez8y40h3ymy","id":"sgz6ez8y40h3ymy"},"id":"eqsbkcmqpdihsst","previousOperationId":"pbsx0pj7yesms6w"}
{"type":"log","timestamp":1674842688684,"level":"debug","message":"Page request finished: GET (script) 200 https://unpkg.com/chartist-plugin-tooltips@0.0.17/dist/chartist-plugin-tooltip.js","meta":{"rootId":"sgz6ez8y40h3ymy","id":"sgz6ez8y40h3ymy"},"id":"mgkf664uijf0m7c","previousOperationId":"pbsx0pj7yesms6w"}
{"type":"log","timestamp":1674842688684,"level":"debug","message":"Page request finished: GET (script) 200 https://unpkg.com/chartist-plugin-pointlabels@0.0.6/dist/chartist-plugin-pointlabels.js","meta":{"rootId":"sgz6ez8y40h3ymy","id":"sgz6ez8y40h3ymy"},"id":"6sf7mh607t1nq9b","previousOperationId":"pbsx0pj7yesms6w"}
{"type":"log","timestamp":1674842688685,"level":"warn","message":"Page error: SyntaxError: Unexpected token '<'","meta":{"rootId":"sgz6ez8y40h3ymy","id":"sgz6ez8y40h3ymy"},"id":"ymha1xwouf74wfq","previousOperationId":"pbsx0pj7yesms6w"}
{"type":"log","timestamp":1674842688685,"level":"warn","message":"Page error: SyntaxError: Unexpected token '<'","meta":{"rootId":"sgz6ez8y40h3ymy","id":"sgz6ez8y40h3ymy"},"id":"u743iaxa9433r0b","previousOperationId":"pbsx0pj7yesms6w"}
{"type":"log","timestamp":1674842688686,"level":"warn","message":"Page error: SyntaxError: Unexpected token '<'","meta":{"rootId":"sgz6ez8y40h3ymy","id":"sgz6ez8y40h3ymy"},"id":"8p1xeb69pj80e5r","previousOperationId":"pbsx0pj7yesms6w"}
{"type":"log","timestamp":1674842688686,"level":"warn","message":"Page error: SyntaxError: Unexpected token '<'","meta":{"rootId":"sgz6ez8y40h3ymy","id":"sgz6ez8y40h3ymy"},"id":"l1uorf9nb9nxk3g","previousOperationId":"pbsx0pj7yesms6w"}
{"type":"log","timestamp":1674842688686,"level":"warn","message":"Page error: SyntaxError: Unexpected token '<'","meta":{"rootId":"sgz6ez8y40h3ymy","id":"sgz6ez8y40h3ymy"},"id":"4m1ho9rb5ws5bj5","previousOperationId":"pbsx0pj7yesms6w"}
{"type":"log","timestamp":1674842688708,"level":"debug","message":"Running chrome with params {\"printBackground\":true,\"timeout\":59876,\"margin\":{}}","meta":{"rootId":"sgz6ez8y40h3ymy","id":"sgz6ez8y40h3ymy"},"id":"5zxax5zdqem2r7r","previousOperationId":"pbsx0pj7yesms6w"}
{"type":"operationEnd","operationId":"pbsx0pj7yesms6w","timestamp":1674842688800,"id":"iakt8ar0wi7t3i7","previousEventId":"bznl8ek7pcwzct6","previousOperationId":"pbsx0pj7yesms6w"}
{"type":"log","timestamp":1674842688800,"level":"debug","message":"Skipping storing report.","meta":{"rootId":"sgz6ez8y40h3ymy","id":"sgz6ez8y40h3ymy"},"id":"wzqtae6x98iwwms","previousOperationId":"pbsx0pj7yesms6w"}
{"type":"log","timestamp":1674842688800,"level":"info","message":"Rendering request 13 finished in 365 ms","meta":{"rootId":"sgz6ez8y40h3ymy","id":"sgz6ez8y40h3ymy"},"id":"vugb2xik78wy03f","previousOperationId":"pbsx0pj7yesms6w"}
{"type":"operationEnd","subtype":"render","operationId":"6x34gcm4525ipvf","timestamp":1674842688800,"id":"ld4xj9faqyde9b3","previousEventId":"iakt8ar0wi7t3i7","previousOperationId":"pbsx0pj7yesms6w"}
{"type":"operationEnd","doDiffs":false,"previousEventId":"ya1aw5o82yvqvy5","previousOperationId":"4df792iihikpx66","operationId":"4df792iihikpx66","timestamp":1674842688805,"id":"zvzv9of51qwbmkt"}
