{"type":"operationStart","subtype":"profile","data":{"_id":"pJ9EhJpVeyD1IRxl","timestamp":"2023-01-27T18:33:32.414Z","state":"queued","mode":"standard","creationDate":"2023-01-27T18:33:32.415Z","modificationDate":"2023-01-27T18:33:32.415Z","shortid":"37eJ9wu","$entitySet":"profiles"},"doDiffs":false,"timestamp":1674844412415,"id":"jzp7576ql3p12em","previousOperationId":null,"operationId":"kc479ftzu6phnga"}
{"type":"log","level":"info","message":"Render request 2 queued for execution and waiting for available worker","previousOperationId":"kc479ftzu6phnga","timestamp":1674844412415,"id":"masscmkd78b5pat"}
{"type":"operationStart","subtype":"render","name":"SpaceInVRs-main","previousOperationId":"kc479ftzu6phnga","timestamp":1674844412420,"id":"39j8kd0428c496l","previousEventId":"jzp7576ql3p12em","operationId":"lx992f89r2g94m6"}
{"type":"log","timestamp":1674844412421,"level":"info","message":"Starting rendering request 2","meta":{"rootId":"t76e4h17ykxjeyi","id":"t76e4h17ykxjeyi"},"id":"9nxp7b8alcpi61s","previousOperationId":"lx992f89r2g94m6"}
{"type":"log","timestamp":1674844412422,"level":"info","message":"Rendering template { name: SpaceInVRs-main, recipe: chrome-pdf, engine: handlebars, preview: false }","meta":{"rootId":"t76e4h17ykxjeyi","id":"t76e4h17ykxjeyi"},"id":"d1s99uf3t60gy1f","previousOperationId":"lx992f89r2g94m6"}
{"type":"log","timestamp":1674844412424,"level":"debug","message":"Adding sample data 44EIOSaAC","meta":{"rootId":"t76e4h17ykxjeyi","id":"t76e4h17ykxjeyi"},"id":"9xufigh8f85zsjr","previousOperationId":"lx992f89r2g94m6"}
{"type":"log","timestamp":1674844412430,"level":"debug","message":"Executing script SpaceInVRs-mainscript (beforeRender)","meta":{"rootId":"t76e4h17ykxjeyi","id":"t76e4h17ykxjeyi"},"id":"hread59nurxtik9","previousOperationId":"lx992f89r2g94m6"}
{"type":"operationStart","subtype":"scriptsBeforeRender","name":"scripts beforeRender","timestamp":1674844412497,"id":"oq90ivu9gblntkq","previousEventId":"39j8kd0428c496l","operationId":"09ccivdalzh0r6u","previousOperationId":"lx992f89r2g94m6"}
{"type":"operationStart","subtype":"script","name":"scripts SpaceInVRs-mainscript","previousOperationId":"09ccivdalzh0r6u","timestamp":1674844412497,"id":"0mrnqff8hnx6f6v","previousEventId":"oq90ivu9gblntkq","operationId":"1b1mwjfqeii5il0"}
{"type":"log","timestamp":1674844412515,"level":"debug","message":"(console:log) 150","meta":{"userLevel":true,"rootId":"t76e4h17ykxjeyi","id":"t76e4h17ykxjeyi"},"id":"6lzh53az2zs36s4","previousOperationId":"1b1mwjfqeii5il0"}
{"type":"log","timestamp":1674844412515,"level":"debug","message":"(console:log) Aquí el score: undefined","meta":{"userLevel":true,"rootId":"t76e4h17ykxjeyi","id":"t76e4h17ykxjeyi"},"id":"rnqcy23rvrch8bo","previousOperationId":"1b1mwjfqeii5il0"}
{"type":"log","timestamp":1674844412515,"level":"debug","message":"(console:log) Aquí las naves destruidas: undefined","meta":{"userLevel":true,"rootId":"t76e4h17ykxjeyi","id":"t76e4h17ykxjeyi"},"id":"oovpljc2yx4n4z8","previousOperationId":"1b1mwjfqeii5il0"}
{"type":"operationEnd","operationId":"1b1mwjfqeii5il0","timestamp":1674844412529,"id":"1bosq3otp2slln1","previousEventId":"39j8kd0428c496l","previousOperationId":"lx992f89r2g94m6"}
{"type":"operationEnd","operationId":"09ccivdalzh0r6u","timestamp":1674844412529,"id":"foypdb43v5lyfcs","previousEventId":"1bosq3otp2slln1","previousOperationId":"lx992f89r2g94m6"}
{"type":"log","timestamp":1674844412530,"level":"debug","message":"Base url not specified, skipping its injection.","meta":{"rootId":"t76e4h17ykxjeyi","id":"t76e4h17ykxjeyi"},"id":"81il3lku298gil3","previousOperationId":"09ccivdalzh0r6u"}
{"type":"operationStart","subtype":"engine","name":"handlebars","timestamp":1674844412530,"id":"qxmhrbvrrnfjin1","previousEventId":"foypdb43v5lyfcs","operationId":"6yq2lh8lf41wg7v","previousOperationId":"09ccivdalzh0r6u"}
{"type":"log","timestamp":1674844412530,"level":"debug","message":"Rendering engine handlebars","meta":{"rootId":"t76e4h17ykxjeyi","id":"t76e4h17ykxjeyi"},"id":"cqjy5myvm2382dh","previousOperationId":"6yq2lh8lf41wg7v"}
{"type":"operationEnd","operationId":"6yq2lh8lf41wg7v","timestamp":1674844412545,"id":"id57l3ocllutmx5","previousEventId":"qxmhrbvrrnfjin1","previousOperationId":"6yq2lh8lf41wg7v"}
{"type":"operationStart","subtype":"recipe","name":"chrome-pdf","timestamp":1674844412546,"id":"5jvmczrfvmo3f3e","previousEventId":"id57l3ocllutmx5","operationId":"k56d2a1c9hfze1z","previousOperationId":"6yq2lh8lf41wg7v"}
{"type":"log","timestamp":1674844412546,"level":"debug","message":"Executing recipe chrome-pdf","meta":{"rootId":"t76e4h17ykxjeyi","id":"t76e4h17ykxjeyi"},"id":"tkm7k21qt48k8yr","previousOperationId":"k56d2a1c9hfze1z"}
{"type":"log","timestamp":1674844412549,"level":"debug","message":"Converting with chrome HeadlessChrome/105.0.5173.0 using chrome-pool strategy","meta":{"rootId":"t76e4h17ykxjeyi","id":"t76e4h17ykxjeyi"},"id":"wn3c3p390p6on4k","previousOperationId":"k56d2a1c9hfze1z"}
{"type":"log","timestamp":1674844412640,"level":"debug","message":"Page request: GET (document) file:///C:/Users/Kris/AppData/Local/Temp/jsreport/autocleanup/52b34e58-64a9-47f3-a995-d704f5569cad-chrome-pdf.html","meta":{"rootId":"t76e4h17ykxjeyi","id":"t76e4h17ykxjeyi"},"id":"9721yiytth3bl5s","previousOperationId":"k56d2a1c9hfze1z"}
{"type":"log","timestamp":1674844412652,"level":"debug","message":"Page request finished: GET (document) 200 file:///C:/Users/Kris/AppData/Local/Temp/jsreport/autocleanup/52b34e58-64a9-47f3-a995-d704f5569cad-chrome-pdf.html","meta":{"rootId":"t76e4h17ykxjeyi","id":"t76e4h17ykxjeyi"},"id":"gvpnztkonu1kyg9","previousOperationId":"k56d2a1c9hfze1z"}
{"type":"log","timestamp":1674844412652,"level":"debug","message":"Page request: GET (stylesheet) https://cdnjs.cloudflare.com/ajax/libs/chartist/0.11.0/chartist.min.css","meta":{"rootId":"t76e4h17ykxjeyi","id":"t76e4h17ykxjeyi"},"id":"xbutnnq3erhspgc","previousOperationId":"k56d2a1c9hfze1z"}
{"type":"log","timestamp":1674844412653,"level":"debug","message":"Page request: GET (script) https://cdnjs.cloudflare.com/ajax/libs/chartist/0.11.0/chartist.min.js","meta":{"rootId":"t76e4h17ykxjeyi","id":"t76e4h17ykxjeyi"},"id":"92gn2ctumfq2466","previousOperationId":"k56d2a1c9hfze1z"}
{"type":"log","timestamp":1674844412654,"level":"debug","message":"Page request: GET (script) https://unpkg.com/chartist-plugin-tooltips@0.0.17","meta":{"rootId":"t76e4h17ykxjeyi","id":"t76e4h17ykxjeyi"},"id":"wy73ysetib535sy","previousOperationId":"k56d2a1c9hfze1z"}
{"type":"log","timestamp":1674844412654,"level":"debug","message":"Page request: GET (script) https://unpkg.com/chartist-plugin-pointlabels@0.0.6","meta":{"rootId":"t76e4h17ykxjeyi","id":"t76e4h17ykxjeyi"},"id":"qbd739cx4z57i9b","previousOperationId":"k56d2a1c9hfze1z"}
{"type":"log","timestamp":1674844412657,"level":"debug","message":"Page request finished: GET (stylesheet) 200 https://cdnjs.cloudflare.com/ajax/libs/chartist/0.11.0/chartist.min.css","meta":{"rootId":"t76e4h17ykxjeyi","id":"t76e4h17ykxjeyi"},"id":"npiemet4bxqkbyd","previousOperationId":"k56d2a1c9hfze1z"}
{"type":"log","timestamp":1674844412658,"level":"warn","message":"Page request failed: GET (script) 302 https://unpkg.com/chartist-plugin-tooltips@0.0.17 (redirect to: /chartist-plugin-tooltips@0.0.17/dist/chartist-plugin-tooltip.js)","meta":{"rootId":"t76e4h17ykxjeyi","id":"t76e4h17ykxjeyi"},"id":"g5hhjxznf8odmjt","previousOperationId":"k56d2a1c9hfze1z"}
{"type":"log","timestamp":1674844412658,"level":"debug","message":"Page request: GET (script) https://unpkg.com/chartist-plugin-tooltips@0.0.17/dist/chartist-plugin-tooltip.js (redirect from: https://unpkg.com/chartist-plugin-tooltips@0.0.17)","meta":{"rootId":"t76e4h17ykxjeyi","id":"t76e4h17ykxjeyi"},"id":"cs17ev06akneem7","previousOperationId":"k56d2a1c9hfze1z"}
{"type":"log","timestamp":1674844412659,"level":"warn","message":"Page request failed: GET (script) 302 https://unpkg.com/chartist-plugin-pointlabels@0.0.6 (redirect to: /chartist-plugin-pointlabels@0.0.6/dist/chartist-plugin-pointlabels.js)","meta":{"rootId":"t76e4h17ykxjeyi","id":"t76e4h17ykxjeyi"},"id":"5tssrnku9ikov9p","previousOperationId":"k56d2a1c9hfze1z"}
{"type":"log","timestamp":1674844412659,"level":"debug","message":"Page request: GET (script) https://unpkg.com/chartist-plugin-pointlabels@0.0.6/dist/chartist-plugin-pointlabels.js (redirect from: https://unpkg.com/chartist-plugin-pointlabels@0.0.6)","meta":{"rootId":"t76e4h17ykxjeyi","id":"t76e4h17ykxjeyi"},"id":"0z356l7dtgovz1n","previousOperationId":"k56d2a1c9hfze1z"}
{"type":"log","timestamp":1674844412660,"level":"debug","message":"Page request finished: GET (script) 200 https://cdnjs.cloudflare.com/ajax/libs/chartist/0.11.0/chartist.min.js","meta":{"rootId":"t76e4h17ykxjeyi","id":"t76e4h17ykxjeyi"},"id":"1jn7g5k35x81wgx","previousOperationId":"k56d2a1c9hfze1z"}
{"type":"log","timestamp":1674844412663,"level":"debug","message":"Page request finished: GET (script) 200 https://unpkg.com/chartist-plugin-tooltips@0.0.17/dist/chartist-plugin-tooltip.js","meta":{"rootId":"t76e4h17ykxjeyi","id":"t76e4h17ykxjeyi"},"id":"ciq6x07ph33ou0w","previousOperationId":"k56d2a1c9hfze1z"}
{"type":"log","timestamp":1674844412663,"level":"debug","message":"Page request finished: GET (script) 200 https://unpkg.com/chartist-plugin-pointlabels@0.0.6/dist/chartist-plugin-pointlabels.js","meta":{"rootId":"t76e4h17ykxjeyi","id":"t76e4h17ykxjeyi"},"id":"2cme6vglz27ccgf","previousOperationId":"k56d2a1c9hfze1z"}
{"type":"log","timestamp":1674844412705,"level":"debug","message":"Running chrome with params {\"printBackground\":true,\"timeout\":59865,\"margin\":{}}","meta":{"rootId":"t76e4h17ykxjeyi","id":"t76e4h17ykxjeyi"},"id":"kd6czf76wtok909","previousOperationId":"k56d2a1c9hfze1z"}
{"type":"operationEnd","operationId":"k56d2a1c9hfze1z","timestamp":1674844412804,"id":"8xywa5hg7da0in0","previousEventId":"5jvmczrfvmo3f3e","previousOperationId":"k56d2a1c9hfze1z"}
{"type":"log","timestamp":1674844412804,"level":"debug","message":"Skipping storing report.","meta":{"rootId":"t76e4h17ykxjeyi","id":"t76e4h17ykxjeyi"},"id":"naf20ey31jccm7x","previousOperationId":"k56d2a1c9hfze1z"}
{"type":"log","timestamp":1674844412804,"level":"info","message":"Rendering request 2 finished in 391 ms","meta":{"rootId":"t76e4h17ykxjeyi","id":"t76e4h17ykxjeyi"},"id":"he5j4fb39fyzyof","previousOperationId":"k56d2a1c9hfze1z"}
{"type":"operationEnd","subtype":"render","operationId":"lx992f89r2g94m6","timestamp":1674844412804,"id":"c0ho7peewhfa7u1","previousEventId":"8xywa5hg7da0in0","previousOperationId":"k56d2a1c9hfze1z"}
{"type":"operationEnd","doDiffs":false,"previousEventId":"jzp7576ql3p12em","previousOperationId":"kc479ftzu6phnga","operationId":"kc479ftzu6phnga","timestamp":1674844412806,"id":"ewljq9vbjh5oev2"}
