{"type":"operationStart","subtype":"profile","data":{"_id":"aMsmzcpNCJd1xUDu","timestamp":"2023-01-27T17:43:54.732Z","state":"queued","mode":"standard","creationDate":"2023-01-27T17:43:54.734Z","modificationDate":"2023-01-27T17:43:54.734Z","shortid":"fXliq6n","$entitySet":"profiles"},"doDiffs":false,"timestamp":1674841434733,"id":"z90hyj7jmqubc4y","previousOperationId":null,"operationId":"54r36bb16an8v8l"}
{"type":"log","level":"info","message":"Render request 4 queued for execution and waiting for available worker","previousOperationId":"54r36bb16an8v8l","timestamp":1674841434733,"id":"2c5qyqphpzxf9ni"}
{"type":"operationStart","subtype":"render","name":"SpaceInVRs-main","previousOperationId":"54r36bb16an8v8l","timestamp":1674841434743,"id":"8m9k16nryvuf7q5","previousEventId":"z90hyj7jmqubc4y","operationId":"1zo9ufqtlbyea0f"}
{"type":"log","timestamp":1674841434743,"level":"info","message":"Starting rendering request 4","meta":{"rootId":"tkc02lmnib5po45","id":"tkc02lmnib5po45"},"id":"814dv1or58hi5fa","previousOperationId":"1zo9ufqtlbyea0f"}
{"type":"log","timestamp":1674841434743,"level":"info","message":"Rendering template { name: SpaceInVRs-main, recipe: chrome-pdf, engine: handlebars, preview: true }","meta":{"rootId":"tkc02lmnib5po45","id":"tkc02lmnib5po45"},"id":"awqakeznnszlm3a","previousOperationId":"1zo9ufqtlbyea0f"}
{"type":"log","timestamp":1674841434745,"level":"debug","message":"Adding sample data 44EIOSaAC","meta":{"rootId":"tkc02lmnib5po45","id":"tkc02lmnib5po45"},"id":"h894pvelq37h43r","previousOperationId":"1zo9ufqtlbyea0f"}
{"type":"log","timestamp":1674841434751,"level":"debug","message":"Executing script SpaceInVRs-mainscript (beforeRender)","meta":{"rootId":"tkc02lmnib5po45","id":"tkc02lmnib5po45"},"id":"cw3pgit9nnbird1","previousOperationId":"1zo9ufqtlbyea0f"}
{"type":"operationStart","subtype":"scriptsBeforeRender","name":"scripts beforeRender","timestamp":1674841434833,"id":"tw6bi92fl1ls37r","previousEventId":"8m9k16nryvuf7q5","operationId":"b7rc16top71dbjc","previousOperationId":"1zo9ufqtlbyea0f"}
{"type":"operationStart","subtype":"script","name":"scripts SpaceInVRs-mainscript","previousOperationId":"b7rc16top71dbjc","timestamp":1674841434833,"id":"4r2tq92abzt31cq","previousEventId":"tw6bi92fl1ls37r","operationId":"bqmbzgsfskgqi5x"}
{"type":"log","timestamp":1674841434857,"level":"debug","message":"(console:log) undefined","meta":{"userLevel":true,"rootId":"tkc02lmnib5po45","id":"tkc02lmnib5po45"},"id":"d0usi77l2md9iv6","previousOperationId":"bqmbzgsfskgqi5x"}
{"type":"log","timestamp":1674841434857,"level":"debug","message":"(console:log) Aquí el score: undefined","meta":{"userLevel":true,"rootId":"tkc02lmnib5po45","id":"tkc02lmnib5po45"},"id":"jhq66qf51txl9t8","previousOperationId":"bqmbzgsfskgqi5x"}
{"type":"log","timestamp":1674841434857,"level":"debug","message":"(console:log) Aquí las naves destruidas: undefined","meta":{"userLevel":true,"rootId":"tkc02lmnib5po45","id":"tkc02lmnib5po45"},"id":"9xccmswgv4svatp","previousOperationId":"bqmbzgsfskgqi5x"}
{"type":"operationEnd","operationId":"bqmbzgsfskgqi5x","timestamp":1674841434868,"id":"qhbzmdtber49exy","previousEventId":"8m9k16nryvuf7q5","previousOperationId":"1zo9ufqtlbyea0f"}
{"type":"operationEnd","operationId":"b7rc16top71dbjc","timestamp":1674841434868,"id":"bvs21y0twp9fpu7","previousEventId":"qhbzmdtber49exy","previousOperationId":"1zo9ufqtlbyea0f"}
{"type":"log","timestamp":1674841434868,"level":"debug","message":"Base url not specified, skipping its injection.","meta":{"rootId":"tkc02lmnib5po45","id":"tkc02lmnib5po45"},"id":"ofdgc8r70tvwm3e","previousOperationId":"b7rc16top71dbjc"}
{"type":"operationStart","subtype":"engine","name":"handlebars","timestamp":1674841434868,"id":"atkfrbjna1xn9mg","previousEventId":"bvs21y0twp9fpu7","operationId":"l16wt4czpgukxib","previousOperationId":"b7rc16top71dbjc"}
{"type":"log","timestamp":1674841434868,"level":"debug","message":"Rendering engine handlebars","meta":{"rootId":"tkc02lmnib5po45","id":"tkc02lmnib5po45"},"id":"dmyaexmelosz48w","previousOperationId":"l16wt4czpgukxib"}
{"type":"operationEnd","operationId":"l16wt4czpgukxib","timestamp":1674841434885,"id":"ugr8a3f4tlkj20a","previousEventId":"atkfrbjna1xn9mg","previousOperationId":"l16wt4czpgukxib"}
{"type":"operationStart","subtype":"recipe","name":"chrome-pdf","timestamp":1674841434885,"id":"7sfpuxvtemtd0yj","previousEventId":"ugr8a3f4tlkj20a","operationId":"fvcmekh9fckgza5","previousOperationId":"l16wt4czpgukxib"}
{"type":"log","timestamp":1674841434885,"level":"debug","message":"Executing recipe chrome-pdf","meta":{"rootId":"tkc02lmnib5po45","id":"tkc02lmnib5po45"},"id":"t1zmkmno1ijm26p","previousOperationId":"fvcmekh9fckgza5"}
{"type":"log","timestamp":1674841434888,"level":"debug","message":"Converting with chrome HeadlessChrome/105.0.5173.0 using chrome-pool strategy","meta":{"rootId":"tkc02lmnib5po45","id":"tkc02lmnib5po45"},"id":"lfupyfjnxfg485b","previousOperationId":"fvcmekh9fckgza5"}
{"type":"log","timestamp":1674841434973,"level":"debug","message":"Page request: GET (document) file:///C:/Users/Kris/AppData/Local/Temp/jsreport/autocleanup/63d88ee1-64fa-4c77-bc08-ecf4c379900d-chrome-pdf.html","meta":{"rootId":"tkc02lmnib5po45","id":"tkc02lmnib5po45"},"id":"ny8hoyr63qmp10s","previousOperationId":"fvcmekh9fckgza5"}
{"type":"log","timestamp":1674841434983,"level":"debug","message":"Page request: GET (stylesheet) https://cdnjs.cloudflare.com/ajax/libs/chartist/0.11.0/chartist.min.css","meta":{"rootId":"tkc02lmnib5po45","id":"tkc02lmnib5po45"},"id":"ttgjyzz01lf8ue4","previousOperationId":"fvcmekh9fckgza5"}
{"type":"log","timestamp":1674841434983,"level":"debug","message":"Page request: GET (script) https://cdnjs.cloudflare.com/ajax/libs/chartist/0.11.0/chartist.min.js","meta":{"rootId":"tkc02lmnib5po45","id":"tkc02lmnib5po45"},"id":"5y8306uzvidlwoj","previousOperationId":"fvcmekh9fckgza5"}
{"type":"log","timestamp":1674841434984,"level":"debug","message":"Page request: GET (script) https://unpkg.com/chartist-plugin-tooltips@0.0.17","meta":{"rootId":"tkc02lmnib5po45","id":"tkc02lmnib5po45"},"id":"phjpzqhoe37qvds","previousOperationId":"fvcmekh9fckgza5"}
{"type":"log","timestamp":1674841434984,"level":"debug","message":"Page request: GET (script) https://unpkg.com/chartist-plugin-pointlabels@0.0.6","meta":{"rootId":"tkc02lmnib5po45","id":"tkc02lmnib5po45"},"id":"4470h78bq4n7syj","previousOperationId":"fvcmekh9fckgza5"}
{"type":"log","timestamp":1674841434985,"level":"debug","message":"Page request finished: GET (document) 200 file:///C:/Users/Kris/AppData/Local/Temp/jsreport/autocleanup/63d88ee1-64fa-4c77-bc08-ecf4c379900d-chrome-pdf.html","meta":{"rootId":"tkc02lmnib5po45","id":"tkc02lmnib5po45"},"id":"aem4w9qsn2hjxyf","previousOperationId":"fvcmekh9fckgza5"}
{"type":"log","timestamp":1674841434988,"level":"debug","message":"Page request finished: GET (stylesheet) 200 https://cdnjs.cloudflare.com/ajax/libs/chartist/0.11.0/chartist.min.css","meta":{"rootId":"tkc02lmnib5po45","id":"tkc02lmnib5po45"},"id":"llazae5ui7wa8fo","previousOperationId":"fvcmekh9fckgza5"}
{"type":"log","timestamp":1674841434988,"level":"warn","message":"Page request failed: GET (script) 302 https://unpkg.com/chartist-plugin-tooltips@0.0.17 (redirect to: /chartist-plugin-tooltips@0.0.17/dist/chartist-plugin-tooltip.js)","meta":{"rootId":"tkc02lmnib5po45","id":"tkc02lmnib5po45"},"id":"l7mqllrmqi3zp0n","previousOperationId":"fvcmekh9fckgza5"}
{"type":"log","timestamp":1674841434989,"level":"debug","message":"Page request: GET (script) https://unpkg.com/chartist-plugin-tooltips@0.0.17/dist/chartist-plugin-tooltip.js (redirect from: https://unpkg.com/chartist-plugin-tooltips@0.0.17)","meta":{"rootId":"tkc02lmnib5po45","id":"tkc02lmnib5po45"},"id":"ec5hhvb7clqe5yv","previousOperationId":"fvcmekh9fckgza5"}
{"type":"log","timestamp":1674841434989,"level":"warn","message":"Page request failed: GET (script) 302 https://unpkg.com/chartist-plugin-pointlabels@0.0.6 (redirect to: /chartist-plugin-pointlabels@0.0.6/dist/chartist-plugin-pointlabels.js)","meta":{"rootId":"tkc02lmnib5po45","id":"tkc02lmnib5po45"},"id":"ev8ymgm5maepnkx","previousOperationId":"fvcmekh9fckgza5"}
{"type":"log","timestamp":1674841434989,"level":"debug","message":"Page request finished: GET (script) 200 https://cdnjs.cloudflare.com/ajax/libs/chartist/0.11.0/chartist.min.js","meta":{"rootId":"tkc02lmnib5po45","id":"tkc02lmnib5po45"},"id":"6lpqn6d4z3u4ohb","previousOperationId":"fvcmekh9fckgza5"}
{"type":"log","timestamp":1674841434989,"level":"debug","message":"Page request: GET (script) https://unpkg.com/chartist-plugin-pointlabels@0.0.6/dist/chartist-plugin-pointlabels.js (redirect from: https://unpkg.com/chartist-plugin-pointlabels@0.0.6)","meta":{"rootId":"tkc02lmnib5po45","id":"tkc02lmnib5po45"},"id":"j9msjr4i640it7k","previousOperationId":"fvcmekh9fckgza5"}
{"type":"log","timestamp":1674841434991,"level":"debug","message":"Page request finished: GET (script) 200 https://unpkg.com/chartist-plugin-tooltips@0.0.17/dist/chartist-plugin-tooltip.js","meta":{"rootId":"tkc02lmnib5po45","id":"tkc02lmnib5po45"},"id":"qoqddl3dkwkuj6k","previousOperationId":"fvcmekh9fckgza5"}
{"type":"log","timestamp":1674841434992,"level":"debug","message":"Page request finished: GET (script) 200 https://unpkg.com/chartist-plugin-pointlabels@0.0.6/dist/chartist-plugin-pointlabels.js","meta":{"rootId":"tkc02lmnib5po45","id":"tkc02lmnib5po45"},"id":"3qz9l24zmqvc2ql","previousOperationId":"fvcmekh9fckgza5"}
{"type":"log","timestamp":1674841435035,"level":"debug","message":"Running chrome with params {\"printBackground\":true,\"timeout\":59845,\"margin\":{}}","meta":{"rootId":"tkc02lmnib5po45","id":"tkc02lmnib5po45"},"id":"exf4s5ij3vhwdvs","previousOperationId":"fvcmekh9fckgza5"}
{"type":"operationEnd","operationId":"fvcmekh9fckgza5","timestamp":1674841435141,"id":"tv9cdasd0flqr1w","previousEventId":"7sfpuxvtemtd0yj","previousOperationId":"fvcmekh9fckgza5"}
{"type":"log","timestamp":1674841435141,"level":"debug","message":"Skipping storing report.","meta":{"rootId":"tkc02lmnib5po45","id":"tkc02lmnib5po45"},"id":"ydnurxxlvcgo62i","previousOperationId":"fvcmekh9fckgza5"}
{"type":"log","timestamp":1674841435141,"level":"info","message":"Rendering request 4 finished in 409 ms","meta":{"rootId":"tkc02lmnib5po45","id":"tkc02lmnib5po45"},"id":"op69rakmhqgosfv","previousOperationId":"fvcmekh9fckgza5"}
{"type":"operationEnd","subtype":"render","operationId":"1zo9ufqtlbyea0f","timestamp":1674841435141,"id":"4xv5tdbgfv57sk1","previousEventId":"tv9cdasd0flqr1w","previousOperationId":"fvcmekh9fckgza5"}
{"type":"operationEnd","doDiffs":false,"previousEventId":"z90hyj7jmqubc4y","previousOperationId":"54r36bb16an8v8l","operationId":"54r36bb16an8v8l","timestamp":1674841435146,"id":"1nh0q8wh1ftsuze"}
