{"type":"operationStart","subtype":"profile","data":{"_id":"KYV04nZ906eePz03","timestamp":"2023-01-27T18:05:26.297Z","state":"queued","mode":"standard","creationDate":"2023-01-27T18:05:26.298Z","modificationDate":"2023-01-27T18:05:26.298Z","shortid":"8EIITVw","$entitySet":"profiles"},"doDiffs":false,"timestamp":1674842726297,"id":"4syrgdrus0lmmn6","previousOperationId":null,"operationId":"q3h4avti3806ozm"}
{"type":"log","level":"info","message":"Render request 15 queued for execution and waiting for available worker","previousOperationId":"q3h4avti3806ozm","timestamp":1674842726297,"id":"36dpunh05m4hq8v"}
{"type":"operationStart","subtype":"render","name":"SpaceInVRs-main","previousOperationId":"q3h4avti3806ozm","timestamp":1674842726309,"id":"78zb36w07povo77","previousEventId":"4syrgdrus0lmmn6","operationId":"x2l1csl5555rpal"}
{"type":"log","timestamp":1674842726309,"level":"info","message":"Starting rendering request 15","meta":{"rootId":"xxqhmmrbz52z7hi","id":"xxqhmmrbz52z7hi"},"id":"7qdy2ud88ftcsdl","previousOperationId":"x2l1csl5555rpal"}
{"type":"log","timestamp":1674842726309,"level":"info","message":"Rendering template { name: SpaceInVRs-main, recipe: chrome-pdf, engine: handlebars, preview: true }","meta":{"rootId":"xxqhmmrbz52z7hi","id":"xxqhmmrbz52z7hi"},"id":"bai5tditpgg92dh","previousOperationId":"x2l1csl5555rpal"}
{"type":"log","timestamp":1674842726311,"level":"debug","message":"Adding sample data 44EIOSaAC","meta":{"rootId":"xxqhmmrbz52z7hi","id":"xxqhmmrbz52z7hi"},"id":"xibtu8q4tggljog","previousOperationId":"x2l1csl5555rpal"}
{"type":"log","timestamp":1674842726313,"level":"debug","message":"Executing script SpaceInVRs-mainscript (beforeRender)","meta":{"rootId":"xxqhmmrbz52z7hi","id":"xxqhmmrbz52z7hi"},"id":"o9gn9bbxcp3egbl","previousOperationId":"x2l1csl5555rpal"}
{"type":"operationStart","subtype":"scriptsBeforeRender","name":"scripts beforeRender","timestamp":1674842726384,"id":"8bqvd6tmscxzjww","previousEventId":"78zb36w07povo77","operationId":"kuvqv0z4hyyvn5p","previousOperationId":"x2l1csl5555rpal"}
{"type":"operationStart","subtype":"script","name":"scripts SpaceInVRs-mainscript","previousOperationId":"kuvqv0z4hyyvn5p","timestamp":1674842726384,"id":"mqjypuahmezfnfu","previousEventId":"8bqvd6tmscxzjww","operationId":"p60oh2dbhkreg2j"}
{"type":"log","timestamp":1674842726403,"level":"debug","message":"(console:log) 150","meta":{"userLevel":true,"rootId":"xxqhmmrbz52z7hi","id":"xxqhmmrbz52z7hi"},"id":"ikjiy41larlfi5w","previousOperationId":"p60oh2dbhkreg2j"}
{"type":"log","timestamp":1674842726403,"level":"debug","message":"(console:log) Aquí el score: undefined","meta":{"userLevel":true,"rootId":"xxqhmmrbz52z7hi","id":"xxqhmmrbz52z7hi"},"id":"ut890mhv7mwqyx9","previousOperationId":"p60oh2dbhkreg2j"}
{"type":"log","timestamp":1674842726403,"level":"debug","message":"(console:log) Aquí las naves destruidas: undefined","meta":{"userLevel":true,"rootId":"xxqhmmrbz52z7hi","id":"xxqhmmrbz52z7hi"},"id":"3m2qvo40p8v0g0n","previousOperationId":"p60oh2dbhkreg2j"}
{"type":"operationEnd","operationId":"p60oh2dbhkreg2j","timestamp":1674842726413,"id":"0dflm9t2hip6ewg","previousEventId":"78zb36w07povo77","previousOperationId":"x2l1csl5555rpal"}
{"type":"operationEnd","operationId":"kuvqv0z4hyyvn5p","timestamp":1674842726413,"id":"5qw7j4dkdh1kj30","previousEventId":"0dflm9t2hip6ewg","previousOperationId":"x2l1csl5555rpal"}
{"type":"log","timestamp":1674842726413,"level":"debug","message":"Base url not specified, skipping its injection.","meta":{"rootId":"xxqhmmrbz52z7hi","id":"xxqhmmrbz52z7hi"},"id":"jnnkerma815d0si","previousOperationId":"kuvqv0z4hyyvn5p"}
{"type":"operationStart","subtype":"engine","name":"handlebars","timestamp":1674842726414,"id":"2ue9fbbwx350bk8","previousEventId":"5qw7j4dkdh1kj30","operationId":"96lfmule1d6ldsv","previousOperationId":"kuvqv0z4hyyvn5p"}
{"type":"log","timestamp":1674842726414,"level":"debug","message":"Rendering engine handlebars","meta":{"rootId":"xxqhmmrbz52z7hi","id":"xxqhmmrbz52z7hi"},"id":"awly4ip2afc3mu0","previousOperationId":"96lfmule1d6ldsv"}
{"type":"operationEnd","operationId":"96lfmule1d6ldsv","timestamp":1674842726430,"id":"nrogc72ubi6bcy1","previousEventId":"2ue9fbbwx350bk8","previousOperationId":"96lfmule1d6ldsv"}
{"type":"operationStart","subtype":"recipe","name":"chrome-pdf","timestamp":1674842726430,"id":"xu0f035ee03qfa1","previousEventId":"nrogc72ubi6bcy1","operationId":"du3ib377dhpdel5","previousOperationId":"96lfmule1d6ldsv"}
{"type":"log","timestamp":1674842726430,"level":"debug","message":"Executing recipe chrome-pdf","meta":{"rootId":"xxqhmmrbz52z7hi","id":"xxqhmmrbz52z7hi"},"id":"bvqmz66w5p64vov","previousOperationId":"du3ib377dhpdel5"}
{"type":"log","timestamp":1674842726432,"level":"debug","message":"Converting with chrome HeadlessChrome/105.0.5173.0 using chrome-pool strategy","meta":{"rootId":"xxqhmmrbz52z7hi","id":"xxqhmmrbz52z7hi"},"id":"vcmvza8xadsgvw3","previousOperationId":"du3ib377dhpdel5"}
{"type":"log","timestamp":1674842726517,"level":"debug","message":"Page request: GET (document) file:///C:/Users/Kris/AppData/Local/Temp/jsreport/autocleanup/c432b728-b2d1-46bc-8233-f958be05d29f-chrome-pdf.html","meta":{"rootId":"xxqhmmrbz52z7hi","id":"xxqhmmrbz52z7hi"},"id":"2bvmlvr4ovxorw3","previousOperationId":"du3ib377dhpdel5"}
{"type":"log","timestamp":1674842726552,"level":"debug","message":"Page request finished: GET (document) 200 file:///C:/Users/Kris/AppData/Local/Temp/jsreport/autocleanup/c432b728-b2d1-46bc-8233-f958be05d29f-chrome-pdf.html","meta":{"rootId":"xxqhmmrbz52z7hi","id":"xxqhmmrbz52z7hi"},"id":"8ijvm0is1cyolrq","previousOperationId":"du3ib377dhpdel5"}
{"type":"log","timestamp":1674842726552,"level":"debug","message":"Page request: GET (stylesheet) https://cdnjs.cloudflare.com/ajax/libs/chartist/0.11.0/chartist.min.css","meta":{"rootId":"xxqhmmrbz52z7hi","id":"xxqhmmrbz52z7hi"},"id":"c12aalh793bbw2q","previousOperationId":"du3ib377dhpdel5"}
{"type":"log","timestamp":1674842726553,"level":"debug","message":"Page request: GET (script) https://cdnjs.cloudflare.com/ajax/libs/chartist/0.11.0/chartist.min.js","meta":{"rootId":"xxqhmmrbz52z7hi","id":"xxqhmmrbz52z7hi"},"id":"dueuewn6x3dezwa","previousOperationId":"du3ib377dhpdel5"}
{"type":"log","timestamp":1674842726553,"level":"debug","message":"Page request: GET (script) https://unpkg.com/chartist-plugin-tooltips@0.0.17","meta":{"rootId":"xxqhmmrbz52z7hi","id":"xxqhmmrbz52z7hi"},"id":"ut1onu00dnja7zk","previousOperationId":"du3ib377dhpdel5"}
{"type":"log","timestamp":1674842726553,"level":"debug","message":"Page request: GET (script) https://unpkg.com/chartist-plugin-pointlabels@0.0.6","meta":{"rootId":"xxqhmmrbz52z7hi","id":"xxqhmmrbz52z7hi"},"id":"hbdgwfy47qwat8j","previousOperationId":"du3ib377dhpdel5"}
{"type":"log","timestamp":1674842726556,"level":"warn","message":"Page request failed: GET (script) 302 https://unpkg.com/chartist-plugin-tooltips@0.0.17 (redirect to: /chartist-plugin-tooltips@0.0.17/dist/chartist-plugin-tooltip.js)","meta":{"rootId":"xxqhmmrbz52z7hi","id":"xxqhmmrbz52z7hi"},"id":"e6nnr26k61m02wn","previousOperationId":"du3ib377dhpdel5"}
{"type":"log","timestamp":1674842726557,"level":"debug","message":"Page request: GET (script) https://unpkg.com/chartist-plugin-tooltips@0.0.17/dist/chartist-plugin-tooltip.js (redirect from: https://unpkg.com/chartist-plugin-tooltips@0.0.17)","meta":{"rootId":"xxqhmmrbz52z7hi","id":"xxqhmmrbz52z7hi"},"id":"f4ryw89vsifzqcn","previousOperationId":"du3ib377dhpdel5"}
{"type":"log","timestamp":1674842726558,"level":"debug","message":"Page request finished: GET (stylesheet) 200 https://cdnjs.cloudflare.com/ajax/libs/chartist/0.11.0/chartist.min.css","meta":{"rootId":"xxqhmmrbz52z7hi","id":"xxqhmmrbz52z7hi"},"id":"iag085dnhj63t2q","previousOperationId":"du3ib377dhpdel5"}
{"type":"log","timestamp":1674842726558,"level":"warn","message":"Page request failed: GET (script) 302 https://unpkg.com/chartist-plugin-pointlabels@0.0.6 (redirect to: /chartist-plugin-pointlabels@0.0.6/dist/chartist-plugin-pointlabels.js)","meta":{"rootId":"xxqhmmrbz52z7hi","id":"xxqhmmrbz52z7hi"},"id":"y7b34p0bx6fph1y","previousOperationId":"du3ib377dhpdel5"}
{"type":"log","timestamp":1674842726559,"level":"debug","message":"Page request finished: GET (script) 200 https://cdnjs.cloudflare.com/ajax/libs/chartist/0.11.0/chartist.min.js","meta":{"rootId":"xxqhmmrbz52z7hi","id":"xxqhmmrbz52z7hi"},"id":"wrx6g6b7le5avr2","previousOperationId":"du3ib377dhpdel5"}
{"type":"log","timestamp":1674842726559,"level":"debug","message":"Page request: GET (script) https://unpkg.com/chartist-plugin-pointlabels@0.0.6/dist/chartist-plugin-pointlabels.js (redirect from: https://unpkg.com/chartist-plugin-pointlabels@0.0.6)","meta":{"rootId":"xxqhmmrbz52z7hi","id":"xxqhmmrbz52z7hi"},"id":"upngh1xx6bygprq","previousOperationId":"du3ib377dhpdel5"}
{"type":"log","timestamp":1674842726560,"level":"debug","message":"Page request finished: GET (script) 200 https://unpkg.com/chartist-plugin-tooltips@0.0.17/dist/chartist-plugin-tooltip.js","meta":{"rootId":"xxqhmmrbz52z7hi","id":"xxqhmmrbz52z7hi"},"id":"fredpkhlbxn7jie","previousOperationId":"du3ib377dhpdel5"}
{"type":"log","timestamp":1674842726561,"level":"debug","message":"Page request finished: GET (script) 200 https://unpkg.com/chartist-plugin-pointlabels@0.0.6/dist/chartist-plugin-pointlabels.js","meta":{"rootId":"xxqhmmrbz52z7hi","id":"xxqhmmrbz52z7hi"},"id":"rmpai7hrblck4gc","previousOperationId":"du3ib377dhpdel5"}
{"type":"log","timestamp":1674842726605,"level":"debug","message":"Running chrome with params {\"printBackground\":true,\"timeout\":59865,\"margin\":{}}","meta":{"rootId":"xxqhmmrbz52z7hi","id":"xxqhmmrbz52z7hi"},"id":"1mlfekp0v3xuv5r","previousOperationId":"du3ib377dhpdel5"}
{"type":"operationEnd","operationId":"du3ib377dhpdel5","timestamp":1674842726704,"id":"wpin9d0lycwz40j","previousEventId":"xu0f035ee03qfa1","previousOperationId":"du3ib377dhpdel5"}
{"type":"log","timestamp":1674842726704,"level":"debug","message":"Skipping storing report.","meta":{"rootId":"xxqhmmrbz52z7hi","id":"xxqhmmrbz52z7hi"},"id":"ajp3zubycgg4riw","previousOperationId":"du3ib377dhpdel5"}
{"type":"log","timestamp":1674842726704,"level":"info","message":"Rendering request 15 finished in 408 ms","meta":{"rootId":"xxqhmmrbz52z7hi","id":"xxqhmmrbz52z7hi"},"id":"llb630gcs78b2z9","previousOperationId":"du3ib377dhpdel5"}
{"type":"operationEnd","subtype":"render","operationId":"x2l1csl5555rpal","timestamp":1674842726704,"id":"0he77j05krusj1c","previousEventId":"wpin9d0lycwz40j","previousOperationId":"du3ib377dhpdel5"}
{"type":"operationEnd","doDiffs":false,"previousEventId":"4syrgdrus0lmmn6","previousOperationId":"q3h4avti3806ozm","operationId":"q3h4avti3806ozm","timestamp":1674842726707,"id":"52sh5tp3oms8l1x"}
