{"type":"operationStart","subtype":"profile","data":{"_id":"Uuy639Vv4tZzpmTw","timestamp":"2023-01-27T17:46:34.922Z","state":"queued","mode":"standard","creationDate":"2023-01-27T17:46:34.925Z","modificationDate":"2023-01-27T17:46:34.925Z","shortid":"eepLBgw","$entitySet":"profiles"},"doDiffs":false,"timestamp":1674841594924,"id":"tsr13xov2kru0ch","previousOperationId":null,"operationId":"wlt6szo13og80zr"}
{"type":"log","level":"info","message":"Render request 7 queued for execution and waiting for available worker","previousOperationId":"wlt6szo13og80zr","timestamp":1674841594924,"id":"7ggg2ifyxd33whc"}
{"type":"operationStart","subtype":"render","name":"SpaceInVRs-main","previousOperationId":"wlt6szo13og80zr","timestamp":1674841594935,"id":"l1g68fkx0bfwmhp","previousEventId":"tsr13xov2kru0ch","operationId":"z8broswa16pb4qf"}
{"type":"log","timestamp":1674841594935,"level":"info","message":"Starting rendering request 7","meta":{"rootId":"y2295l6jp6427kw","id":"y2295l6jp6427kw"},"id":"zjs5ciomu8djue6","previousOperationId":"z8broswa16pb4qf"}
{"type":"log","timestamp":1674841594935,"level":"info","message":"Rendering template { name: SpaceInVRs-main, recipe: chrome-pdf, engine: handlebars, preview: true }","meta":{"rootId":"y2295l6jp6427kw","id":"y2295l6jp6427kw"},"id":"nios3z2em2ay5kc","previousOperationId":"z8broswa16pb4qf"}
{"type":"log","timestamp":1674841594941,"level":"debug","message":"Adding sample data 44EIOSaAC","meta":{"rootId":"y2295l6jp6427kw","id":"y2295l6jp6427kw"},"id":"7mk0qeu90i0hi7o","previousOperationId":"z8broswa16pb4qf"}
{"type":"log","timestamp":1674841594943,"level":"debug","message":"Executing script SpaceInVRs-mainscript (beforeRender)","meta":{"rootId":"y2295l6jp6427kw","id":"y2295l6jp6427kw"},"id":"toag0eh6l1q4oa4","previousOperationId":"z8broswa16pb4qf"}
{"type":"operationStart","subtype":"scriptsBeforeRender","name":"scripts beforeRender","timestamp":1674841595017,"id":"kjxy0zknyjowjlk","previousEventId":"l1g68fkx0bfwmhp","operationId":"wkyepv221046e86","previousOperationId":"z8broswa16pb4qf"}
{"type":"operationStart","subtype":"script","name":"scripts SpaceInVRs-mainscript","previousOperationId":"wkyepv221046e86","timestamp":1674841595017,"id":"gtf6fg8bwtuz9td","previousEventId":"kjxy0zknyjowjlk","operationId":"hm39zj6bp7zodic"}
{"type":"log","timestamp":1674841595035,"level":"debug","message":"(console:log) 150","meta":{"userLevel":true,"rootId":"y2295l6jp6427kw","id":"y2295l6jp6427kw"},"id":"v4x2xfarpjbzrsq","previousOperationId":"hm39zj6bp7zodic"}
{"type":"log","timestamp":1674841595035,"level":"debug","message":"(console:log) Aquí el score: undefined","meta":{"userLevel":true,"rootId":"y2295l6jp6427kw","id":"y2295l6jp6427kw"},"id":"na5af98w6h53yok","previousOperationId":"hm39zj6bp7zodic"}
{"type":"log","timestamp":1674841595035,"level":"debug","message":"(console:log) Aquí las naves destruidas: undefined","meta":{"userLevel":true,"rootId":"y2295l6jp6427kw","id":"y2295l6jp6427kw"},"id":"htbbtmx3nx5mco3","previousOperationId":"hm39zj6bp7zodic"}
{"type":"operationEnd","operationId":"hm39zj6bp7zodic","timestamp":1674841595046,"id":"o357tiamyzi999e","previousEventId":"l1g68fkx0bfwmhp","previousOperationId":"z8broswa16pb4qf"}
{"type":"operationEnd","operationId":"wkyepv221046e86","timestamp":1674841595046,"id":"mehg41h06c0cyp8","previousEventId":"o357tiamyzi999e","previousOperationId":"z8broswa16pb4qf"}
{"type":"log","timestamp":1674841595046,"level":"debug","message":"Base url not specified, skipping its injection.","meta":{"rootId":"y2295l6jp6427kw","id":"y2295l6jp6427kw"},"id":"lh7pck7cxq5wdkw","previousOperationId":"wkyepv221046e86"}
{"type":"operationStart","subtype":"engine","name":"handlebars","timestamp":1674841595047,"id":"ilkb0mga32ci3t1","previousEventId":"mehg41h06c0cyp8","operationId":"xmgn0mxr8iagw8n","previousOperationId":"wkyepv221046e86"}
{"type":"log","timestamp":1674841595047,"level":"debug","message":"Rendering engine handlebars","meta":{"rootId":"y2295l6jp6427kw","id":"y2295l6jp6427kw"},"id":"aylufd8u68ytt8b","previousOperationId":"xmgn0mxr8iagw8n"}
{"type":"operationEnd","operationId":"xmgn0mxr8iagw8n","timestamp":1674841595058,"id":"d4hzq88crsu8lcj","previousEventId":"ilkb0mga32ci3t1","previousOperationId":"xmgn0mxr8iagw8n"}
{"type":"operationStart","subtype":"recipe","name":"chrome-pdf","timestamp":1674841595059,"id":"lzo9x4khbj5sl5x","previousEventId":"d4hzq88crsu8lcj","operationId":"g4ngrqy0q86vt8g","previousOperationId":"xmgn0mxr8iagw8n"}
{"type":"log","timestamp":1674841595059,"level":"debug","message":"Executing recipe chrome-pdf","meta":{"rootId":"y2295l6jp6427kw","id":"y2295l6jp6427kw"},"id":"loh0pq1h0tit20w","previousOperationId":"g4ngrqy0q86vt8g"}
{"type":"log","timestamp":1674841595061,"level":"debug","message":"Converting with chrome HeadlessChrome/105.0.5173.0 using chrome-pool strategy","meta":{"rootId":"y2295l6jp6427kw","id":"y2295l6jp6427kw"},"id":"6azoio1cfkop2q6","previousOperationId":"g4ngrqy0q86vt8g"}
{"type":"log","timestamp":1674841595139,"level":"debug","message":"Page request: GET (document) file:///C:/Users/Kris/AppData/Local/Temp/jsreport/autocleanup/2f45101c-1a8e-4ccb-b482-189e0cfcec1e-chrome-pdf.html","meta":{"rootId":"y2295l6jp6427kw","id":"y2295l6jp6427kw"},"id":"oebsn78wqg0cp2n","previousOperationId":"g4ngrqy0q86vt8g"}
{"type":"log","timestamp":1674841595149,"level":"debug","message":"Page request finished: GET (document) 200 file:///C:/Users/Kris/AppData/Local/Temp/jsreport/autocleanup/2f45101c-1a8e-4ccb-b482-189e0cfcec1e-chrome-pdf.html","meta":{"rootId":"y2295l6jp6427kw","id":"y2295l6jp6427kw"},"id":"7rwlkmm3r8qc7jb","previousOperationId":"g4ngrqy0q86vt8g"}
{"type":"log","timestamp":1674841595149,"level":"debug","message":"Page request: GET (stylesheet) https://cdnjs.cloudflare.com/ajax/libs/chartist/0.11.0/chartist.min.css","meta":{"rootId":"y2295l6jp6427kw","id":"y2295l6jp6427kw"},"id":"cjvgrmzo16ljpss","previousOperationId":"g4ngrqy0q86vt8g"}
{"type":"log","timestamp":1674841595149,"level":"debug","message":"Page request: GET (script) https://cdnjs.cloudflare.com/ajax/libs/chartist/0.11.0/chartist.min.js","meta":{"rootId":"y2295l6jp6427kw","id":"y2295l6jp6427kw"},"id":"6y2ps59jwv1t71h","previousOperationId":"g4ngrqy0q86vt8g"}
{"type":"log","timestamp":1674841595149,"level":"debug","message":"Page request: GET (script) https://unpkg.com/chartist-plugin-tooltips@0.0.17","meta":{"rootId":"y2295l6jp6427kw","id":"y2295l6jp6427kw"},"id":"uxf5rdlevbmsc0s","previousOperationId":"g4ngrqy0q86vt8g"}
{"type":"log","timestamp":1674841595149,"level":"debug","message":"Page request: GET (script) https://unpkg.com/chartist-plugin-pointlabels@0.0.6","meta":{"rootId":"y2295l6jp6427kw","id":"y2295l6jp6427kw"},"id":"6kengdi15waec13","previousOperationId":"g4ngrqy0q86vt8g"}
{"type":"log","timestamp":1674841595153,"level":"warn","message":"Page request failed: GET (script) 302 https://unpkg.com/chartist-plugin-tooltips@0.0.17 (redirect to: /chartist-plugin-tooltips@0.0.17/dist/chartist-plugin-tooltip.js)","meta":{"rootId":"y2295l6jp6427kw","id":"y2295l6jp6427kw"},"id":"icoyqesu6k99rsp","previousOperationId":"g4ngrqy0q86vt8g"}
{"type":"log","timestamp":1674841595153,"level":"debug","message":"Page request: GET (script) https://unpkg.com/chartist-plugin-tooltips@0.0.17/dist/chartist-plugin-tooltip.js (redirect from: https://unpkg.com/chartist-plugin-tooltips@0.0.17)","meta":{"rootId":"y2295l6jp6427kw","id":"y2295l6jp6427kw"},"id":"xf1r19vo0d3bwyi","previousOperationId":"g4ngrqy0q86vt8g"}
{"type":"log","timestamp":1674841595154,"level":"debug","message":"Page request finished: GET (stylesheet) 200 https://cdnjs.cloudflare.com/ajax/libs/chartist/0.11.0/chartist.min.css","meta":{"rootId":"y2295l6jp6427kw","id":"y2295l6jp6427kw"},"id":"mnurrpl6jzvz6hr","previousOperationId":"g4ngrqy0q86vt8g"}
{"type":"log","timestamp":1674841595154,"level":"warn","message":"Page request failed: GET (script) 302 https://unpkg.com/chartist-plugin-pointlabels@0.0.6 (redirect to: /chartist-plugin-pointlabels@0.0.6/dist/chartist-plugin-pointlabels.js)","meta":{"rootId":"y2295l6jp6427kw","id":"y2295l6jp6427kw"},"id":"ozgbfhkf5suwy39","previousOperationId":"g4ngrqy0q86vt8g"}
{"type":"log","timestamp":1674841595154,"level":"debug","message":"Page request: GET (script) https://unpkg.com/chartist-plugin-pointlabels@0.0.6/dist/chartist-plugin-pointlabels.js (redirect from: https://unpkg.com/chartist-plugin-pointlabels@0.0.6)","meta":{"rootId":"y2295l6jp6427kw","id":"y2295l6jp6427kw"},"id":"t2jkxg19jerahgm","previousOperationId":"g4ngrqy0q86vt8g"}
{"type":"log","timestamp":1674841595155,"level":"debug","message":"Page request finished: GET (script) 200 https://cdnjs.cloudflare.com/ajax/libs/chartist/0.11.0/chartist.min.js","meta":{"rootId":"y2295l6jp6427kw","id":"y2295l6jp6427kw"},"id":"hefs7jj6rpu4zku","previousOperationId":"g4ngrqy0q86vt8g"}
{"type":"log","timestamp":1674841595157,"level":"debug","message":"Page request finished: GET (script) 200 https://unpkg.com/chartist-plugin-tooltips@0.0.17/dist/chartist-plugin-tooltip.js","meta":{"rootId":"y2295l6jp6427kw","id":"y2295l6jp6427kw"},"id":"8c9mlf6bpsxnr8w","previousOperationId":"g4ngrqy0q86vt8g"}
{"type":"log","timestamp":1674841595158,"level":"debug","message":"Page request finished: GET (script) 200 https://unpkg.com/chartist-plugin-pointlabels@0.0.6/dist/chartist-plugin-pointlabels.js","meta":{"rootId":"y2295l6jp6427kw","id":"y2295l6jp6427kw"},"id":"lvba3kw4f1wxn9p","previousOperationId":"g4ngrqy0q86vt8g"}
{"type":"log","timestamp":1674841595197,"level":"debug","message":"Running chrome with params {\"printBackground\":true,\"timeout\":59861,\"margin\":{}}","meta":{"rootId":"y2295l6jp6427kw","id":"y2295l6jp6427kw"},"id":"stgjr1antdruaj1","previousOperationId":"g4ngrqy0q86vt8g"}
{"type":"operationEnd","operationId":"g4ngrqy0q86vt8g","timestamp":1674841595293,"id":"fpoicpgo66ne5wk","previousEventId":"lzo9x4khbj5sl5x","previousOperationId":"g4ngrqy0q86vt8g"}
{"type":"log","timestamp":1674841595293,"level":"debug","message":"Skipping storing report.","meta":{"rootId":"y2295l6jp6427kw","id":"y2295l6jp6427kw"},"id":"7jkxvxckpctks2o","previousOperationId":"g4ngrqy0q86vt8g"}
{"type":"log","timestamp":1674841595293,"level":"info","message":"Rendering request 7 finished in 371 ms","meta":{"rootId":"y2295l6jp6427kw","id":"y2295l6jp6427kw"},"id":"gby7ir9yssciggr","previousOperationId":"g4ngrqy0q86vt8g"}
{"type":"operationEnd","subtype":"render","operationId":"z8broswa16pb4qf","timestamp":1674841595293,"id":"tqqpi0d8889t4g4","previousEventId":"fpoicpgo66ne5wk","previousOperationId":"g4ngrqy0q86vt8g"}
{"type":"operationEnd","doDiffs":false,"previousEventId":"tsr13xov2kru0ch","previousOperationId":"wlt6szo13og80zr","operationId":"wlt6szo13og80zr","timestamp":1674841595297,"id":"6coaan3sb0v21bw"}
