{"type":"operationStart","subtype":"profile","data":{"_id":"P0uG8omw7iPsSYEU","timestamp":"2023-02-22T17:40:49.110Z","state":"queued","mode":"standard","creationDate":"2023-02-22T17:40:49.114Z","modificationDate":"2023-02-22T17:40:49.114Z","shortid":"6zwOnqr","$entitySet":"profiles"},"doDiffs":false,"timestamp":1677087649111,"id":"evgp0kxomxi71yh","previousOperationId":null,"operationId":"l2qo8e2azma934h"}
{"type":"log","level":"info","message":"Render request 4 queued for execution and waiting for available worker","previousOperationId":"l2qo8e2azma934h","timestamp":1677087649112,"id":"flileya4lv4nl3a"}
{"type":"operationStart","subtype":"render","name":"orders-header","previousOperationId":"l2qo8e2azma934h","timestamp":1677087649126,"id":"e7ss2oj4gchfhty","previousEventId":"evgp0kxomxi71yh","operationId":"y2wzyqwxoo3nggl"}
{"type":"log","timestamp":1677087649126,"level":"info","message":"Starting rendering request 4","meta":{"rootId":"15scnsm7cxcsycb","id":"15scnsm7cxcsycb"},"id":"zkjqq2g8t9m1279","previousOperationId":"y2wzyqwxoo3nggl"}
{"type":"log","timestamp":1677087649127,"level":"info","message":"Rendering template { name: orders-header, recipe: chrome-pdf, engine: handlebars, preview: true }","meta":{"rootId":"15scnsm7cxcsycb","id":"15scnsm7cxcsycb"},"id":"uxt2chhv8srt8nk","previousOperationId":"y2wzyqwxoo3nggl"}
{"type":"log","timestamp":1677087649129,"level":"debug","message":"Data item not defined for this template.","meta":{"rootId":"15scnsm7cxcsycb","id":"15scnsm7cxcsycb"},"id":"yt8fsukrwa8kjsj","previousOperationId":"y2wzyqwxoo3nggl"}
{"type":"log","timestamp":1677087649160,"level":"debug","message":"Base url not specified, skipping its injection.","meta":{"rootId":"15scnsm7cxcsycb","id":"15scnsm7cxcsycb"},"id":"7xenrdrymb65z7e","previousOperationId":"y2wzyqwxoo3nggl"}
{"type":"operationStart","subtype":"engine","name":"handlebars","timestamp":1677087649161,"id":"sgv6ynj0fxhi5q7","previousEventId":"e7ss2oj4gchfhty","operationId":"0ugvcody0ar6wf8","previousOperationId":"y2wzyqwxoo3nggl"}
{"type":"log","timestamp":1677087649161,"level":"debug","message":"Rendering engine handlebars","meta":{"rootId":"15scnsm7cxcsycb","id":"15scnsm7cxcsycb"},"id":"nvtut72z3hjq7av","previousOperationId":"0ugvcody0ar6wf8"}
{"type":"operationEnd","operationId":"0ugvcody0ar6wf8","timestamp":1677087649177,"id":"albql49t2zt9upm","previousEventId":"sgv6ynj0fxhi5q7","previousOperationId":"0ugvcody0ar6wf8"}
{"type":"operationStart","subtype":"recipe","name":"chrome-pdf","timestamp":1677087649177,"id":"ewdnar11u3qpzxi","previousEventId":"albql49t2zt9upm","operationId":"iatztd2a1y2s649","previousOperationId":"0ugvcody0ar6wf8"}
{"type":"log","timestamp":1677087649177,"level":"debug","message":"Executing recipe chrome-pdf","meta":{"rootId":"15scnsm7cxcsycb","id":"15scnsm7cxcsycb"},"id":"m0d5zyovya5uaxk","previousOperationId":"iatztd2a1y2s649"}
{"type":"log","timestamp":1677087649179,"level":"debug","message":"Converting with chrome HeadlessChrome/105.0.5173.0 using chrome-pool strategy","meta":{"rootId":"15scnsm7cxcsycb","id":"15scnsm7cxcsycb"},"id":"3roq8vmve0wo9nk","previousOperationId":"iatztd2a1y2s649"}
{"type":"log","timestamp":1677087649269,"level":"debug","message":"Page request: GET (document) file:///C:/Users/Kris/AppData/Local/Temp/jsreport/autocleanup/98aeb4d4-d062-459f-ab54-0723007eaa90-chrome-pdf.html","meta":{"rootId":"15scnsm7cxcsycb","id":"15scnsm7cxcsycb"},"id":"0xy07r8j98omyls","previousOperationId":"iatztd2a1y2s649"}
{"type":"log","timestamp":1677087649278,"level":"debug","message":"Page request: GET (stylesheet) https://cdnjs.cloudflare.com/ajax/libs/metro/4.1.5/css/metro.min.css","meta":{"rootId":"15scnsm7cxcsycb","id":"15scnsm7cxcsycb"},"id":"fbvhh0nzgs9wo43","previousOperationId":"iatztd2a1y2s649"}
{"type":"log","timestamp":1677087649278,"level":"debug","message":"Page request finished: GET (document) 200 file:///C:/Users/Kris/AppData/Local/Temp/jsreport/autocleanup/98aeb4d4-d062-459f-ab54-0723007eaa90-chrome-pdf.html","meta":{"rootId":"15scnsm7cxcsycb","id":"15scnsm7cxcsycb"},"id":"c3gh6vmqa5ntzei","previousOperationId":"iatztd2a1y2s649"}
{"type":"log","timestamp":1677087649298,"level":"debug","message":"Page request finished: GET (stylesheet) 200 https://cdnjs.cloudflare.com/ajax/libs/metro/4.1.5/css/metro.min.css","meta":{"rootId":"15scnsm7cxcsycb","id":"15scnsm7cxcsycb"},"id":"27jw77fav8vn1ui","previousOperationId":"iatztd2a1y2s649"}
{"type":"log","timestamp":1677087649304,"level":"debug","message":"Running chrome with params {\"printBackground\":true,\"marginTop\":\"1.5cm\",\"marginRight\":\"1.5cm\",\"marginLeft\":\"1.cm\",\"timeout\":59931,\"margin\":{\"top\":\"1.5cm\",\"right\":\"1.5cm\",\"left\":\"1.cm\"}}","meta":{"rootId":"15scnsm7cxcsycb","id":"15scnsm7cxcsycb"},"id":"xiil6fbmt99gtb1","previousOperationId":"iatztd2a1y2s649"}
{"type":"operationEnd","operationId":"iatztd2a1y2s649","timestamp":1677087649334,"id":"48a2jgoaah2xi4h","previousEventId":"ewdnar11u3qpzxi","previousOperationId":"iatztd2a1y2s649"}
{"type":"log","timestamp":1677087649334,"level":"debug","message":"Skipping storing report.","meta":{"rootId":"15scnsm7cxcsycb","id":"15scnsm7cxcsycb"},"id":"jddesec6y4w5x27","previousOperationId":"iatztd2a1y2s649"}
{"type":"log","timestamp":1677087649334,"level":"info","message":"Rendering request 4 finished in 224 ms","meta":{"rootId":"15scnsm7cxcsycb","id":"15scnsm7cxcsycb"},"id":"fejxvbu4fcfq3ho","previousOperationId":"iatztd2a1y2s649"}
{"type":"operationEnd","subtype":"render","operationId":"y2wzyqwxoo3nggl","timestamp":1677087649334,"id":"sexgzsx5h8rgayd","previousEventId":"48a2jgoaah2xi4h","previousOperationId":"iatztd2a1y2s649"}
{"type":"operationEnd","doDiffs":false,"previousEventId":"evgp0kxomxi71yh","previousOperationId":"l2qo8e2azma934h","operationId":"l2qo8e2azma934h","timestamp":1677087649344,"id":"b48nq9kibv8bkvm"}
