{"type":"operationStart","subtype":"profile","data":{"_id":"TitESORk3rR4AKb0","timestamp":"2023-02-22T17:39:02.874Z","state":"queued","mode":"standard","creationDate":"2023-02-22T17:39:02.878Z","modificationDate":"2023-02-22T17:39:02.878Z","shortid":"_DBp6mI","$entitySet":"profiles"},"doDiffs":false,"timestamp":1677087542875,"id":"q01vo46dy0eous3","previousOperationId":null,"operationId":"0f1vskz6b01dud3"}
{"type":"log","level":"info","message":"Render request 1 queued for execution and waiting for available worker","previousOperationId":"0f1vskz6b01dud3","timestamp":1677087542876,"id":"oiwyetbup64zz0a"}
{"type":"operationStart","subtype":"render","name":"orders-header","previousOperationId":"0f1vskz6b01dud3","timestamp":1677087542905,"id":"6qrh05pf98orlhi","previousEventId":"q01vo46dy0eous3","operationId":"ihp921mh7gnplme"}
{"type":"log","timestamp":1677087542905,"level":"info","message":"Starting rendering request 1","meta":{"rootId":"31nvo7s8f3v0pfs","id":"31nvo7s8f3v0pfs"},"id":"hghvwzlw9yotmkc","previousOperationId":"ihp921mh7gnplme"}
{"type":"log","timestamp":1677087542907,"level":"info","message":"Rendering template { name: orders-header, recipe: chrome-pdf, engine: handlebars, preview: true }","meta":{"rootId":"31nvo7s8f3v0pfs","id":"31nvo7s8f3v0pfs"},"id":"zs55c1vgq2wqwf4","previousOperationId":"ihp921mh7gnplme"}
{"type":"log","timestamp":1677087542910,"level":"debug","message":"Data item not defined for this template.","meta":{"rootId":"31nvo7s8f3v0pfs","id":"31nvo7s8f3v0pfs"},"id":"w5n8gcymz8ml6xn","previousOperationId":"ihp921mh7gnplme"}
{"type":"log","timestamp":1677087542914,"level":"debug","message":"Base url not specified, skipping its injection.","meta":{"rootId":"31nvo7s8f3v0pfs","id":"31nvo7s8f3v0pfs"},"id":"zli0nplbfb0uvrl","previousOperationId":"ihp921mh7gnplme"}
{"type":"operationStart","subtype":"engine","name":"handlebars","timestamp":1677087542915,"id":"c9z3rdjf804bxuu","previousEventId":"6qrh05pf98orlhi","operationId":"p7ng8yj34d75t4i","previousOperationId":"ihp921mh7gnplme"}
{"type":"log","timestamp":1677087542915,"level":"debug","message":"Rendering engine handlebars","meta":{"rootId":"31nvo7s8f3v0pfs","id":"31nvo7s8f3v0pfs"},"id":"rv85jc44osvre68","previousOperationId":"p7ng8yj34d75t4i"}
{"type":"operationEnd","operationId":"p7ng8yj34d75t4i","timestamp":1677087543568,"id":"eq3gvst8xw6i86w","previousEventId":"c9z3rdjf804bxuu","previousOperationId":"p7ng8yj34d75t4i"}
{"type":"operationStart","subtype":"recipe","name":"chrome-pdf","timestamp":1677087543569,"id":"95ka2vi3xmk6zw7","previousEventId":"eq3gvst8xw6i86w","operationId":"krarf8n2g9d0xmq","previousOperationId":"p7ng8yj34d75t4i"}
{"type":"log","timestamp":1677087543569,"level":"debug","message":"Executing recipe chrome-pdf","meta":{"rootId":"31nvo7s8f3v0pfs","id":"31nvo7s8f3v0pfs"},"id":"ow7f4zty4paywre","previousOperationId":"krarf8n2g9d0xmq"}
{"type":"log","timestamp":1677087544074,"level":"debug","message":"Converting with chrome HeadlessChrome/105.0.5173.0 using chrome-pool strategy","meta":{"rootId":"31nvo7s8f3v0pfs","id":"31nvo7s8f3v0pfs"},"id":"824hdnaywso5t59","previousOperationId":"krarf8n2g9d0xmq"}
{"type":"log","timestamp":1677087545088,"level":"debug","message":"Page request: GET (document) file:///C:/Users/Kris/AppData/Local/Temp/jsreport/autocleanup/50e44941-f9fa-45d7-b16d-eb75e275cd39-chrome-pdf.html","meta":{"rootId":"31nvo7s8f3v0pfs","id":"31nvo7s8f3v0pfs"},"id":"diaza0sjdc0gyib","previousOperationId":"krarf8n2g9d0xmq"}
{"type":"log","timestamp":1677087545104,"level":"debug","message":"Page request finished: GET (document) 200 file:///C:/Users/Kris/AppData/Local/Temp/jsreport/autocleanup/50e44941-f9fa-45d7-b16d-eb75e275cd39-chrome-pdf.html","meta":{"rootId":"31nvo7s8f3v0pfs","id":"31nvo7s8f3v0pfs"},"id":"glzl9lde8snnv5c","previousOperationId":"krarf8n2g9d0xmq"}
{"type":"log","timestamp":1677087545105,"level":"debug","message":"Page request: GET (stylesheet) https://cdnjs.cloudflare.com/ajax/libs/metro/4.1.5/css/metro.min.css","meta":{"rootId":"31nvo7s8f3v0pfs","id":"31nvo7s8f3v0pfs"},"id":"cshfc2wihoaz5xu","previousOperationId":"krarf8n2g9d0xmq"}
{"type":"log","timestamp":1677087548050,"level":"debug","message":"Page request finished: GET (stylesheet) 200 https://cdnjs.cloudflare.com/ajax/libs/metro/4.1.5/css/metro.min.css","meta":{"rootId":"31nvo7s8f3v0pfs","id":"31nvo7s8f3v0pfs"},"id":"cdcoztvi2fotdhu","previousOperationId":"krarf8n2g9d0xmq"}
{"type":"log","timestamp":1677087548056,"level":"debug","message":"Running chrome with params {\"printBackground\":true,\"marginTop\":\"1.5cm\",\"marginRight\":\"1.5cm\",\"marginLeft\":\"1.cm\",\"timeout\":59180,\"margin\":{\"top\":\"1.5cm\",\"right\":\"1.5cm\",\"left\":\"1.cm\"}}","meta":{"rootId":"31nvo7s8f3v0pfs","id":"31nvo7s8f3v0pfs"},"id":"dw3bybs448znufu","previousOperationId":"krarf8n2g9d0xmq"}
{"type":"operationEnd","operationId":"krarf8n2g9d0xmq","timestamp":1677087548098,"id":"w6tndsgrmwf6pbv","previousEventId":"95ka2vi3xmk6zw7","previousOperationId":"krarf8n2g9d0xmq"}
{"type":"log","timestamp":1677087548099,"level":"debug","message":"Skipping storing report.","meta":{"rootId":"31nvo7s8f3v0pfs","id":"31nvo7s8f3v0pfs"},"id":"iwclfjoamjwlgzv","previousOperationId":"krarf8n2g9d0xmq"}
{"type":"log","timestamp":1677087548100,"level":"info","message":"Rendering request 1 finished in 5226 ms","meta":{"rootId":"31nvo7s8f3v0pfs","id":"31nvo7s8f3v0pfs"},"id":"hn0ukc614scc9yp","previousOperationId":"krarf8n2g9d0xmq"}
{"type":"operationEnd","subtype":"render","operationId":"ihp921mh7gnplme","timestamp":1677087548100,"id":"9f7d71b2zdqlpbq","previousEventId":"w6tndsgrmwf6pbv","previousOperationId":"krarf8n2g9d0xmq"}
{"type":"operationEnd","doDiffs":false,"previousEventId":"q01vo46dy0eous3","previousOperationId":"0f1vskz6b01dud3","operationId":"0f1vskz6b01dud3","timestamp":1677087548117,"id":"jomw9zcdue4eehe"}
