{"type":"operationStart","subtype":"profile","data":{"_id":"zIDCsXXsW0Edmgyn","timestamp":"2023-02-22T17:40:40.089Z","state":"queued","mode":"standard","creationDate":"2023-02-22T17:40:40.091Z","modificationDate":"2023-02-22T17:40:40.091Z","shortid":"zTb3TD4","$entitySet":"profiles"},"doDiffs":false,"timestamp":1677087640090,"id":"qlwcxaozps1dbzp","previousOperationId":null,"operationId":"tpe2o9uxdiv1b6a"}
{"type":"log","level":"info","message":"Render request 3 queued for execution and waiting for available worker","previousOperationId":"tpe2o9uxdiv1b6a","timestamp":1677087640090,"id":"vue0zpzbozt0hhf"}
{"type":"operationStart","subtype":"render","name":"orders-header","previousOperationId":"tpe2o9uxdiv1b6a","timestamp":1677087640098,"id":"f7w9ibbsizzit4p","previousEventId":"qlwcxaozps1dbzp","operationId":"y3fpaj997oq7oc3"}
{"type":"log","timestamp":1677087640098,"level":"info","message":"Starting rendering request 3","meta":{"rootId":"dpfdw231gy2tady","id":"dpfdw231gy2tady"},"id":"1i6p1mj5ymvtndp","previousOperationId":"y3fpaj997oq7oc3"}
{"type":"log","timestamp":1677087640098,"level":"info","message":"Rendering template { name: orders-header, recipe: chrome-pdf, engine: handlebars, preview: true }","meta":{"rootId":"dpfdw231gy2tady","id":"dpfdw231gy2tady"},"id":"gcmz8rphl0abqyw","previousOperationId":"y3fpaj997oq7oc3"}
{"type":"log","timestamp":1677087640099,"level":"debug","message":"Data item not defined for this template.","meta":{"rootId":"dpfdw231gy2tady","id":"dpfdw231gy2tady"},"id":"nekk65vk7qia007","previousOperationId":"y3fpaj997oq7oc3"}
{"type":"log","timestamp":1677087640103,"level":"debug","message":"Base url not specified, skipping its injection.","meta":{"rootId":"dpfdw231gy2tady","id":"dpfdw231gy2tady"},"id":"j98v4m7c6pug7yx","previousOperationId":"y3fpaj997oq7oc3"}
{"type":"operationStart","subtype":"engine","name":"handlebars","timestamp":1677087640103,"id":"utlk313j5xlkphc","previousEventId":"f7w9ibbsizzit4p","operationId":"76obyrl4qjl3ffl","previousOperationId":"y3fpaj997oq7oc3"}
{"type":"log","timestamp":1677087640103,"level":"debug","message":"Rendering engine handlebars","meta":{"rootId":"dpfdw231gy2tady","id":"dpfdw231gy2tady"},"id":"lq6z6vgnhkzh2h3","previousOperationId":"76obyrl4qjl3ffl"}
{"type":"operationEnd","operationId":"76obyrl4qjl3ffl","timestamp":1677087640129,"id":"pq15kry4mvzgsjt","previousEventId":"utlk313j5xlkphc","previousOperationId":"76obyrl4qjl3ffl"}
{"type":"operationStart","subtype":"recipe","name":"chrome-pdf","timestamp":1677087640129,"id":"g2iv7ymqkx36ycg","previousEventId":"pq15kry4mvzgsjt","operationId":"kcak3pgvxlr41g7","previousOperationId":"76obyrl4qjl3ffl"}
{"type":"log","timestamp":1677087640129,"level":"debug","message":"Executing recipe chrome-pdf","meta":{"rootId":"dpfdw231gy2tady","id":"dpfdw231gy2tady"},"id":"bpqyq9ie3k9lale","previousOperationId":"kcak3pgvxlr41g7"}
{"type":"log","timestamp":1677087640131,"level":"debug","message":"Converting with chrome HeadlessChrome/105.0.5173.0 using chrome-pool strategy","meta":{"rootId":"dpfdw231gy2tady","id":"dpfdw231gy2tady"},"id":"7dbts0fbxp7byxl","previousOperationId":"kcak3pgvxlr41g7"}
{"type":"log","timestamp":1677087640215,"level":"debug","message":"Page request: GET (document) file:///C:/Users/Kris/AppData/Local/Temp/jsreport/autocleanup/10ba303d-e9fe-4721-8a52-ad6c907be80e-chrome-pdf.html","meta":{"rootId":"dpfdw231gy2tady","id":"dpfdw231gy2tady"},"id":"ix97ukj9y3thsul","previousOperationId":"kcak3pgvxlr41g7"}
{"type":"log","timestamp":1677087640224,"level":"debug","message":"Page request finished: GET (document) 200 file:///C:/Users/Kris/AppData/Local/Temp/jsreport/autocleanup/10ba303d-e9fe-4721-8a52-ad6c907be80e-chrome-pdf.html","meta":{"rootId":"dpfdw231gy2tady","id":"dpfdw231gy2tady"},"id":"601j842ms042ip9","previousOperationId":"kcak3pgvxlr41g7"}
{"type":"log","timestamp":1677087640224,"level":"debug","message":"Page request: GET (stylesheet) https://cdnjs.cloudflare.com/ajax/libs/metro/4.1.5/css/metro.min.css","meta":{"rootId":"dpfdw231gy2tady","id":"dpfdw231gy2tady"},"id":"5fs7yzj46hadvng","previousOperationId":"kcak3pgvxlr41g7"}
{"type":"log","timestamp":1677087640245,"level":"debug","message":"Page request finished: GET (stylesheet) 200 https://cdnjs.cloudflare.com/ajax/libs/metro/4.1.5/css/metro.min.css","meta":{"rootId":"dpfdw231gy2tady","id":"dpfdw231gy2tady"},"id":"s0povm65ibp1xg2","previousOperationId":"kcak3pgvxlr41g7"}
{"type":"log","timestamp":1677087640250,"level":"debug","message":"Running chrome with params {\"printBackground\":true,\"marginTop\":\"1.5cm\",\"marginRight\":\"1.5cm\",\"marginLeft\":\"1.cm\",\"timeout\":59958,\"margin\":{\"top\":\"1.5cm\",\"right\":\"1.5cm\",\"left\":\"1.cm\"}}","meta":{"rootId":"dpfdw231gy2tady","id":"dpfdw231gy2tady"},"id":"jf88dgl27cob3yf","previousOperationId":"kcak3pgvxlr41g7"}
{"type":"operationEnd","operationId":"kcak3pgvxlr41g7","timestamp":1677087640291,"id":"aenupb2rdqvthxe","previousEventId":"g2iv7ymqkx36ycg","previousOperationId":"kcak3pgvxlr41g7"}
{"type":"log","timestamp":1677087640291,"level":"debug","message":"Skipping storing report.","meta":{"rootId":"dpfdw231gy2tady","id":"dpfdw231gy2tady"},"id":"xl9hgqlx71wgyyh","previousOperationId":"kcak3pgvxlr41g7"}
{"type":"log","timestamp":1677087640291,"level":"info","message":"Rendering request 3 finished in 202 ms","meta":{"rootId":"dpfdw231gy2tady","id":"dpfdw231gy2tady"},"id":"k4no22hbfokmj3a","previousOperationId":"kcak3pgvxlr41g7"}
{"type":"operationEnd","subtype":"render","operationId":"y3fpaj997oq7oc3","timestamp":1677087640291,"id":"dpcn0k5mwc5et3w","previousEventId":"aenupb2rdqvthxe","previousOperationId":"kcak3pgvxlr41g7"}
{"type":"operationEnd","doDiffs":false,"previousEventId":"qlwcxaozps1dbzp","previousOperationId":"tpe2o9uxdiv1b6a","operationId":"tpe2o9uxdiv1b6a","timestamp":1677087640296,"id":"nzzphe7venrhkbl"}
