{"type":"operationStart","subtype":"profile","data":{"_id":"mZj6gtDgtqYAaIZA","timestamp":"2023-02-16T17:19:30.425Z","state":"queued","mode":"standard","creationDate":"2023-02-16T17:19:30.427Z","modificationDate":"2023-02-16T17:19:30.427Z","shortid":"CQXq6k8","$entitySet":"profiles"},"doDiffs":false,"timestamp":1676567970426,"id":"0s1klnqjrzlkg1q","previousOperationId":null,"operationId":"a1euqqzoowdwy78"}
{"type":"log","level":"info","message":"Render request 2 queued for execution and waiting for available worker","previousOperationId":"a1euqqzoowdwy78","timestamp":1676567970426,"id":"alvs4yotv8yfs6p"}
{"type":"operationStart","subtype":"render","name":"orders-header","previousOperationId":"a1euqqzoowdwy78","timestamp":1676567970436,"id":"lbwy56m9s91qy2z","previousEventId":"0s1klnqjrzlkg1q","operationId":"jri81agisl9ri1a"}
{"type":"log","timestamp":1676567970437,"level":"info","message":"Starting rendering request 2","meta":{"rootId":"usqupb3k32n4c5f","id":"usqupb3k32n4c5f"},"id":"hum4sw8j2zoqrwk","previousOperationId":"jri81agisl9ri1a"}
{"type":"log","timestamp":1676567970437,"level":"info","message":"Rendering template { name: orders-header, recipe: chrome-pdf, engine: handlebars, preview: true }","meta":{"rootId":"usqupb3k32n4c5f","id":"usqupb3k32n4c5f"},"id":"0n1zxgonbo9m290","previousOperationId":"jri81agisl9ri1a"}
{"type":"log","timestamp":1676567970439,"level":"debug","message":"Data item not defined for this template.","meta":{"rootId":"usqupb3k32n4c5f","id":"usqupb3k32n4c5f"},"id":"otp0jb7awi1cuen","previousOperationId":"jri81agisl9ri1a"}
{"type":"log","timestamp":1676567970444,"level":"debug","message":"Base url not specified, skipping its injection.","meta":{"rootId":"usqupb3k32n4c5f","id":"usqupb3k32n4c5f"},"id":"6xgu9f17sdnoq3l","previousOperationId":"jri81agisl9ri1a"}
{"type":"operationStart","subtype":"engine","name":"handlebars","timestamp":1676567970445,"id":"h8khvxbfmhhemov","previousEventId":"lbwy56m9s91qy2z","operationId":"xho13an2i0v3o8l","previousOperationId":"jri81agisl9ri1a"}
{"type":"log","timestamp":1676567970445,"level":"debug","message":"Rendering engine handlebars","meta":{"rootId":"usqupb3k32n4c5f","id":"usqupb3k32n4c5f"},"id":"xtejowazfsgp3uh","previousOperationId":"xho13an2i0v3o8l"}
{"type":"operationEnd","operationId":"xho13an2i0v3o8l","timestamp":1676567970481,"id":"0yny8rkeln65ak8","previousEventId":"h8khvxbfmhhemov","previousOperationId":"xho13an2i0v3o8l"}
{"type":"operationStart","subtype":"recipe","name":"chrome-pdf","timestamp":1676567970483,"id":"8a2uwhdor45hlwt","previousEventId":"0yny8rkeln65ak8","operationId":"hgyq77pv1gbjh6o","previousOperationId":"xho13an2i0v3o8l"}
{"type":"log","timestamp":1676567970483,"level":"debug","message":"Executing recipe chrome-pdf","meta":{"rootId":"usqupb3k32n4c5f","id":"usqupb3k32n4c5f"},"id":"7bx2j39x3xmgtb9","previousOperationId":"hgyq77pv1gbjh6o"}
{"type":"log","timestamp":1676567970486,"level":"debug","message":"Converting with chrome HeadlessChrome/105.0.5173.0 using chrome-pool strategy","meta":{"rootId":"usqupb3k32n4c5f","id":"usqupb3k32n4c5f"},"id":"ys7axv3o4mfj6au","previousOperationId":"hgyq77pv1gbjh6o"}
{"type":"log","timestamp":1676567970600,"level":"debug","message":"Page request: GET (document) file:///C:/Users/Kris/AppData/Local/Temp/jsreport/autocleanup/206a04e1-bc29-4c81-9ee5-a3b7da66dd2b-chrome-pdf.html","meta":{"rootId":"usqupb3k32n4c5f","id":"usqupb3k32n4c5f"},"id":"uxxzlup17nkhmdk","previousOperationId":"hgyq77pv1gbjh6o"}
{"type":"log","timestamp":1676567970620,"level":"debug","message":"Page request finished: GET (document) 200 file:///C:/Users/Kris/AppData/Local/Temp/jsreport/autocleanup/206a04e1-bc29-4c81-9ee5-a3b7da66dd2b-chrome-pdf.html","meta":{"rootId":"usqupb3k32n4c5f","id":"usqupb3k32n4c5f"},"id":"6frsc44jip33c5u","previousOperationId":"hgyq77pv1gbjh6o"}
{"type":"log","timestamp":1676567970620,"level":"debug","message":"Page request: GET (stylesheet) https://cdnjs.cloudflare.com/ajax/libs/metro/4.1.5/css/metro.min.css","meta":{"rootId":"usqupb3k32n4c5f","id":"usqupb3k32n4c5f"},"id":"461obq73pn2ocy7","previousOperationId":"hgyq77pv1gbjh6o"}
{"type":"log","timestamp":1676567973576,"level":"debug","message":"Page request finished: GET (stylesheet) 200 https://cdnjs.cloudflare.com/ajax/libs/metro/4.1.5/css/metro.min.css","meta":{"rootId":"usqupb3k32n4c5f","id":"usqupb3k32n4c5f"},"id":"eu8q3kjlv1agblt","previousOperationId":"hgyq77pv1gbjh6o"}
{"type":"log","timestamp":1676567973582,"level":"debug","message":"Running chrome with params {\"printBackground\":true,\"marginTop\":\"1.5cm\",\"marginRight\":\"1.5cm\",\"marginLeft\":\"1.cm\",\"timeout\":59940,\"margin\":{\"top\":\"1.5cm\",\"right\":\"1.5cm\",\"left\":\"1.cm\"}}","meta":{"rootId":"usqupb3k32n4c5f","id":"usqupb3k32n4c5f"},"id":"uj3imy9670wxu0g","previousOperationId":"hgyq77pv1gbjh6o"}
{"type":"operationEnd","operationId":"hgyq77pv1gbjh6o","timestamp":1676567973614,"id":"s0ghue1bpeg9fcc","previousEventId":"8a2uwhdor45hlwt","previousOperationId":"hgyq77pv1gbjh6o"}
{"type":"log","timestamp":1676567973615,"level":"debug","message":"Skipping storing report.","meta":{"rootId":"usqupb3k32n4c5f","id":"usqupb3k32n4c5f"},"id":"7l3wshzk9tbzhyv","previousOperationId":"hgyq77pv1gbjh6o"}
{"type":"log","timestamp":1676567973615,"level":"info","message":"Rendering request 2 finished in 3190 ms","meta":{"rootId":"usqupb3k32n4c5f","id":"usqupb3k32n4c5f"},"id":"3235mgxc3aecf76","previousOperationId":"hgyq77pv1gbjh6o"}
{"type":"operationEnd","subtype":"render","operationId":"jri81agisl9ri1a","timestamp":1676567973615,"id":"jl0mgwi554ssf5o","previousEventId":"s0ghue1bpeg9fcc","previousOperationId":"hgyq77pv1gbjh6o"}
{"type":"operationEnd","doDiffs":false,"previousEventId":"0s1klnqjrzlkg1q","previousOperationId":"a1euqqzoowdwy78","operationId":"a1euqqzoowdwy78","timestamp":1676567973621,"id":"e8nwjts40wrrj88"}
