{"type":"operationStart","subtype":"profile","data":{"_id":"uELW9xSJyD02hgtN","timestamp":"2023-02-22T18:26:18.990Z","state":"queued","mode":"standard","creationDate":"2023-02-22T18:26:18.992Z","modificationDate":"2023-02-22T18:26:18.992Z","shortid":"Xhcb7-A","$entitySet":"profiles"},"doDiffs":false,"timestamp":1677090378991,"id":"0mttngolsjnh6ub","previousOperationId":null,"operationId":"w1xtwqrt6rrphil"}
{"type":"log","level":"info","message":"Render request 97 queued for execution and waiting for available worker","previousOperationId":"w1xtwqrt6rrphil","timestamp":1677090378991,"id":"q4c6431bcywxzc4"}
{"type":"operationStart","subtype":"render","name":"orders-header","previousOperationId":"w1xtwqrt6rrphil","timestamp":1677090378999,"id":"0h3ng40b0lnk3ov","previousEventId":"0mttngolsjnh6ub","operationId":"7akufia2nafqsfg"}
{"type":"log","timestamp":1677090378999,"level":"info","message":"Starting rendering request 97","meta":{"rootId":"0jldnr7hb7oohc5","id":"0jldnr7hb7oohc5"},"id":"05g4blveoyr85du","previousOperationId":"7akufia2nafqsfg"}
{"type":"log","timestamp":1677090378999,"level":"info","message":"Rendering template { name: orders-header, recipe: chrome-pdf, engine: handlebars, preview: true }","meta":{"rootId":"0jldnr7hb7oohc5","id":"0jldnr7hb7oohc5"},"id":"tdp1hotpg96yyn8","previousOperationId":"7akufia2nafqsfg"}
{"type":"log","timestamp":1677090378999,"level":"debug","message":"Data item not defined for this template.","meta":{"rootId":"0jldnr7hb7oohc5","id":"0jldnr7hb7oohc5"},"id":"dbj7q1l4ak7jq7j","previousOperationId":"7akufia2nafqsfg"}
{"type":"log","timestamp":1677090379001,"level":"debug","message":"Base url not specified, skipping its injection.","meta":{"rootId":"0jldnr7hb7oohc5","id":"0jldnr7hb7oohc5"},"id":"hhdspzsr0ywhevt","previousOperationId":"7akufia2nafqsfg"}
{"type":"operationStart","subtype":"engine","name":"handlebars","timestamp":1677090379001,"id":"6i7mrqpljt3fajy","previousEventId":"0h3ng40b0lnk3ov","operationId":"qyog22t25ybz4t3","previousOperationId":"7akufia2nafqsfg"}
{"type":"log","timestamp":1677090379001,"level":"debug","message":"Rendering engine handlebars","meta":{"rootId":"0jldnr7hb7oohc5","id":"0jldnr7hb7oohc5"},"id":"3aw6tv8j7fqoolg","previousOperationId":"qyog22t25ybz4t3"}
{"type":"operationEnd","operationId":"qyog22t25ybz4t3","timestamp":1677090379011,"id":"l41xt5rxx67xhwx","previousEventId":"6i7mrqpljt3fajy","previousOperationId":"qyog22t25ybz4t3"}
{"type":"operationStart","subtype":"recipe","name":"chrome-pdf","timestamp":1677090379011,"id":"ef1a4u0n70ckoso","previousEventId":"l41xt5rxx67xhwx","operationId":"ud1mqt7a0g3f3n8","previousOperationId":"qyog22t25ybz4t3"}
{"type":"log","timestamp":1677090379011,"level":"debug","message":"Executing recipe chrome-pdf","meta":{"rootId":"0jldnr7hb7oohc5","id":"0jldnr7hb7oohc5"},"id":"hu5ax0xba204wfd","previousOperationId":"ud1mqt7a0g3f3n8"}
{"type":"log","timestamp":1677090379013,"level":"debug","message":"Converting with chrome HeadlessChrome/105.0.5173.0 using chrome-pool strategy","meta":{"rootId":"0jldnr7hb7oohc5","id":"0jldnr7hb7oohc5"},"id":"alnhb37ia5bvac0","previousOperationId":"ud1mqt7a0g3f3n8"}
{"type":"log","timestamp":1677090379102,"level":"debug","message":"Page request: GET (document) file:///C:/Users/Kris/AppData/Local/Temp/jsreport/autocleanup/343d0cd2-d3ea-4da2-8bd3-143273544f71-chrome-pdf.html","meta":{"rootId":"0jldnr7hb7oohc5","id":"0jldnr7hb7oohc5"},"id":"4atn4wovi4oesgb","previousOperationId":"ud1mqt7a0g3f3n8"}
{"type":"log","timestamp":1677090379113,"level":"debug","message":"Page request finished: GET (document) 200 file:///C:/Users/Kris/AppData/Local/Temp/jsreport/autocleanup/343d0cd2-d3ea-4da2-8bd3-143273544f71-chrome-pdf.html","meta":{"rootId":"0jldnr7hb7oohc5","id":"0jldnr7hb7oohc5"},"id":"cxa2id614tuf6rr","previousOperationId":"ud1mqt7a0g3f3n8"}
{"type":"log","timestamp":1677090379114,"level":"debug","message":"Page request: GET (stylesheet) https://cdnjs.cloudflare.com/ajax/libs/metro/4.1.5/css/metro.min.css","meta":{"rootId":"0jldnr7hb7oohc5","id":"0jldnr7hb7oohc5"},"id":"41bmh5pgvx3e3jb","previousOperationId":"ud1mqt7a0g3f3n8"}
{"type":"log","timestamp":1677090379142,"level":"debug","message":"Page request finished: GET (stylesheet) 200 https://cdnjs.cloudflare.com/ajax/libs/metro/4.1.5/css/metro.min.css","meta":{"rootId":"0jldnr7hb7oohc5","id":"0jldnr7hb7oohc5"},"id":"e8sbtglj7g7amhv","previousOperationId":"ud1mqt7a0g3f3n8"}
{"type":"log","timestamp":1677090379148,"level":"debug","message":"Running chrome with params {\"printBackground\":true,\"marginTop\":\"1.5cm\",\"marginRight\":\"1.5cm\",\"marginLeft\":\"1.cm\",\"timeout\":59978,\"margin\":{\"top\":\"1.5cm\",\"right\":\"1.5cm\",\"left\":\"1.cm\"}}","meta":{"rootId":"0jldnr7hb7oohc5","id":"0jldnr7hb7oohc5"},"id":"bq8lzvlckxa808s","previousOperationId":"ud1mqt7a0g3f3n8"}
{"type":"operationEnd","operationId":"ud1mqt7a0g3f3n8","timestamp":1677090379177,"id":"k2ucly49lkcx30n","previousEventId":"ef1a4u0n70ckoso","previousOperationId":"ud1mqt7a0g3f3n8"}
{"type":"log","timestamp":1677090379177,"level":"debug","message":"Skipping storing report.","meta":{"rootId":"0jldnr7hb7oohc5","id":"0jldnr7hb7oohc5"},"id":"7bzvala8ppph00i","previousOperationId":"ud1mqt7a0g3f3n8"}
{"type":"log","timestamp":1677090379177,"level":"info","message":"Rendering request 97 finished in 187 ms","meta":{"rootId":"0jldnr7hb7oohc5","id":"0jldnr7hb7oohc5"},"id":"fmfr17thfv60wpp","previousOperationId":"ud1mqt7a0g3f3n8"}
{"type":"operationEnd","subtype":"render","operationId":"7akufia2nafqsfg","timestamp":1677090379177,"id":"wlcwbp8kjqj0gzm","previousEventId":"k2ucly49lkcx30n","previousOperationId":"ud1mqt7a0g3f3n8"}
{"type":"operationEnd","doDiffs":false,"previousEventId":"0mttngolsjnh6ub","previousOperationId":"w1xtwqrt6rrphil","operationId":"w1xtwqrt6rrphil","timestamp":1677090379184,"id":"wtaua0a46ea0h40"}
