{"type":"operationStart","subtype":"profile","data":{"_id":"Fq75km61TSTCGGUN","timestamp":"2023-02-22T17:39:16.200Z","state":"queued","mode":"standard","creationDate":"2023-02-22T17:39:16.202Z","modificationDate":"2023-02-22T17:39:16.202Z","shortid":"qL148EA","$entitySet":"profiles"},"doDiffs":false,"timestamp":1677087556201,"id":"ceiai6kqef4phzl","previousOperationId":null,"operationId":"5wz3w27u3gxgzdp"}
{"type":"log","level":"info","message":"Render request 2 queued for execution and waiting for available worker","previousOperationId":"5wz3w27u3gxgzdp","timestamp":1677087556201,"id":"vjf61lpv620m7x8"}
{"type":"operationStart","subtype":"render","name":"orders-main","previousOperationId":"5wz3w27u3gxgzdp","timestamp":1677087556212,"id":"bi3mpev06f1iz8q","previousEventId":"ceiai6kqef4phzl","operationId":"agu1p8jcfna4urz"}
{"type":"log","timestamp":1677087556213,"level":"info","message":"Starting rendering request 2","meta":{"rootId":"07b8g37yygkfjh6","id":"07b8g37yygkfjh6"},"id":"sn4avegjaozd7et","previousOperationId":"agu1p8jcfna4urz"}
{"type":"log","timestamp":1677087556213,"level":"info","message":"Rendering template { name: orders-main, recipe: chrome-pdf, engine: handlebars, preview: true }","meta":{"rootId":"07b8g37yygkfjh6","id":"07b8g37yygkfjh6"},"id":"cftedfjosied6oy","previousOperationId":"agu1p8jcfna4urz"}
{"type":"log","timestamp":1677087556215,"level":"debug","message":"Data item not defined for this template.","meta":{"rootId":"07b8g37yygkfjh6","id":"07b8g37yygkfjh6"},"id":"q0afh1r1a14k7cw","previousOperationId":"agu1p8jcfna4urz"}
{"type":"log","timestamp":1677087556222,"level":"debug","message":"Executing script orders-script (beforeRender)","meta":{"rootId":"07b8g37yygkfjh6","id":"07b8g37yygkfjh6"},"id":"hbeob7q4kvf0oul","previousOperationId":"agu1p8jcfna4urz"}
{"type":"operationStart","subtype":"scriptsBeforeRender","name":"scripts beforeRender","timestamp":1677087556252,"id":"p9h9ijf3mi1csxe","previousEventId":"bi3mpev06f1iz8q","operationId":"f0645t0ne6ijmds","previousOperationId":"agu1p8jcfna4urz"}
{"type":"operationStart","subtype":"script","name":"scripts orders-script","previousOperationId":"f0645t0ne6ijmds","timestamp":1677087556252,"id":"zdi246y4h69uigc","previousEventId":"p9h9ijf3mi1csxe","operationId":"vemwolnm11a77ji"}
{"type":"operationEnd","operationId":"vemwolnm11a77ji","timestamp":1677087557895,"id":"yn3f2acvn05z1r4","previousEventId":"bi3mpev06f1iz8q","previousOperationId":"agu1p8jcfna4urz"}
{"type":"operationEnd","operationId":"f0645t0ne6ijmds","timestamp":1677087557895,"id":"5zs3blt14c7c65s","previousEventId":"yn3f2acvn05z1r4","previousOperationId":"agu1p8jcfna4urz"}
{"type":"log","timestamp":1677087557895,"level":"debug","message":"Base url not specified, skipping its injection.","meta":{"rootId":"07b8g37yygkfjh6","id":"07b8g37yygkfjh6"},"id":"2f5egwzrhibntpv","previousOperationId":"f0645t0ne6ijmds"}
{"type":"operationStart","subtype":"engine","name":"handlebars","timestamp":1677087557896,"id":"13bm8rqea1i69kx","previousEventId":"5zs3blt14c7c65s","operationId":"c0l488r0dwsiogn","previousOperationId":"f0645t0ne6ijmds"}
{"type":"log","timestamp":1677087557896,"level":"debug","message":"Rendering engine handlebars","meta":{"rootId":"07b8g37yygkfjh6","id":"07b8g37yygkfjh6"},"id":"1nsgok8gty5h9s9","previousOperationId":"c0l488r0dwsiogn"}
{"type":"log","timestamp":1677087557917,"level":"debug","message":"(console:log) Pdf utils adding group field, value: \"France\"","meta":{"userLevel":true,"rootId":"07b8g37yygkfjh6","id":"07b8g37yygkfjh6"},"id":"wa9me7wl3e4rkl7","previousOperationId":"c0l488r0dwsiogn"}
{"type":"log","timestamp":1677087557918,"level":"debug","message":"(console:log) Pdf utils adding group field, value: \"Germany\"","meta":{"userLevel":true,"rootId":"07b8g37yygkfjh6","id":"07b8g37yygkfjh6"},"id":"76qq4regcvkm6v3","previousOperationId":"c0l488r0dwsiogn"}
{"type":"operationEnd","operationId":"c0l488r0dwsiogn","timestamp":1677087557918,"id":"hbjdxl0ul1lvobn","previousEventId":"13bm8rqea1i69kx","previousOperationId":"c0l488r0dwsiogn"}
{"type":"operationStart","subtype":"recipe","name":"chrome-pdf","timestamp":1677087557919,"id":"1hradxefrtdferj","previousEventId":"hbjdxl0ul1lvobn","operationId":"12oftxzoixehtu5","previousOperationId":"c0l488r0dwsiogn"}
{"type":"log","timestamp":1677087557919,"level":"debug","message":"Executing recipe chrome-pdf","meta":{"rootId":"07b8g37yygkfjh6","id":"07b8g37yygkfjh6"},"id":"b2zmttt8wuu985a","previousOperationId":"12oftxzoixehtu5"}
{"type":"log","timestamp":1677087557923,"level":"debug","message":"Converting with chrome HeadlessChrome/105.0.5173.0 using chrome-pool strategy","meta":{"rootId":"07b8g37yygkfjh6","id":"07b8g37yygkfjh6"},"id":"rdtya6ksf2b9dc2","previousOperationId":"12oftxzoixehtu5"}
{"type":"log","timestamp":1677087558003,"level":"debug","message":"Page request: GET (document) file:///C:/Users/Kris/AppData/Local/Temp/jsreport/autocleanup/cc802dd5-4347-4fa9-8117-bd4578d3986e-chrome-pdf.html","meta":{"rootId":"07b8g37yygkfjh6","id":"07b8g37yygkfjh6"},"id":"qlvtdvze0erdzml","previousOperationId":"12oftxzoixehtu5"}
{"type":"log","timestamp":1677087558047,"level":"debug","message":"Page request finished: GET (document) 200 file:///C:/Users/Kris/AppData/Local/Temp/jsreport/autocleanup/cc802dd5-4347-4fa9-8117-bd4578d3986e-chrome-pdf.html","meta":{"rootId":"07b8g37yygkfjh6","id":"07b8g37yygkfjh6"},"id":"kfyky8ijlx0w4sq","previousOperationId":"12oftxzoixehtu5"}
{"type":"log","timestamp":1677087558047,"level":"debug","message":"Page request: GET (stylesheet) https://cdnjs.cloudflare.com/ajax/libs/metro/4.1.5/css/metro.min.css","meta":{"rootId":"07b8g37yygkfjh6","id":"07b8g37yygkfjh6"},"id":"bvssg8qedpkpn8s","previousOperationId":"12oftxzoixehtu5"}
{"type":"log","timestamp":1677087558047,"level":"debug","message":"Page request: GET (script) https://cdnjs.cloudflare.com/ajax/libs/Chart.js/2.7.2/Chart.min.js","meta":{"rootId":"07b8g37yygkfjh6","id":"07b8g37yygkfjh6"},"id":"ks7a32a2iug443y","previousOperationId":"12oftxzoixehtu5"}
{"type":"log","timestamp":1677087558071,"level":"debug","message":"Page request finished: GET (stylesheet) 200 https://cdnjs.cloudflare.com/ajax/libs/metro/4.1.5/css/metro.min.css","meta":{"rootId":"07b8g37yygkfjh6","id":"07b8g37yygkfjh6"},"id":"ulxnr6mcym57tgo","previousOperationId":"12oftxzoixehtu5"}
{"type":"log","timestamp":1677087558097,"level":"debug","message":"Page request finished: GET (script) 200 https://cdnjs.cloudflare.com/ajax/libs/Chart.js/2.7.2/Chart.min.js","meta":{"rootId":"07b8g37yygkfjh6","id":"07b8g37yygkfjh6"},"id":"11w6xcg43sj2ow7","previousOperationId":"12oftxzoixehtu5"}
{"type":"log","timestamp":1677087558188,"level":"debug","message":"Running chrome with params {\"printBackground\":true,\"marginTop\":\"4cm\",\"marginRight\":\"1.5cm\",\"marginBottom\":\"1.5cm\",\"marginLeft\":\"1.5cm\",\"waitForJS\":false,\"timeout\":58278,\"margin\":{\"top\":\"4cm\",\"right\":\"1.5cm\",\"bottom\":\"1.5cm\",\"left\":\"1.5cm\"}}","meta":{"rootId":"07b8g37yygkfjh6","id":"07b8g37yygkfjh6"},"id":"2q5oif8etlq1r84","previousOperationId":"12oftxzoixehtu5"}
{"type":"operationEnd","operationId":"12oftxzoixehtu5","timestamp":1677087558362,"id":"jgzetap63jippkq","previousEventId":"1hradxefrtdferj","previousOperationId":"12oftxzoixehtu5"}
{"type":"log","timestamp":1677087558363,"level":"info","message":"pdf-utils is starting pdf processing","meta":{"rootId":"07b8g37yygkfjh6","id":"07b8g37yygkfjh6"},"id":"adftyc4rowxmu9r","previousOperationId":"12oftxzoixehtu5"}
{"type":"operationStart","subtype":"pdfUtils","name":"pdf utils","timestamp":1677087558641,"id":"189tmuqbhbpsphf","previousEventId":"jgzetap63jippkq","operationId":"9clhjs2ueoeh8xt","previousOperationId":"12oftxzoixehtu5"}
{"type":"log","timestamp":1677087558641,"level":"debug","message":"pdf-utils detected 1 pdf operation(s) to process","meta":{"rootId":"07b8g37yygkfjh6","id":"07b8g37yygkfjh6"},"id":"ypja1skcf54u1gp","previousOperationId":"9clhjs2ueoeh8xt"}
{"type":"log","timestamp":1677087558929,"level":"debug","message":"pdf-utils running pdf operation merge","meta":{"rootId":"07b8g37yygkfjh6","id":"07b8g37yygkfjh6"},"id":"05ocn5juhje1f0r","previousOperationId":"9clhjs2ueoeh8xt"}
{"type":"operationStart","subtype":"pdfUtilsMerge","name":"pdf utils merge","previousOperationId":"9clhjs2ueoeh8xt","timestamp":1677087558929,"id":"b27xm6sytp2383j","previousEventId":"189tmuqbhbpsphf","operationId":"20nme722nwoi0cj"}
{"type":"operationStart","subtype":"render","name":"orders-header","previousOperationId":"20nme722nwoi0cj","timestamp":1677087558931,"id":"0v02tksxu37fo24","previousEventId":"b27xm6sytp2383j","operationId":"d2y19qi45vkwdzs"}
{"type":"log","timestamp":1677087558931,"level":"info","message":"Starting rendering (child) request","meta":{"rootId":"07b8g37yygkfjh6","id":"5q38zzz9df5fqxv"},"id":"tww010nv1nwu6qc","previousOperationId":"d2y19qi45vkwdzs"}
{"type":"log","timestamp":1677087558932,"level":"info","message":"Rendering template { name: orders-header, recipe: chrome-pdf, engine: handlebars, preview: true }","meta":{"rootId":"07b8g37yygkfjh6","id":"5q38zzz9df5fqxv"},"id":"yja574tlq1uhlqj","previousOperationId":"d2y19qi45vkwdzs"}
{"type":"log","timestamp":1677087558940,"level":"debug","message":"Inline data specified.","meta":{"rootId":"07b8g37yygkfjh6","id":"5q38zzz9df5fqxv"},"id":"tz9v1bmrtbwszro","previousOperationId":"d2y19qi45vkwdzs"}
{"type":"log","timestamp":1677087558945,"level":"debug","message":"Base url not specified, skipping its injection.","meta":{"rootId":"07b8g37yygkfjh6","id":"5q38zzz9df5fqxv"},"id":"soxvr80xqlki126","previousOperationId":"d2y19qi45vkwdzs"}
{"type":"operationStart","subtype":"engine","name":"handlebars","timestamp":1677087558946,"id":"6lqq0at2uypab2f","previousEventId":"0v02tksxu37fo24","operationId":"evj63ggjj3lhy3i","previousOperationId":"d2y19qi45vkwdzs"}
{"type":"log","timestamp":1677087558946,"level":"debug","message":"Rendering engine handlebars","meta":{"rootId":"07b8g37yygkfjh6","id":"5q38zzz9df5fqxv"},"id":"sknsjzni9p1ad1q","previousOperationId":"evj63ggjj3lhy3i"}
{"type":"operationEnd","operationId":"evj63ggjj3lhy3i","timestamp":1677087558977,"id":"qh34ykeb6fqa4kk","previousEventId":"6lqq0at2uypab2f","previousOperationId":"evj63ggjj3lhy3i"}
{"type":"operationStart","subtype":"recipe","name":"chrome-pdf","timestamp":1677087558977,"id":"gme6fzhywb1pnr8","previousEventId":"qh34ykeb6fqa4kk","operationId":"x8jkcodnz4q0b81","previousOperationId":"evj63ggjj3lhy3i"}
{"type":"log","timestamp":1677087558977,"level":"debug","message":"Executing recipe chrome-pdf","meta":{"rootId":"07b8g37yygkfjh6","id":"5q38zzz9df5fqxv"},"id":"zbbbhzh03q3gfrv","previousOperationId":"x8jkcodnz4q0b81"}
{"type":"log","timestamp":1677087558981,"level":"debug","message":"Converting with chrome HeadlessChrome/105.0.5173.0 using chrome-pool strategy","meta":{"rootId":"07b8g37yygkfjh6","id":"5q38zzz9df5fqxv"},"id":"j848ujopvm7ovvy","previousOperationId":"x8jkcodnz4q0b81"}
{"type":"log","timestamp":1677087559075,"level":"debug","message":"Page request: GET (document) file:///C:/Users/Kris/AppData/Local/Temp/jsreport/autocleanup/a81df3f7-9a3d-449f-b6ad-b6e5eaf88a6a-chrome-pdf.html","meta":{"rootId":"07b8g37yygkfjh6","id":"5q38zzz9df5fqxv"},"id":"c5oh7qqrmcqluib","previousOperationId":"x8jkcodnz4q0b81"}
{"type":"log","timestamp":1677087559089,"level":"debug","message":"Page request finished: GET (document) 200 file:///C:/Users/Kris/AppData/Local/Temp/jsreport/autocleanup/a81df3f7-9a3d-449f-b6ad-b6e5eaf88a6a-chrome-pdf.html","meta":{"rootId":"07b8g37yygkfjh6","id":"5q38zzz9df5fqxv"},"id":"v5b8fchojpeyv1g","previousOperationId":"x8jkcodnz4q0b81"}
{"type":"log","timestamp":1677087559089,"level":"debug","message":"Page request: GET (stylesheet) https://cdnjs.cloudflare.com/ajax/libs/metro/4.1.5/css/metro.min.css","meta":{"rootId":"07b8g37yygkfjh6","id":"5q38zzz9df5fqxv"},"id":"9zhct0ldlwt2m5w","previousOperationId":"x8jkcodnz4q0b81"}
{"type":"log","timestamp":1677087559110,"level":"debug","message":"Page request finished: GET (stylesheet) 200 https://cdnjs.cloudflare.com/ajax/libs/metro/4.1.5/css/metro.min.css","meta":{"rootId":"07b8g37yygkfjh6","id":"5q38zzz9df5fqxv"},"id":"4r4lw4a4ioipoy0","previousOperationId":"x8jkcodnz4q0b81"}
{"type":"log","timestamp":1677087559132,"level":"debug","message":"Running chrome with params {\"printBackground\":true,\"marginTop\":\"1.5cm\",\"marginRight\":\"1.5cm\",\"marginLeft\":\"1.cm\",\"timeout\":57221,\"margin\":{\"top\":\"1.5cm\",\"right\":\"1.5cm\",\"left\":\"1.cm\"}}","meta":{"rootId":"07b8g37yygkfjh6","id":"5q38zzz9df5fqxv"},"id":"52w6q5em8d8ysbx","previousOperationId":"x8jkcodnz4q0b81"}
{"type":"operationEnd","operationId":"x8jkcodnz4q0b81","timestamp":1677087559206,"id":"5x5saahd272wq4a","previousEventId":"gme6fzhywb1pnr8","previousOperationId":"x8jkcodnz4q0b81"}
{"type":"log","timestamp":1677087559206,"level":"debug","message":"Skipping storing report.","meta":{"rootId":"07b8g37yygkfjh6","id":"5q38zzz9df5fqxv"},"id":"ax8ocvdmorevs55","previousOperationId":"x8jkcodnz4q0b81"}
{"type":"log","timestamp":1677087559207,"level":"info","message":"Rendering (child) request finished in 3007 ms","meta":{"rootId":"07b8g37yygkfjh6","id":"5q38zzz9df5fqxv"},"id":"iq0ybzxvmm92evb","previousOperationId":"x8jkcodnz4q0b81"}
{"type":"operationEnd","subtype":"render","operationId":"d2y19qi45vkwdzs","timestamp":1677087559207,"id":"qfy1n9r5q3ymok7","previousEventId":"5x5saahd272wq4a","previousOperationId":"x8jkcodnz4q0b81"}
{"type":"operationEnd","operationId":"20nme722nwoi0cj","timestamp":1677087559240,"id":"ikrwe3l2kqbyvfm","previousEventId":"b27xm6sytp2383j","previousOperationId":"20nme722nwoi0cj"}
{"type":"log","timestamp":1677087559240,"level":"debug","message":"pdf-utils postproces start","meta":{"rootId":"07b8g37yygkfjh6","id":"07b8g37yygkfjh6"},"id":"2wy1uggx5584u1q","previousOperationId":"20nme722nwoi0cj"}
{"type":"log","timestamp":1677087559272,"level":"debug","message":"pdf-utils postproces end","meta":{"rootId":"07b8g37yygkfjh6","id":"07b8g37yygkfjh6"},"id":"a11ke5y2s8n8khe","previousOperationId":"20nme722nwoi0cj"}
{"type":"operationEnd","operationId":"9clhjs2ueoeh8xt","timestamp":1677087559272,"id":"sfdrcytysoag8s6","previousEventId":"ikrwe3l2kqbyvfm","previousOperationId":"20nme722nwoi0cj"}
{"type":"log","timestamp":1677087559273,"level":"info","message":"pdf-utils pdf processing was finished","meta":{"rootId":"07b8g37yygkfjh6","id":"07b8g37yygkfjh6"},"id":"l2pqcz810ioq0bh","previousOperationId":"9clhjs2ueoeh8xt"}
{"type":"log","timestamp":1677087559273,"level":"debug","message":"Skipping storing report.","meta":{"rootId":"07b8g37yygkfjh6","id":"07b8g37yygkfjh6"},"id":"xhzwbdwo6ydbd1r","previousOperationId":"9clhjs2ueoeh8xt"}
{"type":"log","timestamp":1677087559273,"level":"info","message":"Rendering request 2 finished in 3073 ms","meta":{"rootId":"07b8g37yygkfjh6","id":"07b8g37yygkfjh6"},"id":"5mscwx5pzikh55r","previousOperationId":"9clhjs2ueoeh8xt"}
{"type":"operationEnd","subtype":"render","operationId":"agu1p8jcfna4urz","timestamp":1677087559273,"id":"s8ddjpjn93nrfb4","previousEventId":"sfdrcytysoag8s6","previousOperationId":"9clhjs2ueoeh8xt"}
{"type":"operationEnd","doDiffs":false,"previousEventId":"ceiai6kqef4phzl","previousOperationId":"5wz3w27u3gxgzdp","operationId":"5wz3w27u3gxgzdp","timestamp":1677087559282,"id":"7f35u3nwq5q9lin"}
