{"type":"operationStart","subtype":"profile","data":{"_id":"PMWThfYjPOtgEw3q","timestamp":"2023-02-22T17:48:58.962Z","state":"queued","mode":"standard","creationDate":"2023-02-22T17:48:58.963Z","modificationDate":"2023-02-22T17:48:58.963Z","shortid":"NQqFxNh","$entitySet":"profiles"},"doDiffs":false,"timestamp":1677088138963,"id":"22da3a6gzptysna","previousOperationId":null,"operationId":"5qykn7ofe0bw7wc"}
{"type":"log","level":"info","message":"Render request 20 queued for execution and waiting for available worker","previousOperationId":"5qykn7ofe0bw7wc","timestamp":1677088138963,"id":"edji51ulx2hokyk"}
{"type":"operationStart","subtype":"render","name":"orders-main","previousOperationId":"5qykn7ofe0bw7wc","timestamp":1677088138970,"id":"sub5w9g1g6qin3z","previousEventId":"22da3a6gzptysna","operationId":"sb7r4jc9tvusg1e"}
{"type":"log","timestamp":1677088138971,"level":"info","message":"Starting rendering request 20","meta":{"rootId":"2tbbv3h2v3yni1u","id":"2tbbv3h2v3yni1u"},"id":"v2ezz0zfil0q67c","previousOperationId":"sb7r4jc9tvusg1e"}
{"type":"log","timestamp":1677088138971,"level":"info","message":"Rendering template { name: orders-main, recipe: chrome-pdf, engine: handlebars, preview: true }","meta":{"rootId":"2tbbv3h2v3yni1u","id":"2tbbv3h2v3yni1u"},"id":"w4s3se7gotuydmq","previousOperationId":"sb7r4jc9tvusg1e"}
{"type":"log","timestamp":1677088138972,"level":"debug","message":"Data item not defined for this template.","meta":{"rootId":"2tbbv3h2v3yni1u","id":"2tbbv3h2v3yni1u"},"id":"641l8cpp3d6hc23","previousOperationId":"sb7r4jc9tvusg1e"}
{"type":"log","timestamp":1677088138974,"level":"debug","message":"Executing script orders-script (beforeRender)","meta":{"rootId":"2tbbv3h2v3yni1u","id":"2tbbv3h2v3yni1u"},"id":"33ausjboekh2c7o","previousOperationId":"sb7r4jc9tvusg1e"}
{"type":"operationStart","subtype":"scriptsBeforeRender","name":"scripts beforeRender","timestamp":1677088138990,"id":"zauts78l3y5b6gt","previousEventId":"sub5w9g1g6qin3z","operationId":"o2eu7s55ftou8ze","previousOperationId":"sb7r4jc9tvusg1e"}
{"type":"operationStart","subtype":"script","name":"scripts orders-script","previousOperationId":"o2eu7s55ftou8ze","timestamp":1677088138990,"id":"zwi6v5p3zep43nz","previousEventId":"zauts78l3y5b6gt","operationId":"sjlwm2jn4ewys0s"}
{"type":"operationEnd","operationId":"sjlwm2jn4ewys0s","timestamp":1677088140298,"id":"09xsk27ku5gg9f1","previousEventId":"sub5w9g1g6qin3z","previousOperationId":"sb7r4jc9tvusg1e"}
{"type":"operationEnd","operationId":"o2eu7s55ftou8ze","timestamp":1677088140298,"id":"7k8ggdjsbnc2une","previousEventId":"09xsk27ku5gg9f1","previousOperationId":"sb7r4jc9tvusg1e"}
{"type":"log","timestamp":1677088140298,"level":"debug","message":"Base url not specified, skipping its injection.","meta":{"rootId":"2tbbv3h2v3yni1u","id":"2tbbv3h2v3yni1u"},"id":"cx32ru9z1pymxax","previousOperationId":"o2eu7s55ftou8ze"}
{"type":"operationStart","subtype":"engine","name":"handlebars","timestamp":1677088140298,"id":"op6l4f85x9r8suo","previousEventId":"7k8ggdjsbnc2une","operationId":"6h4jigj7c5jh52l","previousOperationId":"o2eu7s55ftou8ze"}
{"type":"log","timestamp":1677088140298,"level":"debug","message":"Rendering engine handlebars","meta":{"rootId":"2tbbv3h2v3yni1u","id":"2tbbv3h2v3yni1u"},"id":"iic54060umw2lvg","previousOperationId":"6h4jigj7c5jh52l"}
{"type":"operationEnd","operationId":"6h4jigj7c5jh52l","timestamp":1677088140311,"id":"v4l8tc3j0c90lwg","previousEventId":"op6l4f85x9r8suo","previousOperationId":"6h4jigj7c5jh52l"}
{"type":"operationStart","subtype":"recipe","name":"chrome-pdf","timestamp":1677088140312,"id":"axnu8qrdm6xqxoi","previousEventId":"v4l8tc3j0c90lwg","operationId":"fhpmvb0l7ipnqnr","previousOperationId":"6h4jigj7c5jh52l"}
{"type":"log","timestamp":1677088140312,"level":"debug","message":"Executing recipe chrome-pdf","meta":{"rootId":"2tbbv3h2v3yni1u","id":"2tbbv3h2v3yni1u"},"id":"599uko1pecakcfs","previousOperationId":"fhpmvb0l7ipnqnr"}
{"type":"log","timestamp":1677088140314,"level":"debug","message":"Converting with chrome HeadlessChrome/105.0.5173.0 using chrome-pool strategy","meta":{"rootId":"2tbbv3h2v3yni1u","id":"2tbbv3h2v3yni1u"},"id":"8nde19cwcax7g8k","previousOperationId":"fhpmvb0l7ipnqnr"}
{"type":"log","timestamp":1677088140403,"level":"debug","message":"Page request: GET (document) file:///C:/Users/Kris/AppData/Local/Temp/jsreport/autocleanup/40a09ead-341c-44fc-89ff-6ad82f158642-chrome-pdf.html","meta":{"rootId":"2tbbv3h2v3yni1u","id":"2tbbv3h2v3yni1u"},"id":"7jxjctmwhj93q9u","previousOperationId":"fhpmvb0l7ipnqnr"}
{"type":"log","timestamp":1677088140420,"level":"debug","message":"Page request finished: GET (document) 200 file:///C:/Users/Kris/AppData/Local/Temp/jsreport/autocleanup/40a09ead-341c-44fc-89ff-6ad82f158642-chrome-pdf.html","meta":{"rootId":"2tbbv3h2v3yni1u","id":"2tbbv3h2v3yni1u"},"id":"0dyevo1mxdienbw","previousOperationId":"fhpmvb0l7ipnqnr"}
{"type":"log","timestamp":1677088140420,"level":"debug","message":"Page request: GET (stylesheet) https://cdnjs.cloudflare.com/ajax/libs/metro/4.1.5/css/metro.min.css","meta":{"rootId":"2tbbv3h2v3yni1u","id":"2tbbv3h2v3yni1u"},"id":"1w6pwuisy7rpinl","previousOperationId":"fhpmvb0l7ipnqnr"}
{"type":"log","timestamp":1677088140420,"level":"debug","message":"Page request: GET (script) https://cdnjs.cloudflare.com/ajax/libs/Chart.js/2.7.2/Chart.min.js","meta":{"rootId":"2tbbv3h2v3yni1u","id":"2tbbv3h2v3yni1u"},"id":"vxsbfcle0zuuumj","previousOperationId":"fhpmvb0l7ipnqnr"}
{"type":"log","timestamp":1677088140428,"level":"debug","message":"Page request finished: GET (script) 200 https://cdnjs.cloudflare.com/ajax/libs/Chart.js/2.7.2/Chart.min.js","meta":{"rootId":"2tbbv3h2v3yni1u","id":"2tbbv3h2v3yni1u"},"id":"q5hgja0asfahaqa","previousOperationId":"fhpmvb0l7ipnqnr"}
{"type":"log","timestamp":1677088140446,"level":"debug","message":"Page request finished: GET (stylesheet) 200 https://cdnjs.cloudflare.com/ajax/libs/metro/4.1.5/css/metro.min.css","meta":{"rootId":"2tbbv3h2v3yni1u","id":"2tbbv3h2v3yni1u"},"id":"53w18bjcs5tx303","previousOperationId":"fhpmvb0l7ipnqnr"}
{"type":"log","timestamp":1677088140488,"level":"debug","message":"Running chrome with params {\"printBackground\":true,\"marginTop\":\"4cm\",\"marginRight\":\"1.5cm\",\"marginBottom\":\"1.5cm\",\"marginLeft\":\"1.5cm\",\"waitForJS\":false,\"timeout\":58649,\"margin\":{\"top\":\"4cm\",\"right\":\"1.5cm\",\"bottom\":\"1.5cm\",\"left\":\"1.5cm\"}}","meta":{"rootId":"2tbbv3h2v3yni1u","id":"2tbbv3h2v3yni1u"},"id":"t6u49p48bfopxtm","previousOperationId":"fhpmvb0l7ipnqnr"}
{"type":"operationEnd","operationId":"fhpmvb0l7ipnqnr","timestamp":1677088140633,"id":"j29fpdz6tmtxr21","previousEventId":"axnu8qrdm6xqxoi","previousOperationId":"fhpmvb0l7ipnqnr"}
{"type":"log","timestamp":1677088140633,"level":"info","message":"pdf-utils is starting pdf processing","meta":{"rootId":"2tbbv3h2v3yni1u","id":"2tbbv3h2v3yni1u"},"id":"g6lklflsk49uxar","previousOperationId":"fhpmvb0l7ipnqnr"}
{"type":"operationStart","subtype":"pdfUtils","name":"pdf utils","timestamp":1677088140633,"id":"wwmtuvaecuf97pi","previousEventId":"j29fpdz6tmtxr21","operationId":"oj9d9evjbzsfjz6","previousOperationId":"fhpmvb0l7ipnqnr"}
{"type":"log","timestamp":1677088140633,"level":"debug","message":"pdf-utils detected 1 pdf operation(s) to process","meta":{"rootId":"2tbbv3h2v3yni1u","id":"2tbbv3h2v3yni1u"},"id":"gl56eamfuiajvac","previousOperationId":"oj9d9evjbzsfjz6"}
{"type":"log","timestamp":1677088140675,"level":"debug","message":"pdf-utils running pdf operation merge","meta":{"rootId":"2tbbv3h2v3yni1u","id":"2tbbv3h2v3yni1u"},"id":"6ac6g7bg2zp2evr","previousOperationId":"oj9d9evjbzsfjz6"}
{"type":"operationStart","subtype":"pdfUtilsMerge","name":"pdf utils merge","previousOperationId":"oj9d9evjbzsfjz6","timestamp":1677088140676,"id":"7j3izd7acg31cge","previousEventId":"wwmtuvaecuf97pi","operationId":"7vl34ah0vbuhvry"}
{"type":"operationStart","subtype":"render","name":"orders-header","previousOperationId":"7vl34ah0vbuhvry","timestamp":1677088140677,"id":"7aatm16wu1jon1u","previousEventId":"7j3izd7acg31cge","operationId":"l6qsoqcvcb3zbop"}
{"type":"log","timestamp":1677088140677,"level":"info","message":"Starting rendering (child) request","meta":{"rootId":"2tbbv3h2v3yni1u","id":"lfvv66k8iqnsee4"},"id":"fx7we9herafx5tc","previousOperationId":"l6qsoqcvcb3zbop"}
{"type":"log","timestamp":1677088140678,"level":"info","message":"Rendering template { name: orders-header, recipe: chrome-pdf, engine: handlebars, preview: true }","meta":{"rootId":"2tbbv3h2v3yni1u","id":"lfvv66k8iqnsee4"},"id":"8esghilj4uj4b46","previousOperationId":"l6qsoqcvcb3zbop"}
{"type":"log","timestamp":1677088140679,"level":"debug","message":"Inline data specified.","meta":{"rootId":"2tbbv3h2v3yni1u","id":"lfvv66k8iqnsee4"},"id":"ad6c5hkyvpf6vhh","previousOperationId":"l6qsoqcvcb3zbop"}
{"type":"log","timestamp":1677088140681,"level":"debug","message":"Base url not specified, skipping its injection.","meta":{"rootId":"2tbbv3h2v3yni1u","id":"lfvv66k8iqnsee4"},"id":"p17s6prmixvg18x","previousOperationId":"l6qsoqcvcb3zbop"}
{"type":"operationStart","subtype":"engine","name":"handlebars","timestamp":1677088140681,"id":"r0utr58bvvbelki","previousEventId":"7aatm16wu1jon1u","operationId":"ybi51qdb2pya41l","previousOperationId":"l6qsoqcvcb3zbop"}
{"type":"log","timestamp":1677088140681,"level":"debug","message":"Rendering engine handlebars","meta":{"rootId":"2tbbv3h2v3yni1u","id":"lfvv66k8iqnsee4"},"id":"69qoehq10a0gw3j","previousOperationId":"ybi51qdb2pya41l"}
{"type":"operationEnd","operationId":"ybi51qdb2pya41l","timestamp":1677088140701,"id":"e3665gbuofjllmd","previousEventId":"r0utr58bvvbelki","previousOperationId":"ybi51qdb2pya41l"}
{"type":"operationStart","subtype":"recipe","name":"chrome-pdf","timestamp":1677088140701,"id":"upj2bf60goe88w3","previousEventId":"e3665gbuofjllmd","operationId":"bbblpu49ncrtfqk","previousOperationId":"ybi51qdb2pya41l"}
{"type":"log","timestamp":1677088140701,"level":"debug","message":"Executing recipe chrome-pdf","meta":{"rootId":"2tbbv3h2v3yni1u","id":"lfvv66k8iqnsee4"},"id":"i6f9ca6ftucuphs","previousOperationId":"bbblpu49ncrtfqk"}
{"type":"log","timestamp":1677088140705,"level":"debug","message":"Converting with chrome HeadlessChrome/105.0.5173.0 using chrome-pool strategy","meta":{"rootId":"2tbbv3h2v3yni1u","id":"lfvv66k8iqnsee4"},"id":"0qx04uv9y8r43a9","previousOperationId":"bbblpu49ncrtfqk"}
{"type":"log","timestamp":1677088140801,"level":"debug","message":"Page request: GET (document) file:///C:/Users/Kris/AppData/Local/Temp/jsreport/autocleanup/f1382d4f-c0a8-4394-aa8d-12dc1e0d3b35-chrome-pdf.html","meta":{"rootId":"2tbbv3h2v3yni1u","id":"lfvv66k8iqnsee4"},"id":"fum2trn8rntt823","previousOperationId":"bbblpu49ncrtfqk"}
{"type":"log","timestamp":1677088140809,"level":"debug","message":"Page request finished: GET (document) 200 file:///C:/Users/Kris/AppData/Local/Temp/jsreport/autocleanup/f1382d4f-c0a8-4394-aa8d-12dc1e0d3b35-chrome-pdf.html","meta":{"rootId":"2tbbv3h2v3yni1u","id":"lfvv66k8iqnsee4"},"id":"ywxygkn0y86hti8","previousOperationId":"bbblpu49ncrtfqk"}
{"type":"log","timestamp":1677088140809,"level":"debug","message":"Page request: GET (stylesheet) https://cdnjs.cloudflare.com/ajax/libs/metro/4.1.5/css/metro.min.css","meta":{"rootId":"2tbbv3h2v3yni1u","id":"lfvv66k8iqnsee4"},"id":"p3lsm07ikn09kuc","previousOperationId":"bbblpu49ncrtfqk"}
{"type":"log","timestamp":1677088140829,"level":"debug","message":"Page request finished: GET (stylesheet) 200 https://cdnjs.cloudflare.com/ajax/libs/metro/4.1.5/css/metro.min.css","meta":{"rootId":"2tbbv3h2v3yni1u","id":"lfvv66k8iqnsee4"},"id":"n3n4f0ykqvi3zo0","previousOperationId":"bbblpu49ncrtfqk"}
{"type":"log","timestamp":1677088140852,"level":"debug","message":"Running chrome with params {\"printBackground\":true,\"marginTop\":\"1.5cm\",\"marginRight\":\"1.5cm\",\"marginLeft\":\"1.cm\",\"timeout\":58259,\"margin\":{\"top\":\"1.5cm\",\"right\":\"1.5cm\",\"left\":\"1.cm\"}}","meta":{"rootId":"2tbbv3h2v3yni1u","id":"lfvv66k8iqnsee4"},"id":"e0cz6knqlw9xled","previousOperationId":"bbblpu49ncrtfqk"}
{"type":"operationEnd","operationId":"bbblpu49ncrtfqk","timestamp":1677088140903,"id":"juyw3t0bxut9f08","previousEventId":"upj2bf60goe88w3","previousOperationId":"bbblpu49ncrtfqk"}
{"type":"log","timestamp":1677088140904,"level":"debug","message":"Skipping storing report.","meta":{"rootId":"2tbbv3h2v3yni1u","id":"lfvv66k8iqnsee4"},"id":"jkdxr2equafk26v","previousOperationId":"bbblpu49ncrtfqk"}
{"type":"log","timestamp":1677088140904,"level":"info","message":"Rendering (child) request finished in 1942 ms","meta":{"rootId":"2tbbv3h2v3yni1u","id":"lfvv66k8iqnsee4"},"id":"3ykkw3eg45o7zdi","previousOperationId":"bbblpu49ncrtfqk"}
{"type":"operationEnd","subtype":"render","operationId":"l6qsoqcvcb3zbop","timestamp":1677088140904,"id":"37170teac89l5cc","previousEventId":"juyw3t0bxut9f08","previousOperationId":"bbblpu49ncrtfqk"}
{"type":"operationEnd","operationId":"7vl34ah0vbuhvry","timestamp":1677088140912,"id":"3hgxhfh2lv0hcyo","previousEventId":"7j3izd7acg31cge","previousOperationId":"7vl34ah0vbuhvry"}
{"type":"log","timestamp":1677088140912,"level":"debug","message":"pdf-utils postproces start","meta":{"rootId":"2tbbv3h2v3yni1u","id":"2tbbv3h2v3yni1u"},"id":"68dbu9q49j9f37u","previousOperationId":"7vl34ah0vbuhvry"}
{"type":"log","timestamp":1677088140923,"level":"debug","message":"pdf-utils postproces end","meta":{"rootId":"2tbbv3h2v3yni1u","id":"2tbbv3h2v3yni1u"},"id":"932g9in8lhbp6dh","previousOperationId":"7vl34ah0vbuhvry"}
{"type":"operationEnd","operationId":"oj9d9evjbzsfjz6","timestamp":1677088140923,"id":"ma086gf4wxtm2wd","previousEventId":"3hgxhfh2lv0hcyo","previousOperationId":"7vl34ah0vbuhvry"}
{"type":"log","timestamp":1677088140923,"level":"info","message":"pdf-utils pdf processing was finished","meta":{"rootId":"2tbbv3h2v3yni1u","id":"2tbbv3h2v3yni1u"},"id":"1nbvvi2w80fvlgi","previousOperationId":"oj9d9evjbzsfjz6"}
{"type":"log","timestamp":1677088140923,"level":"debug","message":"Skipping storing report.","meta":{"rootId":"2tbbv3h2v3yni1u","id":"2tbbv3h2v3yni1u"},"id":"nuqss64bulfa9ib","previousOperationId":"oj9d9evjbzsfjz6"}
{"type":"log","timestamp":1677088140923,"level":"info","message":"Rendering request 20 finished in 1961 ms","meta":{"rootId":"2tbbv3h2v3yni1u","id":"2tbbv3h2v3yni1u"},"id":"8bou8l5jddm1kj2","previousOperationId":"oj9d9evjbzsfjz6"}
{"type":"operationEnd","subtype":"render","operationId":"sb7r4jc9tvusg1e","timestamp":1677088140923,"id":"pmic3i9sugdobh8","previousEventId":"ma086gf4wxtm2wd","previousOperationId":"oj9d9evjbzsfjz6"}
{"type":"operationEnd","doDiffs":false,"previousEventId":"22da3a6gzptysna","previousOperationId":"5qykn7ofe0bw7wc","operationId":"5qykn7ofe0bw7wc","timestamp":1677088140939,"id":"ylaetjn0zrrne18"}
