{"type":"operationStart","subtype":"profile","data":{"_id":"l2RdIH93kG7mf32a","timestamp":"2023-02-22T17:47:48.814Z","state":"queued","mode":"standard","creationDate":"2023-02-22T17:47:48.817Z","modificationDate":"2023-02-22T17:47:48.817Z","shortid":"9QBk2Yz","$entitySet":"profiles"},"doDiffs":false,"timestamp":1677088068815,"id":"xqi2umnu1jd5w73","previousOperationId":null,"operationId":"cccislwwe3ylhs4"}
{"type":"log","level":"info","message":"Render request 16 queued for execution and waiting for available worker","previousOperationId":"cccislwwe3ylhs4","timestamp":1677088068815,"id":"zu4zwswlrflf8bx"}
{"type":"operationStart","subtype":"render","name":"orders-main","previousOperationId":"cccislwwe3ylhs4","timestamp":1677088068824,"id":"37m08vua81u5366","previousEventId":"xqi2umnu1jd5w73","operationId":"oo02fctueq0stpq"}
{"type":"log","timestamp":1677088068824,"level":"info","message":"Starting rendering request 16","meta":{"rootId":"2wseaf3c8td381v","id":"2wseaf3c8td381v"},"id":"s59nhtxlc8g13l4","previousOperationId":"oo02fctueq0stpq"}
{"type":"log","timestamp":1677088068825,"level":"info","message":"Rendering template { name: orders-main, recipe: chrome-pdf, engine: handlebars, preview: true }","meta":{"rootId":"2wseaf3c8td381v","id":"2wseaf3c8td381v"},"id":"3m6pscv9goytdfx","previousOperationId":"oo02fctueq0stpq"}
{"type":"log","timestamp":1677088068825,"level":"debug","message":"Data item not defined for this template.","meta":{"rootId":"2wseaf3c8td381v","id":"2wseaf3c8td381v"},"id":"r2sdjrysxlk5amb","previousOperationId":"oo02fctueq0stpq"}
{"type":"log","timestamp":1677088068829,"level":"debug","message":"Executing script orders-script (beforeRender)","meta":{"rootId":"2wseaf3c8td381v","id":"2wseaf3c8td381v"},"id":"1wpadjvl02dr5ik","previousOperationId":"oo02fctueq0stpq"}
{"type":"operationStart","subtype":"scriptsBeforeRender","name":"scripts beforeRender","timestamp":1677088068836,"id":"ws5y4zyz0qpavmc","previousEventId":"37m08vua81u5366","operationId":"2hcwoqk2tj9ihyh","previousOperationId":"oo02fctueq0stpq"}
{"type":"operationStart","subtype":"script","name":"scripts orders-script","previousOperationId":"2hcwoqk2tj9ihyh","timestamp":1677088068836,"id":"5g40htvz98nuvib","previousEventId":"ws5y4zyz0qpavmc","operationId":"qvz0fmrhnszbm8t"}
{"type":"operationEnd","operationId":"qvz0fmrhnszbm8t","timestamp":1677088070103,"id":"0rpy0u6iqbys9yr","previousEventId":"37m08vua81u5366","previousOperationId":"oo02fctueq0stpq"}
{"type":"operationEnd","operationId":"2hcwoqk2tj9ihyh","timestamp":1677088070103,"id":"aph1kix7r8pgv25","previousEventId":"0rpy0u6iqbys9yr","previousOperationId":"oo02fctueq0stpq"}
{"type":"log","timestamp":1677088070103,"level":"debug","message":"Base url not specified, skipping its injection.","meta":{"rootId":"2wseaf3c8td381v","id":"2wseaf3c8td381v"},"id":"b1b7vn7ucesn30j","previousOperationId":"2hcwoqk2tj9ihyh"}
{"type":"operationStart","subtype":"engine","name":"handlebars","timestamp":1677088070104,"id":"ebbplv12gm5cntw","previousEventId":"aph1kix7r8pgv25","operationId":"4h49lyau2q399xe","previousOperationId":"2hcwoqk2tj9ihyh"}
{"type":"log","timestamp":1677088070104,"level":"debug","message":"Rendering engine handlebars","meta":{"rootId":"2wseaf3c8td381v","id":"2wseaf3c8td381v"},"id":"u2f5ikpg6uh6n38","previousOperationId":"4h49lyau2q399xe"}
{"type":"operationEnd","operationId":"4h49lyau2q399xe","timestamp":1677088070110,"id":"mca2j5yvls2lc66","previousEventId":"ebbplv12gm5cntw","previousOperationId":"4h49lyau2q399xe"}
{"type":"operationStart","subtype":"recipe","name":"chrome-pdf","timestamp":1677088070110,"id":"cziio75qnrangqf","previousEventId":"mca2j5yvls2lc66","operationId":"y3nxfs2g2xuynes","previousOperationId":"4h49lyau2q399xe"}
{"type":"log","timestamp":1677088070110,"level":"debug","message":"Executing recipe chrome-pdf","meta":{"rootId":"2wseaf3c8td381v","id":"2wseaf3c8td381v"},"id":"4uipsxk4zagt7vp","previousOperationId":"y3nxfs2g2xuynes"}
{"type":"log","timestamp":1677088070113,"level":"debug","message":"Converting with chrome HeadlessChrome/105.0.5173.0 using chrome-pool strategy","meta":{"rootId":"2wseaf3c8td381v","id":"2wseaf3c8td381v"},"id":"46lyc6cf2y9jofa","previousOperationId":"y3nxfs2g2xuynes"}
{"type":"log","timestamp":1677088070197,"level":"debug","message":"Page request: GET (document) file:///C:/Users/Kris/AppData/Local/Temp/jsreport/autocleanup/c7a5cd1f-5d01-47ee-bd3b-e053938099dd-chrome-pdf.html","meta":{"rootId":"2wseaf3c8td381v","id":"2wseaf3c8td381v"},"id":"9d3wowq8xf6kkw9","previousOperationId":"y3nxfs2g2xuynes"}
{"type":"log","timestamp":1677088070211,"level":"debug","message":"Page request finished: GET (document) 200 file:///C:/Users/Kris/AppData/Local/Temp/jsreport/autocleanup/c7a5cd1f-5d01-47ee-bd3b-e053938099dd-chrome-pdf.html","meta":{"rootId":"2wseaf3c8td381v","id":"2wseaf3c8td381v"},"id":"9fz9bcq933ososb","previousOperationId":"y3nxfs2g2xuynes"}
{"type":"log","timestamp":1677088070211,"level":"debug","message":"Page request: GET (stylesheet) https://cdnjs.cloudflare.com/ajax/libs/metro/4.1.5/css/metro.min.css","meta":{"rootId":"2wseaf3c8td381v","id":"2wseaf3c8td381v"},"id":"vkjl34oj9d6gfy3","previousOperationId":"y3nxfs2g2xuynes"}
{"type":"log","timestamp":1677088070211,"level":"debug","message":"Page request: GET (script) https://cdnjs.cloudflare.com/ajax/libs/Chart.js/2.7.2/Chart.min.js","meta":{"rootId":"2wseaf3c8td381v","id":"2wseaf3c8td381v"},"id":"4q5jehe97wv8y9o","previousOperationId":"y3nxfs2g2xuynes"}
{"type":"log","timestamp":1677088070216,"level":"debug","message":"Page request finished: GET (script) 200 https://cdnjs.cloudflare.com/ajax/libs/Chart.js/2.7.2/Chart.min.js","meta":{"rootId":"2wseaf3c8td381v","id":"2wseaf3c8td381v"},"id":"qg57r6ec3u19mdx","previousOperationId":"y3nxfs2g2xuynes"}
{"type":"log","timestamp":1677088070236,"level":"debug","message":"Page request finished: GET (stylesheet) 200 https://cdnjs.cloudflare.com/ajax/libs/metro/4.1.5/css/metro.min.css","meta":{"rootId":"2wseaf3c8td381v","id":"2wseaf3c8td381v"},"id":"cystr4kl7pxvepy","previousOperationId":"y3nxfs2g2xuynes"}
{"type":"log","timestamp":1677088070278,"level":"debug","message":"Running chrome with params {\"printBackground\":true,\"marginTop\":\"4cm\",\"marginRight\":\"1.5cm\",\"marginBottom\":\"1.5cm\",\"marginLeft\":\"1.5cm\",\"waitForJS\":false,\"timeout\":58702,\"margin\":{\"top\":\"4cm\",\"right\":\"1.5cm\",\"bottom\":\"1.5cm\",\"left\":\"1.5cm\"}}","meta":{"rootId":"2wseaf3c8td381v","id":"2wseaf3c8td381v"},"id":"ikp01vbom246t74","previousOperationId":"y3nxfs2g2xuynes"}
{"type":"operationEnd","operationId":"y3nxfs2g2xuynes","timestamp":1677088070424,"id":"ccb0l8dc771qdoo","previousEventId":"cziio75qnrangqf","previousOperationId":"y3nxfs2g2xuynes"}
{"type":"log","timestamp":1677088070424,"level":"info","message":"pdf-utils is starting pdf processing","meta":{"rootId":"2wseaf3c8td381v","id":"2wseaf3c8td381v"},"id":"p949eu4h0zha6n4","previousOperationId":"y3nxfs2g2xuynes"}
{"type":"operationStart","subtype":"pdfUtils","name":"pdf utils","timestamp":1677088070424,"id":"x3esclwynfq1z0z","previousEventId":"ccb0l8dc771qdoo","operationId":"g9csr3xfzgy0rgm","previousOperationId":"y3nxfs2g2xuynes"}
{"type":"log","timestamp":1677088070424,"level":"debug","message":"pdf-utils detected 1 pdf operation(s) to process","meta":{"rootId":"2wseaf3c8td381v","id":"2wseaf3c8td381v"},"id":"j1b6ksuhil7k3gr","previousOperationId":"g9csr3xfzgy0rgm"}
{"type":"log","timestamp":1677088070469,"level":"debug","message":"pdf-utils running pdf operation merge","meta":{"rootId":"2wseaf3c8td381v","id":"2wseaf3c8td381v"},"id":"3swyp2gcn4fzg8m","previousOperationId":"g9csr3xfzgy0rgm"}
{"type":"operationStart","subtype":"pdfUtilsMerge","name":"pdf utils merge","previousOperationId":"g9csr3xfzgy0rgm","timestamp":1677088070469,"id":"xvcad4rzwf46pj4","previousEventId":"x3esclwynfq1z0z","operationId":"33j5t2xvuiipxrg"}
{"type":"operationStart","subtype":"render","name":"orders-header","previousOperationId":"33j5t2xvuiipxrg","timestamp":1677088070469,"id":"1ck6vkyobviulbb","previousEventId":"xvcad4rzwf46pj4","operationId":"v7ynf61yfs3hrxy"}
{"type":"log","timestamp":1677088070469,"level":"info","message":"Starting rendering (child) request","meta":{"rootId":"2wseaf3c8td381v","id":"imm27xls5e3p4te"},"id":"nsgffhj44m5b82j","previousOperationId":"v7ynf61yfs3hrxy"}
{"type":"log","timestamp":1677088070469,"level":"info","message":"Rendering template { name: orders-header, recipe: chrome-pdf, engine: handlebars, preview: true }","meta":{"rootId":"2wseaf3c8td381v","id":"imm27xls5e3p4te"},"id":"7tna31qc6gzlc1g","previousOperationId":"v7ynf61yfs3hrxy"}
{"type":"log","timestamp":1677088070470,"level":"debug","message":"Inline data specified.","meta":{"rootId":"2wseaf3c8td381v","id":"imm27xls5e3p4te"},"id":"yleh4i8na64kdxl","previousOperationId":"v7ynf61yfs3hrxy"}
{"type":"log","timestamp":1677088070473,"level":"debug","message":"Base url not specified, skipping its injection.","meta":{"rootId":"2wseaf3c8td381v","id":"imm27xls5e3p4te"},"id":"rho97uac3anqszu","previousOperationId":"v7ynf61yfs3hrxy"}
{"type":"operationStart","subtype":"engine","name":"handlebars","timestamp":1677088070473,"id":"dsfi4au2lbbdkbn","previousEventId":"1ck6vkyobviulbb","operationId":"l8okgdtae76dzdm","previousOperationId":"v7ynf61yfs3hrxy"}
{"type":"log","timestamp":1677088070473,"level":"debug","message":"Rendering engine handlebars","meta":{"rootId":"2wseaf3c8td381v","id":"imm27xls5e3p4te"},"id":"qvbbgrgchwu29dd","previousOperationId":"l8okgdtae76dzdm"}
{"type":"operationEnd","operationId":"l8okgdtae76dzdm","timestamp":1677088070492,"id":"7oles4i212qvfoo","previousEventId":"dsfi4au2lbbdkbn","previousOperationId":"l8okgdtae76dzdm"}
{"type":"operationStart","subtype":"recipe","name":"chrome-pdf","timestamp":1677088070492,"id":"cdnzw3wx40nggho","previousEventId":"7oles4i212qvfoo","operationId":"uhz0ylu7qbdg6ky","previousOperationId":"l8okgdtae76dzdm"}
{"type":"log","timestamp":1677088070492,"level":"debug","message":"Executing recipe chrome-pdf","meta":{"rootId":"2wseaf3c8td381v","id":"imm27xls5e3p4te"},"id":"raucsz24fd6neo0","previousOperationId":"uhz0ylu7qbdg6ky"}
{"type":"log","timestamp":1677088070495,"level":"debug","message":"Converting with chrome HeadlessChrome/105.0.5173.0 using chrome-pool strategy","meta":{"rootId":"2wseaf3c8td381v","id":"imm27xls5e3p4te"},"id":"shdr5m55pgp6kjf","previousOperationId":"uhz0ylu7qbdg6ky"}
{"type":"log","timestamp":1677088070583,"level":"debug","message":"Page request: GET (document) file:///C:/Users/Kris/AppData/Local/Temp/jsreport/autocleanup/902f786b-834d-40f3-af75-d26864a6f3fa-chrome-pdf.html","meta":{"rootId":"2wseaf3c8td381v","id":"imm27xls5e3p4te"},"id":"2t1xfmii0nq15n4","previousOperationId":"uhz0ylu7qbdg6ky"}
{"type":"log","timestamp":1677088070592,"level":"debug","message":"Page request finished: GET (document) 200 file:///C:/Users/Kris/AppData/Local/Temp/jsreport/autocleanup/902f786b-834d-40f3-af75-d26864a6f3fa-chrome-pdf.html","meta":{"rootId":"2wseaf3c8td381v","id":"imm27xls5e3p4te"},"id":"29brlsjd1bzpdyq","previousOperationId":"uhz0ylu7qbdg6ky"}
{"type":"log","timestamp":1677088070592,"level":"debug","message":"Page request: GET (stylesheet) https://cdnjs.cloudflare.com/ajax/libs/metro/4.1.5/css/metro.min.css","meta":{"rootId":"2wseaf3c8td381v","id":"imm27xls5e3p4te"},"id":"2vjgjpi35j7ed4d","previousOperationId":"uhz0ylu7qbdg6ky"}
{"type":"log","timestamp":1677088070613,"level":"debug","message":"Page request finished: GET (stylesheet) 200 https://cdnjs.cloudflare.com/ajax/libs/metro/4.1.5/css/metro.min.css","meta":{"rootId":"2wseaf3c8td381v","id":"imm27xls5e3p4te"},"id":"fuv6mmvdllt7xpo","previousOperationId":"uhz0ylu7qbdg6ky"}
{"type":"log","timestamp":1677088070635,"level":"debug","message":"Running chrome with params {\"printBackground\":true,\"marginTop\":\"1.5cm\",\"marginRight\":\"1.5cm\",\"marginLeft\":\"1.cm\",\"timeout\":58320,\"margin\":{\"top\":\"1.5cm\",\"right\":\"1.5cm\",\"left\":\"1.cm\"}}","meta":{"rootId":"2wseaf3c8td381v","id":"imm27xls5e3p4te"},"id":"a3y580itgrooaxs","previousOperationId":"uhz0ylu7qbdg6ky"}
{"type":"operationEnd","operationId":"uhz0ylu7qbdg6ky","timestamp":1677088070691,"id":"1ux7mafxo3konzq","previousEventId":"cdnzw3wx40nggho","previousOperationId":"uhz0ylu7qbdg6ky"}
{"type":"log","timestamp":1677088070691,"level":"debug","message":"Skipping storing report.","meta":{"rootId":"2wseaf3c8td381v","id":"imm27xls5e3p4te"},"id":"000go710zq0gaja","previousOperationId":"uhz0ylu7qbdg6ky"}
{"type":"log","timestamp":1677088070692,"level":"info","message":"Rendering (child) request finished in 1878 ms","meta":{"rootId":"2wseaf3c8td381v","id":"imm27xls5e3p4te"},"id":"pk2wa44n8uv3fvo","previousOperationId":"uhz0ylu7qbdg6ky"}
{"type":"operationEnd","subtype":"render","operationId":"v7ynf61yfs3hrxy","timestamp":1677088070692,"id":"q8u27lx6wvaxpat","previousEventId":"1ux7mafxo3konzq","previousOperationId":"uhz0ylu7qbdg6ky"}
{"type":"operationEnd","operationId":"33j5t2xvuiipxrg","timestamp":1677088070701,"id":"kcyz8frbgrw5hig","previousEventId":"xvcad4rzwf46pj4","previousOperationId":"33j5t2xvuiipxrg"}
{"type":"log","timestamp":1677088070701,"level":"debug","message":"pdf-utils postproces start","meta":{"rootId":"2wseaf3c8td381v","id":"2wseaf3c8td381v"},"id":"6t6k50iowp8v5a2","previousOperationId":"33j5t2xvuiipxrg"}
{"type":"log","timestamp":1677088070720,"level":"debug","message":"pdf-utils postproces end","meta":{"rootId":"2wseaf3c8td381v","id":"2wseaf3c8td381v"},"id":"5ar3p1x9olf6wik","previousOperationId":"33j5t2xvuiipxrg"}
{"type":"operationEnd","operationId":"g9csr3xfzgy0rgm","timestamp":1677088070720,"id":"yqs8qr4jsjw74u6","previousEventId":"kcyz8frbgrw5hig","previousOperationId":"33j5t2xvuiipxrg"}
{"type":"log","timestamp":1677088070720,"level":"info","message":"pdf-utils pdf processing was finished","meta":{"rootId":"2wseaf3c8td381v","id":"2wseaf3c8td381v"},"id":"jy5qxul1srqyp57","previousOperationId":"g9csr3xfzgy0rgm"}
{"type":"log","timestamp":1677088070720,"level":"debug","message":"Skipping storing report.","meta":{"rootId":"2wseaf3c8td381v","id":"2wseaf3c8td381v"},"id":"nq2mvjwyp2urj0m","previousOperationId":"g9csr3xfzgy0rgm"}
{"type":"log","timestamp":1677088070720,"level":"info","message":"Rendering request 16 finished in 1906 ms","meta":{"rootId":"2wseaf3c8td381v","id":"2wseaf3c8td381v"},"id":"jstr9fg9dfqaqd9","previousOperationId":"g9csr3xfzgy0rgm"}
{"type":"operationEnd","subtype":"render","operationId":"oo02fctueq0stpq","timestamp":1677088070720,"id":"j7imj09we7ijlyt","previousEventId":"yqs8qr4jsjw74u6","previousOperationId":"g9csr3xfzgy0rgm"}
{"type":"operationEnd","doDiffs":false,"previousEventId":"xqi2umnu1jd5w73","previousOperationId":"cccislwwe3ylhs4","operationId":"cccislwwe3ylhs4","timestamp":1677088070731,"id":"rpzz7v44obyze25"}
