{"type":"operationStart","subtype":"profile","data":{"_id":"CAWyY67ZaVOgHiHn","timestamp":"2023-02-16T17:20:46.569Z","state":"queued","mode":"standard","creationDate":"2023-02-16T17:20:46.570Z","modificationDate":"2023-02-16T17:20:46.570Z","shortid":"D5fL7t1","$entitySet":"profiles"},"doDiffs":false,"timestamp":1676568046569,"id":"hnemkzo8jud6qtd","previousOperationId":null,"operationId":"fmx5w1zyhunfypy"}
{"type":"log","level":"info","message":"Render request 7 queued for execution and waiting for available worker","previousOperationId":"fmx5w1zyhunfypy","timestamp":1676568046570,"id":"yvrrm06jlje7xbb"}
{"type":"operationStart","subtype":"render","name":"orders-main","previousOperationId":"fmx5w1zyhunfypy","timestamp":1676568046579,"id":"28qbmwl0zmkw9qc","previousEventId":"hnemkzo8jud6qtd","operationId":"mi1jxftl8wd4oxk"}
{"type":"log","timestamp":1676568046580,"level":"info","message":"Starting rendering request 7","meta":{"rootId":"461ihde9pi4c4lz","id":"461ihde9pi4c4lz"},"id":"wteez29fo9cqy9e","previousOperationId":"mi1jxftl8wd4oxk"}
{"type":"log","timestamp":1676568046580,"level":"info","message":"Rendering template { name: orders-main, recipe: chrome-pdf, engine: handlebars, preview: true }","meta":{"rootId":"461ihde9pi4c4lz","id":"461ihde9pi4c4lz"},"id":"1qi3xsjl2puhpz4","previousOperationId":"mi1jxftl8wd4oxk"}
{"type":"log","timestamp":1676568046582,"level":"debug","message":"Data item not defined for this template.","meta":{"rootId":"461ihde9pi4c4lz","id":"461ihde9pi4c4lz"},"id":"k37j23xr2ouqi41","previousOperationId":"mi1jxftl8wd4oxk"}
{"type":"log","timestamp":1676568046589,"level":"debug","message":"Executing script orders-script (beforeRender)","meta":{"rootId":"461ihde9pi4c4lz","id":"461ihde9pi4c4lz"},"id":"fn5fcvbzy5j7yc0","previousOperationId":"mi1jxftl8wd4oxk"}
{"type":"operationStart","subtype":"scriptsBeforeRender","name":"scripts beforeRender","timestamp":1676568046606,"id":"8cq3hlfgco6128l","previousEventId":"28qbmwl0zmkw9qc","operationId":"lu3kisi31wves9v","previousOperationId":"mi1jxftl8wd4oxk"}
{"type":"operationStart","subtype":"script","name":"scripts orders-script","previousOperationId":"lu3kisi31wves9v","timestamp":1676568046606,"id":"ixyl2m751n7ovkc","previousEventId":"8cq3hlfgco6128l","operationId":"4lqxg68w66t0fqp"}
{"type":"operationEnd","operationId":"4lqxg68w66t0fqp","timestamp":1676568047890,"id":"uhhpmzm9a3pxd9x","previousEventId":"28qbmwl0zmkw9qc","previousOperationId":"mi1jxftl8wd4oxk"}
{"type":"operationEnd","operationId":"lu3kisi31wves9v","timestamp":1676568047890,"id":"hp2us8kv7jxkqk0","previousEventId":"uhhpmzm9a3pxd9x","previousOperationId":"mi1jxftl8wd4oxk"}
{"type":"log","timestamp":1676568047890,"level":"debug","message":"Base url not specified, skipping its injection.","meta":{"rootId":"461ihde9pi4c4lz","id":"461ihde9pi4c4lz"},"id":"9b44lsctp34msky","previousOperationId":"lu3kisi31wves9v"}
{"type":"operationStart","subtype":"engine","name":"handlebars","timestamp":1676568047891,"id":"7yajdn6ioipra39","previousEventId":"hp2us8kv7jxkqk0","operationId":"qr360v82fvllcq0","previousOperationId":"lu3kisi31wves9v"}
{"type":"log","timestamp":1676568047891,"level":"debug","message":"Rendering engine handlebars","meta":{"rootId":"461ihde9pi4c4lz","id":"461ihde9pi4c4lz"},"id":"q1iaf0cvg1eqpkv","previousOperationId":"qr360v82fvllcq0"}
{"type":"log","timestamp":1676568047903,"level":"debug","message":"(console:log) Pdf utils adding group field, value: \"France\"","meta":{"userLevel":true,"rootId":"461ihde9pi4c4lz","id":"461ihde9pi4c4lz"},"id":"thypww9ysm1r9sh","previousOperationId":"qr360v82fvllcq0"}
{"type":"log","timestamp":1676568047903,"level":"debug","message":"(console:log) Pdf utils adding group field, value: \"Germany\"","meta":{"userLevel":true,"rootId":"461ihde9pi4c4lz","id":"461ihde9pi4c4lz"},"id":"ztri5x9pwgiozws","previousOperationId":"qr360v82fvllcq0"}
{"type":"operationEnd","operationId":"qr360v82fvllcq0","timestamp":1676568047904,"id":"sb53456yd43f9g2","previousEventId":"7yajdn6ioipra39","previousOperationId":"qr360v82fvllcq0"}
{"type":"operationStart","subtype":"recipe","name":"chrome-pdf","timestamp":1676568047905,"id":"cyclcwrahpb7tpe","previousEventId":"sb53456yd43f9g2","operationId":"sifbcx73fvxlv1i","previousOperationId":"qr360v82fvllcq0"}
{"type":"log","timestamp":1676568047905,"level":"debug","message":"Executing recipe chrome-pdf","meta":{"rootId":"461ihde9pi4c4lz","id":"461ihde9pi4c4lz"},"id":"jd5lchnabkc6r5z","previousOperationId":"sifbcx73fvxlv1i"}
{"type":"log","timestamp":1676568047909,"level":"debug","message":"Converting with chrome HeadlessChrome/105.0.5173.0 using chrome-pool strategy","meta":{"rootId":"461ihde9pi4c4lz","id":"461ihde9pi4c4lz"},"id":"7xpgs33lryjdu3s","previousOperationId":"sifbcx73fvxlv1i"}
{"type":"log","timestamp":1676568048024,"level":"debug","message":"Page request: GET (document) file:///C:/Users/Kris/AppData/Local/Temp/jsreport/autocleanup/c7614385-e3aa-4404-99d7-548e7df45cf2-chrome-pdf.html","meta":{"rootId":"461ihde9pi4c4lz","id":"461ihde9pi4c4lz"},"id":"8wsf5w1oz1vvuka","previousOperationId":"sifbcx73fvxlv1i"}
{"type":"log","timestamp":1676568048062,"level":"debug","message":"Page request finished: GET (document) 200 file:///C:/Users/Kris/AppData/Local/Temp/jsreport/autocleanup/c7614385-e3aa-4404-99d7-548e7df45cf2-chrome-pdf.html","meta":{"rootId":"461ihde9pi4c4lz","id":"461ihde9pi4c4lz"},"id":"w2hqclgx3jwnsjg","previousOperationId":"sifbcx73fvxlv1i"}
{"type":"log","timestamp":1676568048062,"level":"debug","message":"Page request: GET (stylesheet) https://cdnjs.cloudflare.com/ajax/libs/metro/4.1.5/css/metro.min.css","meta":{"rootId":"461ihde9pi4c4lz","id":"461ihde9pi4c4lz"},"id":"q9mb9r4bin2p5vl","previousOperationId":"sifbcx73fvxlv1i"}
{"type":"log","timestamp":1676568048062,"level":"debug","message":"Page request: GET (script) https://cdnjs.cloudflare.com/ajax/libs/Chart.js/2.7.2/Chart.min.js","meta":{"rootId":"461ihde9pi4c4lz","id":"461ihde9pi4c4lz"},"id":"q6bd21rjpcp74vw","previousOperationId":"sifbcx73fvxlv1i"}
{"type":"log","timestamp":1676568048067,"level":"debug","message":"Page request finished: GET (script) 200 https://cdnjs.cloudflare.com/ajax/libs/Chart.js/2.7.2/Chart.min.js","meta":{"rootId":"461ihde9pi4c4lz","id":"461ihde9pi4c4lz"},"id":"237vd1lnjxwb8rd","previousOperationId":"sifbcx73fvxlv1i"}
{"type":"log","timestamp":1676568048085,"level":"debug","message":"Page request finished: GET (stylesheet) 200 https://cdnjs.cloudflare.com/ajax/libs/metro/4.1.5/css/metro.min.css","meta":{"rootId":"461ihde9pi4c4lz","id":"461ihde9pi4c4lz"},"id":"h2pkq8ye5ab15am","previousOperationId":"sifbcx73fvxlv1i"}
{"type":"log","timestamp":1676568048220,"level":"debug","message":"Running chrome with params {\"printBackground\":true,\"marginTop\":\"4cm\",\"marginRight\":\"1.5cm\",\"marginBottom\":\"1.5cm\",\"marginLeft\":\"1.5cm\",\"waitForJS\":false,\"timeout\":58662,\"margin\":{\"top\":\"4cm\",\"right\":\"1.5cm\",\"bottom\":\"1.5cm\",\"left\":\"1.5cm\"}}","meta":{"rootId":"461ihde9pi4c4lz","id":"461ihde9pi4c4lz"},"id":"uly2r3czp4ym1qr","previousOperationId":"sifbcx73fvxlv1i"}
{"type":"operationEnd","operationId":"sifbcx73fvxlv1i","timestamp":1676568048405,"id":"if2snywj78pcw4x","previousEventId":"cyclcwrahpb7tpe","previousOperationId":"sifbcx73fvxlv1i"}
{"type":"log","timestamp":1676568048405,"level":"info","message":"pdf-utils is starting pdf processing","meta":{"rootId":"461ihde9pi4c4lz","id":"461ihde9pi4c4lz"},"id":"qbt5i63plqo3zlw","previousOperationId":"sifbcx73fvxlv1i"}
{"type":"operationStart","subtype":"pdfUtils","name":"pdf utils","timestamp":1676568048405,"id":"yr5q288dg9e3v1x","previousEventId":"if2snywj78pcw4x","operationId":"fwegj6fe3r6jgik","previousOperationId":"sifbcx73fvxlv1i"}
{"type":"log","timestamp":1676568048405,"level":"debug","message":"pdf-utils detected 1 pdf operation(s) to process","meta":{"rootId":"461ihde9pi4c4lz","id":"461ihde9pi4c4lz"},"id":"abej8a7nyu6be97","previousOperationId":"fwegj6fe3r6jgik"}
{"type":"log","timestamp":1676568048482,"level":"debug","message":"pdf-utils running pdf operation merge","meta":{"rootId":"461ihde9pi4c4lz","id":"461ihde9pi4c4lz"},"id":"jg3w3adyl3kmjgg","previousOperationId":"fwegj6fe3r6jgik"}
{"type":"operationStart","subtype":"pdfUtilsMerge","name":"pdf utils merge","previousOperationId":"fwegj6fe3r6jgik","timestamp":1676568048482,"id":"uc96dz3x21xbq5g","previousEventId":"yr5q288dg9e3v1x","operationId":"evp4koddmafcumy"}
{"type":"operationStart","subtype":"render","name":"orders-header","previousOperationId":"evp4koddmafcumy","timestamp":1676568048483,"id":"0civeiestaj5cib","previousEventId":"uc96dz3x21xbq5g","operationId":"rkl8n0ef5o4mfg3"}
{"type":"log","timestamp":1676568048483,"level":"info","message":"Starting rendering (child) request","meta":{"rootId":"461ihde9pi4c4lz","id":"mc90563ufojsr03"},"id":"equlz3k37841a4e","previousOperationId":"rkl8n0ef5o4mfg3"}
{"type":"log","timestamp":1676568048483,"level":"info","message":"Rendering template { name: orders-header, recipe: chrome-pdf, engine: handlebars, preview: true }","meta":{"rootId":"461ihde9pi4c4lz","id":"mc90563ufojsr03"},"id":"vhm7so7pbgi2gft","previousOperationId":"rkl8n0ef5o4mfg3"}
{"type":"log","timestamp":1676568048494,"level":"debug","message":"Inline data specified.","meta":{"rootId":"461ihde9pi4c4lz","id":"mc90563ufojsr03"},"id":"tlf7rzgqrig6n6n","previousOperationId":"rkl8n0ef5o4mfg3"}
{"type":"log","timestamp":1676568048500,"level":"debug","message":"Base url not specified, skipping its injection.","meta":{"rootId":"461ihde9pi4c4lz","id":"mc90563ufojsr03"},"id":"tpha90j198c62m9","previousOperationId":"rkl8n0ef5o4mfg3"}
{"type":"operationStart","subtype":"engine","name":"handlebars","timestamp":1676568048500,"id":"9hrnkumtzz23n2q","previousEventId":"0civeiestaj5cib","operationId":"ymfc3akgwyqrzd1","previousOperationId":"rkl8n0ef5o4mfg3"}
{"type":"log","timestamp":1676568048500,"level":"debug","message":"Rendering engine handlebars","meta":{"rootId":"461ihde9pi4c4lz","id":"mc90563ufojsr03"},"id":"i7gyewkt97q6wod","previousOperationId":"ymfc3akgwyqrzd1"}
{"type":"operationEnd","operationId":"ymfc3akgwyqrzd1","timestamp":1676568048527,"id":"5hwsa6se1qw73xm","previousEventId":"9hrnkumtzz23n2q","previousOperationId":"ymfc3akgwyqrzd1"}
{"type":"operationStart","subtype":"recipe","name":"chrome-pdf","timestamp":1676568048527,"id":"myxu5dx7k1bwzz9","previousEventId":"5hwsa6se1qw73xm","operationId":"k6fizhg7z4yjbhv","previousOperationId":"ymfc3akgwyqrzd1"}
{"type":"log","timestamp":1676568048527,"level":"debug","message":"Executing recipe chrome-pdf","meta":{"rootId":"461ihde9pi4c4lz","id":"mc90563ufojsr03"},"id":"l8ghm83apmbxm1a","previousOperationId":"k6fizhg7z4yjbhv"}
{"type":"log","timestamp":1676568048529,"level":"debug","message":"Converting with chrome HeadlessChrome/105.0.5173.0 using chrome-pool strategy","meta":{"rootId":"461ihde9pi4c4lz","id":"mc90563ufojsr03"},"id":"phzz7axn72mb7o7","previousOperationId":"k6fizhg7z4yjbhv"}
{"type":"log","timestamp":1676568048639,"level":"debug","message":"Page request: GET (document) file:///C:/Users/Kris/AppData/Local/Temp/jsreport/autocleanup/d3b2b534-3378-45dc-8933-68d4b0cfd12d-chrome-pdf.html","meta":{"rootId":"461ihde9pi4c4lz","id":"mc90563ufojsr03"},"id":"rqllsl7wejg63mc","previousOperationId":"k6fizhg7z4yjbhv"}
{"type":"log","timestamp":1676568048649,"level":"debug","message":"Page request finished: GET (document) 200 file:///C:/Users/Kris/AppData/Local/Temp/jsreport/autocleanup/d3b2b534-3378-45dc-8933-68d4b0cfd12d-chrome-pdf.html","meta":{"rootId":"461ihde9pi4c4lz","id":"mc90563ufojsr03"},"id":"hpxkunoo3chbl04","previousOperationId":"k6fizhg7z4yjbhv"}
{"type":"log","timestamp":1676568048649,"level":"debug","message":"Page request: GET (stylesheet) https://cdnjs.cloudflare.com/ajax/libs/metro/4.1.5/css/metro.min.css","meta":{"rootId":"461ihde9pi4c4lz","id":"mc90563ufojsr03"},"id":"neh1ykuuh6u1mjs","previousOperationId":"k6fizhg7z4yjbhv"}
{"type":"log","timestamp":1676568048671,"level":"debug","message":"Page request finished: GET (stylesheet) 200 https://cdnjs.cloudflare.com/ajax/libs/metro/4.1.5/css/metro.min.css","meta":{"rootId":"461ihde9pi4c4lz","id":"mc90563ufojsr03"},"id":"isb4ytldqubmqwt","previousOperationId":"k6fizhg7z4yjbhv"}
{"type":"log","timestamp":1676568048700,"level":"debug","message":"Running chrome with params {\"printBackground\":true,\"marginTop\":\"1.5cm\",\"marginRight\":\"1.5cm\",\"marginLeft\":\"1.cm\",\"timeout\":58040,\"margin\":{\"top\":\"1.5cm\",\"right\":\"1.5cm\",\"left\":\"1.cm\"}}","meta":{"rootId":"461ihde9pi4c4lz","id":"mc90563ufojsr03"},"id":"7tv0pzf2doyxnv1","previousOperationId":"k6fizhg7z4yjbhv"}
{"type":"operationEnd","operationId":"k6fizhg7z4yjbhv","timestamp":1676568048769,"id":"o3sg5f4yjrmz9y3","previousEventId":"myxu5dx7k1bwzz9","previousOperationId":"k6fizhg7z4yjbhv"}
{"type":"log","timestamp":1676568048769,"level":"debug","message":"Skipping storing report.","meta":{"rootId":"461ihde9pi4c4lz","id":"mc90563ufojsr03"},"id":"5tbz7f7963k6x41","previousOperationId":"k6fizhg7z4yjbhv"}
{"type":"log","timestamp":1676568048769,"level":"info","message":"Rendering (child) request finished in 2200 ms","meta":{"rootId":"461ihde9pi4c4lz","id":"mc90563ufojsr03"},"id":"0x68x627ajt2ycf","previousOperationId":"k6fizhg7z4yjbhv"}
{"type":"operationEnd","subtype":"render","operationId":"rkl8n0ef5o4mfg3","timestamp":1676568048770,"id":"3o1onf39f5hn7gl","previousEventId":"o3sg5f4yjrmz9y3","previousOperationId":"k6fizhg7z4yjbhv"}
{"type":"operationEnd","operationId":"evp4koddmafcumy","timestamp":1676568048788,"id":"s1zmovbv3a1oevz","previousEventId":"uc96dz3x21xbq5g","previousOperationId":"evp4koddmafcumy"}
{"type":"log","timestamp":1676568048788,"level":"debug","message":"pdf-utils postproces start","meta":{"rootId":"461ihde9pi4c4lz","id":"461ihde9pi4c4lz"},"id":"n22y1glas5v5qw5","previousOperationId":"evp4koddmafcumy"}
{"type":"log","timestamp":1676568048816,"level":"debug","message":"pdf-utils postproces end","meta":{"rootId":"461ihde9pi4c4lz","id":"461ihde9pi4c4lz"},"id":"na8dljg6hycrxr1","previousOperationId":"evp4koddmafcumy"}
{"type":"operationEnd","operationId":"fwegj6fe3r6jgik","timestamp":1676568048816,"id":"ru9iqi4unoxrs3d","previousEventId":"s1zmovbv3a1oevz","previousOperationId":"evp4koddmafcumy"}
{"type":"log","timestamp":1676568048816,"level":"info","message":"pdf-utils pdf processing was finished","meta":{"rootId":"461ihde9pi4c4lz","id":"461ihde9pi4c4lz"},"id":"iwo6vxvmx6jm3nr","previousOperationId":"fwegj6fe3r6jgik"}
{"type":"log","timestamp":1676568048816,"level":"debug","message":"Skipping storing report.","meta":{"rootId":"461ihde9pi4c4lz","id":"461ihde9pi4c4lz"},"id":"0dhx1woswdx6wrk","previousOperationId":"fwegj6fe3r6jgik"}
{"type":"log","timestamp":1676568048816,"level":"info","message":"Rendering request 7 finished in 2247 ms","meta":{"rootId":"461ihde9pi4c4lz","id":"461ihde9pi4c4lz"},"id":"ziojvj8lkdj9uu9","previousOperationId":"fwegj6fe3r6jgik"}
{"type":"operationEnd","subtype":"render","operationId":"mi1jxftl8wd4oxk","timestamp":1676568048816,"id":"41egdg6tmj3zovc","previousEventId":"ru9iqi4unoxrs3d","previousOperationId":"fwegj6fe3r6jgik"}
{"type":"operationEnd","doDiffs":false,"previousEventId":"hnemkzo8jud6qtd","previousOperationId":"fmx5w1zyhunfypy","operationId":"fmx5w1zyhunfypy","timestamp":1676568048825,"id":"94nzxkgem8njsjm"}
