{"type":"operationStart","subtype":"profile","data":{"_id":"lkPBYAiuYNCYDSuc","timestamp":"2023-02-22T17:47:57.769Z","state":"queued","mode":"standard","creationDate":"2023-02-22T17:47:57.771Z","modificationDate":"2023-02-22T17:47:57.771Z","shortid":"zLIw_vF","$entitySet":"profiles"},"doDiffs":false,"timestamp":1677088077770,"id":"0th5d775fo7qqve","previousOperationId":null,"operationId":"d19n4p9q5et02xv"}
{"type":"log","level":"info","message":"Render request 17 queued for execution and waiting for available worker","previousOperationId":"d19n4p9q5et02xv","timestamp":1677088077770,"id":"3djt8al23juwfj0"}
{"type":"operationStart","subtype":"render","name":"orders-main","previousOperationId":"d19n4p9q5et02xv","timestamp":1677088077778,"id":"47cbp2ajsl3tbfa","previousEventId":"0th5d775fo7qqve","operationId":"q7yg4ps6dyp3nbn"}
{"type":"log","timestamp":1677088077778,"level":"info","message":"Starting rendering request 17","meta":{"rootId":"4z8edwv3mca7loz","id":"4z8edwv3mca7loz"},"id":"6ir51i7t5epxzr3","previousOperationId":"q7yg4ps6dyp3nbn"}
{"type":"log","timestamp":1677088077779,"level":"info","message":"Rendering template { name: orders-main, recipe: chrome-pdf, engine: handlebars, preview: true }","meta":{"rootId":"4z8edwv3mca7loz","id":"4z8edwv3mca7loz"},"id":"14ng2ce6soy3ljq","previousOperationId":"q7yg4ps6dyp3nbn"}
{"type":"log","timestamp":1677088077780,"level":"debug","message":"Data item not defined for this template.","meta":{"rootId":"4z8edwv3mca7loz","id":"4z8edwv3mca7loz"},"id":"meu6al024sadlzx","previousOperationId":"q7yg4ps6dyp3nbn"}
{"type":"log","timestamp":1677088077785,"level":"debug","message":"Executing script orders-script (beforeRender)","meta":{"rootId":"4z8edwv3mca7loz","id":"4z8edwv3mca7loz"},"id":"kbrer2qpkt7913x","previousOperationId":"q7yg4ps6dyp3nbn"}
{"type":"operationStart","subtype":"scriptsBeforeRender","name":"scripts beforeRender","timestamp":1677088077794,"id":"c73e4vi5uonrevc","previousEventId":"47cbp2ajsl3tbfa","operationId":"jfa6kiwin9yvevn","previousOperationId":"q7yg4ps6dyp3nbn"}
{"type":"operationStart","subtype":"script","name":"scripts orders-script","previousOperationId":"jfa6kiwin9yvevn","timestamp":1677088077794,"id":"eekze6q39fbn3hd","previousEventId":"c73e4vi5uonrevc","operationId":"8q797jyirehj3r4"}
{"type":"operationEnd","operationId":"8q797jyirehj3r4","timestamp":1677088079091,"id":"89kepqs86fpqmsp","previousEventId":"47cbp2ajsl3tbfa","previousOperationId":"q7yg4ps6dyp3nbn"}
{"type":"operationEnd","operationId":"jfa6kiwin9yvevn","timestamp":1677088079091,"id":"653zwc10wzdct66","previousEventId":"89kepqs86fpqmsp","previousOperationId":"q7yg4ps6dyp3nbn"}
{"type":"log","timestamp":1677088079091,"level":"debug","message":"Base url not specified, skipping its injection.","meta":{"rootId":"4z8edwv3mca7loz","id":"4z8edwv3mca7loz"},"id":"vatvrg7eg9z2vor","previousOperationId":"jfa6kiwin9yvevn"}
{"type":"operationStart","subtype":"engine","name":"handlebars","timestamp":1677088079091,"id":"90qx5t5tud3e36e","previousEventId":"653zwc10wzdct66","operationId":"9l0xgbcsfq7iywu","previousOperationId":"jfa6kiwin9yvevn"}
{"type":"log","timestamp":1677088079091,"level":"debug","message":"Rendering engine handlebars","meta":{"rootId":"4z8edwv3mca7loz","id":"4z8edwv3mca7loz"},"id":"qqzm5s0w358yj3a","previousOperationId":"9l0xgbcsfq7iywu"}
{"type":"operationEnd","operationId":"9l0xgbcsfq7iywu","timestamp":1677088079101,"id":"mj3jgc1u24h9gfn","previousEventId":"90qx5t5tud3e36e","previousOperationId":"9l0xgbcsfq7iywu"}
{"type":"operationStart","subtype":"recipe","name":"chrome-pdf","timestamp":1677088079101,"id":"5d11ze9olo5ihee","previousEventId":"mj3jgc1u24h9gfn","operationId":"04ous52tzmgp6dr","previousOperationId":"9l0xgbcsfq7iywu"}
{"type":"log","timestamp":1677088079101,"level":"debug","message":"Executing recipe chrome-pdf","meta":{"rootId":"4z8edwv3mca7loz","id":"4z8edwv3mca7loz"},"id":"2y6p3vc39tyor5k","previousOperationId":"04ous52tzmgp6dr"}
{"type":"log","timestamp":1677088079104,"level":"debug","message":"Converting with chrome HeadlessChrome/105.0.5173.0 using chrome-pool strategy","meta":{"rootId":"4z8edwv3mca7loz","id":"4z8edwv3mca7loz"},"id":"kdhdicfr0tk5wtz","previousOperationId":"04ous52tzmgp6dr"}
{"type":"log","timestamp":1677088079188,"level":"debug","message":"Page request: GET (document) file:///C:/Users/Kris/AppData/Local/Temp/jsreport/autocleanup/c896f8de-01b2-4835-8827-b90db3db163a-chrome-pdf.html","meta":{"rootId":"4z8edwv3mca7loz","id":"4z8edwv3mca7loz"},"id":"kxtu5madl1zbwzl","previousOperationId":"04ous52tzmgp6dr"}
{"type":"log","timestamp":1677088079204,"level":"debug","message":"Page request: GET (stylesheet) https://cdnjs.cloudflare.com/ajax/libs/metro/4.1.5/css/metro.min.css","meta":{"rootId":"4z8edwv3mca7loz","id":"4z8edwv3mca7loz"},"id":"fsm5sg0ss99q43r","previousOperationId":"04ous52tzmgp6dr"}
{"type":"log","timestamp":1677088079205,"level":"debug","message":"Page request finished: GET (document) 200 file:///C:/Users/Kris/AppData/Local/Temp/jsreport/autocleanup/c896f8de-01b2-4835-8827-b90db3db163a-chrome-pdf.html","meta":{"rootId":"4z8edwv3mca7loz","id":"4z8edwv3mca7loz"},"id":"hh47hhph02eneez","previousOperationId":"04ous52tzmgp6dr"}
{"type":"log","timestamp":1677088079205,"level":"debug","message":"Page request: GET (script) https://cdnjs.cloudflare.com/ajax/libs/Chart.js/2.7.2/Chart.min.js","meta":{"rootId":"4z8edwv3mca7loz","id":"4z8edwv3mca7loz"},"id":"f7plceq6clytk63","previousOperationId":"04ous52tzmgp6dr"}
{"type":"log","timestamp":1677088079210,"level":"debug","message":"Page request finished: GET (script) 200 https://cdnjs.cloudflare.com/ajax/libs/Chart.js/2.7.2/Chart.min.js","meta":{"rootId":"4z8edwv3mca7loz","id":"4z8edwv3mca7loz"},"id":"o6j4p2464iwlyo7","previousOperationId":"04ous52tzmgp6dr"}
{"type":"log","timestamp":1677088079230,"level":"debug","message":"Page request finished: GET (stylesheet) 200 https://cdnjs.cloudflare.com/ajax/libs/metro/4.1.5/css/metro.min.css","meta":{"rootId":"4z8edwv3mca7loz","id":"4z8edwv3mca7loz"},"id":"ga0tg83jol37rpn","previousOperationId":"04ous52tzmgp6dr"}
{"type":"log","timestamp":1677088079278,"level":"debug","message":"Running chrome with params {\"printBackground\":true,\"marginTop\":\"4cm\",\"marginRight\":\"1.5cm\",\"marginBottom\":\"1.5cm\",\"marginLeft\":\"1.5cm\",\"waitForJS\":false,\"timeout\":58666,\"margin\":{\"top\":\"4cm\",\"right\":\"1.5cm\",\"bottom\":\"1.5cm\",\"left\":\"1.5cm\"}}","meta":{"rootId":"4z8edwv3mca7loz","id":"4z8edwv3mca7loz"},"id":"wvca3egft6v7kul","previousOperationId":"04ous52tzmgp6dr"}
{"type":"operationEnd","operationId":"04ous52tzmgp6dr","timestamp":1677088079429,"id":"h8dbewwq3ffgaba","previousEventId":"5d11ze9olo5ihee","previousOperationId":"04ous52tzmgp6dr"}
{"type":"log","timestamp":1677088079429,"level":"info","message":"pdf-utils is starting pdf processing","meta":{"rootId":"4z8edwv3mca7loz","id":"4z8edwv3mca7loz"},"id":"bfe8tyc4vm3nrzo","previousOperationId":"04ous52tzmgp6dr"}
{"type":"operationStart","subtype":"pdfUtils","name":"pdf utils","timestamp":1677088079429,"id":"wtfqrncgc649ov2","previousEventId":"h8dbewwq3ffgaba","operationId":"sn8i9rexjdk61lu","previousOperationId":"04ous52tzmgp6dr"}
{"type":"log","timestamp":1677088079429,"level":"debug","message":"pdf-utils detected 1 pdf operation(s) to process","meta":{"rootId":"4z8edwv3mca7loz","id":"4z8edwv3mca7loz"},"id":"3s67u10tc9mnajg","previousOperationId":"sn8i9rexjdk61lu"}
{"type":"log","timestamp":1677088079485,"level":"debug","message":"pdf-utils running pdf operation merge","meta":{"rootId":"4z8edwv3mca7loz","id":"4z8edwv3mca7loz"},"id":"ck2k8mbb11ice7a","previousOperationId":"sn8i9rexjdk61lu"}
{"type":"operationStart","subtype":"pdfUtilsMerge","name":"pdf utils merge","previousOperationId":"sn8i9rexjdk61lu","timestamp":1677088079485,"id":"ebrbb19cblqkhhp","previousEventId":"wtfqrncgc649ov2","operationId":"wdtzlbyj0i3vsz2"}
{"type":"operationStart","subtype":"render","name":"orders-header","previousOperationId":"wdtzlbyj0i3vsz2","timestamp":1677088079486,"id":"ed68lmtvyejeyko","previousEventId":"ebrbb19cblqkhhp","operationId":"em9plr52i6efl6a"}
{"type":"log","timestamp":1677088079486,"level":"info","message":"Starting rendering (child) request","meta":{"rootId":"4z8edwv3mca7loz","id":"kab8keutr05yunr"},"id":"49ik5byts01v3jf","previousOperationId":"em9plr52i6efl6a"}
{"type":"log","timestamp":1677088079486,"level":"info","message":"Rendering template { name: orders-header, recipe: chrome-pdf, engine: handlebars, preview: true }","meta":{"rootId":"4z8edwv3mca7loz","id":"kab8keutr05yunr"},"id":"rw7q7x7lxdyg5i5","previousOperationId":"em9plr52i6efl6a"}
{"type":"log","timestamp":1677088079488,"level":"debug","message":"Inline data specified.","meta":{"rootId":"4z8edwv3mca7loz","id":"kab8keutr05yunr"},"id":"qp0lqiccprltn1s","previousOperationId":"em9plr52i6efl6a"}
{"type":"log","timestamp":1677088079490,"level":"debug","message":"Base url not specified, skipping its injection.","meta":{"rootId":"4z8edwv3mca7loz","id":"kab8keutr05yunr"},"id":"do319wqpwjh1sqi","previousOperationId":"em9plr52i6efl6a"}
{"type":"operationStart","subtype":"engine","name":"handlebars","timestamp":1677088079490,"id":"hutscd2ix5qrovo","previousEventId":"ed68lmtvyejeyko","operationId":"bk8e4a45f5i415k","previousOperationId":"em9plr52i6efl6a"}
{"type":"log","timestamp":1677088079491,"level":"debug","message":"Rendering engine handlebars","meta":{"rootId":"4z8edwv3mca7loz","id":"kab8keutr05yunr"},"id":"myjvmfhkmzldjta","previousOperationId":"bk8e4a45f5i415k"}
{"type":"operationEnd","operationId":"bk8e4a45f5i415k","timestamp":1677088079511,"id":"feasb3uqwkpkp9l","previousEventId":"hutscd2ix5qrovo","previousOperationId":"bk8e4a45f5i415k"}
{"type":"operationStart","subtype":"recipe","name":"chrome-pdf","timestamp":1677088079512,"id":"8v5qft3ke1snzs5","previousEventId":"feasb3uqwkpkp9l","operationId":"whxikyqvertrd3b","previousOperationId":"bk8e4a45f5i415k"}
{"type":"log","timestamp":1677088079512,"level":"debug","message":"Executing recipe chrome-pdf","meta":{"rootId":"4z8edwv3mca7loz","id":"kab8keutr05yunr"},"id":"0ezupsndky99qu0","previousOperationId":"whxikyqvertrd3b"}
{"type":"log","timestamp":1677088079514,"level":"debug","message":"Converting with chrome HeadlessChrome/105.0.5173.0 using chrome-pool strategy","meta":{"rootId":"4z8edwv3mca7loz","id":"kab8keutr05yunr"},"id":"tbizxm1a4v4g7o8","previousOperationId":"whxikyqvertrd3b"}
{"type":"log","timestamp":1677088079618,"level":"debug","message":"Page request: GET (document) file:///C:/Users/Kris/AppData/Local/Temp/jsreport/autocleanup/7cc1112a-c538-4f1b-9eb0-0effff6e70a1-chrome-pdf.html","meta":{"rootId":"4z8edwv3mca7loz","id":"kab8keutr05yunr"},"id":"itk7skuql4ey8sm","previousOperationId":"whxikyqvertrd3b"}
{"type":"log","timestamp":1677088079629,"level":"debug","message":"Page request finished: GET (document) 200 file:///C:/Users/Kris/AppData/Local/Temp/jsreport/autocleanup/7cc1112a-c538-4f1b-9eb0-0effff6e70a1-chrome-pdf.html","meta":{"rootId":"4z8edwv3mca7loz","id":"kab8keutr05yunr"},"id":"ofz20d3tp8iqfca","previousOperationId":"whxikyqvertrd3b"}
{"type":"log","timestamp":1677088079630,"level":"debug","message":"Page request: GET (stylesheet) https://cdnjs.cloudflare.com/ajax/libs/metro/4.1.5/css/metro.min.css","meta":{"rootId":"4z8edwv3mca7loz","id":"kab8keutr05yunr"},"id":"yq7n2y45i2mes6i","previousOperationId":"whxikyqvertrd3b"}
{"type":"log","timestamp":1677088079660,"level":"debug","message":"Page request finished: GET (stylesheet) 200 https://cdnjs.cloudflare.com/ajax/libs/metro/4.1.5/css/metro.min.css","meta":{"rootId":"4z8edwv3mca7loz","id":"kab8keutr05yunr"},"id":"2z00rlcwkp6v1qi","previousOperationId":"whxikyqvertrd3b"}
{"type":"log","timestamp":1677088079685,"level":"debug","message":"Running chrome with params {\"printBackground\":true,\"marginTop\":\"1.5cm\",\"marginRight\":\"1.5cm\",\"marginLeft\":\"1.cm\",\"timeout\":58256,\"margin\":{\"top\":\"1.5cm\",\"right\":\"1.5cm\",\"left\":\"1.cm\"}}","meta":{"rootId":"4z8edwv3mca7loz","id":"kab8keutr05yunr"},"id":"s7apnyh6t5g1fmb","previousOperationId":"whxikyqvertrd3b"}
{"type":"operationEnd","operationId":"whxikyqvertrd3b","timestamp":1677088079758,"id":"jdy1348nt658dgd","previousEventId":"8v5qft3ke1snzs5","previousOperationId":"whxikyqvertrd3b"}
{"type":"log","timestamp":1677088079758,"level":"debug","message":"Skipping storing report.","meta":{"rootId":"4z8edwv3mca7loz","id":"kab8keutr05yunr"},"id":"iftlwx2yivkhkpo","previousOperationId":"whxikyqvertrd3b"}
{"type":"log","timestamp":1677088079758,"level":"info","message":"Rendering (child) request finished in 1989 ms","meta":{"rootId":"4z8edwv3mca7loz","id":"kab8keutr05yunr"},"id":"2iewnfaev9wwead","previousOperationId":"whxikyqvertrd3b"}
{"type":"operationEnd","subtype":"render","operationId":"em9plr52i6efl6a","timestamp":1677088079758,"id":"eoalfy6m833q281","previousEventId":"jdy1348nt658dgd","previousOperationId":"whxikyqvertrd3b"}
{"type":"operationEnd","operationId":"wdtzlbyj0i3vsz2","timestamp":1677088079767,"id":"2t45x14ige76gs9","previousEventId":"ebrbb19cblqkhhp","previousOperationId":"wdtzlbyj0i3vsz2"}
{"type":"log","timestamp":1677088079767,"level":"debug","message":"pdf-utils postproces start","meta":{"rootId":"4z8edwv3mca7loz","id":"4z8edwv3mca7loz"},"id":"eys58irz14b3eeg","previousOperationId":"wdtzlbyj0i3vsz2"}
{"type":"log","timestamp":1677088079778,"level":"debug","message":"pdf-utils postproces end","meta":{"rootId":"4z8edwv3mca7loz","id":"4z8edwv3mca7loz"},"id":"8423pfx87r9h98h","previousOperationId":"wdtzlbyj0i3vsz2"}
{"type":"operationEnd","operationId":"sn8i9rexjdk61lu","timestamp":1677088079778,"id":"7sqaf4u8ee7afz6","previousEventId":"2t45x14ige76gs9","previousOperationId":"wdtzlbyj0i3vsz2"}
{"type":"log","timestamp":1677088079778,"level":"info","message":"pdf-utils pdf processing was finished","meta":{"rootId":"4z8edwv3mca7loz","id":"4z8edwv3mca7loz"},"id":"n7aq3jmuodw24hy","previousOperationId":"sn8i9rexjdk61lu"}
{"type":"log","timestamp":1677088079778,"level":"debug","message":"Skipping storing report.","meta":{"rootId":"4z8edwv3mca7loz","id":"4z8edwv3mca7loz"},"id":"atv10cnor3qze0t","previousOperationId":"sn8i9rexjdk61lu"}
{"type":"log","timestamp":1677088079778,"level":"info","message":"Rendering request 17 finished in 2009 ms","meta":{"rootId":"4z8edwv3mca7loz","id":"4z8edwv3mca7loz"},"id":"8mlzmdo8p0f4bcl","previousOperationId":"sn8i9rexjdk61lu"}
{"type":"operationEnd","subtype":"render","operationId":"q7yg4ps6dyp3nbn","timestamp":1677088079778,"id":"ce74xmzygb39hpz","previousEventId":"7sqaf4u8ee7afz6","previousOperationId":"sn8i9rexjdk61lu"}
{"type":"operationEnd","doDiffs":false,"previousEventId":"0th5d775fo7qqve","previousOperationId":"d19n4p9q5et02xv","operationId":"d19n4p9q5et02xv","timestamp":1677088079787,"id":"hy9lwkymri7qma5"}
