{"type":"operationStart","subtype":"profile","data":{"_id":"b9f1PFgJEy7pJ6r3","timestamp":"2023-02-22T18:25:23.814Z","state":"queued","mode":"standard","creationDate":"2023-02-22T18:25:23.815Z","modificationDate":"2023-02-22T18:25:23.815Z","shortid":"Y6Ddh0o","$entitySet":"profiles"},"doDiffs":false,"timestamp":1677090323814,"id":"f1hduzafjqkmbni","previousOperationId":null,"operationId":"dhsyp97m2j56tmi"}
{"type":"log","level":"info","message":"Render request 94 queued for execution and waiting for available worker","previousOperationId":"dhsyp97m2j56tmi","timestamp":1677090323815,"id":"i3fijhl820utnvh"}
{"type":"operationStart","subtype":"render","name":"orders-main","previousOperationId":"dhsyp97m2j56tmi","timestamp":1677090323823,"id":"qzfopve34gnhvdj","previousEventId":"f1hduzafjqkmbni","operationId":"4xkh6vln49npbbn"}
{"type":"log","timestamp":1677090323823,"level":"info","message":"Starting rendering request 94","meta":{"rootId":"512av9omepgmjhx","id":"512av9omepgmjhx"},"id":"4jh35zcamhbz3t8","previousOperationId":"4xkh6vln49npbbn"}
{"type":"log","timestamp":1677090323824,"level":"info","message":"Rendering template { name: orders-main, recipe: chrome-pdf, engine: handlebars, preview: true }","meta":{"rootId":"512av9omepgmjhx","id":"512av9omepgmjhx"},"id":"8v6xc04a2pfc134","previousOperationId":"4xkh6vln49npbbn"}
{"type":"log","timestamp":1677090323825,"level":"debug","message":"Data item not defined for this template.","meta":{"rootId":"512av9omepgmjhx","id":"512av9omepgmjhx"},"id":"djoo9lgrreyeu1n","previousOperationId":"4xkh6vln49npbbn"}
{"type":"log","timestamp":1677090323828,"level":"debug","message":"Executing script orders-script (beforeRender)","meta":{"rootId":"512av9omepgmjhx","id":"512av9omepgmjhx"},"id":"4zca651vq7gp7in","previousOperationId":"4xkh6vln49npbbn"}
{"type":"operationStart","subtype":"scriptsBeforeRender","name":"scripts beforeRender","timestamp":1677090323838,"id":"027zo1hmbl6uxs9","previousEventId":"qzfopve34gnhvdj","operationId":"34rn2be0975vfu0","previousOperationId":"4xkh6vln49npbbn"}
{"type":"operationStart","subtype":"script","name":"scripts orders-script","previousOperationId":"34rn2be0975vfu0","timestamp":1677090323838,"id":"70re12h6sj27pn7","previousEventId":"027zo1hmbl6uxs9","operationId":"6kffaty1t3r0fun"}
{"type":"operationEnd","operationId":"6kffaty1t3r0fun","timestamp":1677090325174,"id":"jv2ukvxyhsu3z0s","previousEventId":"qzfopve34gnhvdj","previousOperationId":"4xkh6vln49npbbn"}
{"type":"operationEnd","operationId":"34rn2be0975vfu0","timestamp":1677090325174,"id":"cak52gsp1u5rxg5","previousEventId":"jv2ukvxyhsu3z0s","previousOperationId":"4xkh6vln49npbbn"}
{"type":"log","timestamp":1677090325174,"level":"debug","message":"Base url not specified, skipping its injection.","meta":{"rootId":"512av9omepgmjhx","id":"512av9omepgmjhx"},"id":"ksr813cjhox3wax","previousOperationId":"34rn2be0975vfu0"}
{"type":"operationStart","subtype":"engine","name":"handlebars","timestamp":1677090325174,"id":"5c7xg9e6leqgdgt","previousEventId":"cak52gsp1u5rxg5","operationId":"0on7q3w4ujuk01n","previousOperationId":"34rn2be0975vfu0"}
{"type":"log","timestamp":1677090325174,"level":"debug","message":"Rendering engine handlebars","meta":{"rootId":"512av9omepgmjhx","id":"512av9omepgmjhx"},"id":"4nmsio1x3b7af2j","previousOperationId":"0on7q3w4ujuk01n"}
{"type":"operationEnd","operationId":"0on7q3w4ujuk01n","timestamp":1677090325183,"id":"0uccxn0n5gbf1mt","previousEventId":"5c7xg9e6leqgdgt","previousOperationId":"0on7q3w4ujuk01n"}
{"type":"operationStart","subtype":"recipe","name":"chrome-pdf","timestamp":1677090325183,"id":"zccj27stgfjqttj","previousEventId":"0uccxn0n5gbf1mt","operationId":"4rf3yq26h8bjfww","previousOperationId":"0on7q3w4ujuk01n"}
{"type":"log","timestamp":1677090325183,"level":"debug","message":"Executing recipe chrome-pdf","meta":{"rootId":"512av9omepgmjhx","id":"512av9omepgmjhx"},"id":"5j3fdheh9hrs3ye","previousOperationId":"4rf3yq26h8bjfww"}
{"type":"log","timestamp":1677090325186,"level":"debug","message":"Converting with chrome HeadlessChrome/105.0.5173.0 using chrome-pool strategy","meta":{"rootId":"512av9omepgmjhx","id":"512av9omepgmjhx"},"id":"r4groyuftdotozl","previousOperationId":"4rf3yq26h8bjfww"}
{"type":"log","timestamp":1677090325275,"level":"debug","message":"Page request: GET (document) file:///C:/Users/Kris/AppData/Local/Temp/jsreport/autocleanup/057df1bd-b4ce-44de-a41b-565a38677d12-chrome-pdf.html","meta":{"rootId":"512av9omepgmjhx","id":"512av9omepgmjhx"},"id":"e8vs6ok65zl1gz8","previousOperationId":"4rf3yq26h8bjfww"}
{"type":"log","timestamp":1677090325288,"level":"debug","message":"Page request: GET (stylesheet) https://cdnjs.cloudflare.com/ajax/libs/metro/4.1.5/css/metro.min.css","meta":{"rootId":"512av9omepgmjhx","id":"512av9omepgmjhx"},"id":"5l8aiw1srxmeuol","previousOperationId":"4rf3yq26h8bjfww"}
{"type":"log","timestamp":1677090325288,"level":"debug","message":"Page request: GET (script) https://cdnjs.cloudflare.com/ajax/libs/Chart.js/2.7.2/Chart.min.js","meta":{"rootId":"512av9omepgmjhx","id":"512av9omepgmjhx"},"id":"5exhfoszrbyl237","previousOperationId":"4rf3yq26h8bjfww"}
{"type":"log","timestamp":1677090325288,"level":"debug","message":"Page request finished: GET (document) 200 file:///C:/Users/Kris/AppData/Local/Temp/jsreport/autocleanup/057df1bd-b4ce-44de-a41b-565a38677d12-chrome-pdf.html","meta":{"rootId":"512av9omepgmjhx","id":"512av9omepgmjhx"},"id":"7tas1zijr7nibk4","previousOperationId":"4rf3yq26h8bjfww"}
{"type":"log","timestamp":1677090325295,"level":"debug","message":"Page request finished: GET (script) 200 https://cdnjs.cloudflare.com/ajax/libs/Chart.js/2.7.2/Chart.min.js","meta":{"rootId":"512av9omepgmjhx","id":"512av9omepgmjhx"},"id":"ibmv85hstugrbsm","previousOperationId":"4rf3yq26h8bjfww"}
{"type":"log","timestamp":1677090325316,"level":"debug","message":"Page request finished: GET (stylesheet) 200 https://cdnjs.cloudflare.com/ajax/libs/metro/4.1.5/css/metro.min.css","meta":{"rootId":"512av9omepgmjhx","id":"512av9omepgmjhx"},"id":"ir5239x80d6vpwt","previousOperationId":"4rf3yq26h8bjfww"}
{"type":"log","timestamp":1677090325363,"level":"debug","message":"Running chrome with params {\"printBackground\":true,\"marginTop\":\"4cm\",\"marginRight\":\"1.5cm\",\"marginBottom\":\"1.5cm\",\"marginLeft\":\"1.5cm\",\"waitForJS\":false,\"timeout\":58629,\"margin\":{\"top\":\"4cm\",\"right\":\"1.5cm\",\"bottom\":\"1.5cm\",\"left\":\"1.5cm\"}}","meta":{"rootId":"512av9omepgmjhx","id":"512av9omepgmjhx"},"id":"nw3fzegfljvcw75","previousOperationId":"4rf3yq26h8bjfww"}
{"type":"operationEnd","operationId":"4rf3yq26h8bjfww","timestamp":1677090325501,"id":"q97dzldwlpeykad","previousEventId":"zccj27stgfjqttj","previousOperationId":"4rf3yq26h8bjfww"}
{"type":"log","timestamp":1677090325501,"level":"info","message":"pdf-utils is starting pdf processing","meta":{"rootId":"512av9omepgmjhx","id":"512av9omepgmjhx"},"id":"j58pmuk3hz6zb3p","previousOperationId":"4rf3yq26h8bjfww"}
{"type":"operationStart","subtype":"pdfUtils","name":"pdf utils","timestamp":1677090325501,"id":"q2g4z6annqitrdk","previousEventId":"q97dzldwlpeykad","operationId":"p2e4m3lwjzdeqyf","previousOperationId":"4rf3yq26h8bjfww"}
{"type":"log","timestamp":1677090325501,"level":"debug","message":"pdf-utils detected 1 pdf operation(s) to process","meta":{"rootId":"512av9omepgmjhx","id":"512av9omepgmjhx"},"id":"gpv9l49n1pexpjk","previousOperationId":"p2e4m3lwjzdeqyf"}
{"type":"log","timestamp":1677090325531,"level":"debug","message":"pdf-utils running pdf operation merge","meta":{"rootId":"512av9omepgmjhx","id":"512av9omepgmjhx"},"id":"rwufng7i4q923b3","previousOperationId":"p2e4m3lwjzdeqyf"}
{"type":"operationStart","subtype":"pdfUtilsMerge","name":"pdf utils merge","previousOperationId":"p2e4m3lwjzdeqyf","timestamp":1677090325531,"id":"44vtxtwjzjr8re5","previousEventId":"q2g4z6annqitrdk","operationId":"acszzr79kzzqt17"}
{"type":"operationStart","subtype":"render","name":"orders-header","previousOperationId":"acszzr79kzzqt17","timestamp":1677090325531,"id":"hxc8mouvn7o5uhk","previousEventId":"44vtxtwjzjr8re5","operationId":"rrlh9d9vjca52vp"}
{"type":"log","timestamp":1677090325531,"level":"info","message":"Starting rendering (child) request","meta":{"rootId":"512av9omepgmjhx","id":"3qgu6pvhai6rhjy"},"id":"qroyukjx4zsntn0","previousOperationId":"rrlh9d9vjca52vp"}
{"type":"log","timestamp":1677090325531,"level":"info","message":"Rendering template { name: orders-header, recipe: chrome-pdf, engine: handlebars, preview: true }","meta":{"rootId":"512av9omepgmjhx","id":"3qgu6pvhai6rhjy"},"id":"un09srqm8yka5ac","previousOperationId":"rrlh9d9vjca52vp"}
{"type":"log","timestamp":1677090325535,"level":"debug","message":"Inline data specified.","meta":{"rootId":"512av9omepgmjhx","id":"3qgu6pvhai6rhjy"},"id":"htl4rsi5ev8lnnu","previousOperationId":"rrlh9d9vjca52vp"}
{"type":"log","timestamp":1677090325537,"level":"debug","message":"Base url not specified, skipping its injection.","meta":{"rootId":"512av9omepgmjhx","id":"3qgu6pvhai6rhjy"},"id":"xl4ixuskiudqjho","previousOperationId":"rrlh9d9vjca52vp"}
{"type":"operationStart","subtype":"engine","name":"handlebars","timestamp":1677090325537,"id":"m2tatp68ysr86rh","previousEventId":"hxc8mouvn7o5uhk","operationId":"9rutszbn74g8t40","previousOperationId":"rrlh9d9vjca52vp"}
{"type":"log","timestamp":1677090325537,"level":"debug","message":"Rendering engine handlebars","meta":{"rootId":"512av9omepgmjhx","id":"3qgu6pvhai6rhjy"},"id":"ecks7b50vsk6yk1","previousOperationId":"9rutszbn74g8t40"}
{"type":"operationEnd","operationId":"9rutszbn74g8t40","timestamp":1677090325548,"id":"3ruvuwm9a80pjv1","previousEventId":"m2tatp68ysr86rh","previousOperationId":"9rutszbn74g8t40"}
{"type":"operationStart","subtype":"recipe","name":"chrome-pdf","timestamp":1677090325548,"id":"ksx50nr774rj6be","previousEventId":"3ruvuwm9a80pjv1","operationId":"fdce674ww7f3ck2","previousOperationId":"9rutszbn74g8t40"}
{"type":"log","timestamp":1677090325548,"level":"debug","message":"Executing recipe chrome-pdf","meta":{"rootId":"512av9omepgmjhx","id":"3qgu6pvhai6rhjy"},"id":"0y7bwc4oanuaxf0","previousOperationId":"fdce674ww7f3ck2"}
{"type":"log","timestamp":1677090325550,"level":"debug","message":"Converting with chrome HeadlessChrome/105.0.5173.0 using chrome-pool strategy","meta":{"rootId":"512av9omepgmjhx","id":"3qgu6pvhai6rhjy"},"id":"dau0zpd5pim12jl","previousOperationId":"fdce674ww7f3ck2"}
{"type":"log","timestamp":1677090325634,"level":"debug","message":"Page request: GET (document) file:///C:/Users/Kris/AppData/Local/Temp/jsreport/autocleanup/b9589474-b764-4f9f-b63d-2375cc75850b-chrome-pdf.html","meta":{"rootId":"512av9omepgmjhx","id":"3qgu6pvhai6rhjy"},"id":"4rc9gq6uwylai8x","previousOperationId":"fdce674ww7f3ck2"}
{"type":"log","timestamp":1677090325643,"level":"debug","message":"Page request finished: GET (document) 200 file:///C:/Users/Kris/AppData/Local/Temp/jsreport/autocleanup/b9589474-b764-4f9f-b63d-2375cc75850b-chrome-pdf.html","meta":{"rootId":"512av9omepgmjhx","id":"3qgu6pvhai6rhjy"},"id":"tp90gl7m8xq1ycj","previousOperationId":"fdce674ww7f3ck2"}
{"type":"log","timestamp":1677090325643,"level":"debug","message":"Page request: GET (stylesheet) https://cdnjs.cloudflare.com/ajax/libs/metro/4.1.5/css/metro.min.css","meta":{"rootId":"512av9omepgmjhx","id":"3qgu6pvhai6rhjy"},"id":"lppvgmx42s7hree","previousOperationId":"fdce674ww7f3ck2"}
{"type":"log","timestamp":1677090325686,"level":"debug","message":"Page request finished: GET (stylesheet) 200 https://cdnjs.cloudflare.com/ajax/libs/metro/4.1.5/css/metro.min.css","meta":{"rootId":"512av9omepgmjhx","id":"3qgu6pvhai6rhjy"},"id":"xoyj7oyna8j1g7e","previousOperationId":"fdce674ww7f3ck2"}
{"type":"log","timestamp":1677090325710,"level":"debug","message":"Running chrome with params {\"printBackground\":true,\"marginTop\":\"1.5cm\",\"marginRight\":\"1.5cm\",\"marginLeft\":\"1.cm\",\"timeout\":58264,\"margin\":{\"top\":\"1.5cm\",\"right\":\"1.5cm\",\"left\":\"1.cm\"}}","meta":{"rootId":"512av9omepgmjhx","id":"3qgu6pvhai6rhjy"},"id":"1bhyktpvrd7h3dv","previousOperationId":"fdce674ww7f3ck2"}
{"type":"operationEnd","operationId":"fdce674ww7f3ck2","timestamp":1677090325781,"id":"s2fjbwy7arzfpoi","previousEventId":"ksx50nr774rj6be","previousOperationId":"fdce674ww7f3ck2"}
{"type":"log","timestamp":1677090325781,"level":"debug","message":"Skipping storing report.","meta":{"rootId":"512av9omepgmjhx","id":"3qgu6pvhai6rhjy"},"id":"bbx2g5m95g3lvjt","previousOperationId":"fdce674ww7f3ck2"}
{"type":"log","timestamp":1677090325781,"level":"info","message":"Rendering (child) request finished in 1967 ms","meta":{"rootId":"512av9omepgmjhx","id":"3qgu6pvhai6rhjy"},"id":"rpyol4vqqp3t5f3","previousOperationId":"fdce674ww7f3ck2"}
{"type":"operationEnd","subtype":"render","operationId":"rrlh9d9vjca52vp","timestamp":1677090325781,"id":"5go5uixrpgykme0","previousEventId":"s2fjbwy7arzfpoi","previousOperationId":"fdce674ww7f3ck2"}
{"type":"operationEnd","operationId":"acszzr79kzzqt17","timestamp":1677090325790,"id":"shi653tljobne70","previousEventId":"44vtxtwjzjr8re5","previousOperationId":"acszzr79kzzqt17"}
{"type":"log","timestamp":1677090325790,"level":"debug","message":"pdf-utils postproces start","meta":{"rootId":"512av9omepgmjhx","id":"512av9omepgmjhx"},"id":"6lvpqctt4svfy8o","previousOperationId":"acszzr79kzzqt17"}
{"type":"log","timestamp":1677090325801,"level":"debug","message":"pdf-utils postproces end","meta":{"rootId":"512av9omepgmjhx","id":"512av9omepgmjhx"},"id":"n84abpooht3ecos","previousOperationId":"acszzr79kzzqt17"}
{"type":"operationEnd","operationId":"p2e4m3lwjzdeqyf","timestamp":1677090325801,"id":"6v9u58fkj7mazgs","previousEventId":"shi653tljobne70","previousOperationId":"acszzr79kzzqt17"}
{"type":"log","timestamp":1677090325801,"level":"info","message":"pdf-utils pdf processing was finished","meta":{"rootId":"512av9omepgmjhx","id":"512av9omepgmjhx"},"id":"oc1dkn55sb3wg9t","previousOperationId":"p2e4m3lwjzdeqyf"}
{"type":"log","timestamp":1677090325801,"level":"debug","message":"Skipping storing report.","meta":{"rootId":"512av9omepgmjhx","id":"512av9omepgmjhx"},"id":"mobxojx2mp7308y","previousOperationId":"p2e4m3lwjzdeqyf"}
{"type":"log","timestamp":1677090325801,"level":"info","message":"Rendering request 94 finished in 1987 ms","meta":{"rootId":"512av9omepgmjhx","id":"512av9omepgmjhx"},"id":"ntwi1epw6418fzu","previousOperationId":"p2e4m3lwjzdeqyf"}
{"type":"operationEnd","subtype":"render","operationId":"4xkh6vln49npbbn","timestamp":1677090325801,"id":"xu8krh28k8w38pc","previousEventId":"6v9u58fkj7mazgs","previousOperationId":"p2e4m3lwjzdeqyf"}
{"type":"operationEnd","doDiffs":false,"previousEventId":"f1hduzafjqkmbni","previousOperationId":"dhsyp97m2j56tmi","operationId":"dhsyp97m2j56tmi","timestamp":1677090325808,"id":"x6q568onps06kle"}
