{"type":"operationStart","subtype":"profile","data":{"_id":"aXOu1k0teaigf2s0","timestamp":"2023-02-22T17:41:31.174Z","state":"queued","mode":"standard","creationDate":"2023-02-22T17:41:31.176Z","modificationDate":"2023-02-22T17:41:31.176Z","shortid":"KbE030h","$entitySet":"profiles"},"doDiffs":false,"timestamp":1677087691175,"id":"92edemubnm8hqbx","previousOperationId":null,"operationId":"7yvwsaszr92t2xa"}
{"type":"log","level":"info","message":"Render request 7 queued for execution and waiting for available worker","previousOperationId":"7yvwsaszr92t2xa","timestamp":1677087691175,"id":"bxjbhhnsqjcf0ru"}
{"type":"operationStart","subtype":"render","name":"orders-main","previousOperationId":"7yvwsaszr92t2xa","timestamp":1677087691185,"id":"zjwlx581z9z2cio","previousEventId":"92edemubnm8hqbx","operationId":"znceygn449allbo"}
{"type":"log","timestamp":1677087691185,"level":"info","message":"Starting rendering request 7","meta":{"rootId":"5riz5a3kew77wu4","id":"5riz5a3kew77wu4"},"id":"z3hmsbdnzsycaqx","previousOperationId":"znceygn449allbo"}
{"type":"log","timestamp":1677087691185,"level":"info","message":"Rendering template { name: orders-main, recipe: chrome-pdf, engine: handlebars, preview: true }","meta":{"rootId":"5riz5a3kew77wu4","id":"5riz5a3kew77wu4"},"id":"3imbp7io08dj2yn","previousOperationId":"znceygn449allbo"}
{"type":"log","timestamp":1677087691187,"level":"debug","message":"Data item not defined for this template.","meta":{"rootId":"5riz5a3kew77wu4","id":"5riz5a3kew77wu4"},"id":"xnuhulder535g7l","previousOperationId":"znceygn449allbo"}
{"type":"log","timestamp":1677087691192,"level":"debug","message":"Executing script orders-script (beforeRender)","meta":{"rootId":"5riz5a3kew77wu4","id":"5riz5a3kew77wu4"},"id":"czgq9s0fem5vuee","previousOperationId":"znceygn449allbo"}
{"type":"operationStart","subtype":"scriptsBeforeRender","name":"scripts beforeRender","timestamp":1677087691202,"id":"a1gubisga3or4al","previousEventId":"zjwlx581z9z2cio","operationId":"utjc0hs8deoivn1","previousOperationId":"znceygn449allbo"}
{"type":"operationStart","subtype":"script","name":"scripts orders-script","previousOperationId":"utjc0hs8deoivn1","timestamp":1677087691203,"id":"2jwma9mctni8wxl","previousEventId":"a1gubisga3or4al","operationId":"e2cmnhjoj6qhuq6"}
{"type":"operationEnd","operationId":"e2cmnhjoj6qhuq6","timestamp":1677087692522,"id":"krvqolm62lbio2q","previousEventId":"zjwlx581z9z2cio","previousOperationId":"znceygn449allbo"}
{"type":"operationEnd","operationId":"utjc0hs8deoivn1","timestamp":1677087692522,"id":"itpjgg1pul65kx9","previousEventId":"krvqolm62lbio2q","previousOperationId":"znceygn449allbo"}
{"type":"log","timestamp":1677087692522,"level":"debug","message":"Base url not specified, skipping its injection.","meta":{"rootId":"5riz5a3kew77wu4","id":"5riz5a3kew77wu4"},"id":"z266866gspkzwjf","previousOperationId":"utjc0hs8deoivn1"}
{"type":"operationStart","subtype":"engine","name":"handlebars","timestamp":1677087692522,"id":"t6upy28jq6gu6vl","previousEventId":"itpjgg1pul65kx9","operationId":"8tqtk5gtkg7spm9","previousOperationId":"utjc0hs8deoivn1"}
{"type":"log","timestamp":1677087692522,"level":"debug","message":"Rendering engine handlebars","meta":{"rootId":"5riz5a3kew77wu4","id":"5riz5a3kew77wu4"},"id":"4cy53cv0stxatyu","previousOperationId":"8tqtk5gtkg7spm9"}
{"type":"operationEnd","operationId":"8tqtk5gtkg7spm9","timestamp":1677087692533,"id":"4fltq6zssyjyxd9","previousEventId":"t6upy28jq6gu6vl","previousOperationId":"8tqtk5gtkg7spm9"}
{"type":"operationStart","subtype":"recipe","name":"chrome-pdf","timestamp":1677087692533,"id":"ree6vumi3l7355i","previousEventId":"4fltq6zssyjyxd9","operationId":"xgmen3andzc2pkz","previousOperationId":"8tqtk5gtkg7spm9"}
{"type":"log","timestamp":1677087692533,"level":"debug","message":"Executing recipe chrome-pdf","meta":{"rootId":"5riz5a3kew77wu4","id":"5riz5a3kew77wu4"},"id":"uqxm6hyknymp1fr","previousOperationId":"xgmen3andzc2pkz"}
{"type":"log","timestamp":1677087692536,"level":"debug","message":"Converting with chrome HeadlessChrome/105.0.5173.0 using chrome-pool strategy","meta":{"rootId":"5riz5a3kew77wu4","id":"5riz5a3kew77wu4"},"id":"wxqxoirram27yuh","previousOperationId":"xgmen3andzc2pkz"}
{"type":"log","timestamp":1677087692618,"level":"debug","message":"Page request: GET (document) file:///C:/Users/Kris/AppData/Local/Temp/jsreport/autocleanup/34d18c0a-3a68-44b8-924a-99029c61be3c-chrome-pdf.html","meta":{"rootId":"5riz5a3kew77wu4","id":"5riz5a3kew77wu4"},"id":"si25t4lnytwetr9","previousOperationId":"xgmen3andzc2pkz"}
{"type":"log","timestamp":1677087692630,"level":"debug","message":"Page request finished: GET (document) 200 file:///C:/Users/Kris/AppData/Local/Temp/jsreport/autocleanup/34d18c0a-3a68-44b8-924a-99029c61be3c-chrome-pdf.html","meta":{"rootId":"5riz5a3kew77wu4","id":"5riz5a3kew77wu4"},"id":"fs43fvvrv7wkovd","previousOperationId":"xgmen3andzc2pkz"}
{"type":"log","timestamp":1677087692630,"level":"debug","message":"Page request: GET (stylesheet) https://cdnjs.cloudflare.com/ajax/libs/metro/4.1.5/css/metro.min.css","meta":{"rootId":"5riz5a3kew77wu4","id":"5riz5a3kew77wu4"},"id":"j3w61qp10u2r5nu","previousOperationId":"xgmen3andzc2pkz"}
{"type":"log","timestamp":1677087692631,"level":"debug","message":"Page request: GET (script) https://cdnjs.cloudflare.com/ajax/libs/Chart.js/2.7.2/Chart.min.js","meta":{"rootId":"5riz5a3kew77wu4","id":"5riz5a3kew77wu4"},"id":"feyswd1did2bm0c","previousOperationId":"xgmen3andzc2pkz"}
{"type":"log","timestamp":1677087692638,"level":"debug","message":"Page request finished: GET (script) 200 https://cdnjs.cloudflare.com/ajax/libs/Chart.js/2.7.2/Chart.min.js","meta":{"rootId":"5riz5a3kew77wu4","id":"5riz5a3kew77wu4"},"id":"x96hp9m1aky4t7q","previousOperationId":"xgmen3andzc2pkz"}
{"type":"log","timestamp":1677087692656,"level":"debug","message":"Page request finished: GET (stylesheet) 200 https://cdnjs.cloudflare.com/ajax/libs/metro/4.1.5/css/metro.min.css","meta":{"rootId":"5riz5a3kew77wu4","id":"5riz5a3kew77wu4"},"id":"mmb46dtmzkkoyt5","previousOperationId":"xgmen3andzc2pkz"}
{"type":"log","timestamp":1677087692702,"level":"debug","message":"Running chrome with params {\"printBackground\":true,\"marginTop\":\"4cm\",\"marginRight\":\"1.5cm\",\"marginBottom\":\"1.5cm\",\"marginLeft\":\"1.5cm\",\"waitForJS\":false,\"timeout\":58639,\"margin\":{\"top\":\"4cm\",\"right\":\"1.5cm\",\"bottom\":\"1.5cm\",\"left\":\"1.5cm\"}}","meta":{"rootId":"5riz5a3kew77wu4","id":"5riz5a3kew77wu4"},"id":"ljo1rs7g2r66yfh","previousOperationId":"xgmen3andzc2pkz"}
{"type":"operationEnd","operationId":"xgmen3andzc2pkz","timestamp":1677087692846,"id":"x5kdz8qt6bvb8q2","previousEventId":"ree6vumi3l7355i","previousOperationId":"xgmen3andzc2pkz"}
{"type":"log","timestamp":1677087692846,"level":"info","message":"pdf-utils is starting pdf processing","meta":{"rootId":"5riz5a3kew77wu4","id":"5riz5a3kew77wu4"},"id":"5pylpymhrhnhd7t","previousOperationId":"xgmen3andzc2pkz"}
{"type":"operationStart","subtype":"pdfUtils","name":"pdf utils","timestamp":1677087692846,"id":"ux2tbrtdjsiy1ic","previousEventId":"x5kdz8qt6bvb8q2","operationId":"sydv1k79u2x0ktg","previousOperationId":"xgmen3andzc2pkz"}
{"type":"log","timestamp":1677087692847,"level":"debug","message":"pdf-utils detected 1 pdf operation(s) to process","meta":{"rootId":"5riz5a3kew77wu4","id":"5riz5a3kew77wu4"},"id":"kgbrzhpqovnso7j","previousOperationId":"sydv1k79u2x0ktg"}
{"type":"log","timestamp":1677087692875,"level":"debug","message":"pdf-utils running pdf operation merge","meta":{"rootId":"5riz5a3kew77wu4","id":"5riz5a3kew77wu4"},"id":"qgswddnfus10fmv","previousOperationId":"sydv1k79u2x0ktg"}
{"type":"operationStart","subtype":"pdfUtilsMerge","name":"pdf utils merge","previousOperationId":"sydv1k79u2x0ktg","timestamp":1677087692875,"id":"5cg2q57rjvia8no","previousEventId":"ux2tbrtdjsiy1ic","operationId":"ytj0qx1wwasku95"}
{"type":"operationStart","subtype":"render","name":"orders-header","previousOperationId":"ytj0qx1wwasku95","timestamp":1677087692876,"id":"oqsftu4984de606","previousEventId":"5cg2q57rjvia8no","operationId":"m6h4dje9eioov3d"}
{"type":"log","timestamp":1677087692876,"level":"info","message":"Starting rendering (child) request","meta":{"rootId":"5riz5a3kew77wu4","id":"jsu0mkro5mzrp3s"},"id":"mpung78xa9psyvw","previousOperationId":"m6h4dje9eioov3d"}
{"type":"log","timestamp":1677087692876,"level":"info","message":"Rendering template { name: orders-header, recipe: chrome-pdf, engine: handlebars, preview: true }","meta":{"rootId":"5riz5a3kew77wu4","id":"jsu0mkro5mzrp3s"},"id":"usnf6729tzeo6gt","previousOperationId":"m6h4dje9eioov3d"}
{"type":"log","timestamp":1677087692878,"level":"debug","message":"Inline data specified.","meta":{"rootId":"5riz5a3kew77wu4","id":"jsu0mkro5mzrp3s"},"id":"722puvw36whr3j6","previousOperationId":"m6h4dje9eioov3d"}
{"type":"log","timestamp":1677087692881,"level":"debug","message":"Base url not specified, skipping its injection.","meta":{"rootId":"5riz5a3kew77wu4","id":"jsu0mkro5mzrp3s"},"id":"lnqyf789uy3zaz5","previousOperationId":"m6h4dje9eioov3d"}
{"type":"operationStart","subtype":"engine","name":"handlebars","timestamp":1677087692881,"id":"zlxvnjdsfyrt98j","previousEventId":"oqsftu4984de606","operationId":"xs4j93jw4fbdr5f","previousOperationId":"m6h4dje9eioov3d"}
{"type":"log","timestamp":1677087692881,"level":"debug","message":"Rendering engine handlebars","meta":{"rootId":"5riz5a3kew77wu4","id":"jsu0mkro5mzrp3s"},"id":"jazfh5p2kx31m9z","previousOperationId":"xs4j93jw4fbdr5f"}
{"type":"operationEnd","operationId":"xs4j93jw4fbdr5f","timestamp":1677087692905,"id":"b55fn0eu8jyfm9v","previousEventId":"zlxvnjdsfyrt98j","previousOperationId":"xs4j93jw4fbdr5f"}
{"type":"operationStart","subtype":"recipe","name":"chrome-pdf","timestamp":1677087692905,"id":"qwrgf83uu76kzff","previousEventId":"b55fn0eu8jyfm9v","operationId":"bw2z4e2az17a0u8","previousOperationId":"xs4j93jw4fbdr5f"}
{"type":"log","timestamp":1677087692905,"level":"debug","message":"Executing recipe chrome-pdf","meta":{"rootId":"5riz5a3kew77wu4","id":"jsu0mkro5mzrp3s"},"id":"ea2276qz6ql6wna","previousOperationId":"bw2z4e2az17a0u8"}
{"type":"log","timestamp":1677087692908,"level":"debug","message":"Converting with chrome HeadlessChrome/105.0.5173.0 using chrome-pool strategy","meta":{"rootId":"5riz5a3kew77wu4","id":"jsu0mkro5mzrp3s"},"id":"cndb8gdik46atyk","previousOperationId":"bw2z4e2az17a0u8"}
{"type":"log","timestamp":1677087693008,"level":"debug","message":"Page request: GET (document) file:///C:/Users/Kris/AppData/Local/Temp/jsreport/autocleanup/41932aa2-097c-4fc1-b66d-e0acde606fae-chrome-pdf.html","meta":{"rootId":"5riz5a3kew77wu4","id":"jsu0mkro5mzrp3s"},"id":"sfk7ep0f8e2rzi1","previousOperationId":"bw2z4e2az17a0u8"}
{"type":"log","timestamp":1677087693016,"level":"debug","message":"Page request finished: GET (document) 200 file:///C:/Users/Kris/AppData/Local/Temp/jsreport/autocleanup/41932aa2-097c-4fc1-b66d-e0acde606fae-chrome-pdf.html","meta":{"rootId":"5riz5a3kew77wu4","id":"jsu0mkro5mzrp3s"},"id":"c2nl3wvhtdgz05v","previousOperationId":"bw2z4e2az17a0u8"}
{"type":"log","timestamp":1677087693016,"level":"debug","message":"Page request: GET (stylesheet) https://cdnjs.cloudflare.com/ajax/libs/metro/4.1.5/css/metro.min.css","meta":{"rootId":"5riz5a3kew77wu4","id":"jsu0mkro5mzrp3s"},"id":"cuh4i2205zy2q43","previousOperationId":"bw2z4e2az17a0u8"}
{"type":"log","timestamp":1677087693037,"level":"debug","message":"Page request finished: GET (stylesheet) 200 https://cdnjs.cloudflare.com/ajax/libs/metro/4.1.5/css/metro.min.css","meta":{"rootId":"5riz5a3kew77wu4","id":"jsu0mkro5mzrp3s"},"id":"zvzlgt07pzsuxpn","previousOperationId":"bw2z4e2az17a0u8"}
{"type":"log","timestamp":1677087693060,"level":"debug","message":"Running chrome with params {\"printBackground\":true,\"marginTop\":\"1.5cm\",\"marginRight\":\"1.5cm\",\"marginLeft\":\"1.cm\",\"timeout\":58267,\"margin\":{\"top\":\"1.5cm\",\"right\":\"1.5cm\",\"left\":\"1.cm\"}}","meta":{"rootId":"5riz5a3kew77wu4","id":"jsu0mkro5mzrp3s"},"id":"sqmvvtz2aczddon","previousOperationId":"bw2z4e2az17a0u8"}
{"type":"operationEnd","operationId":"bw2z4e2az17a0u8","timestamp":1677087693115,"id":"fy3lrkpwf455hvf","previousEventId":"qwrgf83uu76kzff","previousOperationId":"bw2z4e2az17a0u8"}
{"type":"log","timestamp":1677087693115,"level":"debug","message":"Skipping storing report.","meta":{"rootId":"5riz5a3kew77wu4","id":"jsu0mkro5mzrp3s"},"id":"6xt5eu9911r2wk4","previousOperationId":"bw2z4e2az17a0u8"}
{"type":"log","timestamp":1677087693115,"level":"info","message":"Rendering (child) request finished in 1941 ms","meta":{"rootId":"5riz5a3kew77wu4","id":"jsu0mkro5mzrp3s"},"id":"xhrn8m6dq3rsmcv","previousOperationId":"bw2z4e2az17a0u8"}
{"type":"operationEnd","subtype":"render","operationId":"m6h4dje9eioov3d","timestamp":1677087693115,"id":"48jnyr14itt17ju","previousEventId":"fy3lrkpwf455hvf","previousOperationId":"bw2z4e2az17a0u8"}
{"type":"operationEnd","operationId":"ytj0qx1wwasku95","timestamp":1677087693124,"id":"8hiyx4evecpe7ov","previousEventId":"5cg2q57rjvia8no","previousOperationId":"ytj0qx1wwasku95"}
{"type":"log","timestamp":1677087693124,"level":"debug","message":"pdf-utils postproces start","meta":{"rootId":"5riz5a3kew77wu4","id":"5riz5a3kew77wu4"},"id":"dgthxb9931khz5t","previousOperationId":"ytj0qx1wwasku95"}
{"type":"log","timestamp":1677087693144,"level":"debug","message":"pdf-utils postproces end","meta":{"rootId":"5riz5a3kew77wu4","id":"5riz5a3kew77wu4"},"id":"53f673m5u3gg4d1","previousOperationId":"ytj0qx1wwasku95"}
{"type":"operationEnd","operationId":"sydv1k79u2x0ktg","timestamp":1677087693144,"id":"1dqr5w0qx3ciuec","previousEventId":"8hiyx4evecpe7ov","previousOperationId":"ytj0qx1wwasku95"}
{"type":"log","timestamp":1677087693144,"level":"info","message":"pdf-utils pdf processing was finished","meta":{"rootId":"5riz5a3kew77wu4","id":"5riz5a3kew77wu4"},"id":"bwaxigi0sxiqfmw","previousOperationId":"sydv1k79u2x0ktg"}
{"type":"log","timestamp":1677087693144,"level":"debug","message":"Skipping storing report.","meta":{"rootId":"5riz5a3kew77wu4","id":"5riz5a3kew77wu4"},"id":"7k0ay37phjv3jea","previousOperationId":"sydv1k79u2x0ktg"}
{"type":"log","timestamp":1677087693145,"level":"info","message":"Rendering request 7 finished in 1971 ms","meta":{"rootId":"5riz5a3kew77wu4","id":"5riz5a3kew77wu4"},"id":"llac16cfn0kq8m1","previousOperationId":"sydv1k79u2x0ktg"}
{"type":"operationEnd","subtype":"render","operationId":"znceygn449allbo","timestamp":1677087693145,"id":"53k1bwihmlpua1z","previousEventId":"1dqr5w0qx3ciuec","previousOperationId":"sydv1k79u2x0ktg"}
{"type":"operationEnd","doDiffs":false,"previousEventId":"92edemubnm8hqbx","previousOperationId":"7yvwsaszr92t2xa","operationId":"7yvwsaszr92t2xa","timestamp":1677087693154,"id":"g9dezlze02qd2kh"}
