{"type":"operationStart","subtype":"profile","data":{"_id":"xwpnRwjf78AEHwGl","timestamp":"2023-02-22T17:43:51.241Z","state":"queued","mode":"standard","creationDate":"2023-02-22T17:43:51.243Z","modificationDate":"2023-02-22T17:43:51.243Z","shortid":"mkrccrd","$entitySet":"profiles"},"doDiffs":false,"timestamp":1677087831242,"id":"bs6ywwxdj4e8ihd","previousOperationId":null,"operationId":"x5r5ldfa79dyoud"}
{"type":"log","level":"info","message":"Render request 10 queued for execution and waiting for available worker","previousOperationId":"x5r5ldfa79dyoud","timestamp":1677087831242,"id":"i0x187riqt0adhn"}
{"type":"operationStart","subtype":"render","name":"orders-main","previousOperationId":"x5r5ldfa79dyoud","timestamp":1677087831250,"id":"2mql42sbxlf954c","previousEventId":"bs6ywwxdj4e8ihd","operationId":"gx3wowdkotq7f63"}
{"type":"log","timestamp":1677087831250,"level":"info","message":"Starting rendering request 10","meta":{"rootId":"8dcdq6v2bxkalca","id":"8dcdq6v2bxkalca"},"id":"ehtrt3xlrffn82q","previousOperationId":"gx3wowdkotq7f63"}
{"type":"log","timestamp":1677087831250,"level":"info","message":"Rendering template { name: orders-main, recipe: chrome-pdf, engine: handlebars, preview: true }","meta":{"rootId":"8dcdq6v2bxkalca","id":"8dcdq6v2bxkalca"},"id":"aw4o4wg6ii4y8ic","previousOperationId":"gx3wowdkotq7f63"}
{"type":"log","timestamp":1677087831251,"level":"debug","message":"Data item not defined for this template.","meta":{"rootId":"8dcdq6v2bxkalca","id":"8dcdq6v2bxkalca"},"id":"apic62ye3zkvod4","previousOperationId":"gx3wowdkotq7f63"}
{"type":"log","timestamp":1677087831256,"level":"debug","message":"Executing script orders-script (beforeRender)","meta":{"rootId":"8dcdq6v2bxkalca","id":"8dcdq6v2bxkalca"},"id":"e8ft0qvgredpu8r","previousOperationId":"gx3wowdkotq7f63"}
{"type":"operationStart","subtype":"scriptsBeforeRender","name":"scripts beforeRender","timestamp":1677087831264,"id":"708scaav3qjwvyl","previousEventId":"2mql42sbxlf954c","operationId":"h9czmpgertkzzp5","previousOperationId":"gx3wowdkotq7f63"}
{"type":"operationStart","subtype":"script","name":"scripts orders-script","previousOperationId":"h9czmpgertkzzp5","timestamp":1677087831264,"id":"ufr9wog7u6i846w","previousEventId":"708scaav3qjwvyl","operationId":"v18vougxb0a7fv0"}
{"type":"operationEnd","operationId":"v18vougxb0a7fv0","timestamp":1677087832526,"id":"2ieh9xnwvjcs2i7","previousEventId":"2mql42sbxlf954c","previousOperationId":"gx3wowdkotq7f63"}
{"type":"operationEnd","operationId":"h9czmpgertkzzp5","timestamp":1677087832526,"id":"e5xhedjvh9n1o19","previousEventId":"2ieh9xnwvjcs2i7","previousOperationId":"gx3wowdkotq7f63"}
{"type":"log","timestamp":1677087832526,"level":"debug","message":"Base url not specified, skipping its injection.","meta":{"rootId":"8dcdq6v2bxkalca","id":"8dcdq6v2bxkalca"},"id":"lhosdxrtmq3j38i","previousOperationId":"h9czmpgertkzzp5"}
{"type":"operationStart","subtype":"engine","name":"handlebars","timestamp":1677087832527,"id":"84za1o7fp833tr1","previousEventId":"e5xhedjvh9n1o19","operationId":"pkhcxl08qghvsl9","previousOperationId":"h9czmpgertkzzp5"}
{"type":"log","timestamp":1677087832527,"level":"debug","message":"Rendering engine handlebars","meta":{"rootId":"8dcdq6v2bxkalca","id":"8dcdq6v2bxkalca"},"id":"l9142dwqrlhrq5y","previousOperationId":"pkhcxl08qghvsl9"}
{"type":"log","timestamp":1677087832541,"level":"debug","message":"(console:log) Pdf utils adding group field, value: \"France\"","meta":{"userLevel":true,"rootId":"8dcdq6v2bxkalca","id":"8dcdq6v2bxkalca"},"id":"bib6z2w0h4j6wg2","previousOperationId":"pkhcxl08qghvsl9"}
{"type":"log","timestamp":1677087832542,"level":"debug","message":"(console:log) Pdf utils adding group field, value: \"Germany\"","meta":{"userLevel":true,"rootId":"8dcdq6v2bxkalca","id":"8dcdq6v2bxkalca"},"id":"nchneflujx9sqih","previousOperationId":"pkhcxl08qghvsl9"}
{"type":"operationEnd","operationId":"pkhcxl08qghvsl9","timestamp":1677087832542,"id":"9xr0c7y8p3ecbjy","previousEventId":"84za1o7fp833tr1","previousOperationId":"pkhcxl08qghvsl9"}
{"type":"operationStart","subtype":"recipe","name":"chrome-pdf","timestamp":1677087832543,"id":"t1vu210videdhba","previousEventId":"9xr0c7y8p3ecbjy","operationId":"9r1agtvuxc9gveb","previousOperationId":"pkhcxl08qghvsl9"}
{"type":"log","timestamp":1677087832543,"level":"debug","message":"Executing recipe chrome-pdf","meta":{"rootId":"8dcdq6v2bxkalca","id":"8dcdq6v2bxkalca"},"id":"cbatyv7l475bagf","previousOperationId":"9r1agtvuxc9gveb"}
{"type":"log","timestamp":1677087832546,"level":"debug","message":"Converting with chrome HeadlessChrome/105.0.5173.0 using chrome-pool strategy","meta":{"rootId":"8dcdq6v2bxkalca","id":"8dcdq6v2bxkalca"},"id":"vgy0g8sxjkvt2ie","previousOperationId":"9r1agtvuxc9gveb"}
{"type":"log","timestamp":1677087832636,"level":"debug","message":"Page request: GET (document) file:///C:/Users/Kris/AppData/Local/Temp/jsreport/autocleanup/197afdef-53dc-412e-9d79-af2747d41e93-chrome-pdf.html","meta":{"rootId":"8dcdq6v2bxkalca","id":"8dcdq6v2bxkalca"},"id":"5sub7afxuvgyb2v","previousOperationId":"9r1agtvuxc9gveb"}
{"type":"log","timestamp":1677087832649,"level":"debug","message":"Page request finished: GET (document) 200 file:///C:/Users/Kris/AppData/Local/Temp/jsreport/autocleanup/197afdef-53dc-412e-9d79-af2747d41e93-chrome-pdf.html","meta":{"rootId":"8dcdq6v2bxkalca","id":"8dcdq6v2bxkalca"},"id":"8gihoyd1lvoacnl","previousOperationId":"9r1agtvuxc9gveb"}
{"type":"log","timestamp":1677087832649,"level":"debug","message":"Page request: GET (stylesheet) https://cdnjs.cloudflare.com/ajax/libs/metro/4.1.5/css/metro.min.css","meta":{"rootId":"8dcdq6v2bxkalca","id":"8dcdq6v2bxkalca"},"id":"492yxgpy4i5j69c","previousOperationId":"9r1agtvuxc9gveb"}
{"type":"log","timestamp":1677087832650,"level":"debug","message":"Page request: GET (script) https://cdnjs.cloudflare.com/ajax/libs/Chart.js/2.7.2/Chart.min.js","meta":{"rootId":"8dcdq6v2bxkalca","id":"8dcdq6v2bxkalca"},"id":"0x7li5gu27yl9ev","previousOperationId":"9r1agtvuxc9gveb"}
{"type":"log","timestamp":1677087832655,"level":"debug","message":"Page request finished: GET (script) 200 https://cdnjs.cloudflare.com/ajax/libs/Chart.js/2.7.2/Chart.min.js","meta":{"rootId":"8dcdq6v2bxkalca","id":"8dcdq6v2bxkalca"},"id":"iwn5kb1bv5pkef7","previousOperationId":"9r1agtvuxc9gveb"}
{"type":"log","timestamp":1677087832671,"level":"debug","message":"Page request finished: GET (stylesheet) 200 https://cdnjs.cloudflare.com/ajax/libs/metro/4.1.5/css/metro.min.css","meta":{"rootId":"8dcdq6v2bxkalca","id":"8dcdq6v2bxkalca"},"id":"yrwlrv6k57f8bvc","previousOperationId":"9r1agtvuxc9gveb"}
{"type":"log","timestamp":1677087832728,"level":"debug","message":"Running chrome with params {\"printBackground\":true,\"marginTop\":\"4cm\",\"marginRight\":\"1.5cm\",\"marginBottom\":\"1.5cm\",\"marginLeft\":\"1.5cm\",\"waitForJS\":false,\"timeout\":58696,\"margin\":{\"top\":\"4cm\",\"right\":\"1.5cm\",\"bottom\":\"1.5cm\",\"left\":\"1.5cm\"}}","meta":{"rootId":"8dcdq6v2bxkalca","id":"8dcdq6v2bxkalca"},"id":"ghe6fjdvugac6se","previousOperationId":"9r1agtvuxc9gveb"}
{"type":"operationEnd","operationId":"9r1agtvuxc9gveb","timestamp":1677087832876,"id":"2s1nnisjj4rs31d","previousEventId":"t1vu210videdhba","previousOperationId":"9r1agtvuxc9gveb"}
{"type":"log","timestamp":1677087832876,"level":"info","message":"pdf-utils is starting pdf processing","meta":{"rootId":"8dcdq6v2bxkalca","id":"8dcdq6v2bxkalca"},"id":"2opfsxoon79wnvy","previousOperationId":"9r1agtvuxc9gveb"}
{"type":"operationStart","subtype":"pdfUtils","name":"pdf utils","timestamp":1677087832877,"id":"1sfvx6r9u6lbn49","previousEventId":"2s1nnisjj4rs31d","operationId":"7woxcase11g41rn","previousOperationId":"9r1agtvuxc9gveb"}
{"type":"log","timestamp":1677087832877,"level":"debug","message":"pdf-utils detected 1 pdf operation(s) to process","meta":{"rootId":"8dcdq6v2bxkalca","id":"8dcdq6v2bxkalca"},"id":"0u3csh6qw81uh8r","previousOperationId":"7woxcase11g41rn"}
{"type":"log","timestamp":1677087832912,"level":"debug","message":"pdf-utils running pdf operation merge","meta":{"rootId":"8dcdq6v2bxkalca","id":"8dcdq6v2bxkalca"},"id":"24u69i93o3fwzcj","previousOperationId":"7woxcase11g41rn"}
{"type":"operationStart","subtype":"pdfUtilsMerge","name":"pdf utils merge","previousOperationId":"7woxcase11g41rn","timestamp":1677087832912,"id":"1w6lf5ow9z3ohi7","previousEventId":"1sfvx6r9u6lbn49","operationId":"rjj9i3kgqp13g2o"}
{"type":"operationStart","subtype":"render","name":"orders-header","previousOperationId":"rjj9i3kgqp13g2o","timestamp":1677087832913,"id":"lposyv5muwcftg0","previousEventId":"1w6lf5ow9z3ohi7","operationId":"u2yybkrf6fvvqn3"}
{"type":"log","timestamp":1677087832913,"level":"info","message":"Starting rendering (child) request","meta":{"rootId":"8dcdq6v2bxkalca","id":"9iecsd7u02e3cbc"},"id":"hywsq60c94649i1","previousOperationId":"u2yybkrf6fvvqn3"}
{"type":"log","timestamp":1677087832913,"level":"info","message":"Rendering template { name: orders-header, recipe: chrome-pdf, engine: handlebars, preview: true }","meta":{"rootId":"8dcdq6v2bxkalca","id":"9iecsd7u02e3cbc"},"id":"vyg1zjgokjsebcw","previousOperationId":"u2yybkrf6fvvqn3"}
{"type":"log","timestamp":1677087832917,"level":"debug","message":"Inline data specified.","meta":{"rootId":"8dcdq6v2bxkalca","id":"9iecsd7u02e3cbc"},"id":"0bl6ddxgnxbjc3k","previousOperationId":"u2yybkrf6fvvqn3"}
{"type":"log","timestamp":1677087832922,"level":"debug","message":"Base url not specified, skipping its injection.","meta":{"rootId":"8dcdq6v2bxkalca","id":"9iecsd7u02e3cbc"},"id":"oqw9lyzbd22tsez","previousOperationId":"u2yybkrf6fvvqn3"}
{"type":"operationStart","subtype":"engine","name":"handlebars","timestamp":1677087832922,"id":"l4as3sqmi095em6","previousEventId":"lposyv5muwcftg0","operationId":"nt4uc38dozajfuy","previousOperationId":"u2yybkrf6fvvqn3"}
{"type":"log","timestamp":1677087832922,"level":"debug","message":"Rendering engine handlebars","meta":{"rootId":"8dcdq6v2bxkalca","id":"9iecsd7u02e3cbc"},"id":"nbd5ex84ulsmrjp","previousOperationId":"nt4uc38dozajfuy"}
{"type":"operationEnd","operationId":"nt4uc38dozajfuy","timestamp":1677087832937,"id":"tar05rtl0yfq22i","previousEventId":"l4as3sqmi095em6","previousOperationId":"nt4uc38dozajfuy"}
{"type":"operationStart","subtype":"recipe","name":"chrome-pdf","timestamp":1677087832937,"id":"titft4q0ozvh588","previousEventId":"tar05rtl0yfq22i","operationId":"fujad3gb6s6wv36","previousOperationId":"nt4uc38dozajfuy"}
{"type":"log","timestamp":1677087832937,"level":"debug","message":"Executing recipe chrome-pdf","meta":{"rootId":"8dcdq6v2bxkalca","id":"9iecsd7u02e3cbc"},"id":"y7wczqa27bwmyxq","previousOperationId":"fujad3gb6s6wv36"}
{"type":"log","timestamp":1677087832940,"level":"debug","message":"Converting with chrome HeadlessChrome/105.0.5173.0 using chrome-pool strategy","meta":{"rootId":"8dcdq6v2bxkalca","id":"9iecsd7u02e3cbc"},"id":"a4pc11usvch1efx","previousOperationId":"fujad3gb6s6wv36"}
{"type":"log","timestamp":1677087833032,"level":"debug","message":"Page request: GET (document) file:///C:/Users/Kris/AppData/Local/Temp/jsreport/autocleanup/84df24d1-707f-4b31-80cc-7ee424d208ff-chrome-pdf.html","meta":{"rootId":"8dcdq6v2bxkalca","id":"9iecsd7u02e3cbc"},"id":"34d2yd5810dwlzi","previousOperationId":"fujad3gb6s6wv36"}
{"type":"log","timestamp":1677087833043,"level":"debug","message":"Page request: GET (stylesheet) https://cdnjs.cloudflare.com/ajax/libs/metro/4.1.5/css/metro.min.css","meta":{"rootId":"8dcdq6v2bxkalca","id":"9iecsd7u02e3cbc"},"id":"t09v935mgvvj63q","previousOperationId":"fujad3gb6s6wv36"}
{"type":"log","timestamp":1677087833043,"level":"debug","message":"Page request finished: GET (document) 200 file:///C:/Users/Kris/AppData/Local/Temp/jsreport/autocleanup/84df24d1-707f-4b31-80cc-7ee424d208ff-chrome-pdf.html","meta":{"rootId":"8dcdq6v2bxkalca","id":"9iecsd7u02e3cbc"},"id":"1cwk0nianvsok1u","previousOperationId":"fujad3gb6s6wv36"}
{"type":"log","timestamp":1677087833064,"level":"debug","message":"Page request finished: GET (stylesheet) 200 https://cdnjs.cloudflare.com/ajax/libs/metro/4.1.5/css/metro.min.css","meta":{"rootId":"8dcdq6v2bxkalca","id":"9iecsd7u02e3cbc"},"id":"qo31kmgd0umgnx0","previousOperationId":"fujad3gb6s6wv36"}
{"type":"log","timestamp":1677087833087,"level":"debug","message":"Running chrome with params {\"printBackground\":true,\"marginTop\":\"1.5cm\",\"marginRight\":\"1.5cm\",\"marginLeft\":\"1.cm\",\"timeout\":58302,\"margin\":{\"top\":\"1.5cm\",\"right\":\"1.5cm\",\"left\":\"1.cm\"}}","meta":{"rootId":"8dcdq6v2bxkalca","id":"9iecsd7u02e3cbc"},"id":"djyeoz7bp8qbuf5","previousOperationId":"fujad3gb6s6wv36"}
{"type":"operationEnd","operationId":"fujad3gb6s6wv36","timestamp":1677087833144,"id":"3vlwkosymquhmb7","previousEventId":"titft4q0ozvh588","previousOperationId":"fujad3gb6s6wv36"}
{"type":"log","timestamp":1677087833144,"level":"debug","message":"Skipping storing report.","meta":{"rootId":"8dcdq6v2bxkalca","id":"9iecsd7u02e3cbc"},"id":"hlblx5siptiwhct","previousOperationId":"fujad3gb6s6wv36"}
{"type":"log","timestamp":1677087833144,"level":"info","message":"Rendering (child) request finished in 1903 ms","meta":{"rootId":"8dcdq6v2bxkalca","id":"9iecsd7u02e3cbc"},"id":"vg98wsqtqqozv5l","previousOperationId":"fujad3gb6s6wv36"}
{"type":"operationEnd","subtype":"render","operationId":"u2yybkrf6fvvqn3","timestamp":1677087833144,"id":"4x086d6lllnt2dq","previousEventId":"3vlwkosymquhmb7","previousOperationId":"fujad3gb6s6wv36"}
{"type":"operationEnd","operationId":"rjj9i3kgqp13g2o","timestamp":1677087833153,"id":"cuzem4plsjdg6m7","previousEventId":"1w6lf5ow9z3ohi7","previousOperationId":"rjj9i3kgqp13g2o"}
{"type":"log","timestamp":1677087833154,"level":"debug","message":"pdf-utils postproces start","meta":{"rootId":"8dcdq6v2bxkalca","id":"8dcdq6v2bxkalca"},"id":"ilmbp6vrafabe2m","previousOperationId":"rjj9i3kgqp13g2o"}
{"type":"log","timestamp":1677087833165,"level":"debug","message":"pdf-utils postproces end","meta":{"rootId":"8dcdq6v2bxkalca","id":"8dcdq6v2bxkalca"},"id":"nmbcifrboync6ss","previousOperationId":"rjj9i3kgqp13g2o"}
{"type":"operationEnd","operationId":"7woxcase11g41rn","timestamp":1677087833165,"id":"3gdrstrdk8q0clj","previousEventId":"cuzem4plsjdg6m7","previousOperationId":"rjj9i3kgqp13g2o"}
{"type":"log","timestamp":1677087833165,"level":"info","message":"pdf-utils pdf processing was finished","meta":{"rootId":"8dcdq6v2bxkalca","id":"8dcdq6v2bxkalca"},"id":"e59llvz5zmxq82o","previousOperationId":"7woxcase11g41rn"}
{"type":"log","timestamp":1677087833165,"level":"debug","message":"Skipping storing report.","meta":{"rootId":"8dcdq6v2bxkalca","id":"8dcdq6v2bxkalca"},"id":"yzemn03jtnk6g0a","previousOperationId":"7woxcase11g41rn"}
{"type":"log","timestamp":1677087833165,"level":"info","message":"Rendering request 10 finished in 1924 ms","meta":{"rootId":"8dcdq6v2bxkalca","id":"8dcdq6v2bxkalca"},"id":"mr472w373unm88b","previousOperationId":"7woxcase11g41rn"}
{"type":"operationEnd","subtype":"render","operationId":"gx3wowdkotq7f63","timestamp":1677087833165,"id":"gt33whxfzuz1zov","previousEventId":"3gdrstrdk8q0clj","previousOperationId":"7woxcase11g41rn"}
{"type":"operationEnd","doDiffs":false,"previousEventId":"bs6ywwxdj4e8ihd","previousOperationId":"x5r5ldfa79dyoud","operationId":"x5r5ldfa79dyoud","timestamp":1677087833173,"id":"a17ds92l7ry68fa"}
