{"type":"operationStart","subtype":"profile","data":{"_id":"1rxxdz86jnDPVvIW","timestamp":"2023-02-22T18:34:10.482Z","state":"queued","mode":"standard","creationDate":"2023-02-22T18:34:10.484Z","modificationDate":"2023-02-22T18:34:10.484Z","shortid":"Xwjmb0d","$entitySet":"profiles"},"doDiffs":false,"timestamp":1677090850483,"id":"nwkayyoyqt8poeq","previousOperationId":null,"operationId":"69pz1fheygbueyr"}
{"type":"log","level":"info","message":"Render request 107 queued for execution and waiting for available worker","previousOperationId":"69pz1fheygbueyr","timestamp":1677090850483,"id":"z5sg8binygsk1x2"}
{"type":"operationStart","subtype":"render","name":"orders-main","previousOperationId":"69pz1fheygbueyr","timestamp":1677090850492,"id":"jawmcvhgeqx3jl0","previousEventId":"nwkayyoyqt8poeq","operationId":"vio185p7mqnxkib"}
{"type":"log","timestamp":1677090850492,"level":"info","message":"Starting rendering request 107","meta":{"rootId":"as7lazn6zn5j4dx","id":"as7lazn6zn5j4dx"},"id":"3a9ecd1tcc9or7z","previousOperationId":"vio185p7mqnxkib"}
{"type":"log","timestamp":1677090850492,"level":"info","message":"Rendering template { name: orders-main, recipe: chrome-pdf, engine: handlebars, preview: true }","meta":{"rootId":"as7lazn6zn5j4dx","id":"as7lazn6zn5j4dx"},"id":"8rnh40dwszedc5q","previousOperationId":"vio185p7mqnxkib"}
{"type":"log","timestamp":1677090850493,"level":"debug","message":"Data item not defined for this template.","meta":{"rootId":"as7lazn6zn5j4dx","id":"as7lazn6zn5j4dx"},"id":"888xd7jgo2zy3x4","previousOperationId":"vio185p7mqnxkib"}
{"type":"log","timestamp":1677090850498,"level":"debug","message":"Executing script orders-script (beforeRender)","meta":{"rootId":"as7lazn6zn5j4dx","id":"as7lazn6zn5j4dx"},"id":"m75jp1gvmiwtv24","previousOperationId":"vio185p7mqnxkib"}
{"type":"operationStart","subtype":"scriptsBeforeRender","name":"scripts beforeRender","timestamp":1677090850506,"id":"eioqr1nm7ize6bj","previousEventId":"jawmcvhgeqx3jl0","operationId":"5h03b1z4j6ifih7","previousOperationId":"vio185p7mqnxkib"}
{"type":"operationStart","subtype":"script","name":"scripts orders-script","previousOperationId":"5h03b1z4j6ifih7","timestamp":1677090850506,"id":"0gtetcah8o3sqpr","previousEventId":"eioqr1nm7ize6bj","operationId":"a9sl4rxkx41p5ah"}
{"type":"operationEnd","operationId":"a9sl4rxkx41p5ah","timestamp":1677090851892,"id":"dujtiaumvol6nyf","previousEventId":"jawmcvhgeqx3jl0","previousOperationId":"vio185p7mqnxkib"}
{"type":"operationEnd","operationId":"5h03b1z4j6ifih7","timestamp":1677090851892,"id":"3pmudris7ry0f5f","previousEventId":"dujtiaumvol6nyf","previousOperationId":"vio185p7mqnxkib"}
{"type":"log","timestamp":1677090851892,"level":"debug","message":"Base url not specified, skipping its injection.","meta":{"rootId":"as7lazn6zn5j4dx","id":"as7lazn6zn5j4dx"},"id":"gcn9wuc7lowanqp","previousOperationId":"5h03b1z4j6ifih7"}
{"type":"operationStart","subtype":"engine","name":"handlebars","timestamp":1677090851892,"id":"i82ox45yuwj42hf","previousEventId":"3pmudris7ry0f5f","operationId":"8hdnn5hivcdypj8","previousOperationId":"5h03b1z4j6ifih7"}
{"type":"log","timestamp":1677090851892,"level":"debug","message":"Rendering engine handlebars","meta":{"rootId":"as7lazn6zn5j4dx","id":"as7lazn6zn5j4dx"},"id":"44pen6mo5judblw","previousOperationId":"8hdnn5hivcdypj8"}
{"type":"operationEnd","operationId":"8hdnn5hivcdypj8","timestamp":1677090851901,"id":"rp53i6ep8lo5xse","previousEventId":"i82ox45yuwj42hf","previousOperationId":"8hdnn5hivcdypj8"}
{"type":"operationStart","subtype":"recipe","name":"chrome-pdf","timestamp":1677090851901,"id":"csen7wfzdjyak5b","previousEventId":"rp53i6ep8lo5xse","operationId":"uudqg7aeux0r49h","previousOperationId":"8hdnn5hivcdypj8"}
{"type":"log","timestamp":1677090851901,"level":"debug","message":"Executing recipe chrome-pdf","meta":{"rootId":"as7lazn6zn5j4dx","id":"as7lazn6zn5j4dx"},"id":"q2ojrst2a4h8a3d","previousOperationId":"uudqg7aeux0r49h"}
{"type":"log","timestamp":1677090851903,"level":"debug","message":"Converting with chrome HeadlessChrome/105.0.5173.0 using chrome-pool strategy","meta":{"rootId":"as7lazn6zn5j4dx","id":"as7lazn6zn5j4dx"},"id":"43i239chut56hoy","previousOperationId":"uudqg7aeux0r49h"}
{"type":"log","timestamp":1677090851989,"level":"debug","message":"Page request: GET (document) file:///C:/Users/Kris/AppData/Local/Temp/jsreport/autocleanup/e8fbc35f-e2ef-4fdc-84cb-1ca31956f849-chrome-pdf.html","meta":{"rootId":"as7lazn6zn5j4dx","id":"as7lazn6zn5j4dx"},"id":"myqccfjxs0ksvx7","previousOperationId":"uudqg7aeux0r49h"}
{"type":"log","timestamp":1677090852003,"level":"debug","message":"Page request: GET (stylesheet) https://cdnjs.cloudflare.com/ajax/libs/metro/4.1.5/css/metro.min.css","meta":{"rootId":"as7lazn6zn5j4dx","id":"as7lazn6zn5j4dx"},"id":"ddu0ulcqpcahbin","previousOperationId":"uudqg7aeux0r49h"}
{"type":"log","timestamp":1677090852004,"level":"debug","message":"Page request finished: GET (document) 200 file:///C:/Users/Kris/AppData/Local/Temp/jsreport/autocleanup/e8fbc35f-e2ef-4fdc-84cb-1ca31956f849-chrome-pdf.html","meta":{"rootId":"as7lazn6zn5j4dx","id":"as7lazn6zn5j4dx"},"id":"i3m1lnqkl34n2y1","previousOperationId":"uudqg7aeux0r49h"}
{"type":"log","timestamp":1677090852004,"level":"debug","message":"Page request: GET (script) https://cdnjs.cloudflare.com/ajax/libs/Chart.js/2.7.2/Chart.min.js","meta":{"rootId":"as7lazn6zn5j4dx","id":"as7lazn6zn5j4dx"},"id":"84844e7jt9rvfpd","previousOperationId":"uudqg7aeux0r49h"}
{"type":"log","timestamp":1677090852024,"level":"debug","message":"Page request finished: GET (stylesheet) 200 https://cdnjs.cloudflare.com/ajax/libs/metro/4.1.5/css/metro.min.css","meta":{"rootId":"as7lazn6zn5j4dx","id":"as7lazn6zn5j4dx"},"id":"61fw3uta0x19l6q","previousOperationId":"uudqg7aeux0r49h"}
{"type":"log","timestamp":1677090852024,"level":"debug","message":"Page request finished: GET (script) 200 https://cdnjs.cloudflare.com/ajax/libs/Chart.js/2.7.2/Chart.min.js","meta":{"rootId":"as7lazn6zn5j4dx","id":"as7lazn6zn5j4dx"},"id":"utkm7pu7ru2ti2x","previousOperationId":"uudqg7aeux0r49h"}
{"type":"log","timestamp":1677090852072,"level":"debug","message":"Running chrome with params {\"printBackground\":true,\"marginTop\":\"4cm\",\"marginRight\":\"1.5cm\",\"marginBottom\":\"1.5cm\",\"marginLeft\":\"1.5cm\",\"waitForJS\":false,\"timeout\":58580,\"margin\":{\"top\":\"4cm\",\"right\":\"1.5cm\",\"bottom\":\"1.5cm\",\"left\":\"1.5cm\"}}","meta":{"rootId":"as7lazn6zn5j4dx","id":"as7lazn6zn5j4dx"},"id":"qkolta42071cp24","previousOperationId":"uudqg7aeux0r49h"}
{"type":"operationEnd","operationId":"uudqg7aeux0r49h","timestamp":1677090852203,"id":"p8pw2ayuw700tt1","previousEventId":"csen7wfzdjyak5b","previousOperationId":"uudqg7aeux0r49h"}
{"type":"log","timestamp":1677090852203,"level":"info","message":"pdf-utils is starting pdf processing","meta":{"rootId":"as7lazn6zn5j4dx","id":"as7lazn6zn5j4dx"},"id":"dpf668j9vo899zi","previousOperationId":"uudqg7aeux0r49h"}
{"type":"operationStart","subtype":"pdfUtils","name":"pdf utils","timestamp":1677090852204,"id":"o7wekin0z85dl3f","previousEventId":"p8pw2ayuw700tt1","operationId":"rissnrryvb4uurs","previousOperationId":"uudqg7aeux0r49h"}
{"type":"log","timestamp":1677090852204,"level":"debug","message":"pdf-utils detected 1 pdf operation(s) to process","meta":{"rootId":"as7lazn6zn5j4dx","id":"as7lazn6zn5j4dx"},"id":"wetllzviu61cfdp","previousOperationId":"rissnrryvb4uurs"}
{"type":"log","timestamp":1677090852256,"level":"debug","message":"pdf-utils running pdf operation merge","meta":{"rootId":"as7lazn6zn5j4dx","id":"as7lazn6zn5j4dx"},"id":"pntyjworz7qbjif","previousOperationId":"rissnrryvb4uurs"}
{"type":"operationStart","subtype":"pdfUtilsMerge","name":"pdf utils merge","previousOperationId":"rissnrryvb4uurs","timestamp":1677090852256,"id":"4alg8l9znoj8y6g","previousEventId":"o7wekin0z85dl3f","operationId":"271gbdkc045dyqo"}
{"type":"operationStart","subtype":"render","name":"orders-header","previousOperationId":"271gbdkc045dyqo","timestamp":1677090852257,"id":"pd8ytltu02fd8c1","previousEventId":"4alg8l9znoj8y6g","operationId":"gm6lfb9hj2xicq1"}
{"type":"log","timestamp":1677090852257,"level":"info","message":"Starting rendering (child) request","meta":{"rootId":"as7lazn6zn5j4dx","id":"y0uqjl540xngnml"},"id":"4kbipa7nu6syvhx","previousOperationId":"gm6lfb9hj2xicq1"}
{"type":"log","timestamp":1677090852257,"level":"info","message":"Rendering template { name: orders-header, recipe: chrome-pdf, engine: handlebars, preview: true }","meta":{"rootId":"as7lazn6zn5j4dx","id":"y0uqjl540xngnml"},"id":"xy6ef9n5d8qfjo5","previousOperationId":"gm6lfb9hj2xicq1"}
{"type":"log","timestamp":1677090852263,"level":"debug","message":"Inline data specified.","meta":{"rootId":"as7lazn6zn5j4dx","id":"y0uqjl540xngnml"},"id":"ypgsj259htyaxzu","previousOperationId":"gm6lfb9hj2xicq1"}
{"type":"log","timestamp":1677090852267,"level":"debug","message":"Base url not specified, skipping its injection.","meta":{"rootId":"as7lazn6zn5j4dx","id":"y0uqjl540xngnml"},"id":"dj77yomxrp9652e","previousOperationId":"gm6lfb9hj2xicq1"}
{"type":"operationStart","subtype":"engine","name":"handlebars","timestamp":1677090852267,"id":"4qihpouujji1md3","previousEventId":"pd8ytltu02fd8c1","operationId":"ki7y30h2x1fmopn","previousOperationId":"gm6lfb9hj2xicq1"}
{"type":"log","timestamp":1677090852267,"level":"debug","message":"Rendering engine handlebars","meta":{"rootId":"as7lazn6zn5j4dx","id":"y0uqjl540xngnml"},"id":"ico4abxm8xo5vj4","previousOperationId":"ki7y30h2x1fmopn"}
{"type":"operationEnd","operationId":"ki7y30h2x1fmopn","timestamp":1677090852282,"id":"pipsue566ry323k","previousEventId":"4qihpouujji1md3","previousOperationId":"ki7y30h2x1fmopn"}
{"type":"operationStart","subtype":"recipe","name":"chrome-pdf","timestamp":1677090852282,"id":"pvtfpujwit623j4","previousEventId":"pipsue566ry323k","operationId":"gir5ppvb6eycens","previousOperationId":"ki7y30h2x1fmopn"}
{"type":"log","timestamp":1677090852282,"level":"debug","message":"Executing recipe chrome-pdf","meta":{"rootId":"as7lazn6zn5j4dx","id":"y0uqjl540xngnml"},"id":"w8wtf7u1jn3gon3","previousOperationId":"gir5ppvb6eycens"}
{"type":"log","timestamp":1677090852285,"level":"debug","message":"Converting with chrome HeadlessChrome/105.0.5173.0 using chrome-pool strategy","meta":{"rootId":"as7lazn6zn5j4dx","id":"y0uqjl540xngnml"},"id":"xvnwgekfnwtybdy","previousOperationId":"gir5ppvb6eycens"}
{"type":"log","timestamp":1677090852369,"level":"debug","message":"Page request: GET (document) file:///C:/Users/Kris/AppData/Local/Temp/jsreport/autocleanup/264e9ebb-d2fd-4105-a805-9260dac216ce-chrome-pdf.html","meta":{"rootId":"as7lazn6zn5j4dx","id":"y0uqjl540xngnml"},"id":"lds8qjhrm6393d7","previousOperationId":"gir5ppvb6eycens"}
{"type":"log","timestamp":1677090852381,"level":"debug","message":"Page request: GET (stylesheet) https://cdnjs.cloudflare.com/ajax/libs/metro/4.1.5/css/metro.min.css","meta":{"rootId":"as7lazn6zn5j4dx","id":"y0uqjl540xngnml"},"id":"pf5n58czwpg4d6c","previousOperationId":"gir5ppvb6eycens"}
{"type":"log","timestamp":1677090852381,"level":"debug","message":"Page request finished: GET (document) 200 file:///C:/Users/Kris/AppData/Local/Temp/jsreport/autocleanup/264e9ebb-d2fd-4105-a805-9260dac216ce-chrome-pdf.html","meta":{"rootId":"as7lazn6zn5j4dx","id":"y0uqjl540xngnml"},"id":"h0vhzr6br6t9u6b","previousOperationId":"gir5ppvb6eycens"}
{"type":"log","timestamp":1677090852401,"level":"debug","message":"Page request finished: GET (stylesheet) 200 https://cdnjs.cloudflare.com/ajax/libs/metro/4.1.5/css/metro.min.css","meta":{"rootId":"as7lazn6zn5j4dx","id":"y0uqjl540xngnml"},"id":"hz3txlbqi8sctrm","previousOperationId":"gir5ppvb6eycens"}
{"type":"log","timestamp":1677090852422,"level":"debug","message":"Running chrome with params {\"printBackground\":true,\"marginTop\":\"1.5cm\",\"marginRight\":\"1.5cm\",\"marginLeft\":\"1.cm\",\"timeout\":58199,\"margin\":{\"top\":\"1.5cm\",\"right\":\"1.5cm\",\"left\":\"1.cm\"}}","meta":{"rootId":"as7lazn6zn5j4dx","id":"y0uqjl540xngnml"},"id":"1gvoi4riulwfuwb","previousOperationId":"gir5ppvb6eycens"}
{"type":"operationEnd","operationId":"gir5ppvb6eycens","timestamp":1677090852477,"id":"n53m6im0wdszwkf","previousEventId":"pvtfpujwit623j4","previousOperationId":"gir5ppvb6eycens"}
{"type":"log","timestamp":1677090852477,"level":"debug","message":"Skipping storing report.","meta":{"rootId":"as7lazn6zn5j4dx","id":"y0uqjl540xngnml"},"id":"lnuujgo5vw91m2z","previousOperationId":"gir5ppvb6eycens"}
{"type":"log","timestamp":1677090852477,"level":"info","message":"Rendering (child) request finished in 1995 ms","meta":{"rootId":"as7lazn6zn5j4dx","id":"y0uqjl540xngnml"},"id":"jk3uggfbshxzk9u","previousOperationId":"gir5ppvb6eycens"}
{"type":"operationEnd","subtype":"render","operationId":"gm6lfb9hj2xicq1","timestamp":1677090852477,"id":"15mmrhwi94ndy15","previousEventId":"n53m6im0wdszwkf","previousOperationId":"gir5ppvb6eycens"}
{"type":"operationEnd","operationId":"271gbdkc045dyqo","timestamp":1677090852491,"id":"ptglnch6xq3bh7y","previousEventId":"4alg8l9znoj8y6g","previousOperationId":"271gbdkc045dyqo"}
{"type":"log","timestamp":1677090852491,"level":"debug","message":"pdf-utils postproces start","meta":{"rootId":"as7lazn6zn5j4dx","id":"as7lazn6zn5j4dx"},"id":"cin5aot6l0sqq7t","previousOperationId":"271gbdkc045dyqo"}
{"type":"log","timestamp":1677090852511,"level":"debug","message":"pdf-utils postproces end","meta":{"rootId":"as7lazn6zn5j4dx","id":"as7lazn6zn5j4dx"},"id":"yytwwhaidryi45o","previousOperationId":"271gbdkc045dyqo"}
{"type":"operationEnd","operationId":"rissnrryvb4uurs","timestamp":1677090852511,"id":"w0kdfnj1ryg39k3","previousEventId":"ptglnch6xq3bh7y","previousOperationId":"271gbdkc045dyqo"}
{"type":"log","timestamp":1677090852511,"level":"info","message":"pdf-utils pdf processing was finished","meta":{"rootId":"as7lazn6zn5j4dx","id":"as7lazn6zn5j4dx"},"id":"p2ly1setaqz8qyc","previousOperationId":"rissnrryvb4uurs"}
{"type":"log","timestamp":1677090852511,"level":"debug","message":"Skipping storing report.","meta":{"rootId":"as7lazn6zn5j4dx","id":"as7lazn6zn5j4dx"},"id":"ahl3ddqpjx4v9wh","previousOperationId":"rissnrryvb4uurs"}
{"type":"log","timestamp":1677090852511,"level":"info","message":"Rendering request 107 finished in 2029 ms","meta":{"rootId":"as7lazn6zn5j4dx","id":"as7lazn6zn5j4dx"},"id":"qy7vzhwnzmus1rq","previousOperationId":"rissnrryvb4uurs"}
{"type":"operationEnd","subtype":"render","operationId":"vio185p7mqnxkib","timestamp":1677090852511,"id":"hi9pt9a0gcenlv8","previousEventId":"w0kdfnj1ryg39k3","previousOperationId":"rissnrryvb4uurs"}
{"type":"operationEnd","doDiffs":false,"previousEventId":"nwkayyoyqt8poeq","previousOperationId":"69pz1fheygbueyr","operationId":"69pz1fheygbueyr","timestamp":1677090852519,"id":"9u1lkco788dr6ko"}
