{"type":"operationStart","subtype":"profile","data":{"_id":"xyp3ozPL4KezKuQv","timestamp":"2023-02-22T17:48:11.993Z","state":"queued","mode":"standard","creationDate":"2023-02-22T17:48:11.996Z","modificationDate":"2023-02-22T17:48:11.996Z","shortid":"mY41uEB","$entitySet":"profiles"},"doDiffs":false,"timestamp":1677088091994,"id":"jaqvpiceygoe76k","previousOperationId":null,"operationId":"33b4r27i24sb3wr"}
{"type":"log","level":"info","message":"Render request 18 queued for execution and waiting for available worker","previousOperationId":"33b4r27i24sb3wr","timestamp":1677088091994,"id":"gla971lhgls0yu3"}
{"type":"operationStart","subtype":"render","name":"orders-main","previousOperationId":"33b4r27i24sb3wr","timestamp":1677088092009,"id":"z8ibg72vh7xbibi","previousEventId":"jaqvpiceygoe76k","operationId":"17c0nso4yl6c7bv"}
{"type":"log","timestamp":1677088092009,"level":"info","message":"Starting rendering request 18","meta":{"rootId":"casmnliug0q0kju","id":"casmnliug0q0kju"},"id":"iax48vfpchtels3","previousOperationId":"17c0nso4yl6c7bv"}
{"type":"log","timestamp":1677088092009,"level":"info","message":"Rendering template { name: orders-main, recipe: chrome-pdf, engine: handlebars, preview: true }","meta":{"rootId":"casmnliug0q0kju","id":"casmnliug0q0kju"},"id":"nqi1fn7wq3rog22","previousOperationId":"17c0nso4yl6c7bv"}
{"type":"log","timestamp":1677088092015,"level":"debug","message":"Data item not defined for this template.","meta":{"rootId":"casmnliug0q0kju","id":"casmnliug0q0kju"},"id":"pwh9z1cendw614h","previousOperationId":"17c0nso4yl6c7bv"}
{"type":"log","timestamp":1677088092020,"level":"debug","message":"Executing script orders-script (beforeRender)","meta":{"rootId":"casmnliug0q0kju","id":"casmnliug0q0kju"},"id":"uni2p6um7ez3tds","previousOperationId":"17c0nso4yl6c7bv"}
{"type":"operationStart","subtype":"scriptsBeforeRender","name":"scripts beforeRender","timestamp":1677088092033,"id":"9z3iyqgwn1fee3p","previousEventId":"z8ibg72vh7xbibi","operationId":"hae18z747pw5s01","previousOperationId":"17c0nso4yl6c7bv"}
{"type":"operationStart","subtype":"script","name":"scripts orders-script","previousOperationId":"hae18z747pw5s01","timestamp":1677088092033,"id":"k1tad9px1nfb4k1","previousEventId":"9z3iyqgwn1fee3p","operationId":"hi90ar42s378xb5"}
{"type":"operationEnd","operationId":"hi90ar42s378xb5","timestamp":1677088093340,"id":"ro87j1i4juqleg3","previousEventId":"z8ibg72vh7xbibi","previousOperationId":"17c0nso4yl6c7bv"}
{"type":"operationEnd","operationId":"hae18z747pw5s01","timestamp":1677088093340,"id":"ecy95hv1ayb3g3u","previousEventId":"ro87j1i4juqleg3","previousOperationId":"17c0nso4yl6c7bv"}
{"type":"log","timestamp":1677088093340,"level":"debug","message":"Base url not specified, skipping its injection.","meta":{"rootId":"casmnliug0q0kju","id":"casmnliug0q0kju"},"id":"66tkliph7zyjasl","previousOperationId":"hae18z747pw5s01"}
{"type":"operationStart","subtype":"engine","name":"handlebars","timestamp":1677088093340,"id":"83579fb5ryqv1zz","previousEventId":"ecy95hv1ayb3g3u","operationId":"b9zz3heqhuo4aer","previousOperationId":"hae18z747pw5s01"}
{"type":"log","timestamp":1677088093340,"level":"debug","message":"Rendering engine handlebars","meta":{"rootId":"casmnliug0q0kju","id":"casmnliug0q0kju"},"id":"1wqtn84mmilj5cp","previousOperationId":"b9zz3heqhuo4aer"}
{"type":"operationEnd","operationId":"b9zz3heqhuo4aer","timestamp":1677088093351,"id":"6xqnzueigvblncz","previousEventId":"83579fb5ryqv1zz","previousOperationId":"b9zz3heqhuo4aer"}
{"type":"operationStart","subtype":"recipe","name":"chrome-pdf","timestamp":1677088093351,"id":"buihrby7vgf6y7g","previousEventId":"6xqnzueigvblncz","operationId":"0gdpl53cxynv8oz","previousOperationId":"b9zz3heqhuo4aer"}
{"type":"log","timestamp":1677088093351,"level":"debug","message":"Executing recipe chrome-pdf","meta":{"rootId":"casmnliug0q0kju","id":"casmnliug0q0kju"},"id":"reome3uz597flv2","previousOperationId":"0gdpl53cxynv8oz"}
{"type":"log","timestamp":1677088093354,"level":"debug","message":"Converting with chrome HeadlessChrome/105.0.5173.0 using chrome-pool strategy","meta":{"rootId":"casmnliug0q0kju","id":"casmnliug0q0kju"},"id":"tjra6tvi6pkp0rz","previousOperationId":"0gdpl53cxynv8oz"}
{"type":"log","timestamp":1677088093436,"level":"debug","message":"Page request: GET (document) file:///C:/Users/Kris/AppData/Local/Temp/jsreport/autocleanup/c09c9299-0b20-4bfa-9d4c-6305c50ae288-chrome-pdf.html","meta":{"rootId":"casmnliug0q0kju","id":"casmnliug0q0kju"},"id":"5c10dao4k4j2hll","previousOperationId":"0gdpl53cxynv8oz"}
{"type":"log","timestamp":1677088093448,"level":"debug","message":"Page request finished: GET (document) 200 file:///C:/Users/Kris/AppData/Local/Temp/jsreport/autocleanup/c09c9299-0b20-4bfa-9d4c-6305c50ae288-chrome-pdf.html","meta":{"rootId":"casmnliug0q0kju","id":"casmnliug0q0kju"},"id":"b0zdiqytk52g40b","previousOperationId":"0gdpl53cxynv8oz"}
{"type":"log","timestamp":1677088093449,"level":"debug","message":"Page request: GET (stylesheet) https://cdnjs.cloudflare.com/ajax/libs/metro/4.1.5/css/metro.min.css","meta":{"rootId":"casmnliug0q0kju","id":"casmnliug0q0kju"},"id":"c3b74j53825vomk","previousOperationId":"0gdpl53cxynv8oz"}
{"type":"log","timestamp":1677088093449,"level":"debug","message":"Page request: GET (script) https://cdnjs.cloudflare.com/ajax/libs/Chart.js/2.7.2/Chart.min.js","meta":{"rootId":"casmnliug0q0kju","id":"casmnliug0q0kju"},"id":"gef2uwkty4z8sx4","previousOperationId":"0gdpl53cxynv8oz"}
{"type":"log","timestamp":1677088093455,"level":"debug","message":"Page request finished: GET (script) 200 https://cdnjs.cloudflare.com/ajax/libs/Chart.js/2.7.2/Chart.min.js","meta":{"rootId":"casmnliug0q0kju","id":"casmnliug0q0kju"},"id":"gciwwb40k9zgyfv","previousOperationId":"0gdpl53cxynv8oz"}
{"type":"log","timestamp":1677088093476,"level":"debug","message":"Page request finished: GET (stylesheet) 200 https://cdnjs.cloudflare.com/ajax/libs/metro/4.1.5/css/metro.min.css","meta":{"rootId":"casmnliug0q0kju","id":"casmnliug0q0kju"},"id":"dl8yswz5o7v7d4e","previousOperationId":"0gdpl53cxynv8oz"}
{"type":"log","timestamp":1677088093522,"level":"debug","message":"Running chrome with params {\"printBackground\":true,\"marginTop\":\"4cm\",\"marginRight\":\"1.5cm\",\"marginBottom\":\"1.5cm\",\"marginLeft\":\"1.5cm\",\"waitForJS\":false,\"timeout\":58640,\"margin\":{\"top\":\"4cm\",\"right\":\"1.5cm\",\"bottom\":\"1.5cm\",\"left\":\"1.5cm\"}}","meta":{"rootId":"casmnliug0q0kju","id":"casmnliug0q0kju"},"id":"fv6tqkd6m18ngf8","previousOperationId":"0gdpl53cxynv8oz"}
{"type":"operationEnd","operationId":"0gdpl53cxynv8oz","timestamp":1677088093652,"id":"k8gghjhvw1tyd8f","previousEventId":"buihrby7vgf6y7g","previousOperationId":"0gdpl53cxynv8oz"}
{"type":"log","timestamp":1677088093652,"level":"info","message":"pdf-utils is starting pdf processing","meta":{"rootId":"casmnliug0q0kju","id":"casmnliug0q0kju"},"id":"oft8y3mapbghbs4","previousOperationId":"0gdpl53cxynv8oz"}
{"type":"operationStart","subtype":"pdfUtils","name":"pdf utils","timestamp":1677088093652,"id":"w4rt7lulq3hce3n","previousEventId":"k8gghjhvw1tyd8f","operationId":"e1f48zwqa1umizn","previousOperationId":"0gdpl53cxynv8oz"}
{"type":"log","timestamp":1677088093652,"level":"debug","message":"pdf-utils detected 1 pdf operation(s) to process","meta":{"rootId":"casmnliug0q0kju","id":"casmnliug0q0kju"},"id":"u9asda8qr3qbl1f","previousOperationId":"e1f48zwqa1umizn"}
{"type":"log","timestamp":1677088093678,"level":"debug","message":"pdf-utils running pdf operation merge","meta":{"rootId":"casmnliug0q0kju","id":"casmnliug0q0kju"},"id":"jq4ubcbbpu35sxv","previousOperationId":"e1f48zwqa1umizn"}
{"type":"operationStart","subtype":"pdfUtilsMerge","name":"pdf utils merge","previousOperationId":"e1f48zwqa1umizn","timestamp":1677088093678,"id":"5fo6x8wu07dhr81","previousEventId":"w4rt7lulq3hce3n","operationId":"7q38hq0qgriuodj"}
{"type":"operationStart","subtype":"render","name":"orders-header","previousOperationId":"7q38hq0qgriuodj","timestamp":1677088093679,"id":"jt6bovv4vwpjoys","previousEventId":"5fo6x8wu07dhr81","operationId":"pycckm0v49a9y8t"}
{"type":"log","timestamp":1677088093679,"level":"info","message":"Starting rendering (child) request","meta":{"rootId":"casmnliug0q0kju","id":"9w0i2brsag0eabk"},"id":"w7y7b0cu9i0j8cc","previousOperationId":"pycckm0v49a9y8t"}
{"type":"log","timestamp":1677088093679,"level":"info","message":"Rendering template { name: orders-header, recipe: chrome-pdf, engine: handlebars, preview: true }","meta":{"rootId":"casmnliug0q0kju","id":"9w0i2brsag0eabk"},"id":"qk5iujzllv8hr3v","previousOperationId":"pycckm0v49a9y8t"}
{"type":"log","timestamp":1677088093679,"level":"debug","message":"Inline data specified.","meta":{"rootId":"casmnliug0q0kju","id":"9w0i2brsag0eabk"},"id":"8bbcr97wn2hc778","previousOperationId":"pycckm0v49a9y8t"}
{"type":"log","timestamp":1677088093682,"level":"debug","message":"Base url not specified, skipping its injection.","meta":{"rootId":"casmnliug0q0kju","id":"9w0i2brsag0eabk"},"id":"5eipdxzkgxwzfe6","previousOperationId":"pycckm0v49a9y8t"}
{"type":"operationStart","subtype":"engine","name":"handlebars","timestamp":1677088093682,"id":"8d9hbkqiuelarma","previousEventId":"jt6bovv4vwpjoys","operationId":"s2e6q2yvv8xc0pg","previousOperationId":"pycckm0v49a9y8t"}
{"type":"log","timestamp":1677088093683,"level":"debug","message":"Rendering engine handlebars","meta":{"rootId":"casmnliug0q0kju","id":"9w0i2brsag0eabk"},"id":"fdla279jsbwjypj","previousOperationId":"s2e6q2yvv8xc0pg"}
{"type":"operationEnd","operationId":"s2e6q2yvv8xc0pg","timestamp":1677088093700,"id":"rttynl0dcyv0zli","previousEventId":"8d9hbkqiuelarma","previousOperationId":"s2e6q2yvv8xc0pg"}
{"type":"operationStart","subtype":"recipe","name":"chrome-pdf","timestamp":1677088093700,"id":"tokh48rjrn7x75g","previousEventId":"rttynl0dcyv0zli","operationId":"wzmjqck268dpnfk","previousOperationId":"s2e6q2yvv8xc0pg"}
{"type":"log","timestamp":1677088093700,"level":"debug","message":"Executing recipe chrome-pdf","meta":{"rootId":"casmnliug0q0kju","id":"9w0i2brsag0eabk"},"id":"5wbh393klanlneh","previousOperationId":"wzmjqck268dpnfk"}
{"type":"log","timestamp":1677088093703,"level":"debug","message":"Converting with chrome HeadlessChrome/105.0.5173.0 using chrome-pool strategy","meta":{"rootId":"casmnliug0q0kju","id":"9w0i2brsag0eabk"},"id":"j9frt5e4n9tduks","previousOperationId":"wzmjqck268dpnfk"}
{"type":"log","timestamp":1677088093788,"level":"debug","message":"Page request: GET (document) file:///C:/Users/Kris/AppData/Local/Temp/jsreport/autocleanup/0cbbdff4-d913-443f-ad9f-87f1e0906a4b-chrome-pdf.html","meta":{"rootId":"casmnliug0q0kju","id":"9w0i2brsag0eabk"},"id":"v41r2tn915ees7p","previousOperationId":"wzmjqck268dpnfk"}
{"type":"log","timestamp":1677088093797,"level":"debug","message":"Page request finished: GET (document) 200 file:///C:/Users/Kris/AppData/Local/Temp/jsreport/autocleanup/0cbbdff4-d913-443f-ad9f-87f1e0906a4b-chrome-pdf.html","meta":{"rootId":"casmnliug0q0kju","id":"9w0i2brsag0eabk"},"id":"1xlclsgv2nvdn00","previousOperationId":"wzmjqck268dpnfk"}
{"type":"log","timestamp":1677088093797,"level":"debug","message":"Page request: GET (stylesheet) https://cdnjs.cloudflare.com/ajax/libs/metro/4.1.5/css/metro.min.css","meta":{"rootId":"casmnliug0q0kju","id":"9w0i2brsag0eabk"},"id":"3kl8wwychox2gcc","previousOperationId":"wzmjqck268dpnfk"}
{"type":"log","timestamp":1677088093817,"level":"debug","message":"Page request finished: GET (stylesheet) 200 https://cdnjs.cloudflare.com/ajax/libs/metro/4.1.5/css/metro.min.css","meta":{"rootId":"casmnliug0q0kju","id":"9w0i2brsag0eabk"},"id":"cz28djrfyyz0v74","previousOperationId":"wzmjqck268dpnfk"}
{"type":"log","timestamp":1677088093838,"level":"debug","message":"Running chrome with params {\"printBackground\":true,\"marginTop\":\"1.5cm\",\"marginRight\":\"1.5cm\",\"marginLeft\":\"1.cm\",\"timeout\":58291,\"margin\":{\"top\":\"1.5cm\",\"right\":\"1.5cm\",\"left\":\"1.cm\"}}","meta":{"rootId":"casmnliug0q0kju","id":"9w0i2brsag0eabk"},"id":"vbbsc7jc2qqdt8p","previousOperationId":"wzmjqck268dpnfk"}
{"type":"operationEnd","operationId":"wzmjqck268dpnfk","timestamp":1677088093894,"id":"y3wuwjz7qmeaqtd","previousEventId":"tokh48rjrn7x75g","previousOperationId":"wzmjqck268dpnfk"}
{"type":"log","timestamp":1677088093894,"level":"debug","message":"Skipping storing report.","meta":{"rootId":"casmnliug0q0kju","id":"9w0i2brsag0eabk"},"id":"x6v743d08nfr6j0","previousOperationId":"wzmjqck268dpnfk"}
{"type":"log","timestamp":1677088093894,"level":"info","message":"Rendering (child) request finished in 1901 ms","meta":{"rootId":"casmnliug0q0kju","id":"9w0i2brsag0eabk"},"id":"0vert6mu3uofb0d","previousOperationId":"wzmjqck268dpnfk"}
{"type":"operationEnd","subtype":"render","operationId":"pycckm0v49a9y8t","timestamp":1677088093894,"id":"gyuu6q514qddtsn","previousEventId":"y3wuwjz7qmeaqtd","previousOperationId":"wzmjqck268dpnfk"}
{"type":"operationEnd","operationId":"7q38hq0qgriuodj","timestamp":1677088093904,"id":"v0da22opjfhpchp","previousEventId":"5fo6x8wu07dhr81","previousOperationId":"7q38hq0qgriuodj"}
{"type":"log","timestamp":1677088093904,"level":"debug","message":"pdf-utils postproces start","meta":{"rootId":"casmnliug0q0kju","id":"casmnliug0q0kju"},"id":"l57cyjbzidu028h","previousOperationId":"7q38hq0qgriuodj"}
{"type":"log","timestamp":1677088093915,"level":"debug","message":"pdf-utils postproces end","meta":{"rootId":"casmnliug0q0kju","id":"casmnliug0q0kju"},"id":"68v0gjrox8o3vly","previousOperationId":"7q38hq0qgriuodj"}
{"type":"operationEnd","operationId":"e1f48zwqa1umizn","timestamp":1677088093915,"id":"uk760v4dkvy28dg","previousEventId":"v0da22opjfhpchp","previousOperationId":"7q38hq0qgriuodj"}
{"type":"log","timestamp":1677088093915,"level":"info","message":"pdf-utils pdf processing was finished","meta":{"rootId":"casmnliug0q0kju","id":"casmnliug0q0kju"},"id":"yy3la2p7e4qkq16","previousOperationId":"e1f48zwqa1umizn"}
{"type":"log","timestamp":1677088093916,"level":"debug","message":"Skipping storing report.","meta":{"rootId":"casmnliug0q0kju","id":"casmnliug0q0kju"},"id":"0vq0kl4d5hf2ejl","previousOperationId":"e1f48zwqa1umizn"}
{"type":"log","timestamp":1677088093916,"level":"info","message":"Rendering request 18 finished in 1923 ms","meta":{"rootId":"casmnliug0q0kju","id":"casmnliug0q0kju"},"id":"9vu4o5zwsmgf5o9","previousOperationId":"e1f48zwqa1umizn"}
{"type":"operationEnd","subtype":"render","operationId":"17c0nso4yl6c7bv","timestamp":1677088093916,"id":"dovesn7j1abissg","previousEventId":"uk760v4dkvy28dg","previousOperationId":"e1f48zwqa1umizn"}
{"type":"operationEnd","doDiffs":false,"previousEventId":"jaqvpiceygoe76k","previousOperationId":"33b4r27i24sb3wr","operationId":"33b4r27i24sb3wr","timestamp":1677088093924,"id":"cgi3k204r2l481h"}
