{"type":"operationStart","subtype":"profile","data":{"_id":"flqmQ4kOPOFvf15p","timestamp":"2023-02-22T18:26:22.073Z","state":"queued","mode":"standard","creationDate":"2023-02-22T18:26:22.075Z","modificationDate":"2023-02-22T18:26:22.075Z","shortid":"HPYv0CD","$entitySet":"profiles"},"doDiffs":false,"timestamp":1677090382074,"id":"82ju26deo82pe0i","previousOperationId":null,"operationId":"tmauto6hwtec3yr"}
{"type":"log","level":"info","message":"Render request 98 queued for execution and waiting for available worker","previousOperationId":"tmauto6hwtec3yr","timestamp":1677090382074,"id":"ep0qc3r4vuuf8k6"}
{"type":"operationStart","subtype":"render","name":"orders-main","previousOperationId":"tmauto6hwtec3yr","timestamp":1677090382082,"id":"12mq2zd53k4o7gw","previousEventId":"82ju26deo82pe0i","operationId":"zw1otze9qbfxvfp"}
{"type":"log","timestamp":1677090382082,"level":"info","message":"Starting rendering request 98","meta":{"rootId":"cs4h0nhzzui15rg","id":"cs4h0nhzzui15rg"},"id":"nhme21hzyj6vwbc","previousOperationId":"zw1otze9qbfxvfp"}
{"type":"log","timestamp":1677090382082,"level":"info","message":"Rendering template { name: orders-main, recipe: chrome-pdf, engine: handlebars, preview: true }","meta":{"rootId":"cs4h0nhzzui15rg","id":"cs4h0nhzzui15rg"},"id":"mosmxb2xwzg5t1t","previousOperationId":"zw1otze9qbfxvfp"}
{"type":"log","timestamp":1677090382084,"level":"debug","message":"Data item not defined for this template.","meta":{"rootId":"cs4h0nhzzui15rg","id":"cs4h0nhzzui15rg"},"id":"fm3bz05w5onhgxt","previousOperationId":"zw1otze9qbfxvfp"}
{"type":"log","timestamp":1677090382087,"level":"debug","message":"Executing script orders-script (beforeRender)","meta":{"rootId":"cs4h0nhzzui15rg","id":"cs4h0nhzzui15rg"},"id":"0ohasdgml7pox24","previousOperationId":"zw1otze9qbfxvfp"}
{"type":"operationStart","subtype":"scriptsBeforeRender","name":"scripts beforeRender","timestamp":1677090382093,"id":"l1xtzp3qswr1ebi","previousEventId":"12mq2zd53k4o7gw","operationId":"4851ubrgqwd6321","previousOperationId":"zw1otze9qbfxvfp"}
{"type":"operationStart","subtype":"script","name":"scripts orders-script","previousOperationId":"4851ubrgqwd6321","timestamp":1677090382093,"id":"feybmvh1rey41vg","previousEventId":"l1xtzp3qswr1ebi","operationId":"dgf48zr55yeb9mf"}
{"type":"operationEnd","operationId":"dgf48zr55yeb9mf","timestamp":1677090383384,"id":"bpzn6x6tlp4xdkv","previousEventId":"12mq2zd53k4o7gw","previousOperationId":"zw1otze9qbfxvfp"}
{"type":"operationEnd","operationId":"4851ubrgqwd6321","timestamp":1677090383384,"id":"uvsnvb32ldxx4r9","previousEventId":"bpzn6x6tlp4xdkv","previousOperationId":"zw1otze9qbfxvfp"}
{"type":"log","timestamp":1677090383384,"level":"debug","message":"Base url not specified, skipping its injection.","meta":{"rootId":"cs4h0nhzzui15rg","id":"cs4h0nhzzui15rg"},"id":"wpa9fdsv24zs5v4","previousOperationId":"4851ubrgqwd6321"}
{"type":"operationStart","subtype":"engine","name":"handlebars","timestamp":1677090383384,"id":"c0uz1p11nd000mj","previousEventId":"uvsnvb32ldxx4r9","operationId":"d1l2ivs7s2d4ahn","previousOperationId":"4851ubrgqwd6321"}
{"type":"log","timestamp":1677090383384,"level":"debug","message":"Rendering engine handlebars","meta":{"rootId":"cs4h0nhzzui15rg","id":"cs4h0nhzzui15rg"},"id":"60lejpe31cg2jxs","previousOperationId":"d1l2ivs7s2d4ahn"}
{"type":"operationEnd","operationId":"d1l2ivs7s2d4ahn","timestamp":1677090383392,"id":"6sbmjnt115lvu79","previousEventId":"c0uz1p11nd000mj","previousOperationId":"d1l2ivs7s2d4ahn"}
{"type":"operationStart","subtype":"recipe","name":"chrome-pdf","timestamp":1677090383392,"id":"0kvq5jm44pb62m1","previousEventId":"6sbmjnt115lvu79","operationId":"w286pxnot8vd5en","previousOperationId":"d1l2ivs7s2d4ahn"}
{"type":"log","timestamp":1677090383392,"level":"debug","message":"Executing recipe chrome-pdf","meta":{"rootId":"cs4h0nhzzui15rg","id":"cs4h0nhzzui15rg"},"id":"b3jh0ahmj5or91c","previousOperationId":"w286pxnot8vd5en"}
{"type":"log","timestamp":1677090383394,"level":"debug","message":"Converting with chrome HeadlessChrome/105.0.5173.0 using chrome-pool strategy","meta":{"rootId":"cs4h0nhzzui15rg","id":"cs4h0nhzzui15rg"},"id":"qoc3xpazwzl2uin","previousOperationId":"w286pxnot8vd5en"}
{"type":"log","timestamp":1677090383472,"level":"debug","message":"Page request: GET (document) file:///C:/Users/Kris/AppData/Local/Temp/jsreport/autocleanup/3be69b74-4778-4908-bbd2-dc501c523f52-chrome-pdf.html","meta":{"rootId":"cs4h0nhzzui15rg","id":"cs4h0nhzzui15rg"},"id":"zqek6dghvdhv8g3","previousOperationId":"w286pxnot8vd5en"}
{"type":"log","timestamp":1677090383484,"level":"debug","message":"Page request finished: GET (document) 200 file:///C:/Users/Kris/AppData/Local/Temp/jsreport/autocleanup/3be69b74-4778-4908-bbd2-dc501c523f52-chrome-pdf.html","meta":{"rootId":"cs4h0nhzzui15rg","id":"cs4h0nhzzui15rg"},"id":"ltluo6bv8e1wx12","previousOperationId":"w286pxnot8vd5en"}
{"type":"log","timestamp":1677090383485,"level":"debug","message":"Page request: GET (stylesheet) https://cdnjs.cloudflare.com/ajax/libs/metro/4.1.5/css/metro.min.css","meta":{"rootId":"cs4h0nhzzui15rg","id":"cs4h0nhzzui15rg"},"id":"o6k44krlg73k34x","previousOperationId":"w286pxnot8vd5en"}
{"type":"log","timestamp":1677090383485,"level":"debug","message":"Page request: GET (script) https://cdnjs.cloudflare.com/ajax/libs/Chart.js/2.7.2/Chart.min.js","meta":{"rootId":"cs4h0nhzzui15rg","id":"cs4h0nhzzui15rg"},"id":"s3br7ihhnrnunz4","previousOperationId":"w286pxnot8vd5en"}
{"type":"log","timestamp":1677090383491,"level":"debug","message":"Page request finished: GET (script) 200 https://cdnjs.cloudflare.com/ajax/libs/Chart.js/2.7.2/Chart.min.js","meta":{"rootId":"cs4h0nhzzui15rg","id":"cs4h0nhzzui15rg"},"id":"xkl7d0tuslv3mej","previousOperationId":"w286pxnot8vd5en"}
{"type":"log","timestamp":1677090383507,"level":"debug","message":"Page request finished: GET (stylesheet) 200 https://cdnjs.cloudflare.com/ajax/libs/metro/4.1.5/css/metro.min.css","meta":{"rootId":"cs4h0nhzzui15rg","id":"cs4h0nhzzui15rg"},"id":"se7nzn1kk9mxx6b","previousOperationId":"w286pxnot8vd5en"}
{"type":"log","timestamp":1677090383551,"level":"debug","message":"Running chrome with params {\"printBackground\":true,\"marginTop\":\"4cm\",\"marginRight\":\"1.5cm\",\"marginBottom\":\"1.5cm\",\"marginLeft\":\"1.5cm\",\"waitForJS\":false,\"timeout\":58679,\"margin\":{\"top\":\"4cm\",\"right\":\"1.5cm\",\"bottom\":\"1.5cm\",\"left\":\"1.5cm\"}}","meta":{"rootId":"cs4h0nhzzui15rg","id":"cs4h0nhzzui15rg"},"id":"lizpv9qtxglcrrv","previousOperationId":"w286pxnot8vd5en"}
{"type":"operationEnd","operationId":"w286pxnot8vd5en","timestamp":1677090383686,"id":"cqqhn1dn7xea5vd","previousEventId":"0kvq5jm44pb62m1","previousOperationId":"w286pxnot8vd5en"}
{"type":"log","timestamp":1677090383686,"level":"info","message":"pdf-utils is starting pdf processing","meta":{"rootId":"cs4h0nhzzui15rg","id":"cs4h0nhzzui15rg"},"id":"ohllbo37h38v2ye","previousOperationId":"w286pxnot8vd5en"}
{"type":"operationStart","subtype":"pdfUtils","name":"pdf utils","timestamp":1677090383686,"id":"acyaytvpd9eupiq","previousEventId":"cqqhn1dn7xea5vd","operationId":"d1tgyim6gdfnyvz","previousOperationId":"w286pxnot8vd5en"}
{"type":"log","timestamp":1677090383686,"level":"debug","message":"pdf-utils detected 1 pdf operation(s) to process","meta":{"rootId":"cs4h0nhzzui15rg","id":"cs4h0nhzzui15rg"},"id":"8q6nkxf2296dkvj","previousOperationId":"d1tgyim6gdfnyvz"}
{"type":"log","timestamp":1677090383711,"level":"debug","message":"pdf-utils running pdf operation merge","meta":{"rootId":"cs4h0nhzzui15rg","id":"cs4h0nhzzui15rg"},"id":"r4ygv3bndniw86w","previousOperationId":"d1tgyim6gdfnyvz"}
{"type":"operationStart","subtype":"pdfUtilsMerge","name":"pdf utils merge","previousOperationId":"d1tgyim6gdfnyvz","timestamp":1677090383711,"id":"jgzlhe9jxrb17dg","previousEventId":"acyaytvpd9eupiq","operationId":"r0godj7lehm9zpf"}
{"type":"operationStart","subtype":"render","name":"orders-header","previousOperationId":"r0godj7lehm9zpf","timestamp":1677090383711,"id":"z6ju3d6alhr20in","previousEventId":"jgzlhe9jxrb17dg","operationId":"hcc6cfusqxlsmf4"}
{"type":"log","timestamp":1677090383711,"level":"info","message":"Starting rendering (child) request","meta":{"rootId":"cs4h0nhzzui15rg","id":"4kpyl1noy3fq25n"},"id":"gcwc9yd25g55fss","previousOperationId":"hcc6cfusqxlsmf4"}
{"type":"log","timestamp":1677090383711,"level":"info","message":"Rendering template { name: orders-header, recipe: chrome-pdf, engine: handlebars, preview: true }","meta":{"rootId":"cs4h0nhzzui15rg","id":"4kpyl1noy3fq25n"},"id":"8te43cg9shd5vd9","previousOperationId":"hcc6cfusqxlsmf4"}
{"type":"log","timestamp":1677090383712,"level":"debug","message":"Inline data specified.","meta":{"rootId":"cs4h0nhzzui15rg","id":"4kpyl1noy3fq25n"},"id":"j5m0laru65ydgri","previousOperationId":"hcc6cfusqxlsmf4"}
{"type":"log","timestamp":1677090383713,"level":"debug","message":"Base url not specified, skipping its injection.","meta":{"rootId":"cs4h0nhzzui15rg","id":"4kpyl1noy3fq25n"},"id":"zgdg4kct6k097mn","previousOperationId":"hcc6cfusqxlsmf4"}
{"type":"operationStart","subtype":"engine","name":"handlebars","timestamp":1677090383714,"id":"xnqtm4tvmsh0lrk","previousEventId":"z6ju3d6alhr20in","operationId":"vb5bgz77qvgdely","previousOperationId":"hcc6cfusqxlsmf4"}
{"type":"log","timestamp":1677090383714,"level":"debug","message":"Rendering engine handlebars","meta":{"rootId":"cs4h0nhzzui15rg","id":"4kpyl1noy3fq25n"},"id":"yqxt3w43zh6s1mp","previousOperationId":"vb5bgz77qvgdely"}
{"type":"operationEnd","operationId":"vb5bgz77qvgdely","timestamp":1677090383730,"id":"0tn6bul69g0sef0","previousEventId":"xnqtm4tvmsh0lrk","previousOperationId":"vb5bgz77qvgdely"}
{"type":"operationStart","subtype":"recipe","name":"chrome-pdf","timestamp":1677090383730,"id":"ehnscwjh5dnzvlh","previousEventId":"0tn6bul69g0sef0","operationId":"tuugtmeu6vq023x","previousOperationId":"vb5bgz77qvgdely"}
{"type":"log","timestamp":1677090383730,"level":"debug","message":"Executing recipe chrome-pdf","meta":{"rootId":"cs4h0nhzzui15rg","id":"4kpyl1noy3fq25n"},"id":"3gwe2okzz4jwz1m","previousOperationId":"tuugtmeu6vq023x"}
{"type":"log","timestamp":1677090383732,"level":"debug","message":"Converting with chrome HeadlessChrome/105.0.5173.0 using chrome-pool strategy","meta":{"rootId":"cs4h0nhzzui15rg","id":"4kpyl1noy3fq25n"},"id":"b2lle8ft8q8te8c","previousOperationId":"tuugtmeu6vq023x"}
{"type":"log","timestamp":1677090383821,"level":"debug","message":"Page request: GET (document) file:///C:/Users/Kris/AppData/Local/Temp/jsreport/autocleanup/90893e14-55ca-4c90-aea9-0313c4e55fb3-chrome-pdf.html","meta":{"rootId":"cs4h0nhzzui15rg","id":"4kpyl1noy3fq25n"},"id":"r0p8ktxm0awf2ia","previousOperationId":"tuugtmeu6vq023x"}
{"type":"log","timestamp":1677090383829,"level":"debug","message":"Page request: GET (stylesheet) https://cdnjs.cloudflare.com/ajax/libs/metro/4.1.5/css/metro.min.css","meta":{"rootId":"cs4h0nhzzui15rg","id":"4kpyl1noy3fq25n"},"id":"wmh6fnt1ho9g581","previousOperationId":"tuugtmeu6vq023x"}
{"type":"log","timestamp":1677090383829,"level":"debug","message":"Page request finished: GET (document) 200 file:///C:/Users/Kris/AppData/Local/Temp/jsreport/autocleanup/90893e14-55ca-4c90-aea9-0313c4e55fb3-chrome-pdf.html","meta":{"rootId":"cs4h0nhzzui15rg","id":"4kpyl1noy3fq25n"},"id":"7op3kuugvrms4vs","previousOperationId":"tuugtmeu6vq023x"}
{"type":"log","timestamp":1677090383848,"level":"debug","message":"Page request finished: GET (stylesheet) 200 https://cdnjs.cloudflare.com/ajax/libs/metro/4.1.5/css/metro.min.css","meta":{"rootId":"cs4h0nhzzui15rg","id":"4kpyl1noy3fq25n"},"id":"n5phcubzxqyk2e1","previousOperationId":"tuugtmeu6vq023x"}
{"type":"log","timestamp":1677090383867,"level":"debug","message":"Running chrome with params {\"printBackground\":true,\"marginTop\":\"1.5cm\",\"marginRight\":\"1.5cm\",\"marginLeft\":\"1.cm\",\"timeout\":58342,\"margin\":{\"top\":\"1.5cm\",\"right\":\"1.5cm\",\"left\":\"1.cm\"}}","meta":{"rootId":"cs4h0nhzzui15rg","id":"4kpyl1noy3fq25n"},"id":"nbfz5unm2md1bmr","previousOperationId":"tuugtmeu6vq023x"}
{"type":"operationEnd","operationId":"tuugtmeu6vq023x","timestamp":1677090383924,"id":"5fawi42ng739906","previousEventId":"ehnscwjh5dnzvlh","previousOperationId":"tuugtmeu6vq023x"}
{"type":"log","timestamp":1677090383924,"level":"debug","message":"Skipping storing report.","meta":{"rootId":"cs4h0nhzzui15rg","id":"4kpyl1noy3fq25n"},"id":"tgzeom3edmmzteg","previousOperationId":"tuugtmeu6vq023x"}
{"type":"log","timestamp":1677090383924,"level":"info","message":"Rendering (child) request finished in 1851 ms","meta":{"rootId":"cs4h0nhzzui15rg","id":"4kpyl1noy3fq25n"},"id":"j9w13vyqbz2aqqm","previousOperationId":"tuugtmeu6vq023x"}
{"type":"operationEnd","subtype":"render","operationId":"hcc6cfusqxlsmf4","timestamp":1677090383924,"id":"cpqfn06qyqqdqzw","previousEventId":"5fawi42ng739906","previousOperationId":"tuugtmeu6vq023x"}
{"type":"operationEnd","operationId":"r0godj7lehm9zpf","timestamp":1677090383933,"id":"b8qzdxi1ezd9v6m","previousEventId":"jgzlhe9jxrb17dg","previousOperationId":"r0godj7lehm9zpf"}
{"type":"log","timestamp":1677090383934,"level":"debug","message":"pdf-utils postproces start","meta":{"rootId":"cs4h0nhzzui15rg","id":"cs4h0nhzzui15rg"},"id":"kgazyzvn8jrcoos","previousOperationId":"r0godj7lehm9zpf"}
{"type":"log","timestamp":1677090383944,"level":"debug","message":"pdf-utils postproces end","meta":{"rootId":"cs4h0nhzzui15rg","id":"cs4h0nhzzui15rg"},"id":"5ygogw8qsriapz8","previousOperationId":"r0godj7lehm9zpf"}
{"type":"operationEnd","operationId":"d1tgyim6gdfnyvz","timestamp":1677090383944,"id":"znruj98ybql6cs9","previousEventId":"b8qzdxi1ezd9v6m","previousOperationId":"r0godj7lehm9zpf"}
{"type":"log","timestamp":1677090383944,"level":"info","message":"pdf-utils pdf processing was finished","meta":{"rootId":"cs4h0nhzzui15rg","id":"cs4h0nhzzui15rg"},"id":"v9ogxb532qkrf3t","previousOperationId":"d1tgyim6gdfnyvz"}
{"type":"log","timestamp":1677090383944,"level":"debug","message":"Skipping storing report.","meta":{"rootId":"cs4h0nhzzui15rg","id":"cs4h0nhzzui15rg"},"id":"r82uku50s7cfxvx","previousOperationId":"d1tgyim6gdfnyvz"}
{"type":"log","timestamp":1677090383944,"level":"info","message":"Rendering request 98 finished in 1871 ms","meta":{"rootId":"cs4h0nhzzui15rg","id":"cs4h0nhzzui15rg"},"id":"w2oq2z16stsb0ta","previousOperationId":"d1tgyim6gdfnyvz"}
{"type":"operationEnd","subtype":"render","operationId":"zw1otze9qbfxvfp","timestamp":1677090383944,"id":"zko6h3l483zb0ts","previousEventId":"znruj98ybql6cs9","previousOperationId":"d1tgyim6gdfnyvz"}
{"type":"operationEnd","doDiffs":false,"previousEventId":"82ju26deo82pe0i","previousOperationId":"tmauto6hwtec3yr","operationId":"tmauto6hwtec3yr","timestamp":1677090383952,"id":"nv5v4fyqaub96bq"}
