{"type":"operationStart","subtype":"profile","data":{"_id":"GVwYVLe8lTfGeCoC","timestamp":"2023-02-16T17:19:37.616Z","state":"queued","mode":"standard","creationDate":"2023-02-16T17:19:37.618Z","modificationDate":"2023-02-16T17:19:37.618Z","shortid":"ZNWXfs6","$entitySet":"profiles"},"doDiffs":false,"timestamp":1676567977617,"id":"qmwfa5pdmbsjc4f","previousOperationId":null,"operationId":"hdagy76ptqxgiwx"}
{"type":"log","level":"info","message":"Render request 3 queued for execution and waiting for available worker","previousOperationId":"hdagy76ptqxgiwx","timestamp":1676567977617,"id":"r184hkgudbv16sy"}
{"type":"operationStart","subtype":"render","name":"orders-main","previousOperationId":"hdagy76ptqxgiwx","timestamp":1676567977627,"id":"5kw3szzd4dns6bf","previousEventId":"qmwfa5pdmbsjc4f","operationId":"zd94e6jmwierpai"}
{"type":"log","timestamp":1676567977627,"level":"info","message":"Starting rendering request 3","meta":{"rootId":"dindb8hs76ustak","id":"dindb8hs76ustak"},"id":"2dilih2vyko4kke","previousOperationId":"zd94e6jmwierpai"}
{"type":"log","timestamp":1676567977628,"level":"info","message":"Rendering template { name: orders-main, recipe: chrome-pdf, engine: handlebars, preview: true }","meta":{"rootId":"dindb8hs76ustak","id":"dindb8hs76ustak"},"id":"njl4zjg9u68hqhe","previousOperationId":"zd94e6jmwierpai"}
{"type":"log","timestamp":1676567977629,"level":"debug","message":"Data item not defined for this template.","meta":{"rootId":"dindb8hs76ustak","id":"dindb8hs76ustak"},"id":"d8xqd4tpuhtq1ux","previousOperationId":"zd94e6jmwierpai"}
{"type":"log","timestamp":1676567977633,"level":"debug","message":"Executing script orders-script (beforeRender)","meta":{"rootId":"dindb8hs76ustak","id":"dindb8hs76ustak"},"id":"jq4gioddvsbt5zj","previousOperationId":"zd94e6jmwierpai"}
{"type":"operationStart","subtype":"scriptsBeforeRender","name":"scripts beforeRender","timestamp":1676567977667,"id":"5shiffa64u5536p","previousEventId":"5kw3szzd4dns6bf","operationId":"uhzsgoprr1vvxnn","previousOperationId":"zd94e6jmwierpai"}
{"type":"operationStart","subtype":"script","name":"scripts orders-script","previousOperationId":"uhzsgoprr1vvxnn","timestamp":1676567977667,"id":"j1xj7ger71at0yb","previousEventId":"5shiffa64u5536p","operationId":"e4wz63x0t62zp7v"}
{"type":"operationEnd","operationId":"e4wz63x0t62zp7v","timestamp":1676567978979,"id":"kzpxvjihayoslox","previousEventId":"5kw3szzd4dns6bf","previousOperationId":"zd94e6jmwierpai"}
{"type":"operationEnd","operationId":"uhzsgoprr1vvxnn","timestamp":1676567978979,"id":"ffej5di5wp1r5zc","previousEventId":"kzpxvjihayoslox","previousOperationId":"zd94e6jmwierpai"}
{"type":"log","timestamp":1676567978979,"level":"debug","message":"Base url not specified, skipping its injection.","meta":{"rootId":"dindb8hs76ustak","id":"dindb8hs76ustak"},"id":"0uusw265rxgdyuz","previousOperationId":"uhzsgoprr1vvxnn"}
{"type":"operationStart","subtype":"engine","name":"handlebars","timestamp":1676567978979,"id":"zlf9an5iaceakta","previousEventId":"ffej5di5wp1r5zc","operationId":"dxwbcji447gu4u5","previousOperationId":"uhzsgoprr1vvxnn"}
{"type":"log","timestamp":1676567978979,"level":"debug","message":"Rendering engine handlebars","meta":{"rootId":"dindb8hs76ustak","id":"dindb8hs76ustak"},"id":"a6pj6ztkxudlnfk","previousOperationId":"dxwbcji447gu4u5"}
{"type":"log","timestamp":1676567978996,"level":"debug","message":"(console:log) Pdf utils adding group field, value: \"France\"","meta":{"userLevel":true,"rootId":"dindb8hs76ustak","id":"dindb8hs76ustak"},"id":"jh6shfu8gib6wmy","previousOperationId":"dxwbcji447gu4u5"}
{"type":"log","timestamp":1676567978997,"level":"debug","message":"(console:log) Pdf utils adding group field, value: \"Germany\"","meta":{"userLevel":true,"rootId":"dindb8hs76ustak","id":"dindb8hs76ustak"},"id":"vr3h2330vixztpj","previousOperationId":"dxwbcji447gu4u5"}
{"type":"operationEnd","operationId":"dxwbcji447gu4u5","timestamp":1676567978997,"id":"vuf8qdcf5dh0w3v","previousEventId":"zlf9an5iaceakta","previousOperationId":"dxwbcji447gu4u5"}
{"type":"operationStart","subtype":"recipe","name":"chrome-pdf","timestamp":1676567978998,"id":"c35pw3ntejd2rad","previousEventId":"vuf8qdcf5dh0w3v","operationId":"orardxt2it5so23","previousOperationId":"dxwbcji447gu4u5"}
{"type":"log","timestamp":1676567978998,"level":"debug","message":"Executing recipe chrome-pdf","meta":{"rootId":"dindb8hs76ustak","id":"dindb8hs76ustak"},"id":"pdovi0rf6whcj5u","previousOperationId":"orardxt2it5so23"}
{"type":"log","timestamp":1676567979002,"level":"debug","message":"Converting with chrome HeadlessChrome/105.0.5173.0 using chrome-pool strategy","meta":{"rootId":"dindb8hs76ustak","id":"dindb8hs76ustak"},"id":"guc4bi1y0m85ykb","previousOperationId":"orardxt2it5so23"}
{"type":"log","timestamp":1676567979103,"level":"debug","message":"Page request: GET (document) file:///C:/Users/Kris/AppData/Local/Temp/jsreport/autocleanup/01977a8d-9dcd-4a96-a99a-c7cf689a4c64-chrome-pdf.html","meta":{"rootId":"dindb8hs76ustak","id":"dindb8hs76ustak"},"id":"db29uv5vw7xnuke","previousOperationId":"orardxt2it5so23"}
{"type":"log","timestamp":1676567979138,"level":"debug","message":"Page request: GET (stylesheet) https://cdnjs.cloudflare.com/ajax/libs/metro/4.1.5/css/metro.min.css","meta":{"rootId":"dindb8hs76ustak","id":"dindb8hs76ustak"},"id":"k65na0w71hly9uv","previousOperationId":"orardxt2it5so23"}
{"type":"log","timestamp":1676567979139,"level":"debug","message":"Page request finished: GET (document) 200 file:///C:/Users/Kris/AppData/Local/Temp/jsreport/autocleanup/01977a8d-9dcd-4a96-a99a-c7cf689a4c64-chrome-pdf.html","meta":{"rootId":"dindb8hs76ustak","id":"dindb8hs76ustak"},"id":"pl3ybp4exmy9157","previousOperationId":"orardxt2it5so23"}
{"type":"log","timestamp":1676567979139,"level":"debug","message":"Page request: GET (script) https://cdnjs.cloudflare.com/ajax/libs/Chart.js/2.7.2/Chart.min.js","meta":{"rootId":"dindb8hs76ustak","id":"dindb8hs76ustak"},"id":"1186lzgbf6z0fk1","previousOperationId":"orardxt2it5so23"}
{"type":"log","timestamp":1676567979163,"level":"debug","message":"Page request finished: GET (stylesheet) 200 https://cdnjs.cloudflare.com/ajax/libs/metro/4.1.5/css/metro.min.css","meta":{"rootId":"dindb8hs76ustak","id":"dindb8hs76ustak"},"id":"wokfxl4sscwg5v9","previousOperationId":"orardxt2it5so23"}
{"type":"log","timestamp":1676567979303,"level":"debug","message":"Page request finished: GET (script) 200 https://cdnjs.cloudflare.com/ajax/libs/Chart.js/2.7.2/Chart.min.js","meta":{"rootId":"dindb8hs76ustak","id":"dindb8hs76ustak"},"id":"5hub0u5yfmlyc8c","previousOperationId":"orardxt2it5so23"}
{"type":"log","timestamp":1676567979403,"level":"debug","message":"Running chrome with params {\"printBackground\":true,\"marginTop\":\"4cm\",\"marginRight\":\"1.5cm\",\"marginBottom\":\"1.5cm\",\"marginLeft\":\"1.5cm\",\"waitForJS\":false,\"timeout\":58616,\"margin\":{\"top\":\"4cm\",\"right\":\"1.5cm\",\"bottom\":\"1.5cm\",\"left\":\"1.5cm\"}}","meta":{"rootId":"dindb8hs76ustak","id":"dindb8hs76ustak"},"id":"j94fu56p5uyvd0p","previousOperationId":"orardxt2it5so23"}
{"type":"operationEnd","operationId":"orardxt2it5so23","timestamp":1676567979598,"id":"3v403ebazbydexo","previousEventId":"c35pw3ntejd2rad","previousOperationId":"orardxt2it5so23"}
{"type":"log","timestamp":1676567979598,"level":"info","message":"pdf-utils is starting pdf processing","meta":{"rootId":"dindb8hs76ustak","id":"dindb8hs76ustak"},"id":"3iiypo12biiz9b8","previousOperationId":"orardxt2it5so23"}
{"type":"operationStart","subtype":"pdfUtils","name":"pdf utils","timestamp":1676567979876,"id":"qqlos06ixjxpclk","previousEventId":"3v403ebazbydexo","operationId":"0sn7nivjnd1ue78","previousOperationId":"orardxt2it5so23"}
{"type":"log","timestamp":1676567979877,"level":"debug","message":"pdf-utils detected 1 pdf operation(s) to process","meta":{"rootId":"dindb8hs76ustak","id":"dindb8hs76ustak"},"id":"gygxxhkbnb5cdc0","previousOperationId":"0sn7nivjnd1ue78"}
{"type":"log","timestamp":1676567980179,"level":"debug","message":"pdf-utils running pdf operation merge","meta":{"rootId":"dindb8hs76ustak","id":"dindb8hs76ustak"},"id":"o7jtla8wdgu6wtr","previousOperationId":"0sn7nivjnd1ue78"}
{"type":"operationStart","subtype":"pdfUtilsMerge","name":"pdf utils merge","previousOperationId":"0sn7nivjnd1ue78","timestamp":1676567980179,"id":"qhpf0bpi0drfmy2","previousEventId":"qqlos06ixjxpclk","operationId":"yd2vtgu6hohb9rg"}
{"type":"operationStart","subtype":"render","name":"orders-header","previousOperationId":"yd2vtgu6hohb9rg","timestamp":1676567980182,"id":"7mwos5y3fq6eiol","previousEventId":"qhpf0bpi0drfmy2","operationId":"t44h1avddj6ppo5"}
{"type":"log","timestamp":1676567980182,"level":"info","message":"Starting rendering (child) request","meta":{"rootId":"dindb8hs76ustak","id":"8rgngu9aarvhfxx"},"id":"qffcg1oiusvn5hf","previousOperationId":"t44h1avddj6ppo5"}
{"type":"log","timestamp":1676567980183,"level":"info","message":"Rendering template { name: orders-header, recipe: chrome-pdf, engine: handlebars, preview: true }","meta":{"rootId":"dindb8hs76ustak","id":"8rgngu9aarvhfxx"},"id":"lhepp6xo3t2270y","previousOperationId":"t44h1avddj6ppo5"}
{"type":"log","timestamp":1676567980189,"level":"debug","message":"Inline data specified.","meta":{"rootId":"dindb8hs76ustak","id":"8rgngu9aarvhfxx"},"id":"2i0pam9hjuxdmix","previousOperationId":"t44h1avddj6ppo5"}
{"type":"log","timestamp":1676567980192,"level":"debug","message":"Base url not specified, skipping its injection.","meta":{"rootId":"dindb8hs76ustak","id":"8rgngu9aarvhfxx"},"id":"vo5ejtum88856mh","previousOperationId":"t44h1avddj6ppo5"}
{"type":"operationStart","subtype":"engine","name":"handlebars","timestamp":1676567980192,"id":"zl5xvud4foiwtfd","previousEventId":"7mwos5y3fq6eiol","operationId":"lnr5g65s0qbw2iq","previousOperationId":"t44h1avddj6ppo5"}
{"type":"log","timestamp":1676567980192,"level":"debug","message":"Rendering engine handlebars","meta":{"rootId":"dindb8hs76ustak","id":"8rgngu9aarvhfxx"},"id":"z9mjae9chl4rluo","previousOperationId":"lnr5g65s0qbw2iq"}
{"type":"operationEnd","operationId":"lnr5g65s0qbw2iq","timestamp":1676567980212,"id":"347se8ygg1h4o1g","previousEventId":"zl5xvud4foiwtfd","previousOperationId":"lnr5g65s0qbw2iq"}
{"type":"operationStart","subtype":"recipe","name":"chrome-pdf","timestamp":1676567980212,"id":"li8x4pydyqtn6u5","previousEventId":"347se8ygg1h4o1g","operationId":"gs3yb4lxhvidf08","previousOperationId":"lnr5g65s0qbw2iq"}
{"type":"log","timestamp":1676567980212,"level":"debug","message":"Executing recipe chrome-pdf","meta":{"rootId":"dindb8hs76ustak","id":"8rgngu9aarvhfxx"},"id":"7yi9ma8esr5keqf","previousOperationId":"gs3yb4lxhvidf08"}
{"type":"log","timestamp":1676567980215,"level":"debug","message":"Converting with chrome HeadlessChrome/105.0.5173.0 using chrome-pool strategy","meta":{"rootId":"dindb8hs76ustak","id":"8rgngu9aarvhfxx"},"id":"96ipr4dllck5wdh","previousOperationId":"gs3yb4lxhvidf08"}
{"type":"log","timestamp":1676567980309,"level":"debug","message":"Page request: GET (document) file:///C:/Users/Kris/AppData/Local/Temp/jsreport/autocleanup/5bd30c09-f553-4ca1-85cd-0af98f2ae87d-chrome-pdf.html","meta":{"rootId":"dindb8hs76ustak","id":"8rgngu9aarvhfxx"},"id":"d1wpumapfqh6nvz","previousOperationId":"gs3yb4lxhvidf08"}
{"type":"log","timestamp":1676567980325,"level":"debug","message":"Page request finished: GET (document) 200 file:///C:/Users/Kris/AppData/Local/Temp/jsreport/autocleanup/5bd30c09-f553-4ca1-85cd-0af98f2ae87d-chrome-pdf.html","meta":{"rootId":"dindb8hs76ustak","id":"8rgngu9aarvhfxx"},"id":"22rv1hxa4sdphpq","previousOperationId":"gs3yb4lxhvidf08"}
{"type":"log","timestamp":1676567980325,"level":"debug","message":"Page request: GET (stylesheet) https://cdnjs.cloudflare.com/ajax/libs/metro/4.1.5/css/metro.min.css","meta":{"rootId":"dindb8hs76ustak","id":"8rgngu9aarvhfxx"},"id":"zl8adls952i1rzo","previousOperationId":"gs3yb4lxhvidf08"}
{"type":"log","timestamp":1676567980348,"level":"debug","message":"Page request finished: GET (stylesheet) 200 https://cdnjs.cloudflare.com/ajax/libs/metro/4.1.5/css/metro.min.css","meta":{"rootId":"dindb8hs76ustak","id":"8rgngu9aarvhfxx"},"id":"t7ayk2t18n89tui","previousOperationId":"gs3yb4lxhvidf08"}
{"type":"log","timestamp":1676567980372,"level":"debug","message":"Running chrome with params {\"printBackground\":true,\"marginTop\":\"1.5cm\",\"marginRight\":\"1.5cm\",\"marginLeft\":\"1.cm\",\"timeout\":57402,\"margin\":{\"top\":\"1.5cm\",\"right\":\"1.5cm\",\"left\":\"1.cm\"}}","meta":{"rootId":"dindb8hs76ustak","id":"8rgngu9aarvhfxx"},"id":"93l55giv5pjksx2","previousOperationId":"gs3yb4lxhvidf08"}
{"type":"operationEnd","operationId":"gs3yb4lxhvidf08","timestamp":1676567980444,"id":"ct78g238jlhk3tz","previousEventId":"li8x4pydyqtn6u5","previousOperationId":"gs3yb4lxhvidf08"}
{"type":"log","timestamp":1676567980444,"level":"debug","message":"Skipping storing report.","meta":{"rootId":"dindb8hs76ustak","id":"8rgngu9aarvhfxx"},"id":"cjasmms0x0si06g","previousOperationId":"gs3yb4lxhvidf08"}
{"type":"log","timestamp":1676567980445,"level":"info","message":"Rendering (child) request finished in 2829 ms","meta":{"rootId":"dindb8hs76ustak","id":"8rgngu9aarvhfxx"},"id":"a5jkrercheei4et","previousOperationId":"gs3yb4lxhvidf08"}
{"type":"operationEnd","subtype":"render","operationId":"t44h1avddj6ppo5","timestamp":1676567980445,"id":"rajsdjrc0p7kekk","previousEventId":"ct78g238jlhk3tz","previousOperationId":"gs3yb4lxhvidf08"}
{"type":"operationEnd","operationId":"yd2vtgu6hohb9rg","timestamp":1676567980477,"id":"j9t0wcaskwzqiro","previousEventId":"qhpf0bpi0drfmy2","previousOperationId":"yd2vtgu6hohb9rg"}
{"type":"log","timestamp":1676567980477,"level":"debug","message":"pdf-utils postproces start","meta":{"rootId":"dindb8hs76ustak","id":"dindb8hs76ustak"},"id":"1mb6ai3pe76oaau","previousOperationId":"yd2vtgu6hohb9rg"}
{"type":"log","timestamp":1676567980504,"level":"debug","message":"pdf-utils postproces end","meta":{"rootId":"dindb8hs76ustak","id":"dindb8hs76ustak"},"id":"zqu3xtjsllhbq58","previousOperationId":"yd2vtgu6hohb9rg"}
{"type":"operationEnd","operationId":"0sn7nivjnd1ue78","timestamp":1676567980505,"id":"ixf7cm3rqxjnagw","previousEventId":"j9t0wcaskwzqiro","previousOperationId":"yd2vtgu6hohb9rg"}
{"type":"log","timestamp":1676567980505,"level":"info","message":"pdf-utils pdf processing was finished","meta":{"rootId":"dindb8hs76ustak","id":"dindb8hs76ustak"},"id":"otndt8z570liebb","previousOperationId":"0sn7nivjnd1ue78"}
{"type":"log","timestamp":1676567980505,"level":"debug","message":"Skipping storing report.","meta":{"rootId":"dindb8hs76ustak","id":"dindb8hs76ustak"},"id":"pcnbf65nur7qr07","previousOperationId":"0sn7nivjnd1ue78"}
{"type":"log","timestamp":1676567980505,"level":"info","message":"Rendering request 3 finished in 2889 ms","meta":{"rootId":"dindb8hs76ustak","id":"dindb8hs76ustak"},"id":"ktlatp8d1pazfli","previousOperationId":"0sn7nivjnd1ue78"}
{"type":"operationEnd","subtype":"render","operationId":"zd94e6jmwierpai","timestamp":1676567980505,"id":"g9hiny8hz66elfc","previousEventId":"ixf7cm3rqxjnagw","previousOperationId":"0sn7nivjnd1ue78"}
{"type":"operationEnd","doDiffs":false,"previousEventId":"qmwfa5pdmbsjc4f","previousOperationId":"hdagy76ptqxgiwx","operationId":"hdagy76ptqxgiwx","timestamp":1676567980517,"id":"03c7cjso8ntb70s"}
