{"type":"operationStart","subtype":"profile","data":{"_id":"RWjEYRsWPy32ucTZ","timestamp":"2023-02-22T17:44:38.587Z","state":"queued","mode":"standard","creationDate":"2023-02-22T17:44:38.589Z","modificationDate":"2023-02-22T17:44:38.589Z","shortid":"D5RCyad","$entitySet":"profiles"},"doDiffs":false,"timestamp":1677087878588,"id":"qijgh4n7x0j8u45","previousOperationId":null,"operationId":"zxwbqb5w2eh3svz"}
{"type":"log","level":"info","message":"Render request 12 queued for execution and waiting for available worker","previousOperationId":"zxwbqb5w2eh3svz","timestamp":1677087878588,"id":"k9u0czzd9jq2tzz"}
{"type":"operationStart","subtype":"render","name":"orders-main","previousOperationId":"zxwbqb5w2eh3svz","timestamp":1677087878598,"id":"am0gxwr2jbqldsz","previousEventId":"qijgh4n7x0j8u45","operationId":"ffe3kol3p3yao0t"}
{"type":"log","timestamp":1677087878598,"level":"info","message":"Starting rendering request 12","meta":{"rootId":"fdtwa6so4dg2ful","id":"fdtwa6so4dg2ful"},"id":"qhpfyoi4sif5zpz","previousOperationId":"ffe3kol3p3yao0t"}
{"type":"log","timestamp":1677087878598,"level":"info","message":"Rendering template { name: orders-main, recipe: chrome-pdf, engine: handlebars, preview: true }","meta":{"rootId":"fdtwa6so4dg2ful","id":"fdtwa6so4dg2ful"},"id":"16xyv2dtkcf3aui","previousOperationId":"ffe3kol3p3yao0t"}
{"type":"log","timestamp":1677087878600,"level":"debug","message":"Data item not defined for this template.","meta":{"rootId":"fdtwa6so4dg2ful","id":"fdtwa6so4dg2ful"},"id":"0wqdd7cbtpmfqb3","previousOperationId":"ffe3kol3p3yao0t"}
{"type":"log","timestamp":1677087878606,"level":"debug","message":"Executing script orders-script (beforeRender)","meta":{"rootId":"fdtwa6so4dg2ful","id":"fdtwa6so4dg2ful"},"id":"85yhgunkr1puwdt","previousOperationId":"ffe3kol3p3yao0t"}
{"type":"operationStart","subtype":"scriptsBeforeRender","name":"scripts beforeRender","timestamp":1677087878613,"id":"pp2yeah9b9zpeer","previousEventId":"am0gxwr2jbqldsz","operationId":"w6j9uym85009km0","previousOperationId":"ffe3kol3p3yao0t"}
{"type":"operationStart","subtype":"script","name":"scripts orders-script","previousOperationId":"w6j9uym85009km0","timestamp":1677087878613,"id":"igpu3zldvxznch9","previousEventId":"pp2yeah9b9zpeer","operationId":"16devbdr6hwvgxc"}
{"type":"operationEnd","operationId":"16devbdr6hwvgxc","timestamp":1677087880167,"id":"ywr0zkiz3vw9wku","previousEventId":"am0gxwr2jbqldsz","previousOperationId":"ffe3kol3p3yao0t"}
{"type":"operationEnd","operationId":"w6j9uym85009km0","timestamp":1677087880167,"id":"45p4phvoskzh1ng","previousEventId":"ywr0zkiz3vw9wku","previousOperationId":"ffe3kol3p3yao0t"}
{"type":"log","timestamp":1677087880167,"level":"debug","message":"Base url not specified, skipping its injection.","meta":{"rootId":"fdtwa6so4dg2ful","id":"fdtwa6so4dg2ful"},"id":"wy7zhc6hkr161zl","previousOperationId":"w6j9uym85009km0"}
{"type":"operationStart","subtype":"engine","name":"handlebars","timestamp":1677087880168,"id":"5xg9rfuwqgv6ivp","previousEventId":"45p4phvoskzh1ng","operationId":"3hfu3sa1dov7uvo","previousOperationId":"w6j9uym85009km0"}
{"type":"log","timestamp":1677087880168,"level":"debug","message":"Rendering engine handlebars","meta":{"rootId":"fdtwa6so4dg2ful","id":"fdtwa6so4dg2ful"},"id":"bfax3j4rgbcv66u","previousOperationId":"3hfu3sa1dov7uvo"}
{"type":"operationEnd","operationId":"3hfu3sa1dov7uvo","timestamp":1677087880182,"id":"ogpljuxc02kuhbf","previousEventId":"5xg9rfuwqgv6ivp","previousOperationId":"3hfu3sa1dov7uvo"}
{"type":"operationStart","subtype":"recipe","name":"chrome-pdf","timestamp":1677087880183,"id":"vyudsros1lry8e9","previousEventId":"ogpljuxc02kuhbf","operationId":"fnyga76i2x49utc","previousOperationId":"3hfu3sa1dov7uvo"}
{"type":"log","timestamp":1677087880183,"level":"debug","message":"Executing recipe chrome-pdf","meta":{"rootId":"fdtwa6so4dg2ful","id":"fdtwa6so4dg2ful"},"id":"8mtokfkv219dyf7","previousOperationId":"fnyga76i2x49utc"}
{"type":"log","timestamp":1677087880186,"level":"debug","message":"Converting with chrome HeadlessChrome/105.0.5173.0 using chrome-pool strategy","meta":{"rootId":"fdtwa6so4dg2ful","id":"fdtwa6so4dg2ful"},"id":"xyimj13psknsda0","previousOperationId":"fnyga76i2x49utc"}
{"type":"log","timestamp":1677087880269,"level":"debug","message":"Page request: GET (document) file:///C:/Users/Kris/AppData/Local/Temp/jsreport/autocleanup/6e9de531-f6b6-467a-abce-42c4fb93c7ab-chrome-pdf.html","meta":{"rootId":"fdtwa6so4dg2ful","id":"fdtwa6so4dg2ful"},"id":"jf0le8dg31j7vma","previousOperationId":"fnyga76i2x49utc"}
{"type":"log","timestamp":1677087880281,"level":"debug","message":"Page request finished: GET (document) 200 file:///C:/Users/Kris/AppData/Local/Temp/jsreport/autocleanup/6e9de531-f6b6-467a-abce-42c4fb93c7ab-chrome-pdf.html","meta":{"rootId":"fdtwa6so4dg2ful","id":"fdtwa6so4dg2ful"},"id":"82ty6lxg79ors88","previousOperationId":"fnyga76i2x49utc"}
{"type":"log","timestamp":1677087880281,"level":"debug","message":"Page request: GET (stylesheet) https://cdnjs.cloudflare.com/ajax/libs/metro/4.1.5/css/metro.min.css","meta":{"rootId":"fdtwa6so4dg2ful","id":"fdtwa6so4dg2ful"},"id":"ako6zbcez2spl40","previousOperationId":"fnyga76i2x49utc"}
{"type":"log","timestamp":1677087880281,"level":"debug","message":"Page request: GET (script) https://cdnjs.cloudflare.com/ajax/libs/Chart.js/2.7.2/Chart.min.js","meta":{"rootId":"fdtwa6so4dg2ful","id":"fdtwa6so4dg2ful"},"id":"vb5o1umuvladzbw","previousOperationId":"fnyga76i2x49utc"}
{"type":"log","timestamp":1677087880287,"level":"debug","message":"Page request finished: GET (script) 200 https://cdnjs.cloudflare.com/ajax/libs/Chart.js/2.7.2/Chart.min.js","meta":{"rootId":"fdtwa6so4dg2ful","id":"fdtwa6so4dg2ful"},"id":"wqysgav2yieqcjh","previousOperationId":"fnyga76i2x49utc"}
{"type":"log","timestamp":1677087880308,"level":"debug","message":"Page request finished: GET (stylesheet) 200 https://cdnjs.cloudflare.com/ajax/libs/metro/4.1.5/css/metro.min.css","meta":{"rootId":"fdtwa6so4dg2ful","id":"fdtwa6so4dg2ful"},"id":"873zuphpehvwp13","previousOperationId":"fnyga76i2x49utc"}
{"type":"log","timestamp":1677087880352,"level":"debug","message":"Running chrome with params {\"printBackground\":true,\"marginTop\":\"4cm\",\"marginRight\":\"1.5cm\",\"marginBottom\":\"1.5cm\",\"marginLeft\":\"1.5cm\",\"waitForJS\":false,\"timeout\":58403,\"margin\":{\"top\":\"4cm\",\"right\":\"1.5cm\",\"bottom\":\"1.5cm\",\"left\":\"1.5cm\"}}","meta":{"rootId":"fdtwa6so4dg2ful","id":"fdtwa6so4dg2ful"},"id":"p3dwhjq6q9opi5g","previousOperationId":"fnyga76i2x49utc"}
{"type":"operationEnd","operationId":"fnyga76i2x49utc","timestamp":1677087880496,"id":"1s5trxsr5aa8hlf","previousEventId":"vyudsros1lry8e9","previousOperationId":"fnyga76i2x49utc"}
{"type":"log","timestamp":1677087880496,"level":"info","message":"pdf-utils is starting pdf processing","meta":{"rootId":"fdtwa6so4dg2ful","id":"fdtwa6so4dg2ful"},"id":"rtoa5hcgu91r5te","previousOperationId":"fnyga76i2x49utc"}
{"type":"operationStart","subtype":"pdfUtils","name":"pdf utils","timestamp":1677087880496,"id":"qcetlo1e0s3fwwu","previousEventId":"1s5trxsr5aa8hlf","operationId":"twm1ppmljoixyko","previousOperationId":"fnyga76i2x49utc"}
{"type":"log","timestamp":1677087880496,"level":"debug","message":"pdf-utils detected 1 pdf operation(s) to process","meta":{"rootId":"fdtwa6so4dg2ful","id":"fdtwa6so4dg2ful"},"id":"aw4il2o4qtk2eac","previousOperationId":"twm1ppmljoixyko"}
{"type":"log","timestamp":1677087880534,"level":"debug","message":"pdf-utils running pdf operation merge","meta":{"rootId":"fdtwa6so4dg2ful","id":"fdtwa6so4dg2ful"},"id":"4melwi98brwcnb5","previousOperationId":"twm1ppmljoixyko"}
{"type":"operationStart","subtype":"pdfUtilsMerge","name":"pdf utils merge","previousOperationId":"twm1ppmljoixyko","timestamp":1677087880534,"id":"eucxto9ly9k6hy6","previousEventId":"qcetlo1e0s3fwwu","operationId":"mc4fab5foykb8l3"}
{"type":"operationStart","subtype":"render","name":"orders-header","previousOperationId":"mc4fab5foykb8l3","timestamp":1677087880535,"id":"n23vol5wqz0p0i9","previousEventId":"eucxto9ly9k6hy6","operationId":"s2h9av9xpovn4vk"}
{"type":"log","timestamp":1677087880535,"level":"info","message":"Starting rendering (child) request","meta":{"rootId":"fdtwa6so4dg2ful","id":"4we3bppl0il0m1h"},"id":"rpvx8vho8n3efsl","previousOperationId":"s2h9av9xpovn4vk"}
{"type":"log","timestamp":1677087880535,"level":"info","message":"Rendering template { name: orders-header, recipe: chrome-pdf, engine: handlebars, preview: true }","meta":{"rootId":"fdtwa6so4dg2ful","id":"4we3bppl0il0m1h"},"id":"6o8dji6zyst6g5y","previousOperationId":"s2h9av9xpovn4vk"}
{"type":"log","timestamp":1677087880542,"level":"debug","message":"Inline data specified.","meta":{"rootId":"fdtwa6so4dg2ful","id":"4we3bppl0il0m1h"},"id":"qhwch2c5sk4cdvf","previousOperationId":"s2h9av9xpovn4vk"}
{"type":"log","timestamp":1677087880545,"level":"debug","message":"Base url not specified, skipping its injection.","meta":{"rootId":"fdtwa6so4dg2ful","id":"4we3bppl0il0m1h"},"id":"l3e9d39y3luo5lh","previousOperationId":"s2h9av9xpovn4vk"}
{"type":"operationStart","subtype":"engine","name":"handlebars","timestamp":1677087880546,"id":"gq9a2fi2sl6ccuy","previousEventId":"n23vol5wqz0p0i9","operationId":"qdgkaf98urh9d5i","previousOperationId":"s2h9av9xpovn4vk"}
{"type":"log","timestamp":1677087880546,"level":"debug","message":"Rendering engine handlebars","meta":{"rootId":"fdtwa6so4dg2ful","id":"4we3bppl0il0m1h"},"id":"2emr49lpygb5pkt","previousOperationId":"qdgkaf98urh9d5i"}
{"type":"operationEnd","operationId":"qdgkaf98urh9d5i","timestamp":1677087880562,"id":"y7l36n9vulz9ak4","previousEventId":"gq9a2fi2sl6ccuy","previousOperationId":"qdgkaf98urh9d5i"}
{"type":"operationStart","subtype":"recipe","name":"chrome-pdf","timestamp":1677087880562,"id":"0eh87952wybxmva","previousEventId":"y7l36n9vulz9ak4","operationId":"emuhu6jg9pdb967","previousOperationId":"qdgkaf98urh9d5i"}
{"type":"log","timestamp":1677087880562,"level":"debug","message":"Executing recipe chrome-pdf","meta":{"rootId":"fdtwa6so4dg2ful","id":"4we3bppl0il0m1h"},"id":"4u58kkow0e0080j","previousOperationId":"emuhu6jg9pdb967"}
{"type":"log","timestamp":1677087880564,"level":"debug","message":"Converting with chrome HeadlessChrome/105.0.5173.0 using chrome-pool strategy","meta":{"rootId":"fdtwa6so4dg2ful","id":"4we3bppl0il0m1h"},"id":"b5xdua5b2nbfpu6","previousOperationId":"emuhu6jg9pdb967"}
{"type":"log","timestamp":1677087880646,"level":"debug","message":"Page request: GET (document) file:///C:/Users/Kris/AppData/Local/Temp/jsreport/autocleanup/113893f5-8daa-4b8d-80e1-99331aa74719-chrome-pdf.html","meta":{"rootId":"fdtwa6so4dg2ful","id":"4we3bppl0il0m1h"},"id":"unmhljw84t01tae","previousOperationId":"emuhu6jg9pdb967"}
{"type":"log","timestamp":1677087880661,"level":"debug","message":"Page request finished: GET (document) 200 file:///C:/Users/Kris/AppData/Local/Temp/jsreport/autocleanup/113893f5-8daa-4b8d-80e1-99331aa74719-chrome-pdf.html","meta":{"rootId":"fdtwa6so4dg2ful","id":"4we3bppl0il0m1h"},"id":"poywep1ylqt06nb","previousOperationId":"emuhu6jg9pdb967"}
{"type":"log","timestamp":1677087880661,"level":"debug","message":"Page request: GET (stylesheet) https://cdnjs.cloudflare.com/ajax/libs/metro/4.1.5/css/metro.min.css","meta":{"rootId":"fdtwa6so4dg2ful","id":"4we3bppl0il0m1h"},"id":"42r5y8j5pa083vp","previousOperationId":"emuhu6jg9pdb967"}
{"type":"log","timestamp":1677087880684,"level":"debug","message":"Page request finished: GET (stylesheet) 200 https://cdnjs.cloudflare.com/ajax/libs/metro/4.1.5/css/metro.min.css","meta":{"rootId":"fdtwa6so4dg2ful","id":"4we3bppl0il0m1h"},"id":"wc6xrl3lywxcvpq","previousOperationId":"emuhu6jg9pdb967"}
{"type":"log","timestamp":1677087880723,"level":"debug","message":"Running chrome with params {\"printBackground\":true,\"marginTop\":\"1.5cm\",\"marginRight\":\"1.5cm\",\"marginLeft\":\"1.cm\",\"timeout\":58024,\"margin\":{\"top\":\"1.5cm\",\"right\":\"1.5cm\",\"left\":\"1.cm\"}}","meta":{"rootId":"fdtwa6so4dg2ful","id":"4we3bppl0il0m1h"},"id":"ukq7h0d28rc7ov8","previousOperationId":"emuhu6jg9pdb967"}
{"type":"operationEnd","operationId":"emuhu6jg9pdb967","timestamp":1677087880801,"id":"a8o0yd1fjsv4dhz","previousEventId":"0eh87952wybxmva","previousOperationId":"emuhu6jg9pdb967"}
{"type":"log","timestamp":1677087880801,"level":"debug","message":"Skipping storing report.","meta":{"rootId":"fdtwa6so4dg2ful","id":"4we3bppl0il0m1h"},"id":"zaiv7uc09san417","previousOperationId":"emuhu6jg9pdb967"}
{"type":"log","timestamp":1677087880801,"level":"info","message":"Rendering (child) request finished in 2214 ms","meta":{"rootId":"fdtwa6so4dg2ful","id":"4we3bppl0il0m1h"},"id":"pcb2eg12icnm3ay","previousOperationId":"emuhu6jg9pdb967"}
{"type":"operationEnd","subtype":"render","operationId":"s2h9av9xpovn4vk","timestamp":1677087880801,"id":"bkbnbsmexxugopv","previousEventId":"a8o0yd1fjsv4dhz","previousOperationId":"emuhu6jg9pdb967"}
{"type":"operationEnd","operationId":"mc4fab5foykb8l3","timestamp":1677087880812,"id":"v3q126k3uuy42hl","previousEventId":"eucxto9ly9k6hy6","previousOperationId":"mc4fab5foykb8l3"}
{"type":"log","timestamp":1677087880812,"level":"debug","message":"pdf-utils postproces start","meta":{"rootId":"fdtwa6so4dg2ful","id":"fdtwa6so4dg2ful"},"id":"p4ny3wqhcho22j1","previousOperationId":"mc4fab5foykb8l3"}
{"type":"log","timestamp":1677087880824,"level":"debug","message":"pdf-utils postproces end","meta":{"rootId":"fdtwa6so4dg2ful","id":"fdtwa6so4dg2ful"},"id":"y2kxmv556w7rd54","previousOperationId":"mc4fab5foykb8l3"}
{"type":"operationEnd","operationId":"twm1ppmljoixyko","timestamp":1677087880824,"id":"n68jychqs2pd9vj","previousEventId":"v3q126k3uuy42hl","previousOperationId":"mc4fab5foykb8l3"}
{"type":"log","timestamp":1677087880824,"level":"info","message":"pdf-utils pdf processing was finished","meta":{"rootId":"fdtwa6so4dg2ful","id":"fdtwa6so4dg2ful"},"id":"1157uvph7c9nzpj","previousOperationId":"twm1ppmljoixyko"}
{"type":"log","timestamp":1677087880825,"level":"debug","message":"Skipping storing report.","meta":{"rootId":"fdtwa6so4dg2ful","id":"fdtwa6so4dg2ful"},"id":"el01mwg2i8h564y","previousOperationId":"twm1ppmljoixyko"}
{"type":"log","timestamp":1677087880825,"level":"info","message":"Rendering request 12 finished in 2238 ms","meta":{"rootId":"fdtwa6so4dg2ful","id":"fdtwa6so4dg2ful"},"id":"ia9jips4uz65lba","previousOperationId":"twm1ppmljoixyko"}
{"type":"operationEnd","subtype":"render","operationId":"ffe3kol3p3yao0t","timestamp":1677087880825,"id":"5mka5vpr0rs91mn","previousEventId":"n68jychqs2pd9vj","previousOperationId":"twm1ppmljoixyko"}
{"type":"operationEnd","doDiffs":false,"previousEventId":"qijgh4n7x0j8u45","previousOperationId":"zxwbqb5w2eh3svz","operationId":"zxwbqb5w2eh3svz","timestamp":1677087880831,"id":"l0ghdeza9gksjff"}
