{"type":"operationStart","subtype":"profile","data":{"_id":"FiquT3RC5bqy6iS2","timestamp":"2023-02-22T18:26:47.068Z","state":"queued","mode":"standard","creationDate":"2023-02-22T18:26:47.070Z","modificationDate":"2023-02-22T18:26:47.070Z","shortid":"2RxADJH","$entitySet":"profiles"},"doDiffs":false,"timestamp":1677090407069,"id":"mwj0eb8wkfug5ik","previousOperationId":null,"operationId":"ajfcgf5k29d4nzs"}
{"type":"log","level":"info","message":"Render request 99 queued for execution and waiting for available worker","previousOperationId":"ajfcgf5k29d4nzs","timestamp":1677090407069,"id":"dd838kntcsa5f9a"}
{"type":"operationStart","subtype":"render","name":"orders-main","previousOperationId":"ajfcgf5k29d4nzs","timestamp":1677090407079,"id":"v5psxylf7rpbw24","previousEventId":"mwj0eb8wkfug5ik","operationId":"ipzasosq45p6e0f"}
{"type":"log","timestamp":1677090407079,"level":"info","message":"Starting rendering request 99","meta":{"rootId":"gnfc2qq4z0g0s43","id":"gnfc2qq4z0g0s43"},"id":"r1crtfpk0xlcj5m","previousOperationId":"ipzasosq45p6e0f"}
{"type":"log","timestamp":1677090407079,"level":"info","message":"Rendering template { name: orders-main, recipe: chrome-pdf, engine: handlebars, preview: true }","meta":{"rootId":"gnfc2qq4z0g0s43","id":"gnfc2qq4z0g0s43"},"id":"un568kq9g8s0nes","previousOperationId":"ipzasosq45p6e0f"}
{"type":"log","timestamp":1677090407080,"level":"debug","message":"Data item not defined for this template.","meta":{"rootId":"gnfc2qq4z0g0s43","id":"gnfc2qq4z0g0s43"},"id":"dopzncr752za26o","previousOperationId":"ipzasosq45p6e0f"}
{"type":"log","timestamp":1677090407083,"level":"debug","message":"Executing script orders-script (beforeRender)","meta":{"rootId":"gnfc2qq4z0g0s43","id":"gnfc2qq4z0g0s43"},"id":"jdgsax10zf09rta","previousOperationId":"ipzasosq45p6e0f"}
{"type":"operationStart","subtype":"scriptsBeforeRender","name":"scripts beforeRender","timestamp":1677090407092,"id":"0b5a30eirjz6f7f","previousEventId":"v5psxylf7rpbw24","operationId":"pyxspea47aw5nq2","previousOperationId":"ipzasosq45p6e0f"}
{"type":"operationStart","subtype":"script","name":"scripts orders-script","previousOperationId":"pyxspea47aw5nq2","timestamp":1677090407092,"id":"99x08dal0edfd42","previousEventId":"0b5a30eirjz6f7f","operationId":"sb1psftejohepyu"}
{"type":"operationEnd","operationId":"sb1psftejohepyu","timestamp":1677090408430,"id":"nkevbjoarjvlt96","previousEventId":"v5psxylf7rpbw24","previousOperationId":"ipzasosq45p6e0f"}
{"type":"operationEnd","operationId":"pyxspea47aw5nq2","timestamp":1677090408430,"id":"la0uuvxqi9fvnol","previousEventId":"nkevbjoarjvlt96","previousOperationId":"ipzasosq45p6e0f"}
{"type":"log","timestamp":1677090408430,"level":"debug","message":"Base url not specified, skipping its injection.","meta":{"rootId":"gnfc2qq4z0g0s43","id":"gnfc2qq4z0g0s43"},"id":"1rvtgxftjlek8x4","previousOperationId":"pyxspea47aw5nq2"}
{"type":"operationStart","subtype":"engine","name":"handlebars","timestamp":1677090408430,"id":"07v883qa5z0d0r4","previousEventId":"la0uuvxqi9fvnol","operationId":"kmgkaxtye0ger3i","previousOperationId":"pyxspea47aw5nq2"}
{"type":"log","timestamp":1677090408430,"level":"debug","message":"Rendering engine handlebars","meta":{"rootId":"gnfc2qq4z0g0s43","id":"gnfc2qq4z0g0s43"},"id":"zhla4v5wgloyqg1","previousOperationId":"kmgkaxtye0ger3i"}
{"type":"operationEnd","operationId":"kmgkaxtye0ger3i","timestamp":1677090408440,"id":"kei7v0geskvtnhb","previousEventId":"07v883qa5z0d0r4","previousOperationId":"kmgkaxtye0ger3i"}
{"type":"operationStart","subtype":"recipe","name":"chrome-pdf","timestamp":1677090408440,"id":"77dwbd5x2j8a4u7","previousEventId":"kei7v0geskvtnhb","operationId":"jsinbfvy7yhho3f","previousOperationId":"kmgkaxtye0ger3i"}
{"type":"log","timestamp":1677090408440,"level":"debug","message":"Executing recipe chrome-pdf","meta":{"rootId":"gnfc2qq4z0g0s43","id":"gnfc2qq4z0g0s43"},"id":"4ile2y3fm61cehh","previousOperationId":"jsinbfvy7yhho3f"}
{"type":"log","timestamp":1677090408442,"level":"debug","message":"Converting with chrome HeadlessChrome/105.0.5173.0 using chrome-pool strategy","meta":{"rootId":"gnfc2qq4z0g0s43","id":"gnfc2qq4z0g0s43"},"id":"c4a58xc3taemx4t","previousOperationId":"jsinbfvy7yhho3f"}
{"type":"log","timestamp":1677090408523,"level":"debug","message":"Page request: GET (document) file:///C:/Users/Kris/AppData/Local/Temp/jsreport/autocleanup/b08e480f-6dfa-44cf-8b36-2f1c9b0b3389-chrome-pdf.html","meta":{"rootId":"gnfc2qq4z0g0s43","id":"gnfc2qq4z0g0s43"},"id":"ea8bna2hwrpzihb","previousOperationId":"jsinbfvy7yhho3f"}
{"type":"log","timestamp":1677090408537,"level":"debug","message":"Page request finished: GET (document) 200 file:///C:/Users/Kris/AppData/Local/Temp/jsreport/autocleanup/b08e480f-6dfa-44cf-8b36-2f1c9b0b3389-chrome-pdf.html","meta":{"rootId":"gnfc2qq4z0g0s43","id":"gnfc2qq4z0g0s43"},"id":"4mj7x1kyj8k62i7","previousOperationId":"jsinbfvy7yhho3f"}
{"type":"log","timestamp":1677090408537,"level":"debug","message":"Page request: GET (stylesheet) https://cdnjs.cloudflare.com/ajax/libs/metro/4.1.5/css/metro.min.css","meta":{"rootId":"gnfc2qq4z0g0s43","id":"gnfc2qq4z0g0s43"},"id":"gdie8c8cjc11p74","previousOperationId":"jsinbfvy7yhho3f"}
{"type":"log","timestamp":1677090408538,"level":"debug","message":"Page request: GET (script) https://cdnjs.cloudflare.com/ajax/libs/Chart.js/2.7.2/Chart.min.js","meta":{"rootId":"gnfc2qq4z0g0s43","id":"gnfc2qq4z0g0s43"},"id":"a630u7p15x0dz9c","previousOperationId":"jsinbfvy7yhho3f"}
{"type":"log","timestamp":1677090408544,"level":"debug","message":"Page request finished: GET (script) 200 https://cdnjs.cloudflare.com/ajax/libs/Chart.js/2.7.2/Chart.min.js","meta":{"rootId":"gnfc2qq4z0g0s43","id":"gnfc2qq4z0g0s43"},"id":"l8h66ss4too0rok","previousOperationId":"jsinbfvy7yhho3f"}
{"type":"log","timestamp":1677090408562,"level":"debug","message":"Page request finished: GET (stylesheet) 200 https://cdnjs.cloudflare.com/ajax/libs/metro/4.1.5/css/metro.min.css","meta":{"rootId":"gnfc2qq4z0g0s43","id":"gnfc2qq4z0g0s43"},"id":"58r8stpwnca7n89","previousOperationId":"jsinbfvy7yhho3f"}
{"type":"log","timestamp":1677090408607,"level":"debug","message":"Running chrome with params {\"printBackground\":true,\"marginTop\":\"4cm\",\"marginRight\":\"1.5cm\",\"marginBottom\":\"1.5cm\",\"marginLeft\":\"1.5cm\",\"waitForJS\":false,\"timeout\":58626,\"margin\":{\"top\":\"4cm\",\"right\":\"1.5cm\",\"bottom\":\"1.5cm\",\"left\":\"1.5cm\"}}","meta":{"rootId":"gnfc2qq4z0g0s43","id":"gnfc2qq4z0g0s43"},"id":"m1yz4ypw076ne2a","previousOperationId":"jsinbfvy7yhho3f"}
{"type":"operationEnd","operationId":"jsinbfvy7yhho3f","timestamp":1677090408733,"id":"lhl4ivkpphwwpr3","previousEventId":"77dwbd5x2j8a4u7","previousOperationId":"jsinbfvy7yhho3f"}
{"type":"log","timestamp":1677090408733,"level":"info","message":"pdf-utils is starting pdf processing","meta":{"rootId":"gnfc2qq4z0g0s43","id":"gnfc2qq4z0g0s43"},"id":"o17qna44izhysqn","previousOperationId":"jsinbfvy7yhho3f"}
{"type":"operationStart","subtype":"pdfUtils","name":"pdf utils","timestamp":1677090408733,"id":"9jlt8kx4y18iu06","previousEventId":"lhl4ivkpphwwpr3","operationId":"6d9asj26nt5phvb","previousOperationId":"jsinbfvy7yhho3f"}
{"type":"log","timestamp":1677090408733,"level":"debug","message":"pdf-utils detected 1 pdf operation(s) to process","meta":{"rootId":"gnfc2qq4z0g0s43","id":"gnfc2qq4z0g0s43"},"id":"ivrnl6wrnd94tfw","previousOperationId":"6d9asj26nt5phvb"}
{"type":"log","timestamp":1677090408757,"level":"debug","message":"pdf-utils running pdf operation merge","meta":{"rootId":"gnfc2qq4z0g0s43","id":"gnfc2qq4z0g0s43"},"id":"x2thcgazwmspw72","previousOperationId":"6d9asj26nt5phvb"}
{"type":"operationStart","subtype":"pdfUtilsMerge","name":"pdf utils merge","previousOperationId":"6d9asj26nt5phvb","timestamp":1677090408757,"id":"mo7fbdaxrjnr1dz","previousEventId":"9jlt8kx4y18iu06","operationId":"egdfrpmwci0f1yy"}
{"type":"operationStart","subtype":"render","name":"orders-header","previousOperationId":"egdfrpmwci0f1yy","timestamp":1677090408758,"id":"bzfgpdo3afbew8q","previousEventId":"mo7fbdaxrjnr1dz","operationId":"zsy480burkm21rk"}
{"type":"log","timestamp":1677090408758,"level":"info","message":"Starting rendering (child) request","meta":{"rootId":"gnfc2qq4z0g0s43","id":"kadgnvwh0leybsw"},"id":"z6oshy9u93t3h48","previousOperationId":"zsy480burkm21rk"}
{"type":"log","timestamp":1677090408758,"level":"info","message":"Rendering template { name: orders-header, recipe: chrome-pdf, engine: handlebars, preview: true }","meta":{"rootId":"gnfc2qq4z0g0s43","id":"kadgnvwh0leybsw"},"id":"fguga3mojjyygvu","previousOperationId":"zsy480burkm21rk"}
{"type":"log","timestamp":1677090408763,"level":"debug","message":"Inline data specified.","meta":{"rootId":"gnfc2qq4z0g0s43","id":"kadgnvwh0leybsw"},"id":"cw3xzcpvbqv6pu1","previousOperationId":"zsy480burkm21rk"}
{"type":"log","timestamp":1677090408765,"level":"debug","message":"Base url not specified, skipping its injection.","meta":{"rootId":"gnfc2qq4z0g0s43","id":"kadgnvwh0leybsw"},"id":"69byhaaipuxwzkg","previousOperationId":"zsy480burkm21rk"}
{"type":"operationStart","subtype":"engine","name":"handlebars","timestamp":1677090408765,"id":"jdqa33ojsf3qb6f","previousEventId":"bzfgpdo3afbew8q","operationId":"qc6uesbw76pyxvi","previousOperationId":"zsy480burkm21rk"}
{"type":"log","timestamp":1677090408765,"level":"debug","message":"Rendering engine handlebars","meta":{"rootId":"gnfc2qq4z0g0s43","id":"kadgnvwh0leybsw"},"id":"c3nb45v31vybzn1","previousOperationId":"qc6uesbw76pyxvi"}
{"type":"operationEnd","operationId":"qc6uesbw76pyxvi","timestamp":1677090408777,"id":"ppixewlzhrz3htm","previousEventId":"jdqa33ojsf3qb6f","previousOperationId":"qc6uesbw76pyxvi"}
{"type":"operationStart","subtype":"recipe","name":"chrome-pdf","timestamp":1677090408777,"id":"3skjjdj0cxnrwjn","previousEventId":"ppixewlzhrz3htm","operationId":"6iekauauywtsrb7","previousOperationId":"qc6uesbw76pyxvi"}
{"type":"log","timestamp":1677090408777,"level":"debug","message":"Executing recipe chrome-pdf","meta":{"rootId":"gnfc2qq4z0g0s43","id":"kadgnvwh0leybsw"},"id":"xtjbxksm2069kz7","previousOperationId":"6iekauauywtsrb7"}
{"type":"log","timestamp":1677090408779,"level":"debug","message":"Converting with chrome HeadlessChrome/105.0.5173.0 using chrome-pool strategy","meta":{"rootId":"gnfc2qq4z0g0s43","id":"kadgnvwh0leybsw"},"id":"11exe68ik7t99kt","previousOperationId":"6iekauauywtsrb7"}
{"type":"log","timestamp":1677090408860,"level":"debug","message":"Page request: GET (document) file:///C:/Users/Kris/AppData/Local/Temp/jsreport/autocleanup/9451d0dc-dfa2-4f93-9d25-9f32c7a14ab7-chrome-pdf.html","meta":{"rootId":"gnfc2qq4z0g0s43","id":"kadgnvwh0leybsw"},"id":"fvd8oswovap5zu0","previousOperationId":"6iekauauywtsrb7"}
{"type":"log","timestamp":1677090408872,"level":"debug","message":"Page request finished: GET (document) 200 file:///C:/Users/Kris/AppData/Local/Temp/jsreport/autocleanup/9451d0dc-dfa2-4f93-9d25-9f32c7a14ab7-chrome-pdf.html","meta":{"rootId":"gnfc2qq4z0g0s43","id":"kadgnvwh0leybsw"},"id":"86g9hamf5v23uf2","previousOperationId":"6iekauauywtsrb7"}
{"type":"log","timestamp":1677090408872,"level":"debug","message":"Page request: GET (stylesheet) https://cdnjs.cloudflare.com/ajax/libs/metro/4.1.5/css/metro.min.css","meta":{"rootId":"gnfc2qq4z0g0s43","id":"kadgnvwh0leybsw"},"id":"2snb7v6n7gpp024","previousOperationId":"6iekauauywtsrb7"}
{"type":"log","timestamp":1677090408894,"level":"debug","message":"Page request finished: GET (stylesheet) 200 https://cdnjs.cloudflare.com/ajax/libs/metro/4.1.5/css/metro.min.css","meta":{"rootId":"gnfc2qq4z0g0s43","id":"kadgnvwh0leybsw"},"id":"gg80jkmv0fnv0em","previousOperationId":"6iekauauywtsrb7"}
{"type":"log","timestamp":1677090408916,"level":"debug","message":"Running chrome with params {\"printBackground\":true,\"marginTop\":\"1.5cm\",\"marginRight\":\"1.5cm\",\"marginLeft\":\"1.cm\",\"timeout\":58290,\"margin\":{\"top\":\"1.5cm\",\"right\":\"1.5cm\",\"left\":\"1.cm\"}}","meta":{"rootId":"gnfc2qq4z0g0s43","id":"kadgnvwh0leybsw"},"id":"lqvi2iql2s0g15g","previousOperationId":"6iekauauywtsrb7"}
{"type":"operationEnd","operationId":"6iekauauywtsrb7","timestamp":1677090408968,"id":"nh73s76fp9e4vt8","previousEventId":"3skjjdj0cxnrwjn","previousOperationId":"6iekauauywtsrb7"}
{"type":"log","timestamp":1677090408968,"level":"debug","message":"Skipping storing report.","meta":{"rootId":"gnfc2qq4z0g0s43","id":"kadgnvwh0leybsw"},"id":"qdhmh4c1t79s4ca","previousOperationId":"6iekauauywtsrb7"}
{"type":"log","timestamp":1677090408968,"level":"info","message":"Rendering (child) request finished in 1900 ms","meta":{"rootId":"gnfc2qq4z0g0s43","id":"kadgnvwh0leybsw"},"id":"qt9mbrhsx3ytk3h","previousOperationId":"6iekauauywtsrb7"}
{"type":"operationEnd","subtype":"render","operationId":"zsy480burkm21rk","timestamp":1677090408968,"id":"i17gn0jjq8iwon2","previousEventId":"nh73s76fp9e4vt8","previousOperationId":"6iekauauywtsrb7"}
{"type":"operationEnd","operationId":"egdfrpmwci0f1yy","timestamp":1677090408979,"id":"wktibjwzpx8cyj2","previousEventId":"mo7fbdaxrjnr1dz","previousOperationId":"egdfrpmwci0f1yy"}
{"type":"log","timestamp":1677090408979,"level":"debug","message":"pdf-utils postproces start","meta":{"rootId":"gnfc2qq4z0g0s43","id":"gnfc2qq4z0g0s43"},"id":"ao370jx9slyp353","previousOperationId":"egdfrpmwci0f1yy"}
{"type":"log","timestamp":1677090408995,"level":"debug","message":"pdf-utils postproces end","meta":{"rootId":"gnfc2qq4z0g0s43","id":"gnfc2qq4z0g0s43"},"id":"iumexze0qw838m9","previousOperationId":"egdfrpmwci0f1yy"}
{"type":"operationEnd","operationId":"6d9asj26nt5phvb","timestamp":1677090408995,"id":"qs7g7or9p4556ux","previousEventId":"wktibjwzpx8cyj2","previousOperationId":"egdfrpmwci0f1yy"}
{"type":"log","timestamp":1677090408995,"level":"info","message":"pdf-utils pdf processing was finished","meta":{"rootId":"gnfc2qq4z0g0s43","id":"gnfc2qq4z0g0s43"},"id":"21r7cokojmsyqum","previousOperationId":"6d9asj26nt5phvb"}
{"type":"log","timestamp":1677090408995,"level":"debug","message":"Skipping storing report.","meta":{"rootId":"gnfc2qq4z0g0s43","id":"gnfc2qq4z0g0s43"},"id":"g5k7vuuujepf7s0","previousOperationId":"6d9asj26nt5phvb"}
{"type":"log","timestamp":1677090408995,"level":"info","message":"Rendering request 99 finished in 1927 ms","meta":{"rootId":"gnfc2qq4z0g0s43","id":"gnfc2qq4z0g0s43"},"id":"3f7dyy4b5f3ocmm","previousOperationId":"6d9asj26nt5phvb"}
{"type":"operationEnd","subtype":"render","operationId":"ipzasosq45p6e0f","timestamp":1677090408995,"id":"472aaey03np2xax","previousEventId":"qs7g7or9p4556ux","previousOperationId":"6d9asj26nt5phvb"}
{"type":"operationEnd","doDiffs":false,"previousEventId":"mwj0eb8wkfug5ik","previousOperationId":"ajfcgf5k29d4nzs","operationId":"ajfcgf5k29d4nzs","timestamp":1677090409004,"id":"n81r2k58627oy0q"}
