{"type":"operationStart","subtype":"profile","data":{"_id":"mauLklwzNnYoznzl","timestamp":"2023-02-22T18:36:05.242Z","state":"queued","mode":"standard","creationDate":"2023-02-22T18:36:05.244Z","modificationDate":"2023-02-22T18:36:05.244Z","shortid":"CVmW6Qe","$entitySet":"profiles"},"doDiffs":false,"timestamp":1677090965243,"id":"m1c99zgee9iv7va","previousOperationId":null,"operationId":"gs02a7ev9uwh3s8"}
{"type":"log","level":"info","message":"Render request 112 queued for execution and waiting for available worker","previousOperationId":"gs02a7ev9uwh3s8","timestamp":1677090965243,"id":"s1fmnf5sujgx1kg"}
{"type":"operationStart","subtype":"render","name":"orders-main","previousOperationId":"gs02a7ev9uwh3s8","timestamp":1677090965253,"id":"25ax268p5vxiqsp","previousEventId":"m1c99zgee9iv7va","operationId":"msgu4uwo9whho3k"}
{"type":"log","timestamp":1677090965253,"level":"info","message":"Starting rendering request 112","meta":{"rootId":"h7tu476aysmbxyq","id":"h7tu476aysmbxyq"},"id":"12w2i36di79c3di","previousOperationId":"msgu4uwo9whho3k"}
{"type":"log","timestamp":1677090965253,"level":"info","message":"Rendering template { name: orders-main, recipe: chrome-pdf, engine: handlebars, preview: true }","meta":{"rootId":"h7tu476aysmbxyq","id":"h7tu476aysmbxyq"},"id":"dbidibpxc015zqq","previousOperationId":"msgu4uwo9whho3k"}
{"type":"log","timestamp":1677090965254,"level":"debug","message":"Data item not defined for this template.","meta":{"rootId":"h7tu476aysmbxyq","id":"h7tu476aysmbxyq"},"id":"n0btc4fvp8zkkal","previousOperationId":"msgu4uwo9whho3k"}
{"type":"log","timestamp":1677090965259,"level":"debug","message":"Executing script orders-script (beforeRender)","meta":{"rootId":"h7tu476aysmbxyq","id":"h7tu476aysmbxyq"},"id":"xwqiahnsl236p9y","previousOperationId":"msgu4uwo9whho3k"}
{"type":"operationStart","subtype":"scriptsBeforeRender","name":"scripts beforeRender","timestamp":1677090965270,"id":"p5uvx2t25bvfwyy","previousEventId":"25ax268p5vxiqsp","operationId":"advsd38ag8kl7wt","previousOperationId":"msgu4uwo9whho3k"}
{"type":"operationStart","subtype":"script","name":"scripts orders-script","previousOperationId":"advsd38ag8kl7wt","timestamp":1677090965270,"id":"m1c60tjkuk7wzbw","previousEventId":"p5uvx2t25bvfwyy","operationId":"62f4wk4m35p9h5w"}
{"type":"operationEnd","operationId":"62f4wk4m35p9h5w","timestamp":1677090966728,"id":"mgn2boborh1bljy","previousEventId":"25ax268p5vxiqsp","previousOperationId":"msgu4uwo9whho3k"}
{"type":"operationEnd","operationId":"advsd38ag8kl7wt","timestamp":1677090966728,"id":"lccaq7akrmk6n1n","previousEventId":"mgn2boborh1bljy","previousOperationId":"msgu4uwo9whho3k"}
{"type":"log","timestamp":1677090966728,"level":"debug","message":"Base url not specified, skipping its injection.","meta":{"rootId":"h7tu476aysmbxyq","id":"h7tu476aysmbxyq"},"id":"rldi3klseeb8p7s","previousOperationId":"advsd38ag8kl7wt"}
{"type":"operationStart","subtype":"engine","name":"handlebars","timestamp":1677090966728,"id":"gjy62yee62tbthj","previousEventId":"lccaq7akrmk6n1n","operationId":"9whzd3h2jxlj061","previousOperationId":"advsd38ag8kl7wt"}
{"type":"log","timestamp":1677090966728,"level":"debug","message":"Rendering engine handlebars","meta":{"rootId":"h7tu476aysmbxyq","id":"h7tu476aysmbxyq"},"id":"cnm6pskb4au65w2","previousOperationId":"9whzd3h2jxlj061"}
{"type":"operationEnd","operationId":"9whzd3h2jxlj061","timestamp":1677090966739,"id":"a7yimndh1u471ns","previousEventId":"gjy62yee62tbthj","previousOperationId":"9whzd3h2jxlj061"}
{"type":"operationStart","subtype":"recipe","name":"chrome-pdf","timestamp":1677090966740,"id":"g9zniztx2x3pvmm","previousEventId":"a7yimndh1u471ns","operationId":"ay2jfyb5ljxj5gt","previousOperationId":"9whzd3h2jxlj061"}
{"type":"log","timestamp":1677090966740,"level":"debug","message":"Executing recipe chrome-pdf","meta":{"rootId":"h7tu476aysmbxyq","id":"h7tu476aysmbxyq"},"id":"oucwy2mwhuwyll2","previousOperationId":"ay2jfyb5ljxj5gt"}
{"type":"log","timestamp":1677090966742,"level":"debug","message":"Converting with chrome HeadlessChrome/105.0.5173.0 using chrome-pool strategy","meta":{"rootId":"h7tu476aysmbxyq","id":"h7tu476aysmbxyq"},"id":"flg6b4gk5bs7kps","previousOperationId":"ay2jfyb5ljxj5gt"}
{"type":"log","timestamp":1677090966822,"level":"debug","message":"Page request: GET (document) file:///C:/Users/Kris/AppData/Local/Temp/jsreport/autocleanup/dd84cd5e-4322-482a-af24-6114e3417c4a-chrome-pdf.html","meta":{"rootId":"h7tu476aysmbxyq","id":"h7tu476aysmbxyq"},"id":"nxg2b3hu8h1g4bg","previousOperationId":"ay2jfyb5ljxj5gt"}
{"type":"log","timestamp":1677090966836,"level":"debug","message":"Page request finished: GET (document) 200 file:///C:/Users/Kris/AppData/Local/Temp/jsreport/autocleanup/dd84cd5e-4322-482a-af24-6114e3417c4a-chrome-pdf.html","meta":{"rootId":"h7tu476aysmbxyq","id":"h7tu476aysmbxyq"},"id":"xn8cr683tigxlwu","previousOperationId":"ay2jfyb5ljxj5gt"}
{"type":"log","timestamp":1677090966836,"level":"debug","message":"Page request: GET (stylesheet) https://cdnjs.cloudflare.com/ajax/libs/metro/4.1.5/css/metro.min.css","meta":{"rootId":"h7tu476aysmbxyq","id":"h7tu476aysmbxyq"},"id":"o4j9gnnltm0l7yd","previousOperationId":"ay2jfyb5ljxj5gt"}
{"type":"log","timestamp":1677090966836,"level":"debug","message":"Page request: GET (script) https://cdnjs.cloudflare.com/ajax/libs/Chart.js/2.7.2/Chart.min.js","meta":{"rootId":"h7tu476aysmbxyq","id":"h7tu476aysmbxyq"},"id":"f8z3e3f6o5knnd6","previousOperationId":"ay2jfyb5ljxj5gt"}
{"type":"log","timestamp":1677090966843,"level":"debug","message":"Page request finished: GET (script) 200 https://cdnjs.cloudflare.com/ajax/libs/Chart.js/2.7.2/Chart.min.js","meta":{"rootId":"h7tu476aysmbxyq","id":"h7tu476aysmbxyq"},"id":"zynbfs5gty4zor2","previousOperationId":"ay2jfyb5ljxj5gt"}
{"type":"log","timestamp":1677090966859,"level":"debug","message":"Page request finished: GET (stylesheet) 200 https://cdnjs.cloudflare.com/ajax/libs/metro/4.1.5/css/metro.min.css","meta":{"rootId":"h7tu476aysmbxyq","id":"h7tu476aysmbxyq"},"id":"t83z8fe8xcsq7qy","previousOperationId":"ay2jfyb5ljxj5gt"}
{"type":"log","timestamp":1677090966902,"level":"debug","message":"Running chrome with params {\"printBackground\":true,\"marginTop\":\"4cm\",\"marginRight\":\"1.5cm\",\"marginBottom\":\"1.5cm\",\"marginLeft\":\"1.5cm\",\"waitForJS\":false,\"timeout\":58500,\"margin\":{\"top\":\"4cm\",\"right\":\"1.5cm\",\"bottom\":\"1.5cm\",\"left\":\"1.5cm\"}}","meta":{"rootId":"h7tu476aysmbxyq","id":"h7tu476aysmbxyq"},"id":"imfxztfrr6ft12r","previousOperationId":"ay2jfyb5ljxj5gt"}
{"type":"operationEnd","operationId":"ay2jfyb5ljxj5gt","timestamp":1677090967101,"id":"rs9i5lt2cux7b3z","previousEventId":"g9zniztx2x3pvmm","previousOperationId":"ay2jfyb5ljxj5gt"}
{"type":"log","timestamp":1677090967102,"level":"info","message":"pdf-utils is starting pdf processing","meta":{"rootId":"h7tu476aysmbxyq","id":"h7tu476aysmbxyq"},"id":"dg6zahvsdqxnllv","previousOperationId":"ay2jfyb5ljxj5gt"}
{"type":"operationStart","subtype":"pdfUtils","name":"pdf utils","timestamp":1677090967102,"id":"ljgzm1si1zo4oux","previousEventId":"rs9i5lt2cux7b3z","operationId":"nemqaqld0nj7447","previousOperationId":"ay2jfyb5ljxj5gt"}
{"type":"log","timestamp":1677090967102,"level":"debug","message":"pdf-utils detected 1 pdf operation(s) to process","meta":{"rootId":"h7tu476aysmbxyq","id":"h7tu476aysmbxyq"},"id":"gnmbrjr3azn1s5i","previousOperationId":"nemqaqld0nj7447"}
{"type":"log","timestamp":1677090967207,"level":"debug","message":"pdf-utils running pdf operation merge","meta":{"rootId":"h7tu476aysmbxyq","id":"h7tu476aysmbxyq"},"id":"g2meb5b0e3kusw1","previousOperationId":"nemqaqld0nj7447"}
{"type":"operationStart","subtype":"pdfUtilsMerge","name":"pdf utils merge","previousOperationId":"nemqaqld0nj7447","timestamp":1677090967207,"id":"xam6u8y11upskqv","previousEventId":"ljgzm1si1zo4oux","operationId":"t7gl6faugpbxcil"}
{"type":"operationStart","subtype":"render","name":"orders-header","previousOperationId":"t7gl6faugpbxcil","timestamp":1677090967208,"id":"v45qdwucd0nz5mw","previousEventId":"xam6u8y11upskqv","operationId":"29xy1jxkj38vq2s"}
{"type":"log","timestamp":1677090967208,"level":"info","message":"Starting rendering (child) request","meta":{"rootId":"h7tu476aysmbxyq","id":"v8u9mo5g5iiu9yu"},"id":"x8xuymctn6n6nca","previousOperationId":"29xy1jxkj38vq2s"}
{"type":"log","timestamp":1677090967208,"level":"info","message":"Rendering template { name: orders-header, recipe: chrome-pdf, engine: handlebars, preview: true }","meta":{"rootId":"h7tu476aysmbxyq","id":"v8u9mo5g5iiu9yu"},"id":"wup7fa90vfuim97","previousOperationId":"29xy1jxkj38vq2s"}
{"type":"log","timestamp":1677090967213,"level":"debug","message":"Inline data specified.","meta":{"rootId":"h7tu476aysmbxyq","id":"v8u9mo5g5iiu9yu"},"id":"jns4gfg3yw1n4ru","previousOperationId":"29xy1jxkj38vq2s"}
{"type":"log","timestamp":1677090967215,"level":"debug","message":"Base url not specified, skipping its injection.","meta":{"rootId":"h7tu476aysmbxyq","id":"v8u9mo5g5iiu9yu"},"id":"yo4jg6ojuojin3u","previousOperationId":"29xy1jxkj38vq2s"}
{"type":"operationStart","subtype":"engine","name":"handlebars","timestamp":1677090967215,"id":"m7pd4ejd6v8mqmp","previousEventId":"v45qdwucd0nz5mw","operationId":"kctvt1mf313fier","previousOperationId":"29xy1jxkj38vq2s"}
{"type":"log","timestamp":1677090967215,"level":"debug","message":"Rendering engine handlebars","meta":{"rootId":"h7tu476aysmbxyq","id":"v8u9mo5g5iiu9yu"},"id":"r59848wta2bxsno","previousOperationId":"kctvt1mf313fier"}
{"type":"operationEnd","operationId":"kctvt1mf313fier","timestamp":1677090967245,"id":"yymjki2v34jwn45","previousEventId":"m7pd4ejd6v8mqmp","previousOperationId":"kctvt1mf313fier"}
{"type":"operationStart","subtype":"recipe","name":"chrome-pdf","timestamp":1677090967245,"id":"0nvbsgifordzi8d","previousEventId":"yymjki2v34jwn45","operationId":"5xocj6zxl9s5exr","previousOperationId":"kctvt1mf313fier"}
{"type":"log","timestamp":1677090967245,"level":"debug","message":"Executing recipe chrome-pdf","meta":{"rootId":"h7tu476aysmbxyq","id":"v8u9mo5g5iiu9yu"},"id":"d2lreeyjcogsxrk","previousOperationId":"5xocj6zxl9s5exr"}
{"type":"log","timestamp":1677090967248,"level":"debug","message":"Converting with chrome HeadlessChrome/105.0.5173.0 using chrome-pool strategy","meta":{"rootId":"h7tu476aysmbxyq","id":"v8u9mo5g5iiu9yu"},"id":"uvfy703ynm4dgbj","previousOperationId":"5xocj6zxl9s5exr"}
{"type":"log","timestamp":1677090967337,"level":"debug","message":"Page request: GET (document) file:///C:/Users/Kris/AppData/Local/Temp/jsreport/autocleanup/49ecaa3d-d074-45cc-a815-bbf03c71ca08-chrome-pdf.html","meta":{"rootId":"h7tu476aysmbxyq","id":"v8u9mo5g5iiu9yu"},"id":"ymfw6z35mvq9tum","previousOperationId":"5xocj6zxl9s5exr"}
{"type":"log","timestamp":1677090967345,"level":"debug","message":"Page request finished: GET (document) 200 file:///C:/Users/Kris/AppData/Local/Temp/jsreport/autocleanup/49ecaa3d-d074-45cc-a815-bbf03c71ca08-chrome-pdf.html","meta":{"rootId":"h7tu476aysmbxyq","id":"v8u9mo5g5iiu9yu"},"id":"cj33wvrlcnflh60","previousOperationId":"5xocj6zxl9s5exr"}
{"type":"log","timestamp":1677090967345,"level":"debug","message":"Page request: GET (stylesheet) https://cdnjs.cloudflare.com/ajax/libs/metro/4.1.5/css/metro.min.css","meta":{"rootId":"h7tu476aysmbxyq","id":"v8u9mo5g5iiu9yu"},"id":"14nsbi70ab5atee","previousOperationId":"5xocj6zxl9s5exr"}
{"type":"log","timestamp":1677090967365,"level":"debug","message":"Page request finished: GET (stylesheet) 200 https://cdnjs.cloudflare.com/ajax/libs/metro/4.1.5/css/metro.min.css","meta":{"rootId":"h7tu476aysmbxyq","id":"v8u9mo5g5iiu9yu"},"id":"b92m933pwn3adzw","previousOperationId":"5xocj6zxl9s5exr"}
{"type":"log","timestamp":1677090967386,"level":"debug","message":"Running chrome with params {\"printBackground\":true,\"marginTop\":\"1.5cm\",\"marginRight\":\"1.5cm\",\"marginLeft\":\"1.cm\",\"timeout\":57995,\"margin\":{\"top\":\"1.5cm\",\"right\":\"1.5cm\",\"left\":\"1.cm\"}}","meta":{"rootId":"h7tu476aysmbxyq","id":"v8u9mo5g5iiu9yu"},"id":"s6fjf6zmb217mvr","previousOperationId":"5xocj6zxl9s5exr"}
{"type":"operationEnd","operationId":"5xocj6zxl9s5exr","timestamp":1677090967442,"id":"b8jbp8te1m8im9r","previousEventId":"0nvbsgifordzi8d","previousOperationId":"5xocj6zxl9s5exr"}
{"type":"log","timestamp":1677090967442,"level":"debug","message":"Skipping storing report.","meta":{"rootId":"h7tu476aysmbxyq","id":"v8u9mo5g5iiu9yu"},"id":"9mrikmcg1ikt7l8","previousOperationId":"5xocj6zxl9s5exr"}
{"type":"log","timestamp":1677090967442,"level":"info","message":"Rendering (child) request finished in 2200 ms","meta":{"rootId":"h7tu476aysmbxyq","id":"v8u9mo5g5iiu9yu"},"id":"9m8oogt0kvt38u2","previousOperationId":"5xocj6zxl9s5exr"}
{"type":"operationEnd","subtype":"render","operationId":"29xy1jxkj38vq2s","timestamp":1677090967442,"id":"a5bk4nviuz19m0l","previousEventId":"b8jbp8te1m8im9r","previousOperationId":"5xocj6zxl9s5exr"}
{"type":"operationEnd","operationId":"t7gl6faugpbxcil","timestamp":1677090967450,"id":"08dmvxxlrmbmv70","previousEventId":"xam6u8y11upskqv","previousOperationId":"t7gl6faugpbxcil"}
{"type":"log","timestamp":1677090967450,"level":"debug","message":"pdf-utils postproces start","meta":{"rootId":"h7tu476aysmbxyq","id":"h7tu476aysmbxyq"},"id":"herd8v6mclcotnh","previousOperationId":"t7gl6faugpbxcil"}
{"type":"log","timestamp":1677090967461,"level":"debug","message":"pdf-utils postproces end","meta":{"rootId":"h7tu476aysmbxyq","id":"h7tu476aysmbxyq"},"id":"yrkr6a4izt5uag9","previousOperationId":"t7gl6faugpbxcil"}
{"type":"operationEnd","operationId":"nemqaqld0nj7447","timestamp":1677090967461,"id":"20x6kau1ascbrm0","previousEventId":"08dmvxxlrmbmv70","previousOperationId":"t7gl6faugpbxcil"}
{"type":"log","timestamp":1677090967461,"level":"info","message":"pdf-utils pdf processing was finished","meta":{"rootId":"h7tu476aysmbxyq","id":"h7tu476aysmbxyq"},"id":"qhgn13rjc16de9i","previousOperationId":"nemqaqld0nj7447"}
{"type":"log","timestamp":1677090967461,"level":"debug","message":"Skipping storing report.","meta":{"rootId":"h7tu476aysmbxyq","id":"h7tu476aysmbxyq"},"id":"da2j63wtwo36e2n","previousOperationId":"nemqaqld0nj7447"}
{"type":"log","timestamp":1677090967461,"level":"info","message":"Rendering request 112 finished in 2219 ms","meta":{"rootId":"h7tu476aysmbxyq","id":"h7tu476aysmbxyq"},"id":"6d90zm1y63le31h","previousOperationId":"nemqaqld0nj7447"}
{"type":"operationEnd","subtype":"render","operationId":"msgu4uwo9whho3k","timestamp":1677090967461,"id":"staeez7kc1twtwk","previousEventId":"20x6kau1ascbrm0","previousOperationId":"nemqaqld0nj7447"}
{"type":"operationEnd","doDiffs":false,"previousEventId":"m1c99zgee9iv7va","previousOperationId":"gs02a7ev9uwh3s8","operationId":"gs02a7ev9uwh3s8","timestamp":1677090967472,"id":"44sfvgohu5x2ulf"}
