{"type":"operationStart","subtype":"profile","data":{"_id":"iujhJpy7tKW5u2Ta","timestamp":"2023-02-22T18:27:18.613Z","state":"queued","mode":"standard","creationDate":"2023-02-22T18:27:18.615Z","modificationDate":"2023-02-22T18:27:18.615Z","shortid":"n31Flzz","$entitySet":"profiles"},"doDiffs":false,"timestamp":1677090438614,"id":"5o9oxtl84cpo67r","previousOperationId":null,"operationId":"z52sr2zg3aowdg5"}
{"type":"log","level":"info","message":"Render request 101 queued for execution and waiting for available worker","previousOperationId":"z52sr2zg3aowdg5","timestamp":1677090438614,"id":"ugbwvrxqc7a7t86"}
{"type":"operationStart","subtype":"render","name":"orders-main","previousOperationId":"z52sr2zg3aowdg5","timestamp":1677090438624,"id":"hi560xf1as4q5hi","previousEventId":"5o9oxtl84cpo67r","operationId":"b17mncx8bljo34g"}
{"type":"log","timestamp":1677090438624,"level":"info","message":"Starting rendering request 101","meta":{"rootId":"j1cx8015y2wqvup","id":"j1cx8015y2wqvup"},"id":"7luyab0k0em5jpg","previousOperationId":"b17mncx8bljo34g"}
{"type":"log","timestamp":1677090438624,"level":"info","message":"Rendering template { name: orders-main, recipe: chrome-pdf, engine: handlebars, preview: true }","meta":{"rootId":"j1cx8015y2wqvup","id":"j1cx8015y2wqvup"},"id":"wovh9m7n0x9l40f","previousOperationId":"b17mncx8bljo34g"}
{"type":"log","timestamp":1677090438625,"level":"debug","message":"Data item not defined for this template.","meta":{"rootId":"j1cx8015y2wqvup","id":"j1cx8015y2wqvup"},"id":"1qoluxl7v5fcmez","previousOperationId":"b17mncx8bljo34g"}
{"type":"log","timestamp":1677090438628,"level":"debug","message":"Executing script orders-script (beforeRender)","meta":{"rootId":"j1cx8015y2wqvup","id":"j1cx8015y2wqvup"},"id":"3b7azfnz1c3zapf","previousOperationId":"b17mncx8bljo34g"}
{"type":"operationStart","subtype":"scriptsBeforeRender","name":"scripts beforeRender","timestamp":1677090438636,"id":"4hlznephnnrfi8x","previousEventId":"hi560xf1as4q5hi","operationId":"ucpbs6t5s8atgfh","previousOperationId":"b17mncx8bljo34g"}
{"type":"operationStart","subtype":"script","name":"scripts orders-script","previousOperationId":"ucpbs6t5s8atgfh","timestamp":1677090438636,"id":"mfe1fshdcbjynv9","previousEventId":"4hlznephnnrfi8x","operationId":"nuqiaxea220nuzr"}
{"type":"operationEnd","operationId":"nuqiaxea220nuzr","timestamp":1677090439907,"id":"m62vwc6u86p6xrw","previousEventId":"hi560xf1as4q5hi","previousOperationId":"b17mncx8bljo34g"}
{"type":"operationEnd","operationId":"ucpbs6t5s8atgfh","timestamp":1677090439907,"id":"o9o4kzxhcxh98zw","previousEventId":"m62vwc6u86p6xrw","previousOperationId":"b17mncx8bljo34g"}
{"type":"log","timestamp":1677090439907,"level":"debug","message":"Base url not specified, skipping its injection.","meta":{"rootId":"j1cx8015y2wqvup","id":"j1cx8015y2wqvup"},"id":"g2eth2du142t9ci","previousOperationId":"ucpbs6t5s8atgfh"}
{"type":"operationStart","subtype":"engine","name":"handlebars","timestamp":1677090439907,"id":"q4cjjgez990f6lh","previousEventId":"o9o4kzxhcxh98zw","operationId":"hmkruzhfpr5lg3m","previousOperationId":"ucpbs6t5s8atgfh"}
{"type":"log","timestamp":1677090439907,"level":"debug","message":"Rendering engine handlebars","meta":{"rootId":"j1cx8015y2wqvup","id":"j1cx8015y2wqvup"},"id":"rqo2iil5lcauxxr","previousOperationId":"hmkruzhfpr5lg3m"}
{"type":"operationEnd","operationId":"hmkruzhfpr5lg3m","timestamp":1677090439915,"id":"oczcien2668dzp2","previousEventId":"q4cjjgez990f6lh","previousOperationId":"hmkruzhfpr5lg3m"}
{"type":"operationStart","subtype":"recipe","name":"chrome-pdf","timestamp":1677090439915,"id":"lpo40bswpqzjiym","previousEventId":"oczcien2668dzp2","operationId":"mvmgafv2zicmfbf","previousOperationId":"hmkruzhfpr5lg3m"}
{"type":"log","timestamp":1677090439915,"level":"debug","message":"Executing recipe chrome-pdf","meta":{"rootId":"j1cx8015y2wqvup","id":"j1cx8015y2wqvup"},"id":"dxnr99l9fbrd0vy","previousOperationId":"mvmgafv2zicmfbf"}
{"type":"log","timestamp":1677090439917,"level":"debug","message":"Converting with chrome HeadlessChrome/105.0.5173.0 using chrome-pool strategy","meta":{"rootId":"j1cx8015y2wqvup","id":"j1cx8015y2wqvup"},"id":"pqgwc9pus4uhdnk","previousOperationId":"mvmgafv2zicmfbf"}
{"type":"log","timestamp":1677090440019,"level":"debug","message":"Page request: GET (document) file:///C:/Users/Kris/AppData/Local/Temp/jsreport/autocleanup/5f0f934e-8dc3-42cb-8093-8eabe6577844-chrome-pdf.html","meta":{"rootId":"j1cx8015y2wqvup","id":"j1cx8015y2wqvup"},"id":"vwtxeetyts8pwjx","previousOperationId":"mvmgafv2zicmfbf"}
{"type":"log","timestamp":1677090440034,"level":"debug","message":"Page request finished: GET (document) 200 file:///C:/Users/Kris/AppData/Local/Temp/jsreport/autocleanup/5f0f934e-8dc3-42cb-8093-8eabe6577844-chrome-pdf.html","meta":{"rootId":"j1cx8015y2wqvup","id":"j1cx8015y2wqvup"},"id":"8is4c7f4plhl887","previousOperationId":"mvmgafv2zicmfbf"}
{"type":"log","timestamp":1677090440034,"level":"debug","message":"Page request: GET (stylesheet) https://cdnjs.cloudflare.com/ajax/libs/metro/4.1.5/css/metro.min.css","meta":{"rootId":"j1cx8015y2wqvup","id":"j1cx8015y2wqvup"},"id":"pyfa40v5nbi15na","previousOperationId":"mvmgafv2zicmfbf"}
{"type":"log","timestamp":1677090440034,"level":"debug","message":"Page request: GET (script) https://cdnjs.cloudflare.com/ajax/libs/Chart.js/2.7.2/Chart.min.js","meta":{"rootId":"j1cx8015y2wqvup","id":"j1cx8015y2wqvup"},"id":"xsl924komqs6cd9","previousOperationId":"mvmgafv2zicmfbf"}
{"type":"log","timestamp":1677090440041,"level":"debug","message":"Page request finished: GET (script) 200 https://cdnjs.cloudflare.com/ajax/libs/Chart.js/2.7.2/Chart.min.js","meta":{"rootId":"j1cx8015y2wqvup","id":"j1cx8015y2wqvup"},"id":"wwh523slfxldcaz","previousOperationId":"mvmgafv2zicmfbf"}
{"type":"log","timestamp":1677090440056,"level":"debug","message":"Page request finished: GET (stylesheet) 200 https://cdnjs.cloudflare.com/ajax/libs/metro/4.1.5/css/metro.min.css","meta":{"rootId":"j1cx8015y2wqvup","id":"j1cx8015y2wqvup"},"id":"dmmiv3j70osy4py","previousOperationId":"mvmgafv2zicmfbf"}
{"type":"log","timestamp":1677090440101,"level":"debug","message":"Running chrome with params {\"printBackground\":true,\"marginTop\":\"4cm\",\"marginRight\":\"1.5cm\",\"marginBottom\":\"1.5cm\",\"marginLeft\":\"1.5cm\",\"waitForJS\":false,\"timeout\":58697,\"margin\":{\"top\":\"4cm\",\"right\":\"1.5cm\",\"bottom\":\"1.5cm\",\"left\":\"1.5cm\"}}","meta":{"rootId":"j1cx8015y2wqvup","id":"j1cx8015y2wqvup"},"id":"zrt60vin75cadui","previousOperationId":"mvmgafv2zicmfbf"}
{"type":"operationEnd","operationId":"mvmgafv2zicmfbf","timestamp":1677090440250,"id":"pxnmk9gkiemu7fz","previousEventId":"lpo40bswpqzjiym","previousOperationId":"mvmgafv2zicmfbf"}
{"type":"log","timestamp":1677090440250,"level":"info","message":"pdf-utils is starting pdf processing","meta":{"rootId":"j1cx8015y2wqvup","id":"j1cx8015y2wqvup"},"id":"0j5ql5cfww5eyhw","previousOperationId":"mvmgafv2zicmfbf"}
{"type":"operationStart","subtype":"pdfUtils","name":"pdf utils","timestamp":1677090440250,"id":"vyky39g9o53a9ya","previousEventId":"pxnmk9gkiemu7fz","operationId":"fss56unguhvyypk","previousOperationId":"mvmgafv2zicmfbf"}
{"type":"log","timestamp":1677090440250,"level":"debug","message":"pdf-utils detected 1 pdf operation(s) to process","meta":{"rootId":"j1cx8015y2wqvup","id":"j1cx8015y2wqvup"},"id":"nzs8wd2kpex9v95","previousOperationId":"fss56unguhvyypk"}
{"type":"log","timestamp":1677090440279,"level":"debug","message":"pdf-utils running pdf operation merge","meta":{"rootId":"j1cx8015y2wqvup","id":"j1cx8015y2wqvup"},"id":"x9xti4k2mzgui5d","previousOperationId":"fss56unguhvyypk"}
{"type":"operationStart","subtype":"pdfUtilsMerge","name":"pdf utils merge","previousOperationId":"fss56unguhvyypk","timestamp":1677090440279,"id":"pfijd1608fjlihw","previousEventId":"vyky39g9o53a9ya","operationId":"oufjg04wy1gma5q"}
{"type":"operationStart","subtype":"render","name":"orders-header","previousOperationId":"oufjg04wy1gma5q","timestamp":1677090440279,"id":"3ucfg1vpd8d0fjc","previousEventId":"pfijd1608fjlihw","operationId":"pl8mqajesx7l3py"}
{"type":"log","timestamp":1677090440279,"level":"info","message":"Starting rendering (child) request","meta":{"rootId":"j1cx8015y2wqvup","id":"zg8itl9lkhyx06f"},"id":"82qvgsmcrqulniu","previousOperationId":"pl8mqajesx7l3py"}
{"type":"log","timestamp":1677090440279,"level":"info","message":"Rendering template { name: orders-header, recipe: chrome-pdf, engine: handlebars, preview: true }","meta":{"rootId":"j1cx8015y2wqvup","id":"zg8itl9lkhyx06f"},"id":"3xovawb870em618","previousOperationId":"pl8mqajesx7l3py"}
{"type":"log","timestamp":1677090440284,"level":"debug","message":"Inline data specified.","meta":{"rootId":"j1cx8015y2wqvup","id":"zg8itl9lkhyx06f"},"id":"17av3iwulwb4mqq","previousOperationId":"pl8mqajesx7l3py"}
{"type":"log","timestamp":1677090440286,"level":"debug","message":"Base url not specified, skipping its injection.","meta":{"rootId":"j1cx8015y2wqvup","id":"zg8itl9lkhyx06f"},"id":"w92ltjz0l1z1jhe","previousOperationId":"pl8mqajesx7l3py"}
{"type":"operationStart","subtype":"engine","name":"handlebars","timestamp":1677090440286,"id":"pclcgw2rktleuqv","previousEventId":"3ucfg1vpd8d0fjc","operationId":"7o7djn0e3v7pr5t","previousOperationId":"pl8mqajesx7l3py"}
{"type":"log","timestamp":1677090440286,"level":"debug","message":"Rendering engine handlebars","meta":{"rootId":"j1cx8015y2wqvup","id":"zg8itl9lkhyx06f"},"id":"ig1s82eshvxbrxw","previousOperationId":"7o7djn0e3v7pr5t"}
{"type":"operationEnd","operationId":"7o7djn0e3v7pr5t","timestamp":1677090440297,"id":"jh10vkha4tgfnz1","previousEventId":"pclcgw2rktleuqv","previousOperationId":"7o7djn0e3v7pr5t"}
{"type":"operationStart","subtype":"recipe","name":"chrome-pdf","timestamp":1677090440297,"id":"vp6scy34jwptaxl","previousEventId":"jh10vkha4tgfnz1","operationId":"ekos9ng02x323ci","previousOperationId":"7o7djn0e3v7pr5t"}
{"type":"log","timestamp":1677090440297,"level":"debug","message":"Executing recipe chrome-pdf","meta":{"rootId":"j1cx8015y2wqvup","id":"zg8itl9lkhyx06f"},"id":"sgeiwxwxdzxrkcx","previousOperationId":"ekos9ng02x323ci"}
{"type":"log","timestamp":1677090440299,"level":"debug","message":"Converting with chrome HeadlessChrome/105.0.5173.0 using chrome-pool strategy","meta":{"rootId":"j1cx8015y2wqvup","id":"zg8itl9lkhyx06f"},"id":"ac1pqu07royqnyu","previousOperationId":"ekos9ng02x323ci"}
{"type":"log","timestamp":1677090440378,"level":"debug","message":"Page request: GET (document) file:///C:/Users/Kris/AppData/Local/Temp/jsreport/autocleanup/e67b47fe-e056-4808-a6f7-e359fdf56789-chrome-pdf.html","meta":{"rootId":"j1cx8015y2wqvup","id":"zg8itl9lkhyx06f"},"id":"jzxse17aceb07o0","previousOperationId":"ekos9ng02x323ci"}
{"type":"log","timestamp":1677090440388,"level":"debug","message":"Page request finished: GET (document) 200 file:///C:/Users/Kris/AppData/Local/Temp/jsreport/autocleanup/e67b47fe-e056-4808-a6f7-e359fdf56789-chrome-pdf.html","meta":{"rootId":"j1cx8015y2wqvup","id":"zg8itl9lkhyx06f"},"id":"e6zwlyykdlkuoj5","previousOperationId":"ekos9ng02x323ci"}
{"type":"log","timestamp":1677090440388,"level":"debug","message":"Page request: GET (stylesheet) https://cdnjs.cloudflare.com/ajax/libs/metro/4.1.5/css/metro.min.css","meta":{"rootId":"j1cx8015y2wqvup","id":"zg8itl9lkhyx06f"},"id":"p8twxewzifi9v6a","previousOperationId":"ekos9ng02x323ci"}
{"type":"log","timestamp":1677090440409,"level":"debug","message":"Page request finished: GET (stylesheet) 200 https://cdnjs.cloudflare.com/ajax/libs/metro/4.1.5/css/metro.min.css","meta":{"rootId":"j1cx8015y2wqvup","id":"zg8itl9lkhyx06f"},"id":"qvz9ix277xtkdxm","previousOperationId":"ekos9ng02x323ci"}
{"type":"log","timestamp":1677090440429,"level":"debug","message":"Running chrome with params {\"printBackground\":true,\"marginTop\":\"1.5cm\",\"marginRight\":\"1.5cm\",\"marginLeft\":\"1.cm\",\"timeout\":58315,\"margin\":{\"top\":\"1.5cm\",\"right\":\"1.5cm\",\"left\":\"1.cm\"}}","meta":{"rootId":"j1cx8015y2wqvup","id":"zg8itl9lkhyx06f"},"id":"st7o6b1ybur8jrs","previousOperationId":"ekos9ng02x323ci"}
{"type":"operationEnd","operationId":"ekos9ng02x323ci","timestamp":1677090440478,"id":"supjzpje8x8o35h","previousEventId":"vp6scy34jwptaxl","previousOperationId":"ekos9ng02x323ci"}
{"type":"log","timestamp":1677090440478,"level":"debug","message":"Skipping storing report.","meta":{"rootId":"j1cx8015y2wqvup","id":"zg8itl9lkhyx06f"},"id":"xlsffp6y0b345ic","previousOperationId":"ekos9ng02x323ci"}
{"type":"log","timestamp":1677090440478,"level":"info","message":"Rendering (child) request finished in 1865 ms","meta":{"rootId":"j1cx8015y2wqvup","id":"zg8itl9lkhyx06f"},"id":"bx4jjykz7gnn1d9","previousOperationId":"ekos9ng02x323ci"}
{"type":"operationEnd","subtype":"render","operationId":"pl8mqajesx7l3py","timestamp":1677090440478,"id":"cesyc49sn24bacd","previousEventId":"supjzpje8x8o35h","previousOperationId":"ekos9ng02x323ci"}
{"type":"operationEnd","operationId":"oufjg04wy1gma5q","timestamp":1677090440486,"id":"j69ul8p1w9ysmp4","previousEventId":"pfijd1608fjlihw","previousOperationId":"oufjg04wy1gma5q"}
{"type":"log","timestamp":1677090440486,"level":"debug","message":"pdf-utils postproces start","meta":{"rootId":"j1cx8015y2wqvup","id":"j1cx8015y2wqvup"},"id":"fmr5ckzjo2n9kfd","previousOperationId":"oufjg04wy1gma5q"}
{"type":"log","timestamp":1677090440497,"level":"debug","message":"pdf-utils postproces end","meta":{"rootId":"j1cx8015y2wqvup","id":"j1cx8015y2wqvup"},"id":"md1tr77ps6ignem","previousOperationId":"oufjg04wy1gma5q"}
{"type":"operationEnd","operationId":"fss56unguhvyypk","timestamp":1677090440497,"id":"gyf62pd2vxxrj63","previousEventId":"j69ul8p1w9ysmp4","previousOperationId":"oufjg04wy1gma5q"}
{"type":"log","timestamp":1677090440497,"level":"info","message":"pdf-utils pdf processing was finished","meta":{"rootId":"j1cx8015y2wqvup","id":"j1cx8015y2wqvup"},"id":"gf1fujpwh85ww3h","previousOperationId":"fss56unguhvyypk"}
{"type":"log","timestamp":1677090440497,"level":"debug","message":"Skipping storing report.","meta":{"rootId":"j1cx8015y2wqvup","id":"j1cx8015y2wqvup"},"id":"r8z6cym7o1ogopg","previousOperationId":"fss56unguhvyypk"}
{"type":"log","timestamp":1677090440497,"level":"info","message":"Rendering request 101 finished in 1884 ms","meta":{"rootId":"j1cx8015y2wqvup","id":"j1cx8015y2wqvup"},"id":"3fqonjy3kxyw1va","previousOperationId":"fss56unguhvyypk"}
{"type":"operationEnd","subtype":"render","operationId":"b17mncx8bljo34g","timestamp":1677090440497,"id":"rg9rod4g3ugpaqp","previousEventId":"gyf62pd2vxxrj63","previousOperationId":"fss56unguhvyypk"}
{"type":"operationEnd","doDiffs":false,"previousEventId":"5o9oxtl84cpo67r","previousOperationId":"z52sr2zg3aowdg5","operationId":"z52sr2zg3aowdg5","timestamp":1677090440506,"id":"clep0tj7uio461i"}
