{"type":"operationStart","subtype":"profile","data":{"_id":"wEvY9TMdEgnNfnRX","timestamp":"2023-02-22T17:41:42.171Z","state":"queued","mode":"standard","creationDate":"2023-02-22T17:41:42.173Z","modificationDate":"2023-02-22T17:41:42.173Z","shortid":"9_B61iN","$entitySet":"profiles"},"doDiffs":false,"timestamp":1677087702173,"id":"eg0bdu6tow44t8s","previousOperationId":null,"operationId":"xqxpsxis7ql4g9c"}
{"type":"log","level":"info","message":"Render request 8 queued for execution and waiting for available worker","previousOperationId":"xqxpsxis7ql4g9c","timestamp":1677087702173,"id":"oln0ddxg3v0aier"}
{"type":"operationStart","subtype":"render","name":"orders-main","previousOperationId":"xqxpsxis7ql4g9c","timestamp":1677087702181,"id":"n4n1mfkw0jys3an","previousEventId":"eg0bdu6tow44t8s","operationId":"pmgjqgvt715bu4p"}
{"type":"log","timestamp":1677087702181,"level":"info","message":"Starting rendering request 8","meta":{"rootId":"l4o9ubl6neubyin","id":"l4o9ubl6neubyin"},"id":"mid05b1pfh2348t","previousOperationId":"pmgjqgvt715bu4p"}
{"type":"log","timestamp":1677087702181,"level":"info","message":"Rendering template { name: orders-main, recipe: chrome-pdf, engine: handlebars, preview: true }","meta":{"rootId":"l4o9ubl6neubyin","id":"l4o9ubl6neubyin"},"id":"jrdcr1ops74y29t","previousOperationId":"pmgjqgvt715bu4p"}
{"type":"log","timestamp":1677087702183,"level":"debug","message":"Data item not defined for this template.","meta":{"rootId":"l4o9ubl6neubyin","id":"l4o9ubl6neubyin"},"id":"88oncg0c3q8znae","previousOperationId":"pmgjqgvt715bu4p"}
{"type":"log","timestamp":1677087702188,"level":"debug","message":"Executing script orders-script (beforeRender)","meta":{"rootId":"l4o9ubl6neubyin","id":"l4o9ubl6neubyin"},"id":"lctpebx5xpjt2vn","previousOperationId":"pmgjqgvt715bu4p"}
{"type":"operationStart","subtype":"scriptsBeforeRender","name":"scripts beforeRender","timestamp":1677087702198,"id":"lbpdsebt9h8q9nc","previousEventId":"n4n1mfkw0jys3an","operationId":"8nx4xh4gcf3z8i0","previousOperationId":"pmgjqgvt715bu4p"}
{"type":"operationStart","subtype":"script","name":"scripts orders-script","previousOperationId":"8nx4xh4gcf3z8i0","timestamp":1677087702198,"id":"n2f25rvvqtkivxk","previousEventId":"lbpdsebt9h8q9nc","operationId":"w0uhkhvw9yn4uro"}
{"type":"operationEnd","operationId":"w0uhkhvw9yn4uro","timestamp":1677087703535,"id":"kcwqasyvi1b1jk7","previousEventId":"n4n1mfkw0jys3an","previousOperationId":"pmgjqgvt715bu4p"}
{"type":"operationEnd","operationId":"8nx4xh4gcf3z8i0","timestamp":1677087703535,"id":"t5i6wxjdtwnog00","previousEventId":"kcwqasyvi1b1jk7","previousOperationId":"pmgjqgvt715bu4p"}
{"type":"log","timestamp":1677087703535,"level":"debug","message":"Base url not specified, skipping its injection.","meta":{"rootId":"l4o9ubl6neubyin","id":"l4o9ubl6neubyin"},"id":"euz9n1re5j07eew","previousOperationId":"8nx4xh4gcf3z8i0"}
{"type":"operationStart","subtype":"engine","name":"handlebars","timestamp":1677087703535,"id":"bd51wxc434dlz4p","previousEventId":"t5i6wxjdtwnog00","operationId":"4bpukbhobbu17x2","previousOperationId":"8nx4xh4gcf3z8i0"}
{"type":"log","timestamp":1677087703535,"level":"debug","message":"Rendering engine handlebars","meta":{"rootId":"l4o9ubl6neubyin","id":"l4o9ubl6neubyin"},"id":"o8915leu4nradr8","previousOperationId":"4bpukbhobbu17x2"}
{"type":"log","timestamp":1677087703549,"level":"debug","message":"(console:log) Pdf utils adding group field, value: \"France\"","meta":{"userLevel":true,"rootId":"l4o9ubl6neubyin","id":"l4o9ubl6neubyin"},"id":"8ghukle26sgtnlo","previousOperationId":"4bpukbhobbu17x2"}
{"type":"log","timestamp":1677087703550,"level":"debug","message":"(console:log) Pdf utils adding group field, value: \"Germany\"","meta":{"userLevel":true,"rootId":"l4o9ubl6neubyin","id":"l4o9ubl6neubyin"},"id":"6kihrebyxilu9k3","previousOperationId":"4bpukbhobbu17x2"}
{"type":"operationEnd","operationId":"4bpukbhobbu17x2","timestamp":1677087703550,"id":"xdx00gp339oonor","previousEventId":"bd51wxc434dlz4p","previousOperationId":"4bpukbhobbu17x2"}
{"type":"operationStart","subtype":"recipe","name":"chrome-pdf","timestamp":1677087703551,"id":"fu0u4dvdi3vfnoh","previousEventId":"xdx00gp339oonor","operationId":"oe5m73v2inpr5gg","previousOperationId":"4bpukbhobbu17x2"}
{"type":"log","timestamp":1677087703551,"level":"debug","message":"Executing recipe chrome-pdf","meta":{"rootId":"l4o9ubl6neubyin","id":"l4o9ubl6neubyin"},"id":"l7ksaze0gb482gl","previousOperationId":"oe5m73v2inpr5gg"}
{"type":"log","timestamp":1677087703556,"level":"debug","message":"Converting with chrome HeadlessChrome/105.0.5173.0 using chrome-pool strategy","meta":{"rootId":"l4o9ubl6neubyin","id":"l4o9ubl6neubyin"},"id":"vlh07bmisaopc5h","previousOperationId":"oe5m73v2inpr5gg"}
{"type":"log","timestamp":1677087703650,"level":"debug","message":"Page request: GET (document) file:///C:/Users/Kris/AppData/Local/Temp/jsreport/autocleanup/63c4a1dc-7d44-4330-b8a4-feb16546216f-chrome-pdf.html","meta":{"rootId":"l4o9ubl6neubyin","id":"l4o9ubl6neubyin"},"id":"y908s7eri8982h5","previousOperationId":"oe5m73v2inpr5gg"}
{"type":"log","timestamp":1677087703667,"level":"debug","message":"Page request finished: GET (document) 200 file:///C:/Users/Kris/AppData/Local/Temp/jsreport/autocleanup/63c4a1dc-7d44-4330-b8a4-feb16546216f-chrome-pdf.html","meta":{"rootId":"l4o9ubl6neubyin","id":"l4o9ubl6neubyin"},"id":"a7f6lh9h11a1jne","previousOperationId":"oe5m73v2inpr5gg"}
{"type":"log","timestamp":1677087703667,"level":"debug","message":"Page request: GET (stylesheet) https://cdnjs.cloudflare.com/ajax/libs/metro/4.1.5/css/metro.min.css","meta":{"rootId":"l4o9ubl6neubyin","id":"l4o9ubl6neubyin"},"id":"hiwcmxoww2sph55","previousOperationId":"oe5m73v2inpr5gg"}
{"type":"log","timestamp":1677087703667,"level":"debug","message":"Page request: GET (script) https://cdnjs.cloudflare.com/ajax/libs/Chart.js/2.7.2/Chart.min.js","meta":{"rootId":"l4o9ubl6neubyin","id":"l4o9ubl6neubyin"},"id":"ofjn9472dfktece","previousOperationId":"oe5m73v2inpr5gg"}
{"type":"log","timestamp":1677087703674,"level":"debug","message":"Page request finished: GET (script) 200 https://cdnjs.cloudflare.com/ajax/libs/Chart.js/2.7.2/Chart.min.js","meta":{"rootId":"l4o9ubl6neubyin","id":"l4o9ubl6neubyin"},"id":"c5r996xeauak51i","previousOperationId":"oe5m73v2inpr5gg"}
{"type":"log","timestamp":1677087703691,"level":"debug","message":"Page request finished: GET (stylesheet) 200 https://cdnjs.cloudflare.com/ajax/libs/metro/4.1.5/css/metro.min.css","meta":{"rootId":"l4o9ubl6neubyin","id":"l4o9ubl6neubyin"},"id":"28tchmz0vqgrcx7","previousOperationId":"oe5m73v2inpr5gg"}
{"type":"log","timestamp":1677087703758,"level":"debug","message":"Running chrome with params {\"printBackground\":true,\"marginTop\":\"4cm\",\"marginRight\":\"1.5cm\",\"marginBottom\":\"1.5cm\",\"marginLeft\":\"1.5cm\",\"waitForJS\":false,\"timeout\":58617,\"margin\":{\"top\":\"4cm\",\"right\":\"1.5cm\",\"bottom\":\"1.5cm\",\"left\":\"1.5cm\"}}","meta":{"rootId":"l4o9ubl6neubyin","id":"l4o9ubl6neubyin"},"id":"u3qilzl3c3rlxqb","previousOperationId":"oe5m73v2inpr5gg"}
{"type":"operationEnd","operationId":"oe5m73v2inpr5gg","timestamp":1677087703903,"id":"xiido258j3hvxcw","previousEventId":"fu0u4dvdi3vfnoh","previousOperationId":"oe5m73v2inpr5gg"}
{"type":"log","timestamp":1677087703903,"level":"info","message":"pdf-utils is starting pdf processing","meta":{"rootId":"l4o9ubl6neubyin","id":"l4o9ubl6neubyin"},"id":"514ykn65f3ksiuw","previousOperationId":"oe5m73v2inpr5gg"}
{"type":"operationStart","subtype":"pdfUtils","name":"pdf utils","timestamp":1677087703903,"id":"bn3zdshysdkyeyc","previousEventId":"xiido258j3hvxcw","operationId":"8pqm24cqfxtia7z","previousOperationId":"oe5m73v2inpr5gg"}
{"type":"log","timestamp":1677087703904,"level":"debug","message":"pdf-utils detected 1 pdf operation(s) to process","meta":{"rootId":"l4o9ubl6neubyin","id":"l4o9ubl6neubyin"},"id":"x0hgehfpeofile8","previousOperationId":"8pqm24cqfxtia7z"}
{"type":"log","timestamp":1677087703950,"level":"debug","message":"pdf-utils running pdf operation merge","meta":{"rootId":"l4o9ubl6neubyin","id":"l4o9ubl6neubyin"},"id":"u6512n7skb0u7z9","previousOperationId":"8pqm24cqfxtia7z"}
{"type":"operationStart","subtype":"pdfUtilsMerge","name":"pdf utils merge","previousOperationId":"8pqm24cqfxtia7z","timestamp":1677087703950,"id":"dnt0rztew2nngmn","previousEventId":"bn3zdshysdkyeyc","operationId":"l5hqo1dd0skenw2"}
{"type":"operationStart","subtype":"render","name":"orders-header","previousOperationId":"l5hqo1dd0skenw2","timestamp":1677087703951,"id":"f3z2n84ayr7mt1h","previousEventId":"dnt0rztew2nngmn","operationId":"hktpw9jeptup56z"}
{"type":"log","timestamp":1677087703951,"level":"info","message":"Starting rendering (child) request","meta":{"rootId":"l4o9ubl6neubyin","id":"iug6t01322y2ogp"},"id":"p3e1drvr5r2z1yw","previousOperationId":"hktpw9jeptup56z"}
{"type":"log","timestamp":1677087703952,"level":"info","message":"Rendering template { name: orders-header, recipe: chrome-pdf, engine: handlebars, preview: true }","meta":{"rootId":"l4o9ubl6neubyin","id":"iug6t01322y2ogp"},"id":"3dqlkh2r5qgying","previousOperationId":"hktpw9jeptup56z"}
{"type":"log","timestamp":1677087703953,"level":"debug","message":"Inline data specified.","meta":{"rootId":"l4o9ubl6neubyin","id":"iug6t01322y2ogp"},"id":"ywbgvpb4up71w2j","previousOperationId":"hktpw9jeptup56z"}
{"type":"log","timestamp":1677087703956,"level":"debug","message":"Base url not specified, skipping its injection.","meta":{"rootId":"l4o9ubl6neubyin","id":"iug6t01322y2ogp"},"id":"jvits07u3ytcyyv","previousOperationId":"hktpw9jeptup56z"}
{"type":"operationStart","subtype":"engine","name":"handlebars","timestamp":1677087703956,"id":"ztunq4ago8e8ale","previousEventId":"f3z2n84ayr7mt1h","operationId":"v2l5q03ck7i0l8f","previousOperationId":"hktpw9jeptup56z"}
{"type":"log","timestamp":1677087703956,"level":"debug","message":"Rendering engine handlebars","meta":{"rootId":"l4o9ubl6neubyin","id":"iug6t01322y2ogp"},"id":"csskpu918gxkwtr","previousOperationId":"v2l5q03ck7i0l8f"}
{"type":"operationEnd","operationId":"v2l5q03ck7i0l8f","timestamp":1677087703976,"id":"53qrfohwqn2ttoj","previousEventId":"ztunq4ago8e8ale","previousOperationId":"v2l5q03ck7i0l8f"}
{"type":"operationStart","subtype":"recipe","name":"chrome-pdf","timestamp":1677087703977,"id":"tjopiu9pe94owth","previousEventId":"53qrfohwqn2ttoj","operationId":"b9rqj7f9264srht","previousOperationId":"v2l5q03ck7i0l8f"}
{"type":"log","timestamp":1677087703977,"level":"debug","message":"Executing recipe chrome-pdf","meta":{"rootId":"l4o9ubl6neubyin","id":"iug6t01322y2ogp"},"id":"v2p98dsmt9t9l5y","previousOperationId":"b9rqj7f9264srht"}
{"type":"log","timestamp":1677087703980,"level":"debug","message":"Converting with chrome HeadlessChrome/105.0.5173.0 using chrome-pool strategy","meta":{"rootId":"l4o9ubl6neubyin","id":"iug6t01322y2ogp"},"id":"ppb215uwof6disq","previousOperationId":"b9rqj7f9264srht"}
{"type":"log","timestamp":1677087704067,"level":"debug","message":"Page request: GET (document) file:///C:/Users/Kris/AppData/Local/Temp/jsreport/autocleanup/f464ec9e-b103-45a5-b9e5-902817ab6032-chrome-pdf.html","meta":{"rootId":"l4o9ubl6neubyin","id":"iug6t01322y2ogp"},"id":"t4cc03tzp74umxa","previousOperationId":"b9rqj7f9264srht"}
{"type":"log","timestamp":1677087704076,"level":"debug","message":"Page request finished: GET (document) 200 file:///C:/Users/Kris/AppData/Local/Temp/jsreport/autocleanup/f464ec9e-b103-45a5-b9e5-902817ab6032-chrome-pdf.html","meta":{"rootId":"l4o9ubl6neubyin","id":"iug6t01322y2ogp"},"id":"40iygwfmx4i4n10","previousOperationId":"b9rqj7f9264srht"}
{"type":"log","timestamp":1677087704076,"level":"debug","message":"Page request: GET (stylesheet) https://cdnjs.cloudflare.com/ajax/libs/metro/4.1.5/css/metro.min.css","meta":{"rootId":"l4o9ubl6neubyin","id":"iug6t01322y2ogp"},"id":"0y208cn4cpvg709","previousOperationId":"b9rqj7f9264srht"}
{"type":"log","timestamp":1677087704096,"level":"debug","message":"Page request finished: GET (stylesheet) 200 https://cdnjs.cloudflare.com/ajax/libs/metro/4.1.5/css/metro.min.css","meta":{"rootId":"l4o9ubl6neubyin","id":"iug6t01322y2ogp"},"id":"5r6ykfrnw2ysyda","previousOperationId":"b9rqj7f9264srht"}
{"type":"log","timestamp":1677087704119,"level":"debug","message":"Running chrome with params {\"printBackground\":true,\"marginTop\":\"1.5cm\",\"marginRight\":\"1.5cm\",\"marginLeft\":\"1.cm\",\"timeout\":58192,\"margin\":{\"top\":\"1.5cm\",\"right\":\"1.5cm\",\"left\":\"1.cm\"}}","meta":{"rootId":"l4o9ubl6neubyin","id":"iug6t01322y2ogp"},"id":"exz2nowc84xz15s","previousOperationId":"b9rqj7f9264srht"}
{"type":"operationEnd","operationId":"b9rqj7f9264srht","timestamp":1677087704179,"id":"99k49gughdowrzg","previousEventId":"tjopiu9pe94owth","previousOperationId":"b9rqj7f9264srht"}
{"type":"log","timestamp":1677087704179,"level":"debug","message":"Skipping storing report.","meta":{"rootId":"l4o9ubl6neubyin","id":"iug6t01322y2ogp"},"id":"rkcflr0za04orim","previousOperationId":"b9rqj7f9264srht"}
{"type":"log","timestamp":1677087704179,"level":"info","message":"Rendering (child) request finished in 2008 ms","meta":{"rootId":"l4o9ubl6neubyin","id":"iug6t01322y2ogp"},"id":"ge4n5s6cy3fk29l","previousOperationId":"b9rqj7f9264srht"}
{"type":"operationEnd","subtype":"render","operationId":"hktpw9jeptup56z","timestamp":1677087704179,"id":"504dwh20aydabqf","previousEventId":"99k49gughdowrzg","previousOperationId":"b9rqj7f9264srht"}
{"type":"operationEnd","operationId":"l5hqo1dd0skenw2","timestamp":1677087704192,"id":"na1rq4kxbj3x81u","previousEventId":"dnt0rztew2nngmn","previousOperationId":"l5hqo1dd0skenw2"}
{"type":"log","timestamp":1677087704193,"level":"debug","message":"pdf-utils postproces start","meta":{"rootId":"l4o9ubl6neubyin","id":"l4o9ubl6neubyin"},"id":"wc040cg4ey28cj0","previousOperationId":"l5hqo1dd0skenw2"}
{"type":"log","timestamp":1677087704209,"level":"debug","message":"pdf-utils postproces end","meta":{"rootId":"l4o9ubl6neubyin","id":"l4o9ubl6neubyin"},"id":"xf0cgol38oio3f4","previousOperationId":"l5hqo1dd0skenw2"}
{"type":"operationEnd","operationId":"8pqm24cqfxtia7z","timestamp":1677087704209,"id":"jdkszbwdso0781s","previousEventId":"na1rq4kxbj3x81u","previousOperationId":"l5hqo1dd0skenw2"}
{"type":"log","timestamp":1677087704209,"level":"info","message":"pdf-utils pdf processing was finished","meta":{"rootId":"l4o9ubl6neubyin","id":"l4o9ubl6neubyin"},"id":"9unwgcatdozeodm","previousOperationId":"8pqm24cqfxtia7z"}
{"type":"log","timestamp":1677087704209,"level":"debug","message":"Skipping storing report.","meta":{"rootId":"l4o9ubl6neubyin","id":"l4o9ubl6neubyin"},"id":"yk8e030jeamws4x","previousOperationId":"8pqm24cqfxtia7z"}
{"type":"log","timestamp":1677087704209,"level":"info","message":"Rendering request 8 finished in 2038 ms","meta":{"rootId":"l4o9ubl6neubyin","id":"l4o9ubl6neubyin"},"id":"oh57ac3qoh9t65e","previousOperationId":"8pqm24cqfxtia7z"}
{"type":"operationEnd","subtype":"render","operationId":"pmgjqgvt715bu4p","timestamp":1677087704209,"id":"x0zqlp4eljpjw7x","previousEventId":"jdkszbwdso0781s","previousOperationId":"8pqm24cqfxtia7z"}
{"type":"operationEnd","doDiffs":false,"previousEventId":"eg0bdu6tow44t8s","previousOperationId":"xqxpsxis7ql4g9c","operationId":"xqxpsxis7ql4g9c","timestamp":1677087704219,"id":"9v3g12puohsc1wy"}
