{"type":"operationStart","subtype":"profile","data":{"_id":"wmDZHSBapeLqczmI","timestamp":"2023-02-22T17:43:12.207Z","state":"queued","mode":"standard","creationDate":"2023-02-22T17:43:12.209Z","modificationDate":"2023-02-22T17:43:12.209Z","shortid":"u8TKh07","$entitySet":"profiles"},"doDiffs":false,"timestamp":1677087792208,"id":"vhmq899x1bf5ct5","previousOperationId":null,"operationId":"6fj1m58cnennesp"}
{"type":"log","level":"info","message":"Render request 9 queued for execution and waiting for available worker","previousOperationId":"6fj1m58cnennesp","timestamp":1677087792208,"id":"zwpl728lkae0tp6"}
{"type":"operationStart","subtype":"render","name":"orders-main","previousOperationId":"6fj1m58cnennesp","timestamp":1677087792217,"id":"e5tdqrn5cuchhdf","previousEventId":"vhmq899x1bf5ct5","operationId":"9zkmv4mdrhq08c2"}
{"type":"log","timestamp":1677087792218,"level":"info","message":"Starting rendering request 9","meta":{"rootId":"m1p51rbtzekjor2","id":"m1p51rbtzekjor2"},"id":"u542bhwpt8ajzcc","previousOperationId":"9zkmv4mdrhq08c2"}
{"type":"log","timestamp":1677087792218,"level":"info","message":"Rendering template { name: orders-main, recipe: chrome-pdf, engine: handlebars, preview: true }","meta":{"rootId":"m1p51rbtzekjor2","id":"m1p51rbtzekjor2"},"id":"53fbfu4sf4nndmb","previousOperationId":"9zkmv4mdrhq08c2"}
{"type":"log","timestamp":1677087792220,"level":"debug","message":"Data item not defined for this template.","meta":{"rootId":"m1p51rbtzekjor2","id":"m1p51rbtzekjor2"},"id":"bk30kpl94107ms7","previousOperationId":"9zkmv4mdrhq08c2"}
{"type":"log","timestamp":1677087792225,"level":"debug","message":"Executing script orders-script (beforeRender)","meta":{"rootId":"m1p51rbtzekjor2","id":"m1p51rbtzekjor2"},"id":"5ybbnyin2k6htxg","previousOperationId":"9zkmv4mdrhq08c2"}
{"type":"operationStart","subtype":"scriptsBeforeRender","name":"scripts beforeRender","timestamp":1677087792233,"id":"v05ow640mw4vz6k","previousEventId":"e5tdqrn5cuchhdf","operationId":"28jvbpk6a1umn39","previousOperationId":"9zkmv4mdrhq08c2"}
{"type":"operationStart","subtype":"script","name":"scripts orders-script","previousOperationId":"28jvbpk6a1umn39","timestamp":1677087792233,"id":"02odrr62td6t9hx","previousEventId":"v05ow640mw4vz6k","operationId":"ge8soncg5nznsu9"}
{"type":"operationEnd","operationId":"ge8soncg5nznsu9","timestamp":1677087793620,"id":"rmbuyd8xuwao8ou","previousEventId":"e5tdqrn5cuchhdf","previousOperationId":"9zkmv4mdrhq08c2"}
{"type":"operationEnd","operationId":"28jvbpk6a1umn39","timestamp":1677087793620,"id":"f4okor78wd2z5vb","previousEventId":"rmbuyd8xuwao8ou","previousOperationId":"9zkmv4mdrhq08c2"}
{"type":"log","timestamp":1677087793620,"level":"debug","message":"Base url not specified, skipping its injection.","meta":{"rootId":"m1p51rbtzekjor2","id":"m1p51rbtzekjor2"},"id":"jygxxf0ezf5gg1v","previousOperationId":"28jvbpk6a1umn39"}
{"type":"operationStart","subtype":"engine","name":"handlebars","timestamp":1677087793620,"id":"sq5w9rws5ak8sov","previousEventId":"f4okor78wd2z5vb","operationId":"8a9h927m6tjjbvw","previousOperationId":"28jvbpk6a1umn39"}
{"type":"log","timestamp":1677087793620,"level":"debug","message":"Rendering engine handlebars","meta":{"rootId":"m1p51rbtzekjor2","id":"m1p51rbtzekjor2"},"id":"zsi5jkrb5g9klk7","previousOperationId":"8a9h927m6tjjbvw"}
{"type":"log","timestamp":1677087793635,"level":"debug","message":"(console:log) Pdf utils adding group field, value: \"France\"","meta":{"userLevel":true,"rootId":"m1p51rbtzekjor2","id":"m1p51rbtzekjor2"},"id":"pdztakhb8mk38ri","previousOperationId":"8a9h927m6tjjbvw"}
{"type":"log","timestamp":1677087793636,"level":"debug","message":"(console:log) Pdf utils adding group field, value: \"Germany\"","meta":{"userLevel":true,"rootId":"m1p51rbtzekjor2","id":"m1p51rbtzekjor2"},"id":"72hcpox8245gkmm","previousOperationId":"8a9h927m6tjjbvw"}
{"type":"operationEnd","operationId":"8a9h927m6tjjbvw","timestamp":1677087793636,"id":"kn3zf3mqcvaqq80","previousEventId":"sq5w9rws5ak8sov","previousOperationId":"8a9h927m6tjjbvw"}
{"type":"operationStart","subtype":"recipe","name":"chrome-pdf","timestamp":1677087793637,"id":"8hwze3xl6axuxmu","previousEventId":"kn3zf3mqcvaqq80","operationId":"090gm784um916b9","previousOperationId":"8a9h927m6tjjbvw"}
{"type":"log","timestamp":1677087793637,"level":"debug","message":"Executing recipe chrome-pdf","meta":{"rootId":"m1p51rbtzekjor2","id":"m1p51rbtzekjor2"},"id":"f5puqhnfmtwynik","previousOperationId":"090gm784um916b9"}
{"type":"log","timestamp":1677087793641,"level":"debug","message":"Converting with chrome HeadlessChrome/105.0.5173.0 using chrome-pool strategy","meta":{"rootId":"m1p51rbtzekjor2","id":"m1p51rbtzekjor2"},"id":"eizdjk82abyu6un","previousOperationId":"090gm784um916b9"}
{"type":"log","timestamp":1677087793727,"level":"debug","message":"Page request: GET (document) file:///C:/Users/Kris/AppData/Local/Temp/jsreport/autocleanup/7532919a-e4db-4246-ac4b-45d63595d571-chrome-pdf.html","meta":{"rootId":"m1p51rbtzekjor2","id":"m1p51rbtzekjor2"},"id":"cr09uw8f0e5u5sj","previousOperationId":"090gm784um916b9"}
{"type":"log","timestamp":1677087793742,"level":"debug","message":"Page request finished: GET (document) 200 file:///C:/Users/Kris/AppData/Local/Temp/jsreport/autocleanup/7532919a-e4db-4246-ac4b-45d63595d571-chrome-pdf.html","meta":{"rootId":"m1p51rbtzekjor2","id":"m1p51rbtzekjor2"},"id":"w416t6wu7jzdoev","previousOperationId":"090gm784um916b9"}
{"type":"log","timestamp":1677087793742,"level":"debug","message":"Page request: GET (stylesheet) https://cdnjs.cloudflare.com/ajax/libs/metro/4.1.5/css/metro.min.css","meta":{"rootId":"m1p51rbtzekjor2","id":"m1p51rbtzekjor2"},"id":"okghf26l59xhac4","previousOperationId":"090gm784um916b9"}
{"type":"log","timestamp":1677087793742,"level":"debug","message":"Page request: GET (script) https://cdnjs.cloudflare.com/ajax/libs/Chart.js/2.7.2/Chart.min.js","meta":{"rootId":"m1p51rbtzekjor2","id":"m1p51rbtzekjor2"},"id":"qrcqlf6pxmb7zil","previousOperationId":"090gm784um916b9"}
{"type":"log","timestamp":1677087793749,"level":"debug","message":"Page request finished: GET (script) 200 https://cdnjs.cloudflare.com/ajax/libs/Chart.js/2.7.2/Chart.min.js","meta":{"rootId":"m1p51rbtzekjor2","id":"m1p51rbtzekjor2"},"id":"m7fiqr8hydfstxh","previousOperationId":"090gm784um916b9"}
{"type":"log","timestamp":1677087793764,"level":"debug","message":"Page request finished: GET (stylesheet) 200 https://cdnjs.cloudflare.com/ajax/libs/metro/4.1.5/css/metro.min.css","meta":{"rootId":"m1p51rbtzekjor2","id":"m1p51rbtzekjor2"},"id":"r9c5pt732mrmo9t","previousOperationId":"090gm784um916b9"}
{"type":"log","timestamp":1677087793818,"level":"debug","message":"Running chrome with params {\"printBackground\":true,\"marginTop\":\"4cm\",\"marginRight\":\"1.5cm\",\"marginBottom\":\"1.5cm\",\"marginLeft\":\"1.5cm\",\"waitForJS\":false,\"timeout\":58567,\"margin\":{\"top\":\"4cm\",\"right\":\"1.5cm\",\"bottom\":\"1.5cm\",\"left\":\"1.5cm\"}}","meta":{"rootId":"m1p51rbtzekjor2","id":"m1p51rbtzekjor2"},"id":"41852syzgim0g87","previousOperationId":"090gm784um916b9"}
{"type":"operationEnd","operationId":"090gm784um916b9","timestamp":1677087793989,"id":"38o3uxdpe3wuapw","previousEventId":"8hwze3xl6axuxmu","previousOperationId":"090gm784um916b9"}
{"type":"log","timestamp":1677087793989,"level":"info","message":"pdf-utils is starting pdf processing","meta":{"rootId":"m1p51rbtzekjor2","id":"m1p51rbtzekjor2"},"id":"4lsxgckb4rlua75","previousOperationId":"090gm784um916b9"}
{"type":"operationStart","subtype":"pdfUtils","name":"pdf utils","timestamp":1677087793989,"id":"mev2yxw9bgca511","previousEventId":"38o3uxdpe3wuapw","operationId":"v7ise2absqjpc9o","previousOperationId":"090gm784um916b9"}
{"type":"log","timestamp":1677087793989,"level":"debug","message":"pdf-utils detected 1 pdf operation(s) to process","meta":{"rootId":"m1p51rbtzekjor2","id":"m1p51rbtzekjor2"},"id":"f87b3qu3f1lozby","previousOperationId":"v7ise2absqjpc9o"}
{"type":"log","timestamp":1677087794036,"level":"debug","message":"pdf-utils running pdf operation merge","meta":{"rootId":"m1p51rbtzekjor2","id":"m1p51rbtzekjor2"},"id":"ltz3rh1xnswr911","previousOperationId":"v7ise2absqjpc9o"}
{"type":"operationStart","subtype":"pdfUtilsMerge","name":"pdf utils merge","previousOperationId":"v7ise2absqjpc9o","timestamp":1677087794036,"id":"9uqlchrdxbudzj0","previousEventId":"mev2yxw9bgca511","operationId":"2h6d1tfz02f29t3"}
{"type":"operationStart","subtype":"render","name":"orders-header","previousOperationId":"2h6d1tfz02f29t3","timestamp":1677087794037,"id":"c85b1yyc07hyucu","previousEventId":"9uqlchrdxbudzj0","operationId":"qe34bv4d87jk45r"}
{"type":"log","timestamp":1677087794037,"level":"info","message":"Starting rendering (child) request","meta":{"rootId":"m1p51rbtzekjor2","id":"hzrx2qwx9v12hjb"},"id":"v1krkp90ly3rafl","previousOperationId":"qe34bv4d87jk45r"}
{"type":"log","timestamp":1677087794037,"level":"info","message":"Rendering template { name: orders-header, recipe: chrome-pdf, engine: handlebars, preview: true }","meta":{"rootId":"m1p51rbtzekjor2","id":"hzrx2qwx9v12hjb"},"id":"9y3bzmdxyng5grp","previousOperationId":"qe34bv4d87jk45r"}
{"type":"log","timestamp":1677087794048,"level":"debug","message":"Inline data specified.","meta":{"rootId":"m1p51rbtzekjor2","id":"hzrx2qwx9v12hjb"},"id":"ktw1now8c09ssfj","previousOperationId":"qe34bv4d87jk45r"}
{"type":"log","timestamp":1677087794062,"level":"debug","message":"Base url not specified, skipping its injection.","meta":{"rootId":"m1p51rbtzekjor2","id":"hzrx2qwx9v12hjb"},"id":"3xjus5uz1kraioo","previousOperationId":"qe34bv4d87jk45r"}
{"type":"operationStart","subtype":"engine","name":"handlebars","timestamp":1677087794062,"id":"fqbacm43nxlk76l","previousEventId":"c85b1yyc07hyucu","operationId":"1wpt931yqoqz17d","previousOperationId":"qe34bv4d87jk45r"}
{"type":"log","timestamp":1677087794062,"level":"debug","message":"Rendering engine handlebars","meta":{"rootId":"m1p51rbtzekjor2","id":"hzrx2qwx9v12hjb"},"id":"lnitz1mvfltk02o","previousOperationId":"1wpt931yqoqz17d"}
{"type":"operationEnd","operationId":"1wpt931yqoqz17d","timestamp":1677087794082,"id":"02dmvaze4vduoci","previousEventId":"fqbacm43nxlk76l","previousOperationId":"1wpt931yqoqz17d"}
{"type":"operationStart","subtype":"recipe","name":"chrome-pdf","timestamp":1677087794083,"id":"w4ycjkw229mglue","previousEventId":"02dmvaze4vduoci","operationId":"m7gwxtfxshf59jt","previousOperationId":"1wpt931yqoqz17d"}
{"type":"log","timestamp":1677087794083,"level":"debug","message":"Executing recipe chrome-pdf","meta":{"rootId":"m1p51rbtzekjor2","id":"hzrx2qwx9v12hjb"},"id":"1lm0b535wuc3vjt","previousOperationId":"m7gwxtfxshf59jt"}
{"type":"log","timestamp":1677087794088,"level":"debug","message":"Converting with chrome HeadlessChrome/105.0.5173.0 using chrome-pool strategy","meta":{"rootId":"m1p51rbtzekjor2","id":"hzrx2qwx9v12hjb"},"id":"551tu5zn7v20nk2","previousOperationId":"m7gwxtfxshf59jt"}
{"type":"log","timestamp":1677087794170,"level":"debug","message":"Page request: GET (document) file:///C:/Users/Kris/AppData/Local/Temp/jsreport/autocleanup/e99de1dd-0227-42d5-a77b-fe70ac865afe-chrome-pdf.html","meta":{"rootId":"m1p51rbtzekjor2","id":"hzrx2qwx9v12hjb"},"id":"ngzlxiytp9k9c4v","previousOperationId":"m7gwxtfxshf59jt"}
{"type":"log","timestamp":1677087794178,"level":"debug","message":"Page request finished: GET (document) 200 file:///C:/Users/Kris/AppData/Local/Temp/jsreport/autocleanup/e99de1dd-0227-42d5-a77b-fe70ac865afe-chrome-pdf.html","meta":{"rootId":"m1p51rbtzekjor2","id":"hzrx2qwx9v12hjb"},"id":"e2tjlv7zu6a704q","previousOperationId":"m7gwxtfxshf59jt"}
{"type":"log","timestamp":1677087794178,"level":"debug","message":"Page request: GET (stylesheet) https://cdnjs.cloudflare.com/ajax/libs/metro/4.1.5/css/metro.min.css","meta":{"rootId":"m1p51rbtzekjor2","id":"hzrx2qwx9v12hjb"},"id":"44o3lzwffdh6snb","previousOperationId":"m7gwxtfxshf59jt"}
{"type":"log","timestamp":1677087794198,"level":"debug","message":"Page request finished: GET (stylesheet) 200 https://cdnjs.cloudflare.com/ajax/libs/metro/4.1.5/css/metro.min.css","meta":{"rootId":"m1p51rbtzekjor2","id":"hzrx2qwx9v12hjb"},"id":"eyi9w2ij49n1bzw","previousOperationId":"m7gwxtfxshf59jt"}
{"type":"log","timestamp":1677087794219,"level":"debug","message":"Running chrome with params {\"printBackground\":true,\"marginTop\":\"1.5cm\",\"marginRight\":\"1.5cm\",\"marginLeft\":\"1.cm\",\"timeout\":58120,\"margin\":{\"top\":\"1.5cm\",\"right\":\"1.5cm\",\"left\":\"1.cm\"}}","meta":{"rootId":"m1p51rbtzekjor2","id":"hzrx2qwx9v12hjb"},"id":"qyw9mtf0vvqje7r","previousOperationId":"m7gwxtfxshf59jt"}
{"type":"operationEnd","operationId":"m7gwxtfxshf59jt","timestamp":1677087794277,"id":"nqpzkrgd29rj9i5","previousEventId":"w4ycjkw229mglue","previousOperationId":"m7gwxtfxshf59jt"}
{"type":"log","timestamp":1677087794277,"level":"debug","message":"Skipping storing report.","meta":{"rootId":"m1p51rbtzekjor2","id":"hzrx2qwx9v12hjb"},"id":"vbtvzoegizj2sev","previousOperationId":"m7gwxtfxshf59jt"}
{"type":"log","timestamp":1677087794277,"level":"info","message":"Rendering (child) request finished in 2070 ms","meta":{"rootId":"m1p51rbtzekjor2","id":"hzrx2qwx9v12hjb"},"id":"ifler3ze05u0vzy","previousOperationId":"m7gwxtfxshf59jt"}
{"type":"operationEnd","subtype":"render","operationId":"qe34bv4d87jk45r","timestamp":1677087794277,"id":"l9731mva8reueo6","previousEventId":"nqpzkrgd29rj9i5","previousOperationId":"m7gwxtfxshf59jt"}
{"type":"operationEnd","operationId":"2h6d1tfz02f29t3","timestamp":1677087794291,"id":"lzhtxjtdnbyyi8i","previousEventId":"9uqlchrdxbudzj0","previousOperationId":"2h6d1tfz02f29t3"}
{"type":"log","timestamp":1677087794291,"level":"debug","message":"pdf-utils postproces start","meta":{"rootId":"m1p51rbtzekjor2","id":"m1p51rbtzekjor2"},"id":"qm9w1dno8r847vn","previousOperationId":"2h6d1tfz02f29t3"}
{"type":"log","timestamp":1677087794306,"level":"debug","message":"pdf-utils postproces end","meta":{"rootId":"m1p51rbtzekjor2","id":"m1p51rbtzekjor2"},"id":"oj0wf32oiinpz7p","previousOperationId":"2h6d1tfz02f29t3"}
{"type":"operationEnd","operationId":"v7ise2absqjpc9o","timestamp":1677087794306,"id":"d65hauxck32y76o","previousEventId":"lzhtxjtdnbyyi8i","previousOperationId":"2h6d1tfz02f29t3"}
{"type":"log","timestamp":1677087794306,"level":"info","message":"pdf-utils pdf processing was finished","meta":{"rootId":"m1p51rbtzekjor2","id":"m1p51rbtzekjor2"},"id":"4wt1shw5bfgnlgd","previousOperationId":"v7ise2absqjpc9o"}
{"type":"log","timestamp":1677087794306,"level":"debug","message":"Skipping storing report.","meta":{"rootId":"m1p51rbtzekjor2","id":"m1p51rbtzekjor2"},"id":"98iy6aw22xiy6mj","previousOperationId":"v7ise2absqjpc9o"}
{"type":"log","timestamp":1677087794306,"level":"info","message":"Rendering request 9 finished in 2099 ms","meta":{"rootId":"m1p51rbtzekjor2","id":"m1p51rbtzekjor2"},"id":"0wteprtgz7bc7js","previousOperationId":"v7ise2absqjpc9o"}
{"type":"operationEnd","subtype":"render","operationId":"9zkmv4mdrhq08c2","timestamp":1677087794306,"id":"nq8r13mvxyc0hmk","previousEventId":"d65hauxck32y76o","previousOperationId":"v7ise2absqjpc9o"}
{"type":"operationEnd","doDiffs":false,"previousEventId":"vhmq899x1bf5ct5","previousOperationId":"6fj1m58cnennesp","operationId":"6fj1m58cnennesp","timestamp":1677087794315,"id":"sobnf1910yxa79s"}
