{"type":"operationStart","subtype":"profile","data":{"_id":"F9qXuesUyodwAaFr","timestamp":"2023-02-22T18:27:12.026Z","state":"queued","mode":"standard","creationDate":"2023-02-22T18:27:12.029Z","modificationDate":"2023-02-22T18:27:12.029Z","shortid":"FVMVvl4","$entitySet":"profiles"},"doDiffs":false,"timestamp":1677090432028,"id":"jisslu13xwoyrov","previousOperationId":null,"operationId":"9jjlr7mzq3awwnh"}
{"type":"log","level":"info","message":"Render request 100 queued for execution and waiting for available worker","previousOperationId":"9jjlr7mzq3awwnh","timestamp":1677090432028,"id":"5nbnixz4tz0gbeq"}
{"type":"operationStart","subtype":"render","name":"orders-main","previousOperationId":"9jjlr7mzq3awwnh","timestamp":1677090432040,"id":"xsirztq437cggu6","previousEventId":"jisslu13xwoyrov","operationId":"jjnpkiw6bv7xero"}
{"type":"log","timestamp":1677090432040,"level":"info","message":"Starting rendering request 100","meta":{"rootId":"mhyaq5t4bny4ao7","id":"mhyaq5t4bny4ao7"},"id":"ku2icll6ji9mkr1","previousOperationId":"jjnpkiw6bv7xero"}
{"type":"log","timestamp":1677090432040,"level":"info","message":"Rendering template { name: orders-main, recipe: chrome-pdf, engine: handlebars, preview: true }","meta":{"rootId":"mhyaq5t4bny4ao7","id":"mhyaq5t4bny4ao7"},"id":"oec3v9ipxzdyir0","previousOperationId":"jjnpkiw6bv7xero"}
{"type":"log","timestamp":1677090432044,"level":"debug","message":"Data item not defined for this template.","meta":{"rootId":"mhyaq5t4bny4ao7","id":"mhyaq5t4bny4ao7"},"id":"zamgrs3j9howovt","previousOperationId":"jjnpkiw6bv7xero"}
{"type":"log","timestamp":1677090432046,"level":"debug","message":"Executing script orders-script (beforeRender)","meta":{"rootId":"mhyaq5t4bny4ao7","id":"mhyaq5t4bny4ao7"},"id":"w7yc2buf66lsz0j","previousOperationId":"jjnpkiw6bv7xero"}
{"type":"operationStart","subtype":"scriptsBeforeRender","name":"scripts beforeRender","timestamp":1677090432056,"id":"8jxs4ykf7u8fat9","previousEventId":"xsirztq437cggu6","operationId":"36xm1mlr55vzze8","previousOperationId":"jjnpkiw6bv7xero"}
{"type":"operationStart","subtype":"script","name":"scripts orders-script","previousOperationId":"36xm1mlr55vzze8","timestamp":1677090432056,"id":"684hrtorwcdvvwn","previousEventId":"8jxs4ykf7u8fat9","operationId":"j9aqxjompp6y6y1"}
{"type":"operationEnd","operationId":"j9aqxjompp6y6y1","timestamp":1677090433485,"id":"wpz4eqnhbl6134g","previousEventId":"xsirztq437cggu6","previousOperationId":"jjnpkiw6bv7xero"}
{"type":"operationEnd","operationId":"36xm1mlr55vzze8","timestamp":1677090433485,"id":"qhs41uimgcptqck","previousEventId":"wpz4eqnhbl6134g","previousOperationId":"jjnpkiw6bv7xero"}
{"type":"log","timestamp":1677090433485,"level":"debug","message":"Base url not specified, skipping its injection.","meta":{"rootId":"mhyaq5t4bny4ao7","id":"mhyaq5t4bny4ao7"},"id":"iuac1qgiopmyucq","previousOperationId":"36xm1mlr55vzze8"}
{"type":"operationStart","subtype":"engine","name":"handlebars","timestamp":1677090433485,"id":"epavrahr5pv601n","previousEventId":"qhs41uimgcptqck","operationId":"5k3ib5cret4y8vc","previousOperationId":"36xm1mlr55vzze8"}
{"type":"log","timestamp":1677090433485,"level":"debug","message":"Rendering engine handlebars","meta":{"rootId":"mhyaq5t4bny4ao7","id":"mhyaq5t4bny4ao7"},"id":"xvaeujrueo839zh","previousOperationId":"5k3ib5cret4y8vc"}
{"type":"operationEnd","operationId":"5k3ib5cret4y8vc","timestamp":1677090433495,"id":"2i77487v18o3edc","previousEventId":"epavrahr5pv601n","previousOperationId":"5k3ib5cret4y8vc"}
{"type":"operationStart","subtype":"recipe","name":"chrome-pdf","timestamp":1677090433495,"id":"bkmy1gpqqpz1iue","previousEventId":"2i77487v18o3edc","operationId":"bcsge9llojk83z3","previousOperationId":"5k3ib5cret4y8vc"}
{"type":"log","timestamp":1677090433495,"level":"debug","message":"Executing recipe chrome-pdf","meta":{"rootId":"mhyaq5t4bny4ao7","id":"mhyaq5t4bny4ao7"},"id":"tyspvslm8qiljjb","previousOperationId":"bcsge9llojk83z3"}
{"type":"log","timestamp":1677090433497,"level":"debug","message":"Converting with chrome HeadlessChrome/105.0.5173.0 using chrome-pool strategy","meta":{"rootId":"mhyaq5t4bny4ao7","id":"mhyaq5t4bny4ao7"},"id":"mchwutttgtyxu7e","previousOperationId":"bcsge9llojk83z3"}
{"type":"log","timestamp":1677090433579,"level":"debug","message":"Page request: GET (document) file:///C:/Users/Kris/AppData/Local/Temp/jsreport/autocleanup/00b505a8-a50b-4c20-992a-5635c9be450d-chrome-pdf.html","meta":{"rootId":"mhyaq5t4bny4ao7","id":"mhyaq5t4bny4ao7"},"id":"gyxpfq4eelnjyl2","previousOperationId":"bcsge9llojk83z3"}
{"type":"log","timestamp":1677090433592,"level":"debug","message":"Page request finished: GET (document) 200 file:///C:/Users/Kris/AppData/Local/Temp/jsreport/autocleanup/00b505a8-a50b-4c20-992a-5635c9be450d-chrome-pdf.html","meta":{"rootId":"mhyaq5t4bny4ao7","id":"mhyaq5t4bny4ao7"},"id":"dqdntszh56nl6v9","previousOperationId":"bcsge9llojk83z3"}
{"type":"log","timestamp":1677090433592,"level":"debug","message":"Page request: GET (stylesheet) https://cdnjs.cloudflare.com/ajax/libs/metro/4.1.5/css/metro.min.css","meta":{"rootId":"mhyaq5t4bny4ao7","id":"mhyaq5t4bny4ao7"},"id":"du8zh28z4498p65","previousOperationId":"bcsge9llojk83z3"}
{"type":"log","timestamp":1677090433592,"level":"debug","message":"Page request: GET (script) https://cdnjs.cloudflare.com/ajax/libs/Chart.js/2.7.2/Chart.min.js","meta":{"rootId":"mhyaq5t4bny4ao7","id":"mhyaq5t4bny4ao7"},"id":"3c57rvb857xjf40","previousOperationId":"bcsge9llojk83z3"}
{"type":"log","timestamp":1677090433597,"level":"debug","message":"Page request finished: GET (script) 200 https://cdnjs.cloudflare.com/ajax/libs/Chart.js/2.7.2/Chart.min.js","meta":{"rootId":"mhyaq5t4bny4ao7","id":"mhyaq5t4bny4ao7"},"id":"bchhvikahy5xbm0","previousOperationId":"bcsge9llojk83z3"}
{"type":"log","timestamp":1677090433612,"level":"debug","message":"Page request finished: GET (stylesheet) 200 https://cdnjs.cloudflare.com/ajax/libs/metro/4.1.5/css/metro.min.css","meta":{"rootId":"mhyaq5t4bny4ao7","id":"mhyaq5t4bny4ao7"},"id":"lnpjcn5dmxplgq6","previousOperationId":"bcsge9llojk83z3"}
{"type":"log","timestamp":1677090433658,"level":"debug","message":"Running chrome with params {\"printBackground\":true,\"marginTop\":\"4cm\",\"marginRight\":\"1.5cm\",\"marginBottom\":\"1.5cm\",\"marginLeft\":\"1.5cm\",\"waitForJS\":false,\"timeout\":58530,\"margin\":{\"top\":\"4cm\",\"right\":\"1.5cm\",\"bottom\":\"1.5cm\",\"left\":\"1.5cm\"}}","meta":{"rootId":"mhyaq5t4bny4ao7","id":"mhyaq5t4bny4ao7"},"id":"x60n97u1zi70unv","previousOperationId":"bcsge9llojk83z3"}
{"type":"operationEnd","operationId":"bcsge9llojk83z3","timestamp":1677090433786,"id":"ew27juci20dkxgx","previousEventId":"bkmy1gpqqpz1iue","previousOperationId":"bcsge9llojk83z3"}
{"type":"log","timestamp":1677090433786,"level":"info","message":"pdf-utils is starting pdf processing","meta":{"rootId":"mhyaq5t4bny4ao7","id":"mhyaq5t4bny4ao7"},"id":"9zw02pqksaf5b82","previousOperationId":"bcsge9llojk83z3"}
{"type":"operationStart","subtype":"pdfUtils","name":"pdf utils","timestamp":1677090433786,"id":"7uu80ir23h37znn","previousEventId":"ew27juci20dkxgx","operationId":"sn7b284vz6jimnm","previousOperationId":"bcsge9llojk83z3"}
{"type":"log","timestamp":1677090433786,"level":"debug","message":"pdf-utils detected 1 pdf operation(s) to process","meta":{"rootId":"mhyaq5t4bny4ao7","id":"mhyaq5t4bny4ao7"},"id":"mdr6jknhvhmdl6o","previousOperationId":"sn7b284vz6jimnm"}
{"type":"log","timestamp":1677090433826,"level":"debug","message":"pdf-utils running pdf operation merge","meta":{"rootId":"mhyaq5t4bny4ao7","id":"mhyaq5t4bny4ao7"},"id":"h63klf3cc5isvsm","previousOperationId":"sn7b284vz6jimnm"}
{"type":"operationStart","subtype":"pdfUtilsMerge","name":"pdf utils merge","previousOperationId":"sn7b284vz6jimnm","timestamp":1677090433826,"id":"hjyk15fiexduppa","previousEventId":"7uu80ir23h37znn","operationId":"ax3dlgj1xg6ruhx"}
{"type":"operationStart","subtype":"render","name":"orders-header","previousOperationId":"ax3dlgj1xg6ruhx","timestamp":1677090433828,"id":"bq19z7jpsbzpmhn","previousEventId":"hjyk15fiexduppa","operationId":"0zqkvpc5urs908j"}
{"type":"log","timestamp":1677090433828,"level":"info","message":"Starting rendering (child) request","meta":{"rootId":"mhyaq5t4bny4ao7","id":"7jd50lqxtdy2uvx"},"id":"ruyp2ivwko55l1j","previousOperationId":"0zqkvpc5urs908j"}
{"type":"log","timestamp":1677090433828,"level":"info","message":"Rendering template { name: orders-header, recipe: chrome-pdf, engine: handlebars, preview: true }","meta":{"rootId":"mhyaq5t4bny4ao7","id":"7jd50lqxtdy2uvx"},"id":"ghkwmt5220d2thp","previousOperationId":"0zqkvpc5urs908j"}
{"type":"log","timestamp":1677090433828,"level":"debug","message":"Inline data specified.","meta":{"rootId":"mhyaq5t4bny4ao7","id":"7jd50lqxtdy2uvx"},"id":"0oxhpx6kg050zhh","previousOperationId":"0zqkvpc5urs908j"}
{"type":"log","timestamp":1677090433830,"level":"debug","message":"Base url not specified, skipping its injection.","meta":{"rootId":"mhyaq5t4bny4ao7","id":"7jd50lqxtdy2uvx"},"id":"nyqc1ycekdws0v0","previousOperationId":"0zqkvpc5urs908j"}
{"type":"operationStart","subtype":"engine","name":"handlebars","timestamp":1677090433830,"id":"hxcn66ibhcmqy86","previousEventId":"bq19z7jpsbzpmhn","operationId":"dw41ac1g7kxcri5","previousOperationId":"0zqkvpc5urs908j"}
{"type":"log","timestamp":1677090433830,"level":"debug","message":"Rendering engine handlebars","meta":{"rootId":"mhyaq5t4bny4ao7","id":"7jd50lqxtdy2uvx"},"id":"renzfulx76ephii","previousOperationId":"dw41ac1g7kxcri5"}
{"type":"operationEnd","operationId":"dw41ac1g7kxcri5","timestamp":1677090433846,"id":"j0pofi3jubs4csn","previousEventId":"hxcn66ibhcmqy86","previousOperationId":"dw41ac1g7kxcri5"}
{"type":"operationStart","subtype":"recipe","name":"chrome-pdf","timestamp":1677090433846,"id":"249ratvu86n7p4e","previousEventId":"j0pofi3jubs4csn","operationId":"i978g1gmgkxumly","previousOperationId":"dw41ac1g7kxcri5"}
{"type":"log","timestamp":1677090433846,"level":"debug","message":"Executing recipe chrome-pdf","meta":{"rootId":"mhyaq5t4bny4ao7","id":"7jd50lqxtdy2uvx"},"id":"k37fxtsdxykzguv","previousOperationId":"i978g1gmgkxumly"}
{"type":"log","timestamp":1677090433849,"level":"debug","message":"Converting with chrome HeadlessChrome/105.0.5173.0 using chrome-pool strategy","meta":{"rootId":"mhyaq5t4bny4ao7","id":"7jd50lqxtdy2uvx"},"id":"ed2qhgedkqacsp3","previousOperationId":"i978g1gmgkxumly"}
{"type":"log","timestamp":1677090433934,"level":"debug","message":"Page request: GET (document) file:///C:/Users/Kris/AppData/Local/Temp/jsreport/autocleanup/58384a0b-c509-4cc5-abfa-56e3afdcf913-chrome-pdf.html","meta":{"rootId":"mhyaq5t4bny4ao7","id":"7jd50lqxtdy2uvx"},"id":"4r8b0kjjc201n9a","previousOperationId":"i978g1gmgkxumly"}
{"type":"log","timestamp":1677090433942,"level":"debug","message":"Page request finished: GET (document) 200 file:///C:/Users/Kris/AppData/Local/Temp/jsreport/autocleanup/58384a0b-c509-4cc5-abfa-56e3afdcf913-chrome-pdf.html","meta":{"rootId":"mhyaq5t4bny4ao7","id":"7jd50lqxtdy2uvx"},"id":"90aor9k84u66gw8","previousOperationId":"i978g1gmgkxumly"}
{"type":"log","timestamp":1677090433942,"level":"debug","message":"Page request: GET (stylesheet) https://cdnjs.cloudflare.com/ajax/libs/metro/4.1.5/css/metro.min.css","meta":{"rootId":"mhyaq5t4bny4ao7","id":"7jd50lqxtdy2uvx"},"id":"btr89wihlckqnri","previousOperationId":"i978g1gmgkxumly"}
{"type":"log","timestamp":1677090433962,"level":"debug","message":"Page request finished: GET (stylesheet) 200 https://cdnjs.cloudflare.com/ajax/libs/metro/4.1.5/css/metro.min.css","meta":{"rootId":"mhyaq5t4bny4ao7","id":"7jd50lqxtdy2uvx"},"id":"eh8rxqw45olc92t","previousOperationId":"i978g1gmgkxumly"}
{"type":"log","timestamp":1677090433981,"level":"debug","message":"Running chrome with params {\"printBackground\":true,\"marginTop\":\"1.5cm\",\"marginRight\":\"1.5cm\",\"marginLeft\":\"1.cm\",\"timeout\":58178,\"margin\":{\"top\":\"1.5cm\",\"right\":\"1.5cm\",\"left\":\"1.cm\"}}","meta":{"rootId":"mhyaq5t4bny4ao7","id":"7jd50lqxtdy2uvx"},"id":"iz3emjd08fhsdur","previousOperationId":"i978g1gmgkxumly"}
{"type":"operationEnd","operationId":"i978g1gmgkxumly","timestamp":1677090434032,"id":"qp7bwij2dnrsvf5","previousEventId":"249ratvu86n7p4e","previousOperationId":"i978g1gmgkxumly"}
{"type":"log","timestamp":1677090434032,"level":"debug","message":"Skipping storing report.","meta":{"rootId":"mhyaq5t4bny4ao7","id":"7jd50lqxtdy2uvx"},"id":"3ab3ob2vlpqvgy9","previousOperationId":"i978g1gmgkxumly"}
{"type":"log","timestamp":1677090434032,"level":"info","message":"Rendering (child) request finished in 2006 ms","meta":{"rootId":"mhyaq5t4bny4ao7","id":"7jd50lqxtdy2uvx"},"id":"e587e6h1fj8d7rx","previousOperationId":"i978g1gmgkxumly"}
{"type":"operationEnd","subtype":"render","operationId":"0zqkvpc5urs908j","timestamp":1677090434032,"id":"rz95w7stsjljknh","previousEventId":"qp7bwij2dnrsvf5","previousOperationId":"i978g1gmgkxumly"}
{"type":"operationEnd","operationId":"ax3dlgj1xg6ruhx","timestamp":1677090434042,"id":"07051297xf7xdia","previousEventId":"hjyk15fiexduppa","previousOperationId":"ax3dlgj1xg6ruhx"}
{"type":"log","timestamp":1677090434042,"level":"debug","message":"pdf-utils postproces start","meta":{"rootId":"mhyaq5t4bny4ao7","id":"mhyaq5t4bny4ao7"},"id":"l8epj1nyh0nx7z9","previousOperationId":"ax3dlgj1xg6ruhx"}
{"type":"log","timestamp":1677090434051,"level":"debug","message":"pdf-utils postproces end","meta":{"rootId":"mhyaq5t4bny4ao7","id":"mhyaq5t4bny4ao7"},"id":"vmm5tigfaw27hq1","previousOperationId":"ax3dlgj1xg6ruhx"}
{"type":"operationEnd","operationId":"sn7b284vz6jimnm","timestamp":1677090434051,"id":"k8qhf4pdv4m18ip","previousEventId":"07051297xf7xdia","previousOperationId":"ax3dlgj1xg6ruhx"}
{"type":"log","timestamp":1677090434051,"level":"info","message":"pdf-utils pdf processing was finished","meta":{"rootId":"mhyaq5t4bny4ao7","id":"mhyaq5t4bny4ao7"},"id":"f0mivyq0udjc15e","previousOperationId":"sn7b284vz6jimnm"}
{"type":"log","timestamp":1677090434051,"level":"debug","message":"Skipping storing report.","meta":{"rootId":"mhyaq5t4bny4ao7","id":"mhyaq5t4bny4ao7"},"id":"0rsz82a2snq4sqi","previousOperationId":"sn7b284vz6jimnm"}
{"type":"log","timestamp":1677090434051,"level":"info","message":"Rendering request 100 finished in 2025 ms","meta":{"rootId":"mhyaq5t4bny4ao7","id":"mhyaq5t4bny4ao7"},"id":"fg39h9nizmkmzhv","previousOperationId":"sn7b284vz6jimnm"}
{"type":"operationEnd","subtype":"render","operationId":"jjnpkiw6bv7xero","timestamp":1677090434051,"id":"tio1na4lwuivybe","previousEventId":"k8qhf4pdv4m18ip","previousOperationId":"sn7b284vz6jimnm"}
{"type":"operationEnd","doDiffs":false,"previousEventId":"jisslu13xwoyrov","previousOperationId":"9jjlr7mzq3awwnh","operationId":"9jjlr7mzq3awwnh","timestamp":1677090434060,"id":"lwebuuk2fta7a1r"}
