{"type":"operationStart","subtype":"profile","data":{"_id":"MwcQeQcz5ovzF133","timestamp":"2023-02-16T17:19:58.928Z","state":"queued","mode":"standard","creationDate":"2023-02-16T17:19:58.930Z","modificationDate":"2023-02-16T17:19:58.930Z","shortid":"33NNpGi","$entitySet":"profiles"},"doDiffs":false,"timestamp":1676567998929,"id":"fiamq51bdxfcqvd","previousOperationId":null,"operationId":"4nlsudgdkwe6yss"}
{"type":"log","level":"info","message":"Render request 5 queued for execution and waiting for available worker","previousOperationId":"4nlsudgdkwe6yss","timestamp":1676567998929,"id":"g30ebxb8fcg9t6f"}
{"type":"operationStart","subtype":"render","name":"orders-main","previousOperationId":"4nlsudgdkwe6yss","timestamp":1676567998943,"id":"wbq50nth6p0sxsy","previousEventId":"fiamq51bdxfcqvd","operationId":"61hq9xbc24jw2vs"}
{"type":"log","timestamp":1676567998943,"level":"info","message":"Starting rendering request 5","meta":{"rootId":"nefhydph4bagf5i","id":"nefhydph4bagf5i"},"id":"myaa9qlr5f2bu8i","previousOperationId":"61hq9xbc24jw2vs"}
{"type":"log","timestamp":1676567998943,"level":"info","message":"Rendering template { name: orders-main, recipe: chrome-pdf, engine: handlebars, preview: true }","meta":{"rootId":"nefhydph4bagf5i","id":"nefhydph4bagf5i"},"id":"omg88fpewv94ykb","previousOperationId":"61hq9xbc24jw2vs"}
{"type":"log","timestamp":1676567998945,"level":"debug","message":"Data item not defined for this template.","meta":{"rootId":"nefhydph4bagf5i","id":"nefhydph4bagf5i"},"id":"zmqd6yszs4h1cac","previousOperationId":"61hq9xbc24jw2vs"}
{"type":"log","timestamp":1676567998949,"level":"debug","message":"Executing script orders-script (beforeRender)","meta":{"rootId":"nefhydph4bagf5i","id":"nefhydph4bagf5i"},"id":"3mfkcl6kfvdfg97","previousOperationId":"61hq9xbc24jw2vs"}
{"type":"operationStart","subtype":"scriptsBeforeRender","name":"scripts beforeRender","timestamp":1676567998965,"id":"cad5p8kjs9pjp0p","previousEventId":"wbq50nth6p0sxsy","operationId":"nj9jefwhbczuaez","previousOperationId":"61hq9xbc24jw2vs"}
{"type":"operationStart","subtype":"script","name":"scripts orders-script","previousOperationId":"nj9jefwhbczuaez","timestamp":1676567998965,"id":"5u4hr42e20bsbi8","previousEventId":"cad5p8kjs9pjp0p","operationId":"3f88tydidti5dly"}
{"type":"operationEnd","operationId":"3f88tydidti5dly","timestamp":1676568000166,"id":"p1z0w7yf1zc25oa","previousEventId":"wbq50nth6p0sxsy","previousOperationId":"61hq9xbc24jw2vs"}
{"type":"operationEnd","operationId":"nj9jefwhbczuaez","timestamp":1676568000166,"id":"78vudrgwhxfky34","previousEventId":"p1z0w7yf1zc25oa","previousOperationId":"61hq9xbc24jw2vs"}
{"type":"log","timestamp":1676568000166,"level":"debug","message":"Base url not specified, skipping its injection.","meta":{"rootId":"nefhydph4bagf5i","id":"nefhydph4bagf5i"},"id":"17xhp6jyes00kpq","previousOperationId":"nj9jefwhbczuaez"}
{"type":"operationStart","subtype":"engine","name":"handlebars","timestamp":1676568000166,"id":"shxuvzrksuaxb7a","previousEventId":"78vudrgwhxfky34","operationId":"fzhviszbvdcex8u","previousOperationId":"nj9jefwhbczuaez"}
{"type":"log","timestamp":1676568000166,"level":"debug","message":"Rendering engine handlebars","meta":{"rootId":"nefhydph4bagf5i","id":"nefhydph4bagf5i"},"id":"1souzbfzhub662d","previousOperationId":"fzhviszbvdcex8u"}
{"type":"log","timestamp":1676568000175,"level":"debug","message":"(console:log) Pdf utils adding group field, value: \"France\"","meta":{"userLevel":true,"rootId":"nefhydph4bagf5i","id":"nefhydph4bagf5i"},"id":"dkyiphfrnqlcfzw","previousOperationId":"fzhviszbvdcex8u"}
{"type":"log","timestamp":1676568000175,"level":"debug","message":"(console:log) Pdf utils adding group field, value: \"Germany\"","meta":{"userLevel":true,"rootId":"nefhydph4bagf5i","id":"nefhydph4bagf5i"},"id":"fhwn3fynmklnysy","previousOperationId":"fzhviszbvdcex8u"}
{"type":"operationEnd","operationId":"fzhviszbvdcex8u","timestamp":1676568000176,"id":"jmfrwv3spfzmxz7","previousEventId":"shxuvzrksuaxb7a","previousOperationId":"fzhviszbvdcex8u"}
{"type":"operationStart","subtype":"recipe","name":"chrome-pdf","timestamp":1676568000176,"id":"pdrcga0b1yx44yr","previousEventId":"jmfrwv3spfzmxz7","operationId":"vfi09pyxexpaet6","previousOperationId":"fzhviszbvdcex8u"}
{"type":"log","timestamp":1676568000176,"level":"debug","message":"Executing recipe chrome-pdf","meta":{"rootId":"nefhydph4bagf5i","id":"nefhydph4bagf5i"},"id":"odvep6s8oub5b3m","previousOperationId":"vfi09pyxexpaet6"}
{"type":"log","timestamp":1676568000179,"level":"debug","message":"Converting with chrome HeadlessChrome/105.0.5173.0 using chrome-pool strategy","meta":{"rootId":"nefhydph4bagf5i","id":"nefhydph4bagf5i"},"id":"ewcb03ibr6pjvmm","previousOperationId":"vfi09pyxexpaet6"}
{"type":"log","timestamp":1676568000413,"level":"debug","message":"Page request: GET (document) file:///C:/Users/Kris/AppData/Local/Temp/jsreport/autocleanup/7718b003-071b-4d5d-b48a-70f41aee0035-chrome-pdf.html","meta":{"rootId":"nefhydph4bagf5i","id":"nefhydph4bagf5i"},"id":"n9fdxycchqof7yu","previousOperationId":"vfi09pyxexpaet6"}
{"type":"log","timestamp":1676568000452,"level":"debug","message":"Page request finished: GET (document) 200 file:///C:/Users/Kris/AppData/Local/Temp/jsreport/autocleanup/7718b003-071b-4d5d-b48a-70f41aee0035-chrome-pdf.html","meta":{"rootId":"nefhydph4bagf5i","id":"nefhydph4bagf5i"},"id":"2w0801vkgnsiul3","previousOperationId":"vfi09pyxexpaet6"}
{"type":"log","timestamp":1676568000452,"level":"debug","message":"Page request: GET (stylesheet) https://cdnjs.cloudflare.com/ajax/libs/metro/4.1.5/css/metro.min.css","meta":{"rootId":"nefhydph4bagf5i","id":"nefhydph4bagf5i"},"id":"zwa86ln9odkwqsp","previousOperationId":"vfi09pyxexpaet6"}
{"type":"log","timestamp":1676568000452,"level":"debug","message":"Page request: GET (script) https://cdnjs.cloudflare.com/ajax/libs/Chart.js/2.7.2/Chart.min.js","meta":{"rootId":"nefhydph4bagf5i","id":"nefhydph4bagf5i"},"id":"8tfc48rvgegshid","previousOperationId":"vfi09pyxexpaet6"}
{"type":"log","timestamp":1676568000468,"level":"debug","message":"Page request finished: GET (script) 200 https://cdnjs.cloudflare.com/ajax/libs/Chart.js/2.7.2/Chart.min.js","meta":{"rootId":"nefhydph4bagf5i","id":"nefhydph4bagf5i"},"id":"cgakpd524ieknae","previousOperationId":"vfi09pyxexpaet6"}
{"type":"log","timestamp":1676568000485,"level":"debug","message":"Page request finished: GET (stylesheet) 200 https://cdnjs.cloudflare.com/ajax/libs/metro/4.1.5/css/metro.min.css","meta":{"rootId":"nefhydph4bagf5i","id":"nefhydph4bagf5i"},"id":"u9p0kq06u131w1e","previousOperationId":"vfi09pyxexpaet6"}
{"type":"log","timestamp":1676568000580,"level":"debug","message":"Running chrome with params {\"printBackground\":true,\"marginTop\":\"4cm\",\"marginRight\":\"1.5cm\",\"marginBottom\":\"1.5cm\",\"marginLeft\":\"1.5cm\",\"waitForJS\":false,\"timeout\":58750,\"margin\":{\"top\":\"4cm\",\"right\":\"1.5cm\",\"bottom\":\"1.5cm\",\"left\":\"1.5cm\"}}","meta":{"rootId":"nefhydph4bagf5i","id":"nefhydph4bagf5i"},"id":"low1ej2pvc8k0sp","previousOperationId":"vfi09pyxexpaet6"}
{"type":"operationEnd","operationId":"vfi09pyxexpaet6","timestamp":1676568000779,"id":"gzdplh4kce9pn4x","previousEventId":"pdrcga0b1yx44yr","previousOperationId":"vfi09pyxexpaet6"}
{"type":"log","timestamp":1676568000779,"level":"info","message":"pdf-utils is starting pdf processing","meta":{"rootId":"nefhydph4bagf5i","id":"nefhydph4bagf5i"},"id":"mwhqgqg0yuuxoue","previousOperationId":"vfi09pyxexpaet6"}
{"type":"operationStart","subtype":"pdfUtils","name":"pdf utils","timestamp":1676568000779,"id":"zmic9zo5uly70r6","previousEventId":"gzdplh4kce9pn4x","operationId":"azlttxh0n8m8oq4","previousOperationId":"vfi09pyxexpaet6"}
{"type":"log","timestamp":1676568000779,"level":"debug","message":"pdf-utils detected 1 pdf operation(s) to process","meta":{"rootId":"nefhydph4bagf5i","id":"nefhydph4bagf5i"},"id":"vmqxhcg5k3651uv","previousOperationId":"azlttxh0n8m8oq4"}
{"type":"log","timestamp":1676568000838,"level":"debug","message":"pdf-utils running pdf operation merge","meta":{"rootId":"nefhydph4bagf5i","id":"nefhydph4bagf5i"},"id":"j5pq6trh4jl3a6b","previousOperationId":"azlttxh0n8m8oq4"}
{"type":"operationStart","subtype":"pdfUtilsMerge","name":"pdf utils merge","previousOperationId":"azlttxh0n8m8oq4","timestamp":1676568000838,"id":"pj6a5ogaffd7yi7","previousEventId":"zmic9zo5uly70r6","operationId":"ifenwa7cbhtvsyg"}
{"type":"operationStart","subtype":"render","name":"orders-header","previousOperationId":"ifenwa7cbhtvsyg","timestamp":1676568000839,"id":"ceua4k8qzholae2","previousEventId":"pj6a5ogaffd7yi7","operationId":"ukpgo532ms99kz4"}
{"type":"log","timestamp":1676568000839,"level":"info","message":"Starting rendering (child) request","meta":{"rootId":"nefhydph4bagf5i","id":"fegz3vrom07s8yr"},"id":"epvauea8nmeci26","previousOperationId":"ukpgo532ms99kz4"}
{"type":"log","timestamp":1676568000839,"level":"info","message":"Rendering template { name: orders-header, recipe: chrome-pdf, engine: handlebars, preview: true }","meta":{"rootId":"nefhydph4bagf5i","id":"fegz3vrom07s8yr"},"id":"lf7oyhv5qip1469","previousOperationId":"ukpgo532ms99kz4"}
{"type":"log","timestamp":1676568000841,"level":"debug","message":"Inline data specified.","meta":{"rootId":"nefhydph4bagf5i","id":"fegz3vrom07s8yr"},"id":"qshsmh7tgvxxnqj","previousOperationId":"ukpgo532ms99kz4"}
{"type":"log","timestamp":1676568000844,"level":"debug","message":"Base url not specified, skipping its injection.","meta":{"rootId":"nefhydph4bagf5i","id":"fegz3vrom07s8yr"},"id":"p2mvqz4j34r1s3y","previousOperationId":"ukpgo532ms99kz4"}
{"type":"operationStart","subtype":"engine","name":"handlebars","timestamp":1676568000844,"id":"tcg95y3h1zs07f6","previousEventId":"ceua4k8qzholae2","operationId":"3l6e2zd6o5jwimk","previousOperationId":"ukpgo532ms99kz4"}
{"type":"log","timestamp":1676568000844,"level":"debug","message":"Rendering engine handlebars","meta":{"rootId":"nefhydph4bagf5i","id":"fegz3vrom07s8yr"},"id":"dptu3ifwezgutb4","previousOperationId":"3l6e2zd6o5jwimk"}
{"type":"operationEnd","operationId":"3l6e2zd6o5jwimk","timestamp":1676568000865,"id":"jm6ngbpbxx2bds1","previousEventId":"tcg95y3h1zs07f6","previousOperationId":"3l6e2zd6o5jwimk"}
{"type":"operationStart","subtype":"recipe","name":"chrome-pdf","timestamp":1676568000865,"id":"s4hh3j7basathca","previousEventId":"jm6ngbpbxx2bds1","operationId":"3s9z1qw7xs9pq4k","previousOperationId":"3l6e2zd6o5jwimk"}
{"type":"log","timestamp":1676568000865,"level":"debug","message":"Executing recipe chrome-pdf","meta":{"rootId":"nefhydph4bagf5i","id":"fegz3vrom07s8yr"},"id":"6ee6x76k1qa9vzl","previousOperationId":"3s9z1qw7xs9pq4k"}
{"type":"log","timestamp":1676568000867,"level":"debug","message":"Converting with chrome HeadlessChrome/105.0.5173.0 using chrome-pool strategy","meta":{"rootId":"nefhydph4bagf5i","id":"fegz3vrom07s8yr"},"id":"r0qar8yqkzd1gr3","previousOperationId":"3s9z1qw7xs9pq4k"}
{"type":"log","timestamp":1676568000970,"level":"debug","message":"Page request: GET (document) file:///C:/Users/Kris/AppData/Local/Temp/jsreport/autocleanup/6871865f-21b4-464d-9170-ee1feb3f1638-chrome-pdf.html","meta":{"rootId":"nefhydph4bagf5i","id":"fegz3vrom07s8yr"},"id":"33mzj5p64nvxtuh","previousOperationId":"3s9z1qw7xs9pq4k"}
{"type":"log","timestamp":1676568000979,"level":"debug","message":"Page request finished: GET (document) 200 file:///C:/Users/Kris/AppData/Local/Temp/jsreport/autocleanup/6871865f-21b4-464d-9170-ee1feb3f1638-chrome-pdf.html","meta":{"rootId":"nefhydph4bagf5i","id":"fegz3vrom07s8yr"},"id":"uf1namdtoo0wwb8","previousOperationId":"3s9z1qw7xs9pq4k"}
{"type":"log","timestamp":1676568000979,"level":"debug","message":"Page request: GET (stylesheet) https://cdnjs.cloudflare.com/ajax/libs/metro/4.1.5/css/metro.min.css","meta":{"rootId":"nefhydph4bagf5i","id":"fegz3vrom07s8yr"},"id":"ae3tewmpptx2r1q","previousOperationId":"3s9z1qw7xs9pq4k"}
{"type":"log","timestamp":1676568001003,"level":"debug","message":"Page request finished: GET (stylesheet) 200 https://cdnjs.cloudflare.com/ajax/libs/metro/4.1.5/css/metro.min.css","meta":{"rootId":"nefhydph4bagf5i","id":"fegz3vrom07s8yr"},"id":"lmfpvdxcaui5hqz","previousOperationId":"3s9z1qw7xs9pq4k"}
{"type":"log","timestamp":1676568001029,"level":"debug","message":"Running chrome with params {\"printBackground\":true,\"marginTop\":\"1.5cm\",\"marginRight\":\"1.5cm\",\"marginLeft\":\"1.cm\",\"timeout\":58062,\"margin\":{\"top\":\"1.5cm\",\"right\":\"1.5cm\",\"left\":\"1.cm\"}}","meta":{"rootId":"nefhydph4bagf5i","id":"fegz3vrom07s8yr"},"id":"q3njru4kveqipcb","previousOperationId":"3s9z1qw7xs9pq4k"}
{"type":"operationEnd","operationId":"3s9z1qw7xs9pq4k","timestamp":1676568001095,"id":"zuq7590ntds00zr","previousEventId":"s4hh3j7basathca","previousOperationId":"3s9z1qw7xs9pq4k"}
{"type":"log","timestamp":1676568001095,"level":"debug","message":"Skipping storing report.","meta":{"rootId":"nefhydph4bagf5i","id":"fegz3vrom07s8yr"},"id":"3aa5omb84jqngz5","previousOperationId":"3s9z1qw7xs9pq4k"}
{"type":"log","timestamp":1676568001095,"level":"info","message":"Rendering (child) request finished in 2167 ms","meta":{"rootId":"nefhydph4bagf5i","id":"fegz3vrom07s8yr"},"id":"oxcmjlegvt1lxfw","previousOperationId":"3s9z1qw7xs9pq4k"}
{"type":"operationEnd","subtype":"render","operationId":"ukpgo532ms99kz4","timestamp":1676568001096,"id":"m5z2zeqyqirmnfe","previousEventId":"zuq7590ntds00zr","previousOperationId":"3s9z1qw7xs9pq4k"}
{"type":"operationEnd","operationId":"ifenwa7cbhtvsyg","timestamp":1676568001110,"id":"9vxq2kkguons6q8","previousEventId":"pj6a5ogaffd7yi7","previousOperationId":"ifenwa7cbhtvsyg"}
{"type":"log","timestamp":1676568001110,"level":"debug","message":"pdf-utils postproces start","meta":{"rootId":"nefhydph4bagf5i","id":"nefhydph4bagf5i"},"id":"gs8b2y42of9qs64","previousOperationId":"ifenwa7cbhtvsyg"}
{"type":"log","timestamp":1676568001137,"level":"debug","message":"pdf-utils postproces end","meta":{"rootId":"nefhydph4bagf5i","id":"nefhydph4bagf5i"},"id":"ieftzu1lbrulam3","previousOperationId":"ifenwa7cbhtvsyg"}
{"type":"operationEnd","operationId":"azlttxh0n8m8oq4","timestamp":1676568001137,"id":"ypb5x3tn8ko9i2f","previousEventId":"9vxq2kkguons6q8","previousOperationId":"ifenwa7cbhtvsyg"}
{"type":"log","timestamp":1676568001138,"level":"info","message":"pdf-utils pdf processing was finished","meta":{"rootId":"nefhydph4bagf5i","id":"nefhydph4bagf5i"},"id":"hsp34k2ydgcgms1","previousOperationId":"azlttxh0n8m8oq4"}
{"type":"log","timestamp":1676568001138,"level":"debug","message":"Skipping storing report.","meta":{"rootId":"nefhydph4bagf5i","id":"nefhydph4bagf5i"},"id":"af2z3ibojts8t89","previousOperationId":"azlttxh0n8m8oq4"}
{"type":"log","timestamp":1676568001138,"level":"info","message":"Rendering request 5 finished in 2210 ms","meta":{"rootId":"nefhydph4bagf5i","id":"nefhydph4bagf5i"},"id":"0qi4knwpiay6cxb","previousOperationId":"azlttxh0n8m8oq4"}
{"type":"operationEnd","subtype":"render","operationId":"61hq9xbc24jw2vs","timestamp":1676568001138,"id":"y4fwa9el67s2ovm","previousEventId":"ypb5x3tn8ko9i2f","previousOperationId":"azlttxh0n8m8oq4"}
{"type":"operationEnd","doDiffs":false,"previousEventId":"fiamq51bdxfcqvd","previousOperationId":"4nlsudgdkwe6yss","operationId":"4nlsudgdkwe6yss","timestamp":1676568001148,"id":"hr7sup7lzpeghm7"}
