{"type":"operationStart","subtype":"profile","data":{"_id":"adv35m1ZoGrpwaej","timestamp":"2023-02-22T17:41:15.592Z","state":"queued","mode":"standard","creationDate":"2023-02-22T17:41:15.593Z","modificationDate":"2023-02-22T17:41:15.593Z","shortid":"kTe4PKE","$entitySet":"profiles"},"doDiffs":false,"timestamp":1677087675593,"id":"td2oep6x3bc6wum","previousOperationId":null,"operationId":"s1y80pmqa30p8ux"}
{"type":"log","level":"info","message":"Render request 6 queued for execution and waiting for available worker","previousOperationId":"s1y80pmqa30p8ux","timestamp":1677087675593,"id":"57m7v88bl13k0oc"}
{"type":"operationStart","subtype":"render","name":"orders-main","previousOperationId":"s1y80pmqa30p8ux","timestamp":1677087675601,"id":"luv1b1kz6sn4b3g","previousEventId":"td2oep6x3bc6wum","operationId":"lbyc3hvw8u67f94"}
{"type":"log","timestamp":1677087675602,"level":"info","message":"Starting rendering request 6","meta":{"rootId":"nuzs7mkt7lmiuvn","id":"nuzs7mkt7lmiuvn"},"id":"deyeevetfchwr1l","previousOperationId":"lbyc3hvw8u67f94"}
{"type":"log","timestamp":1677087675602,"level":"info","message":"Rendering template { name: orders-main, recipe: chrome-pdf, engine: handlebars, preview: true }","meta":{"rootId":"nuzs7mkt7lmiuvn","id":"nuzs7mkt7lmiuvn"},"id":"2jd1cdoz88uki1d","previousOperationId":"lbyc3hvw8u67f94"}
{"type":"log","timestamp":1677087675603,"level":"debug","message":"Data item not defined for this template.","meta":{"rootId":"nuzs7mkt7lmiuvn","id":"nuzs7mkt7lmiuvn"},"id":"1kpaz8zdlogto3s","previousOperationId":"lbyc3hvw8u67f94"}
{"type":"log","timestamp":1677087675607,"level":"debug","message":"Executing script orders-script (beforeRender)","meta":{"rootId":"nuzs7mkt7lmiuvn","id":"nuzs7mkt7lmiuvn"},"id":"0cbb007ycxc7v4a","previousOperationId":"lbyc3hvw8u67f94"}
{"type":"operationStart","subtype":"scriptsBeforeRender","name":"scripts beforeRender","timestamp":1677087675616,"id":"k1yk2je4u0v1vqe","previousEventId":"luv1b1kz6sn4b3g","operationId":"n491k3l1oe4447x","previousOperationId":"lbyc3hvw8u67f94"}
{"type":"operationStart","subtype":"script","name":"scripts orders-script","previousOperationId":"n491k3l1oe4447x","timestamp":1677087675616,"id":"w0aytabayibqpk3","previousEventId":"k1yk2je4u0v1vqe","operationId":"km9xyn7meqr9ix5"}
{"type":"operationEnd","operationId":"km9xyn7meqr9ix5","timestamp":1677087676911,"id":"mzfx945p90gywif","previousEventId":"luv1b1kz6sn4b3g","previousOperationId":"lbyc3hvw8u67f94"}
{"type":"operationEnd","operationId":"n491k3l1oe4447x","timestamp":1677087676911,"id":"krt5dhzshxgiswm","previousEventId":"mzfx945p90gywif","previousOperationId":"lbyc3hvw8u67f94"}
{"type":"log","timestamp":1677087676911,"level":"debug","message":"Base url not specified, skipping its injection.","meta":{"rootId":"nuzs7mkt7lmiuvn","id":"nuzs7mkt7lmiuvn"},"id":"csl911vngpzlpyx","previousOperationId":"n491k3l1oe4447x"}
{"type":"operationStart","subtype":"engine","name":"handlebars","timestamp":1677087676911,"id":"b3tirc6ipnhwi3e","previousEventId":"krt5dhzshxgiswm","operationId":"h1tvh4dzuvtomt8","previousOperationId":"n491k3l1oe4447x"}
{"type":"log","timestamp":1677087676911,"level":"debug","message":"Rendering engine handlebars","meta":{"rootId":"nuzs7mkt7lmiuvn","id":"nuzs7mkt7lmiuvn"},"id":"jm9b9tg9si5xd8v","previousOperationId":"h1tvh4dzuvtomt8"}
{"type":"log","timestamp":1677087676925,"level":"debug","message":"(console:log) Pdf utils adding group field, value: \"France\"","meta":{"userLevel":true,"rootId":"nuzs7mkt7lmiuvn","id":"nuzs7mkt7lmiuvn"},"id":"smogflf6v4yd3uz","previousOperationId":"h1tvh4dzuvtomt8"}
{"type":"log","timestamp":1677087676925,"level":"debug","message":"(console:log) Pdf utils adding group field, value: \"Germany\"","meta":{"userLevel":true,"rootId":"nuzs7mkt7lmiuvn","id":"nuzs7mkt7lmiuvn"},"id":"kazna8imj95fgqy","previousOperationId":"h1tvh4dzuvtomt8"}
{"type":"operationEnd","operationId":"h1tvh4dzuvtomt8","timestamp":1677087676925,"id":"09g8dgr8pa9ww8b","previousEventId":"b3tirc6ipnhwi3e","previousOperationId":"h1tvh4dzuvtomt8"}
{"type":"operationStart","subtype":"recipe","name":"chrome-pdf","timestamp":1677087676926,"id":"ih759yn0a8pbfjp","previousEventId":"09g8dgr8pa9ww8b","operationId":"i78ybr5wyy3uenr","previousOperationId":"h1tvh4dzuvtomt8"}
{"type":"log","timestamp":1677087676926,"level":"debug","message":"Executing recipe chrome-pdf","meta":{"rootId":"nuzs7mkt7lmiuvn","id":"nuzs7mkt7lmiuvn"},"id":"0lb1nmsoweknu4j","previousOperationId":"i78ybr5wyy3uenr"}
{"type":"log","timestamp":1677087676928,"level":"debug","message":"Converting with chrome HeadlessChrome/105.0.5173.0 using chrome-pool strategy","meta":{"rootId":"nuzs7mkt7lmiuvn","id":"nuzs7mkt7lmiuvn"},"id":"ghd9b0zwbkgaigp","previousOperationId":"i78ybr5wyy3uenr"}
{"type":"log","timestamp":1677087677013,"level":"debug","message":"Page request: GET (document) file:///C:/Users/Kris/AppData/Local/Temp/jsreport/autocleanup/3cda38fe-ccdf-4745-a322-9988f58a4708-chrome-pdf.html","meta":{"rootId":"nuzs7mkt7lmiuvn","id":"nuzs7mkt7lmiuvn"},"id":"zynjp4d6pdzgvrk","previousOperationId":"i78ybr5wyy3uenr"}
{"type":"log","timestamp":1677087677028,"level":"debug","message":"Page request finished: GET (document) 200 file:///C:/Users/Kris/AppData/Local/Temp/jsreport/autocleanup/3cda38fe-ccdf-4745-a322-9988f58a4708-chrome-pdf.html","meta":{"rootId":"nuzs7mkt7lmiuvn","id":"nuzs7mkt7lmiuvn"},"id":"ne6ukxk7g7gou5x","previousOperationId":"i78ybr5wyy3uenr"}
{"type":"log","timestamp":1677087677028,"level":"debug","message":"Page request: GET (stylesheet) https://cdnjs.cloudflare.com/ajax/libs/metro/4.1.5/css/metro.min.css","meta":{"rootId":"nuzs7mkt7lmiuvn","id":"nuzs7mkt7lmiuvn"},"id":"l5zsvydc1144jqm","previousOperationId":"i78ybr5wyy3uenr"}
{"type":"log","timestamp":1677087677028,"level":"debug","message":"Page request: GET (script) https://cdnjs.cloudflare.com/ajax/libs/Chart.js/2.7.2/Chart.min.js","meta":{"rootId":"nuzs7mkt7lmiuvn","id":"nuzs7mkt7lmiuvn"},"id":"2d4n0upw8nu4g4k","previousOperationId":"i78ybr5wyy3uenr"}
{"type":"log","timestamp":1677087677034,"level":"debug","message":"Page request finished: GET (script) 200 https://cdnjs.cloudflare.com/ajax/libs/Chart.js/2.7.2/Chart.min.js","meta":{"rootId":"nuzs7mkt7lmiuvn","id":"nuzs7mkt7lmiuvn"},"id":"d6v1bkc631jpktw","previousOperationId":"i78ybr5wyy3uenr"}
{"type":"log","timestamp":1677087677049,"level":"debug","message":"Page request finished: GET (stylesheet) 200 https://cdnjs.cloudflare.com/ajax/libs/metro/4.1.5/css/metro.min.css","meta":{"rootId":"nuzs7mkt7lmiuvn","id":"nuzs7mkt7lmiuvn"},"id":"tkzyv8v3s4a11w2","previousOperationId":"i78ybr5wyy3uenr"}
{"type":"log","timestamp":1677087677106,"level":"debug","message":"Running chrome with params {\"printBackground\":true,\"marginTop\":\"4cm\",\"marginRight\":\"1.5cm\",\"marginBottom\":\"1.5cm\",\"marginLeft\":\"1.5cm\",\"waitForJS\":false,\"timeout\":58664,\"margin\":{\"top\":\"4cm\",\"right\":\"1.5cm\",\"bottom\":\"1.5cm\",\"left\":\"1.5cm\"}}","meta":{"rootId":"nuzs7mkt7lmiuvn","id":"nuzs7mkt7lmiuvn"},"id":"6qs4f5fj1b2z6c9","previousOperationId":"i78ybr5wyy3uenr"}
{"type":"operationEnd","operationId":"i78ybr5wyy3uenr","timestamp":1677087677252,"id":"abcnfbh5lkthsrl","previousEventId":"ih759yn0a8pbfjp","previousOperationId":"i78ybr5wyy3uenr"}
{"type":"log","timestamp":1677087677252,"level":"info","message":"pdf-utils is starting pdf processing","meta":{"rootId":"nuzs7mkt7lmiuvn","id":"nuzs7mkt7lmiuvn"},"id":"csjj4vv1avqfw48","previousOperationId":"i78ybr5wyy3uenr"}
{"type":"operationStart","subtype":"pdfUtils","name":"pdf utils","timestamp":1677087677252,"id":"q5ydp3ztn7tt4f6","previousEventId":"abcnfbh5lkthsrl","operationId":"v6iiqe2sj6mnngo","previousOperationId":"i78ybr5wyy3uenr"}
{"type":"log","timestamp":1677087677252,"level":"debug","message":"pdf-utils detected 1 pdf operation(s) to process","meta":{"rootId":"nuzs7mkt7lmiuvn","id":"nuzs7mkt7lmiuvn"},"id":"dntvvittr2h5t1s","previousOperationId":"v6iiqe2sj6mnngo"}
{"type":"log","timestamp":1677087677308,"level":"debug","message":"pdf-utils running pdf operation merge","meta":{"rootId":"nuzs7mkt7lmiuvn","id":"nuzs7mkt7lmiuvn"},"id":"zewt273s8r07db8","previousOperationId":"v6iiqe2sj6mnngo"}
{"type":"operationStart","subtype":"pdfUtilsMerge","name":"pdf utils merge","previousOperationId":"v6iiqe2sj6mnngo","timestamp":1677087677308,"id":"hmd8ulgk2lr83jj","previousEventId":"q5ydp3ztn7tt4f6","operationId":"5ecpn1gh5c2x36a"}
{"type":"operationStart","subtype":"render","name":"orders-header","previousOperationId":"5ecpn1gh5c2x36a","timestamp":1677087677310,"id":"dfbzhxgul8urg86","previousEventId":"hmd8ulgk2lr83jj","operationId":"l8p0z9dyjizi04l"}
{"type":"log","timestamp":1677087677310,"level":"info","message":"Starting rendering (child) request","meta":{"rootId":"nuzs7mkt7lmiuvn","id":"lcl4ix3ttm5esn5"},"id":"fvawj5m1abslw1y","previousOperationId":"l8p0z9dyjizi04l"}
{"type":"log","timestamp":1677087677310,"level":"info","message":"Rendering template { name: orders-header, recipe: chrome-pdf, engine: handlebars, preview: true }","meta":{"rootId":"nuzs7mkt7lmiuvn","id":"lcl4ix3ttm5esn5"},"id":"kka6lxs4dm2s5pl","previousOperationId":"l8p0z9dyjizi04l"}
{"type":"log","timestamp":1677087677315,"level":"debug","message":"Inline data specified.","meta":{"rootId":"nuzs7mkt7lmiuvn","id":"lcl4ix3ttm5esn5"},"id":"2c85iifqwah1v52","previousOperationId":"l8p0z9dyjizi04l"}
{"type":"log","timestamp":1677087677317,"level":"debug","message":"Base url not specified, skipping its injection.","meta":{"rootId":"nuzs7mkt7lmiuvn","id":"lcl4ix3ttm5esn5"},"id":"kc3aiiqhhnc6oi2","previousOperationId":"l8p0z9dyjizi04l"}
{"type":"operationStart","subtype":"engine","name":"handlebars","timestamp":1677087677318,"id":"lgfs71pxccrgyap","previousEventId":"dfbzhxgul8urg86","operationId":"wssszthljq9oc28","previousOperationId":"l8p0z9dyjizi04l"}
{"type":"log","timestamp":1677087677319,"level":"debug","message":"Rendering engine handlebars","meta":{"rootId":"nuzs7mkt7lmiuvn","id":"lcl4ix3ttm5esn5"},"id":"7j1ac2k3bg2nk3l","previousOperationId":"wssszthljq9oc28"}
{"type":"operationEnd","operationId":"wssszthljq9oc28","timestamp":1677087677334,"id":"c25e2av772vdl1j","previousEventId":"lgfs71pxccrgyap","previousOperationId":"wssszthljq9oc28"}
{"type":"operationStart","subtype":"recipe","name":"chrome-pdf","timestamp":1677087677335,"id":"mivq0fbhpnary2w","previousEventId":"c25e2av772vdl1j","operationId":"7gvnqw57r8ysl7i","previousOperationId":"wssszthljq9oc28"}
{"type":"log","timestamp":1677087677335,"level":"debug","message":"Executing recipe chrome-pdf","meta":{"rootId":"nuzs7mkt7lmiuvn","id":"lcl4ix3ttm5esn5"},"id":"qucytedzp93xw34","previousOperationId":"7gvnqw57r8ysl7i"}
{"type":"log","timestamp":1677087677338,"level":"debug","message":"Converting with chrome HeadlessChrome/105.0.5173.0 using chrome-pool strategy","meta":{"rootId":"nuzs7mkt7lmiuvn","id":"lcl4ix3ttm5esn5"},"id":"fn7gs1myez92ka0","previousOperationId":"7gvnqw57r8ysl7i"}
{"type":"log","timestamp":1677087677421,"level":"debug","message":"Page request: GET (document) file:///C:/Users/Kris/AppData/Local/Temp/jsreport/autocleanup/62a0a0c9-e611-4025-bccc-fd21ecd2d791-chrome-pdf.html","meta":{"rootId":"nuzs7mkt7lmiuvn","id":"lcl4ix3ttm5esn5"},"id":"irwwfl6ovrur2pb","previousOperationId":"7gvnqw57r8ysl7i"}
{"type":"log","timestamp":1677087677432,"level":"debug","message":"Page request finished: GET (document) 200 file:///C:/Users/Kris/AppData/Local/Temp/jsreport/autocleanup/62a0a0c9-e611-4025-bccc-fd21ecd2d791-chrome-pdf.html","meta":{"rootId":"nuzs7mkt7lmiuvn","id":"lcl4ix3ttm5esn5"},"id":"2jtznptp5w3cr8d","previousOperationId":"7gvnqw57r8ysl7i"}
{"type":"log","timestamp":1677087677432,"level":"debug","message":"Page request: GET (stylesheet) https://cdnjs.cloudflare.com/ajax/libs/metro/4.1.5/css/metro.min.css","meta":{"rootId":"nuzs7mkt7lmiuvn","id":"lcl4ix3ttm5esn5"},"id":"bdccu48scsrdlxg","previousOperationId":"7gvnqw57r8ysl7i"}
{"type":"log","timestamp":1677087677454,"level":"debug","message":"Page request finished: GET (stylesheet) 200 https://cdnjs.cloudflare.com/ajax/libs/metro/4.1.5/css/metro.min.css","meta":{"rootId":"nuzs7mkt7lmiuvn","id":"lcl4ix3ttm5esn5"},"id":"mwxshvhqe7dtxuo","previousOperationId":"7gvnqw57r8ysl7i"}
{"type":"log","timestamp":1677087677476,"level":"debug","message":"Running chrome with params {\"printBackground\":true,\"marginTop\":\"1.5cm\",\"marginRight\":\"1.5cm\",\"marginLeft\":\"1.cm\",\"timeout\":58255,\"margin\":{\"top\":\"1.5cm\",\"right\":\"1.5cm\",\"left\":\"1.cm\"}}","meta":{"rootId":"nuzs7mkt7lmiuvn","id":"lcl4ix3ttm5esn5"},"id":"w5iik6v3vtvixnh","previousOperationId":"7gvnqw57r8ysl7i"}
{"type":"operationEnd","operationId":"7gvnqw57r8ysl7i","timestamp":1677087677531,"id":"9pj72abz3n7gbwf","previousEventId":"mivq0fbhpnary2w","previousOperationId":"7gvnqw57r8ysl7i"}
{"type":"log","timestamp":1677087677532,"level":"debug","message":"Skipping storing report.","meta":{"rootId":"nuzs7mkt7lmiuvn","id":"lcl4ix3ttm5esn5"},"id":"vbx1of6g9gbbis5","previousOperationId":"7gvnqw57r8ysl7i"}
{"type":"log","timestamp":1677087677532,"level":"info","message":"Rendering (child) request finished in 1940 ms","meta":{"rootId":"nuzs7mkt7lmiuvn","id":"lcl4ix3ttm5esn5"},"id":"55g97f5v26ykgsf","previousOperationId":"7gvnqw57r8ysl7i"}
{"type":"operationEnd","subtype":"render","operationId":"l8p0z9dyjizi04l","timestamp":1677087677532,"id":"v3yl5uqeka91n2i","previousEventId":"9pj72abz3n7gbwf","previousOperationId":"7gvnqw57r8ysl7i"}
{"type":"operationEnd","operationId":"5ecpn1gh5c2x36a","timestamp":1677087677549,"id":"ww2kfj9hlq97lbz","previousEventId":"hmd8ulgk2lr83jj","previousOperationId":"5ecpn1gh5c2x36a"}
{"type":"log","timestamp":1677087677549,"level":"debug","message":"pdf-utils postproces start","meta":{"rootId":"nuzs7mkt7lmiuvn","id":"nuzs7mkt7lmiuvn"},"id":"skip1ceumtheqla","previousOperationId":"5ecpn1gh5c2x36a"}
{"type":"log","timestamp":1677087677578,"level":"debug","message":"pdf-utils postproces end","meta":{"rootId":"nuzs7mkt7lmiuvn","id":"nuzs7mkt7lmiuvn"},"id":"rc6np2pmwak8tg9","previousOperationId":"5ecpn1gh5c2x36a"}
{"type":"operationEnd","operationId":"v6iiqe2sj6mnngo","timestamp":1677087677578,"id":"d6n1la72odz0067","previousEventId":"ww2kfj9hlq97lbz","previousOperationId":"5ecpn1gh5c2x36a"}
{"type":"log","timestamp":1677087677578,"level":"info","message":"pdf-utils pdf processing was finished","meta":{"rootId":"nuzs7mkt7lmiuvn","id":"nuzs7mkt7lmiuvn"},"id":"1xvjsnj7wm14pc6","previousOperationId":"v6iiqe2sj6mnngo"}
{"type":"log","timestamp":1677087677578,"level":"debug","message":"Skipping storing report.","meta":{"rootId":"nuzs7mkt7lmiuvn","id":"nuzs7mkt7lmiuvn"},"id":"jm1dcyj1vf29pls","previousOperationId":"v6iiqe2sj6mnngo"}
{"type":"log","timestamp":1677087677579,"level":"info","message":"Rendering request 6 finished in 1986 ms","meta":{"rootId":"nuzs7mkt7lmiuvn","id":"nuzs7mkt7lmiuvn"},"id":"d5htl2c0b9d9t0k","previousOperationId":"v6iiqe2sj6mnngo"}
{"type":"operationEnd","subtype":"render","operationId":"lbyc3hvw8u67f94","timestamp":1677087677579,"id":"ukno5r31sr6qa67","previousEventId":"d6n1la72odz0067","previousOperationId":"v6iiqe2sj6mnngo"}
{"type":"operationEnd","doDiffs":false,"previousEventId":"td2oep6x3bc6wum","previousOperationId":"s1y80pmqa30p8ux","operationId":"s1y80pmqa30p8ux","timestamp":1677087677590,"id":"2o8m3sna95c2my5"}
