{"type":"operationStart","subtype":"profile","data":{"_id":"dnD0M8FWBhqk2R8E","timestamp":"2023-02-22T18:26:01.941Z","state":"queued","mode":"standard","creationDate":"2023-02-22T18:26:01.943Z","modificationDate":"2023-02-22T18:26:01.943Z","shortid":"_wgZU7E","$entitySet":"profiles"},"doDiffs":false,"timestamp":1677090361942,"id":"dkod8axrjy9ihdm","previousOperationId":null,"operationId":"32a8fiw14jwd6p5"}
{"type":"log","level":"info","message":"Render request 96 queued for execution and waiting for available worker","previousOperationId":"32a8fiw14jwd6p5","timestamp":1677090361942,"id":"r810s194yde6bn1"}
{"type":"operationStart","subtype":"render","name":"orders-main","previousOperationId":"32a8fiw14jwd6p5","timestamp":1677090361949,"id":"140p7zfhnjxw3f0","previousEventId":"dkod8axrjy9ihdm","operationId":"t21fjzyjta9d5p8"}
{"type":"log","timestamp":1677090361949,"level":"info","message":"Starting rendering request 96","meta":{"rootId":"ovat6ok9vkw7csm","id":"ovat6ok9vkw7csm"},"id":"yviifaxmsu5qmk2","previousOperationId":"t21fjzyjta9d5p8"}
{"type":"log","timestamp":1677090361949,"level":"info","message":"Rendering template { name: orders-main, recipe: chrome-pdf, engine: handlebars, preview: true }","meta":{"rootId":"ovat6ok9vkw7csm","id":"ovat6ok9vkw7csm"},"id":"n1cm5fsztdzwb4l","previousOperationId":"t21fjzyjta9d5p8"}
{"type":"log","timestamp":1677090361950,"level":"debug","message":"Data item not defined for this template.","meta":{"rootId":"ovat6ok9vkw7csm","id":"ovat6ok9vkw7csm"},"id":"xa2ow484e4hpbtd","previousOperationId":"t21fjzyjta9d5p8"}
{"type":"log","timestamp":1677090361953,"level":"debug","message":"Executing script orders-script (beforeRender)","meta":{"rootId":"ovat6ok9vkw7csm","id":"ovat6ok9vkw7csm"},"id":"dcls1e8q2wihw69","previousOperationId":"t21fjzyjta9d5p8"}
{"type":"operationStart","subtype":"scriptsBeforeRender","name":"scripts beforeRender","timestamp":1677090361962,"id":"sxx18qp2tx6em8d","previousEventId":"140p7zfhnjxw3f0","operationId":"2a1m1xjwknrlx6i","previousOperationId":"t21fjzyjta9d5p8"}
{"type":"operationStart","subtype":"script","name":"scripts orders-script","previousOperationId":"2a1m1xjwknrlx6i","timestamp":1677090361962,"id":"pgpfymxdtqez1j4","previousEventId":"sxx18qp2tx6em8d","operationId":"g8fe35eu5styaik"}
{"type":"operationEnd","operationId":"g8fe35eu5styaik","timestamp":1677090363368,"id":"pewyqvk1bawo8o5","previousEventId":"140p7zfhnjxw3f0","previousOperationId":"t21fjzyjta9d5p8"}
{"type":"operationEnd","operationId":"2a1m1xjwknrlx6i","timestamp":1677090363368,"id":"9vjzif58ojg6pgf","previousEventId":"pewyqvk1bawo8o5","previousOperationId":"t21fjzyjta9d5p8"}
{"type":"log","timestamp":1677090363368,"level":"debug","message":"Base url not specified, skipping its injection.","meta":{"rootId":"ovat6ok9vkw7csm","id":"ovat6ok9vkw7csm"},"id":"yy5c61ud7xq44j0","previousOperationId":"2a1m1xjwknrlx6i"}
{"type":"operationStart","subtype":"engine","name":"handlebars","timestamp":1677090363369,"id":"orxtq4yjtigrdcm","previousEventId":"9vjzif58ojg6pgf","operationId":"1m0c35o9n6emf5h","previousOperationId":"2a1m1xjwknrlx6i"}
{"type":"log","timestamp":1677090363369,"level":"debug","message":"Rendering engine handlebars","meta":{"rootId":"ovat6ok9vkw7csm","id":"ovat6ok9vkw7csm"},"id":"han4txznfdrnejr","previousOperationId":"1m0c35o9n6emf5h"}
{"type":"operationEnd","operationId":"1m0c35o9n6emf5h","timestamp":1677090363376,"id":"5h6iyhcawy7r68k","previousEventId":"orxtq4yjtigrdcm","previousOperationId":"1m0c35o9n6emf5h"}
{"type":"operationStart","subtype":"recipe","name":"chrome-pdf","timestamp":1677090363376,"id":"hf3o87n93rd2jtz","previousEventId":"5h6iyhcawy7r68k","operationId":"kz5biqd1fnwaulj","previousOperationId":"1m0c35o9n6emf5h"}
{"type":"log","timestamp":1677090363376,"level":"debug","message":"Executing recipe chrome-pdf","meta":{"rootId":"ovat6ok9vkw7csm","id":"ovat6ok9vkw7csm"},"id":"3bu04pz8zbw98bo","previousOperationId":"kz5biqd1fnwaulj"}
{"type":"log","timestamp":1677090363379,"level":"debug","message":"Converting with chrome HeadlessChrome/105.0.5173.0 using chrome-pool strategy","meta":{"rootId":"ovat6ok9vkw7csm","id":"ovat6ok9vkw7csm"},"id":"81ufft94bv42v94","previousOperationId":"kz5biqd1fnwaulj"}
{"type":"log","timestamp":1677090363460,"level":"debug","message":"Page request: GET (document) file:///C:/Users/Kris/AppData/Local/Temp/jsreport/autocleanup/09370a01-4c98-464d-9873-733cf0914e33-chrome-pdf.html","meta":{"rootId":"ovat6ok9vkw7csm","id":"ovat6ok9vkw7csm"},"id":"5iwr7pqo4dzixxj","previousOperationId":"kz5biqd1fnwaulj"}
{"type":"log","timestamp":1677090363475,"level":"debug","message":"Page request finished: GET (document) 200 file:///C:/Users/Kris/AppData/Local/Temp/jsreport/autocleanup/09370a01-4c98-464d-9873-733cf0914e33-chrome-pdf.html","meta":{"rootId":"ovat6ok9vkw7csm","id":"ovat6ok9vkw7csm"},"id":"zynngeyen4yzypo","previousOperationId":"kz5biqd1fnwaulj"}
{"type":"log","timestamp":1677090363475,"level":"debug","message":"Page request: GET (stylesheet) https://cdnjs.cloudflare.com/ajax/libs/metro/4.1.5/css/metro.min.css","meta":{"rootId":"ovat6ok9vkw7csm","id":"ovat6ok9vkw7csm"},"id":"tlov9kyvsmkj20e","previousOperationId":"kz5biqd1fnwaulj"}
{"type":"log","timestamp":1677090363476,"level":"debug","message":"Page request: GET (script) https://cdnjs.cloudflare.com/ajax/libs/Chart.js/2.7.2/Chart.min.js","meta":{"rootId":"ovat6ok9vkw7csm","id":"ovat6ok9vkw7csm"},"id":"5g8sl3h0lu7ygjt","previousOperationId":"kz5biqd1fnwaulj"}
{"type":"log","timestamp":1677090363481,"level":"debug","message":"Page request finished: GET (script) 200 https://cdnjs.cloudflare.com/ajax/libs/Chart.js/2.7.2/Chart.min.js","meta":{"rootId":"ovat6ok9vkw7csm","id":"ovat6ok9vkw7csm"},"id":"67aq8xpitche8hf","previousOperationId":"kz5biqd1fnwaulj"}
{"type":"log","timestamp":1677090363496,"level":"debug","message":"Page request finished: GET (stylesheet) 200 https://cdnjs.cloudflare.com/ajax/libs/metro/4.1.5/css/metro.min.css","meta":{"rootId":"ovat6ok9vkw7csm","id":"ovat6ok9vkw7csm"},"id":"dsakfrki8ytuajs","previousOperationId":"kz5biqd1fnwaulj"}
{"type":"log","timestamp":1677090363541,"level":"debug","message":"Running chrome with params {\"printBackground\":true,\"marginTop\":\"4cm\",\"marginRight\":\"1.5cm\",\"marginBottom\":\"1.5cm\",\"marginLeft\":\"1.5cm\",\"waitForJS\":false,\"timeout\":58563,\"margin\":{\"top\":\"4cm\",\"right\":\"1.5cm\",\"bottom\":\"1.5cm\",\"left\":\"1.5cm\"}}","meta":{"rootId":"ovat6ok9vkw7csm","id":"ovat6ok9vkw7csm"},"id":"ftto2v4bm0fiq5k","previousOperationId":"kz5biqd1fnwaulj"}
{"type":"operationEnd","operationId":"kz5biqd1fnwaulj","timestamp":1677090363670,"id":"ykjkiikgcy1f092","previousEventId":"hf3o87n93rd2jtz","previousOperationId":"kz5biqd1fnwaulj"}
{"type":"log","timestamp":1677090363670,"level":"info","message":"pdf-utils is starting pdf processing","meta":{"rootId":"ovat6ok9vkw7csm","id":"ovat6ok9vkw7csm"},"id":"6e11z0179gmmzio","previousOperationId":"kz5biqd1fnwaulj"}
{"type":"operationStart","subtype":"pdfUtils","name":"pdf utils","timestamp":1677090363670,"id":"zt6zow8f8aujzur","previousEventId":"ykjkiikgcy1f092","operationId":"73e842ju7pyrtwm","previousOperationId":"kz5biqd1fnwaulj"}
{"type":"log","timestamp":1677090363670,"level":"debug","message":"pdf-utils detected 1 pdf operation(s) to process","meta":{"rootId":"ovat6ok9vkw7csm","id":"ovat6ok9vkw7csm"},"id":"10tvvrcehcilede","previousOperationId":"73e842ju7pyrtwm"}
{"type":"log","timestamp":1677090363708,"level":"debug","message":"pdf-utils running pdf operation merge","meta":{"rootId":"ovat6ok9vkw7csm","id":"ovat6ok9vkw7csm"},"id":"1q1at1r5u20lbcg","previousOperationId":"73e842ju7pyrtwm"}
{"type":"operationStart","subtype":"pdfUtilsMerge","name":"pdf utils merge","previousOperationId":"73e842ju7pyrtwm","timestamp":1677090363708,"id":"y1mxgzwlkvm2q98","previousEventId":"zt6zow8f8aujzur","operationId":"83cgfhhm7hc1ek6"}
{"type":"operationStart","subtype":"render","name":"orders-header","previousOperationId":"83cgfhhm7hc1ek6","timestamp":1677090363709,"id":"03ww0sm1crp2stv","previousEventId":"y1mxgzwlkvm2q98","operationId":"m7q9lt7oqdrl8e0"}
{"type":"log","timestamp":1677090363709,"level":"info","message":"Starting rendering (child) request","meta":{"rootId":"ovat6ok9vkw7csm","id":"fdw5czrbkgejvky"},"id":"v1rgiiytlo9oqwn","previousOperationId":"m7q9lt7oqdrl8e0"}
{"type":"log","timestamp":1677090363709,"level":"info","message":"Rendering template { name: orders-header, recipe: chrome-pdf, engine: handlebars, preview: true }","meta":{"rootId":"ovat6ok9vkw7csm","id":"fdw5czrbkgejvky"},"id":"zbjay3hgbezjrny","previousOperationId":"m7q9lt7oqdrl8e0"}
{"type":"log","timestamp":1677090363709,"level":"debug","message":"Inline data specified.","meta":{"rootId":"ovat6ok9vkw7csm","id":"fdw5czrbkgejvky"},"id":"alby7tng7dcb70y","previousOperationId":"m7q9lt7oqdrl8e0"}
{"type":"log","timestamp":1677090363711,"level":"debug","message":"Base url not specified, skipping its injection.","meta":{"rootId":"ovat6ok9vkw7csm","id":"fdw5czrbkgejvky"},"id":"ci95m2vbevqwxzi","previousOperationId":"m7q9lt7oqdrl8e0"}
{"type":"operationStart","subtype":"engine","name":"handlebars","timestamp":1677090363711,"id":"6x099n7uss0iuty","previousEventId":"03ww0sm1crp2stv","operationId":"crposa50qy47q2s","previousOperationId":"m7q9lt7oqdrl8e0"}
{"type":"log","timestamp":1677090363711,"level":"debug","message":"Rendering engine handlebars","meta":{"rootId":"ovat6ok9vkw7csm","id":"fdw5czrbkgejvky"},"id":"39wy0x2bak3o2gj","previousOperationId":"crposa50qy47q2s"}
{"type":"operationEnd","operationId":"crposa50qy47q2s","timestamp":1677090363729,"id":"4fheqywk0pw0qa4","previousEventId":"6x099n7uss0iuty","previousOperationId":"crposa50qy47q2s"}
{"type":"operationStart","subtype":"recipe","name":"chrome-pdf","timestamp":1677090363729,"id":"dboo1bv0oyhq0ul","previousEventId":"4fheqywk0pw0qa4","operationId":"le2vaabxav5476q","previousOperationId":"crposa50qy47q2s"}
{"type":"log","timestamp":1677090363729,"level":"debug","message":"Executing recipe chrome-pdf","meta":{"rootId":"ovat6ok9vkw7csm","id":"fdw5czrbkgejvky"},"id":"iycbo1lt63sjxke","previousOperationId":"le2vaabxav5476q"}
{"type":"log","timestamp":1677090363731,"level":"debug","message":"Converting with chrome HeadlessChrome/105.0.5173.0 using chrome-pool strategy","meta":{"rootId":"ovat6ok9vkw7csm","id":"fdw5czrbkgejvky"},"id":"ytglav6ibp2rbqc","previousOperationId":"le2vaabxav5476q"}
{"type":"log","timestamp":1677090363822,"level":"debug","message":"Page request: GET (document) file:///C:/Users/Kris/AppData/Local/Temp/jsreport/autocleanup/67540583-17b6-4300-bd27-6bff242dcf20-chrome-pdf.html","meta":{"rootId":"ovat6ok9vkw7csm","id":"fdw5czrbkgejvky"},"id":"hofxr6p4yvh1rbp","previousOperationId":"le2vaabxav5476q"}
{"type":"log","timestamp":1677090363834,"level":"debug","message":"Page request finished: GET (document) 200 file:///C:/Users/Kris/AppData/Local/Temp/jsreport/autocleanup/67540583-17b6-4300-bd27-6bff242dcf20-chrome-pdf.html","meta":{"rootId":"ovat6ok9vkw7csm","id":"fdw5czrbkgejvky"},"id":"4980wizma5dxgic","previousOperationId":"le2vaabxav5476q"}
{"type":"log","timestamp":1677090363834,"level":"debug","message":"Page request: GET (stylesheet) https://cdnjs.cloudflare.com/ajax/libs/metro/4.1.5/css/metro.min.css","meta":{"rootId":"ovat6ok9vkw7csm","id":"fdw5czrbkgejvky"},"id":"7rde4q66oe5l62v","previousOperationId":"le2vaabxav5476q"}
{"type":"log","timestamp":1677090363854,"level":"debug","message":"Page request finished: GET (stylesheet) 200 https://cdnjs.cloudflare.com/ajax/libs/metro/4.1.5/css/metro.min.css","meta":{"rootId":"ovat6ok9vkw7csm","id":"fdw5czrbkgejvky"},"id":"3r4pnlf9y4ympra","previousOperationId":"le2vaabxav5476q"}
{"type":"log","timestamp":1677090363879,"level":"debug","message":"Running chrome with params {\"printBackground\":true,\"marginTop\":\"1.5cm\",\"marginRight\":\"1.5cm\",\"marginLeft\":\"1.cm\",\"timeout\":58211,\"margin\":{\"top\":\"1.5cm\",\"right\":\"1.5cm\",\"left\":\"1.cm\"}}","meta":{"rootId":"ovat6ok9vkw7csm","id":"fdw5czrbkgejvky"},"id":"8yiu007807pthde","previousOperationId":"le2vaabxav5476q"}
{"type":"operationEnd","operationId":"le2vaabxav5476q","timestamp":1677090363950,"id":"dmp5uvwrreju5d1","previousEventId":"dboo1bv0oyhq0ul","previousOperationId":"le2vaabxav5476q"}
{"type":"log","timestamp":1677090363950,"level":"debug","message":"Skipping storing report.","meta":{"rootId":"ovat6ok9vkw7csm","id":"fdw5czrbkgejvky"},"id":"s1wgj9t36a9djf6","previousOperationId":"le2vaabxav5476q"}
{"type":"log","timestamp":1677090363950,"level":"info","message":"Rendering (child) request finished in 2009 ms","meta":{"rootId":"ovat6ok9vkw7csm","id":"fdw5czrbkgejvky"},"id":"8czjjfq0dad319t","previousOperationId":"le2vaabxav5476q"}
{"type":"operationEnd","subtype":"render","operationId":"m7q9lt7oqdrl8e0","timestamp":1677090363950,"id":"xqfewjy4c7nkbn7","previousEventId":"dmp5uvwrreju5d1","previousOperationId":"le2vaabxav5476q"}
{"type":"operationEnd","operationId":"83cgfhhm7hc1ek6","timestamp":1677090363958,"id":"balxkbv5imjulj9","previousEventId":"y1mxgzwlkvm2q98","previousOperationId":"83cgfhhm7hc1ek6"}
{"type":"log","timestamp":1677090363958,"level":"debug","message":"pdf-utils postproces start","meta":{"rootId":"ovat6ok9vkw7csm","id":"ovat6ok9vkw7csm"},"id":"nm3evmx9a83mbpf","previousOperationId":"83cgfhhm7hc1ek6"}
{"type":"log","timestamp":1677090363968,"level":"debug","message":"pdf-utils postproces end","meta":{"rootId":"ovat6ok9vkw7csm","id":"ovat6ok9vkw7csm"},"id":"4rmz03hs1i1towb","previousOperationId":"83cgfhhm7hc1ek6"}
{"type":"operationEnd","operationId":"73e842ju7pyrtwm","timestamp":1677090363968,"id":"munwd7wzmla2ccb","previousEventId":"balxkbv5imjulj9","previousOperationId":"83cgfhhm7hc1ek6"}
{"type":"log","timestamp":1677090363968,"level":"info","message":"pdf-utils pdf processing was finished","meta":{"rootId":"ovat6ok9vkw7csm","id":"ovat6ok9vkw7csm"},"id":"q1d2i4dvsb0s1b7","previousOperationId":"73e842ju7pyrtwm"}
{"type":"log","timestamp":1677090363968,"level":"debug","message":"Skipping storing report.","meta":{"rootId":"ovat6ok9vkw7csm","id":"ovat6ok9vkw7csm"},"id":"jp4mgcblcarx3ms","previousOperationId":"73e842ju7pyrtwm"}
{"type":"log","timestamp":1677090363968,"level":"info","message":"Rendering request 96 finished in 2027 ms","meta":{"rootId":"ovat6ok9vkw7csm","id":"ovat6ok9vkw7csm"},"id":"ckpgo4f4ejgldvh","previousOperationId":"73e842ju7pyrtwm"}
{"type":"operationEnd","subtype":"render","operationId":"t21fjzyjta9d5p8","timestamp":1677090363968,"id":"i0cddt99i59qfu1","previousEventId":"munwd7wzmla2ccb","previousOperationId":"73e842ju7pyrtwm"}
{"type":"operationEnd","doDiffs":false,"previousEventId":"dkod8axrjy9ihdm","previousOperationId":"32a8fiw14jwd6p5","operationId":"32a8fiw14jwd6p5","timestamp":1677090363982,"id":"1693j0zg0elzykx"}
