{"type":"operationStart","subtype":"profile","data":{"_id":"xylFHhDfTwi95hmY","timestamp":"2023-02-22T17:48:41.859Z","state":"queued","mode":"standard","creationDate":"2023-02-22T17:48:41.861Z","modificationDate":"2023-02-22T17:48:41.861Z","shortid":"tQSYv_l","$entitySet":"profiles"},"doDiffs":false,"timestamp":1677088121860,"id":"ouy957ejn3izzui","previousOperationId":null,"operationId":"kcmm1tdjhtpvws4"}
{"type":"log","level":"info","message":"Render request 19 queued for execution and waiting for available worker","previousOperationId":"kcmm1tdjhtpvws4","timestamp":1677088121860,"id":"lhgv8qz91lmm8pb"}
{"type":"operationStart","subtype":"render","name":"orders-main","previousOperationId":"kcmm1tdjhtpvws4","timestamp":1677088121872,"id":"dm9837t3fxlwy6l","previousEventId":"ouy957ejn3izzui","operationId":"s8tej3q2z52o0ex"}
{"type":"log","timestamp":1677088121872,"level":"info","message":"Starting rendering request 19","meta":{"rootId":"pe96eem4n9ujnmy","id":"pe96eem4n9ujnmy"},"id":"i4ljdfasxymopfj","previousOperationId":"s8tej3q2z52o0ex"}
{"type":"log","timestamp":1677088121872,"level":"info","message":"Rendering template { name: orders-main, recipe: chrome-pdf, engine: handlebars, preview: true }","meta":{"rootId":"pe96eem4n9ujnmy","id":"pe96eem4n9ujnmy"},"id":"rbj85yrcn3kq85e","previousOperationId":"s8tej3q2z52o0ex"}
{"type":"log","timestamp":1677088121873,"level":"debug","message":"Data item not defined for this template.","meta":{"rootId":"pe96eem4n9ujnmy","id":"pe96eem4n9ujnmy"},"id":"oq66emnual7cj5p","previousOperationId":"s8tej3q2z52o0ex"}
{"type":"log","timestamp":1677088121876,"level":"debug","message":"Executing script orders-script (beforeRender)","meta":{"rootId":"pe96eem4n9ujnmy","id":"pe96eem4n9ujnmy"},"id":"9zfzbmwc2y52zws","previousOperationId":"s8tej3q2z52o0ex"}
{"type":"operationStart","subtype":"scriptsBeforeRender","name":"scripts beforeRender","timestamp":1677088121884,"id":"abqqygcydi3ccp8","previousEventId":"dm9837t3fxlwy6l","operationId":"23vam4tenl4eu0f","previousOperationId":"s8tej3q2z52o0ex"}
{"type":"operationStart","subtype":"script","name":"scripts orders-script","previousOperationId":"23vam4tenl4eu0f","timestamp":1677088121884,"id":"q3udq21yjq5i2el","previousEventId":"abqqygcydi3ccp8","operationId":"ol6poul5pxkiim3"}
{"type":"operationEnd","operationId":"ol6poul5pxkiim3","timestamp":1677088123356,"id":"h8q6slq1nvo8gfw","previousEventId":"dm9837t3fxlwy6l","previousOperationId":"s8tej3q2z52o0ex"}
{"type":"operationEnd","operationId":"23vam4tenl4eu0f","timestamp":1677088123356,"id":"4mcq6nep1l3xc5s","previousEventId":"h8q6slq1nvo8gfw","previousOperationId":"s8tej3q2z52o0ex"}
{"type":"log","timestamp":1677088123356,"level":"debug","message":"Base url not specified, skipping its injection.","meta":{"rootId":"pe96eem4n9ujnmy","id":"pe96eem4n9ujnmy"},"id":"xd2s1ee1r4tce2r","previousOperationId":"23vam4tenl4eu0f"}
{"type":"operationStart","subtype":"engine","name":"handlebars","timestamp":1677088123356,"id":"uya28xtf70j7utl","previousEventId":"4mcq6nep1l3xc5s","operationId":"e4hy6ks0ya6l4ni","previousOperationId":"23vam4tenl4eu0f"}
{"type":"log","timestamp":1677088123356,"level":"debug","message":"Rendering engine handlebars","meta":{"rootId":"pe96eem4n9ujnmy","id":"pe96eem4n9ujnmy"},"id":"n4srfc51jhdeb5r","previousOperationId":"e4hy6ks0ya6l4ni"}
{"type":"operationEnd","operationId":"e4hy6ks0ya6l4ni","timestamp":1677088123366,"id":"6tplrbe7u16zzte","previousEventId":"uya28xtf70j7utl","previousOperationId":"e4hy6ks0ya6l4ni"}
{"type":"operationStart","subtype":"recipe","name":"chrome-pdf","timestamp":1677088123367,"id":"vdbkibiu8wkgw8d","previousEventId":"6tplrbe7u16zzte","operationId":"bi4259j28bn93bj","previousOperationId":"e4hy6ks0ya6l4ni"}
{"type":"log","timestamp":1677088123367,"level":"debug","message":"Executing recipe chrome-pdf","meta":{"rootId":"pe96eem4n9ujnmy","id":"pe96eem4n9ujnmy"},"id":"owt42u7u3wahq4z","previousOperationId":"bi4259j28bn93bj"}
{"type":"log","timestamp":1677088123370,"level":"debug","message":"Converting with chrome HeadlessChrome/105.0.5173.0 using chrome-pool strategy","meta":{"rootId":"pe96eem4n9ujnmy","id":"pe96eem4n9ujnmy"},"id":"153gh2llhgwbb64","previousOperationId":"bi4259j28bn93bj"}
{"type":"log","timestamp":1677088123459,"level":"debug","message":"Page request: GET (document) file:///C:/Users/Kris/AppData/Local/Temp/jsreport/autocleanup/528e06f6-9ebb-4bc3-9b6b-06725f107452-chrome-pdf.html","meta":{"rootId":"pe96eem4n9ujnmy","id":"pe96eem4n9ujnmy"},"id":"0v3kazarjn2sgy5","previousOperationId":"bi4259j28bn93bj"}
{"type":"log","timestamp":1677088123475,"level":"debug","message":"Page request finished: GET (document) 200 file:///C:/Users/Kris/AppData/Local/Temp/jsreport/autocleanup/528e06f6-9ebb-4bc3-9b6b-06725f107452-chrome-pdf.html","meta":{"rootId":"pe96eem4n9ujnmy","id":"pe96eem4n9ujnmy"},"id":"s82hq44vu8c43l0","previousOperationId":"bi4259j28bn93bj"}
{"type":"log","timestamp":1677088123475,"level":"debug","message":"Page request: GET (stylesheet) https://cdnjs.cloudflare.com/ajax/libs/metro/4.1.5/css/metro.min.css","meta":{"rootId":"pe96eem4n9ujnmy","id":"pe96eem4n9ujnmy"},"id":"rlgq4987qlacxux","previousOperationId":"bi4259j28bn93bj"}
{"type":"log","timestamp":1677088123476,"level":"debug","message":"Page request: GET (script) https://cdnjs.cloudflare.com/ajax/libs/Chart.js/2.7.2/Chart.min.js","meta":{"rootId":"pe96eem4n9ujnmy","id":"pe96eem4n9ujnmy"},"id":"lpm2uamg1o7oqqd","previousOperationId":"bi4259j28bn93bj"}
{"type":"log","timestamp":1677088123480,"level":"debug","message":"Page request finished: GET (script) 200 https://cdnjs.cloudflare.com/ajax/libs/Chart.js/2.7.2/Chart.min.js","meta":{"rootId":"pe96eem4n9ujnmy","id":"pe96eem4n9ujnmy"},"id":"zrqhqitoy66rlth","previousOperationId":"bi4259j28bn93bj"}
{"type":"log","timestamp":1677088123496,"level":"debug","message":"Page request finished: GET (stylesheet) 200 https://cdnjs.cloudflare.com/ajax/libs/metro/4.1.5/css/metro.min.css","meta":{"rootId":"pe96eem4n9ujnmy","id":"pe96eem4n9ujnmy"},"id":"hw6c9w3o0cmq4ky","previousOperationId":"bi4259j28bn93bj"}
{"type":"log","timestamp":1677088123538,"level":"debug","message":"Running chrome with params {\"printBackground\":true,\"marginTop\":\"4cm\",\"marginRight\":\"1.5cm\",\"marginBottom\":\"1.5cm\",\"marginLeft\":\"1.5cm\",\"waitForJS\":false,\"timeout\":58490,\"margin\":{\"top\":\"4cm\",\"right\":\"1.5cm\",\"bottom\":\"1.5cm\",\"left\":\"1.5cm\"}}","meta":{"rootId":"pe96eem4n9ujnmy","id":"pe96eem4n9ujnmy"},"id":"dwrodajwb7pmctf","previousOperationId":"bi4259j28bn93bj"}
{"type":"operationEnd","operationId":"bi4259j28bn93bj","timestamp":1677088123676,"id":"63u1f9a6u3zrs0j","previousEventId":"vdbkibiu8wkgw8d","previousOperationId":"bi4259j28bn93bj"}
{"type":"log","timestamp":1677088123676,"level":"info","message":"pdf-utils is starting pdf processing","meta":{"rootId":"pe96eem4n9ujnmy","id":"pe96eem4n9ujnmy"},"id":"vcrn7lcn9q06a79","previousOperationId":"bi4259j28bn93bj"}
{"type":"operationStart","subtype":"pdfUtils","name":"pdf utils","timestamp":1677088123676,"id":"xkdd0zwrljhyr6j","previousEventId":"63u1f9a6u3zrs0j","operationId":"usv71cpfry3f1hv","previousOperationId":"bi4259j28bn93bj"}
{"type":"log","timestamp":1677088123676,"level":"debug","message":"pdf-utils detected 1 pdf operation(s) to process","meta":{"rootId":"pe96eem4n9ujnmy","id":"pe96eem4n9ujnmy"},"id":"vuenqcrnhqriycb","previousOperationId":"usv71cpfry3f1hv"}
{"type":"log","timestamp":1677088123705,"level":"debug","message":"pdf-utils running pdf operation merge","meta":{"rootId":"pe96eem4n9ujnmy","id":"pe96eem4n9ujnmy"},"id":"jc2w3koylxejh07","previousOperationId":"usv71cpfry3f1hv"}
{"type":"operationStart","subtype":"pdfUtilsMerge","name":"pdf utils merge","previousOperationId":"usv71cpfry3f1hv","timestamp":1677088123705,"id":"w4jlqzs04uk2tkd","previousEventId":"xkdd0zwrljhyr6j","operationId":"5bw5wvsn90gnglm"}
{"type":"operationStart","subtype":"render","name":"orders-header","previousOperationId":"5bw5wvsn90gnglm","timestamp":1677088123705,"id":"d0q0mlsnuu9qky6","previousEventId":"w4jlqzs04uk2tkd","operationId":"v6pf5ypp31xnwft"}
{"type":"log","timestamp":1677088123705,"level":"info","message":"Starting rendering (child) request","meta":{"rootId":"pe96eem4n9ujnmy","id":"kpn96188j0srnq2"},"id":"zfhws3ri92q9307","previousOperationId":"v6pf5ypp31xnwft"}
{"type":"log","timestamp":1677088123705,"level":"info","message":"Rendering template { name: orders-header, recipe: chrome-pdf, engine: handlebars, preview: true }","meta":{"rootId":"pe96eem4n9ujnmy","id":"kpn96188j0srnq2"},"id":"oqzg954ubbm6j8s","previousOperationId":"v6pf5ypp31xnwft"}
{"type":"log","timestamp":1677088123706,"level":"debug","message":"Inline data specified.","meta":{"rootId":"pe96eem4n9ujnmy","id":"kpn96188j0srnq2"},"id":"4f3zw389rt6oamu","previousOperationId":"v6pf5ypp31xnwft"}
{"type":"log","timestamp":1677088123708,"level":"debug","message":"Base url not specified, skipping its injection.","meta":{"rootId":"pe96eem4n9ujnmy","id":"kpn96188j0srnq2"},"id":"9r8ubis3wo0cp00","previousOperationId":"v6pf5ypp31xnwft"}
{"type":"operationStart","subtype":"engine","name":"handlebars","timestamp":1677088123708,"id":"s011s0n9wgduxhq","previousEventId":"d0q0mlsnuu9qky6","operationId":"ohw3o1tx7zasyas","previousOperationId":"v6pf5ypp31xnwft"}
{"type":"log","timestamp":1677088123708,"level":"debug","message":"Rendering engine handlebars","meta":{"rootId":"pe96eem4n9ujnmy","id":"kpn96188j0srnq2"},"id":"10zoihfq0y170l2","previousOperationId":"ohw3o1tx7zasyas"}
{"type":"operationEnd","operationId":"ohw3o1tx7zasyas","timestamp":1677088123725,"id":"9gd2thq5gfy8ig4","previousEventId":"s011s0n9wgduxhq","previousOperationId":"ohw3o1tx7zasyas"}
{"type":"operationStart","subtype":"recipe","name":"chrome-pdf","timestamp":1677088123726,"id":"y0ll60dhh8267fi","previousEventId":"9gd2thq5gfy8ig4","operationId":"b4fg00ffqtw9fo2","previousOperationId":"ohw3o1tx7zasyas"}
{"type":"log","timestamp":1677088123726,"level":"debug","message":"Executing recipe chrome-pdf","meta":{"rootId":"pe96eem4n9ujnmy","id":"kpn96188j0srnq2"},"id":"s661sunksl3alkg","previousOperationId":"b4fg00ffqtw9fo2"}
{"type":"log","timestamp":1677088123728,"level":"debug","message":"Converting with chrome HeadlessChrome/105.0.5173.0 using chrome-pool strategy","meta":{"rootId":"pe96eem4n9ujnmy","id":"kpn96188j0srnq2"},"id":"3b1ta0s6g9cj13q","previousOperationId":"b4fg00ffqtw9fo2"}
{"type":"log","timestamp":1677088123812,"level":"debug","message":"Page request: GET (document) file:///C:/Users/Kris/AppData/Local/Temp/jsreport/autocleanup/d2f236d2-3635-4f70-a910-3b5b8eb760f7-chrome-pdf.html","meta":{"rootId":"pe96eem4n9ujnmy","id":"kpn96188j0srnq2"},"id":"ygar5bw5c5n9ug3","previousOperationId":"b4fg00ffqtw9fo2"}
{"type":"log","timestamp":1677088123825,"level":"debug","message":"Page request: GET (stylesheet) https://cdnjs.cloudflare.com/ajax/libs/metro/4.1.5/css/metro.min.css","meta":{"rootId":"pe96eem4n9ujnmy","id":"kpn96188j0srnq2"},"id":"hi7ubvlqc1p0ad5","previousOperationId":"b4fg00ffqtw9fo2"}
{"type":"log","timestamp":1677088123825,"level":"debug","message":"Page request finished: GET (document) 200 file:///C:/Users/Kris/AppData/Local/Temp/jsreport/autocleanup/d2f236d2-3635-4f70-a910-3b5b8eb760f7-chrome-pdf.html","meta":{"rootId":"pe96eem4n9ujnmy","id":"kpn96188j0srnq2"},"id":"vyigorg76uat8bu","previousOperationId":"b4fg00ffqtw9fo2"}
{"type":"log","timestamp":1677088123844,"level":"debug","message":"Page request finished: GET (stylesheet) 200 https://cdnjs.cloudflare.com/ajax/libs/metro/4.1.5/css/metro.min.css","meta":{"rootId":"pe96eem4n9ujnmy","id":"kpn96188j0srnq2"},"id":"i18t6nejm7hctqu","previousOperationId":"b4fg00ffqtw9fo2"}
{"type":"log","timestamp":1677088123863,"level":"debug","message":"Running chrome with params {\"printBackground\":true,\"marginTop\":\"1.5cm\",\"marginRight\":\"1.5cm\",\"marginLeft\":\"1.cm\",\"timeout\":58132,\"margin\":{\"top\":\"1.5cm\",\"right\":\"1.5cm\",\"left\":\"1.cm\"}}","meta":{"rootId":"pe96eem4n9ujnmy","id":"kpn96188j0srnq2"},"id":"cfhjmf0keiw9k4s","previousOperationId":"b4fg00ffqtw9fo2"}
{"type":"operationEnd","operationId":"b4fg00ffqtw9fo2","timestamp":1677088123918,"id":"ipxcipse61gj0hj","previousEventId":"y0ll60dhh8267fi","previousOperationId":"b4fg00ffqtw9fo2"}
{"type":"log","timestamp":1677088123918,"level":"debug","message":"Skipping storing report.","meta":{"rootId":"pe96eem4n9ujnmy","id":"kpn96188j0srnq2"},"id":"1zlib1gszfkm7se","previousOperationId":"b4fg00ffqtw9fo2"}
{"type":"log","timestamp":1677088123918,"level":"info","message":"Rendering (child) request finished in 2059 ms","meta":{"rootId":"pe96eem4n9ujnmy","id":"kpn96188j0srnq2"},"id":"hc0hxqokgvwfgrr","previousOperationId":"b4fg00ffqtw9fo2"}
{"type":"operationEnd","subtype":"render","operationId":"v6pf5ypp31xnwft","timestamp":1677088123918,"id":"qvsfi6hev8qvp3p","previousEventId":"ipxcipse61gj0hj","previousOperationId":"b4fg00ffqtw9fo2"}
{"type":"operationEnd","operationId":"5bw5wvsn90gnglm","timestamp":1677088123926,"id":"dqt0g4kbauprem5","previousEventId":"w4jlqzs04uk2tkd","previousOperationId":"5bw5wvsn90gnglm"}
{"type":"log","timestamp":1677088123926,"level":"debug","message":"pdf-utils postproces start","meta":{"rootId":"pe96eem4n9ujnmy","id":"pe96eem4n9ujnmy"},"id":"dtkfs81cy1jkw3p","previousOperationId":"5bw5wvsn90gnglm"}
{"type":"log","timestamp":1677088123940,"level":"debug","message":"pdf-utils postproces end","meta":{"rootId":"pe96eem4n9ujnmy","id":"pe96eem4n9ujnmy"},"id":"oq91f7qufjrdrg6","previousOperationId":"5bw5wvsn90gnglm"}
{"type":"operationEnd","operationId":"usv71cpfry3f1hv","timestamp":1677088123940,"id":"9qfvxtwy4s2jib8","previousEventId":"dqt0g4kbauprem5","previousOperationId":"5bw5wvsn90gnglm"}
{"type":"log","timestamp":1677088123940,"level":"info","message":"pdf-utils pdf processing was finished","meta":{"rootId":"pe96eem4n9ujnmy","id":"pe96eem4n9ujnmy"},"id":"21eziak631wuhx4","previousOperationId":"usv71cpfry3f1hv"}
{"type":"log","timestamp":1677088123941,"level":"debug","message":"Skipping storing report.","meta":{"rootId":"pe96eem4n9ujnmy","id":"pe96eem4n9ujnmy"},"id":"m2u4asz3t4nlss1","previousOperationId":"usv71cpfry3f1hv"}
{"type":"log","timestamp":1677088123941,"level":"info","message":"Rendering request 19 finished in 2082 ms","meta":{"rootId":"pe96eem4n9ujnmy","id":"pe96eem4n9ujnmy"},"id":"j865xj498t7kr7c","previousOperationId":"usv71cpfry3f1hv"}
{"type":"operationEnd","subtype":"render","operationId":"s8tej3q2z52o0ex","timestamp":1677088123941,"id":"9jfxjlkx3wdui57","previousEventId":"9qfvxtwy4s2jib8","previousOperationId":"usv71cpfry3f1hv"}
{"type":"operationEnd","doDiffs":false,"previousEventId":"ouy957ejn3izzui","previousOperationId":"kcmm1tdjhtpvws4","operationId":"kcmm1tdjhtpvws4","timestamp":1677088123948,"id":"fapf0j9bl6vk2mp"}
