{"type":"operationStart","subtype":"profile","data":{"_id":"N6YBc2GeENe87PyQ","timestamp":"2023-02-22T17:45:56.352Z","state":"queued","mode":"standard","creationDate":"2023-02-22T17:45:56.354Z","modificationDate":"2023-02-22T17:45:56.354Z","shortid":"wffRJN5","$entitySet":"profiles"},"doDiffs":false,"timestamp":1677087956353,"id":"jr3naow5oksl8lt","previousOperationId":null,"operationId":"1n6pfot1zkgu48c"}
{"type":"log","level":"info","message":"Render request 13 queued for execution and waiting for available worker","previousOperationId":"1n6pfot1zkgu48c","timestamp":1677087956353,"id":"sie632lfe7oasp2"}
{"type":"operationStart","subtype":"render","name":"orders-main","previousOperationId":"1n6pfot1zkgu48c","timestamp":1677087956363,"id":"9dlbahlf7q7fvze","previousEventId":"jr3naow5oksl8lt","operationId":"pd6ga3nw1e08atw"}
{"type":"log","timestamp":1677087956363,"level":"info","message":"Starting rendering request 13","meta":{"rootId":"qzornug3w5avigq","id":"qzornug3w5avigq"},"id":"r3rlemvipzbvj40","previousOperationId":"pd6ga3nw1e08atw"}
{"type":"log","timestamp":1677087956363,"level":"info","message":"Rendering template { name: orders-main, recipe: chrome-pdf, engine: handlebars, preview: true }","meta":{"rootId":"qzornug3w5avigq","id":"qzornug3w5avigq"},"id":"zin2mfox73li6sa","previousOperationId":"pd6ga3nw1e08atw"}
{"type":"log","timestamp":1677087956365,"level":"debug","message":"Data item not defined for this template.","meta":{"rootId":"qzornug3w5avigq","id":"qzornug3w5avigq"},"id":"wrd9nqy5qgz2mws","previousOperationId":"pd6ga3nw1e08atw"}
{"type":"log","timestamp":1677087956371,"level":"debug","message":"Executing script orders-script (beforeRender)","meta":{"rootId":"qzornug3w5avigq","id":"qzornug3w5avigq"},"id":"xj5otvbjwbklu84","previousOperationId":"pd6ga3nw1e08atw"}
{"type":"operationStart","subtype":"scriptsBeforeRender","name":"scripts beforeRender","timestamp":1677087956393,"id":"gzfdeu9o1n37fkc","previousEventId":"9dlbahlf7q7fvze","operationId":"t0o3ua1wpspifn1","previousOperationId":"pd6ga3nw1e08atw"}
{"type":"operationStart","subtype":"script","name":"scripts orders-script","previousOperationId":"t0o3ua1wpspifn1","timestamp":1677087956393,"id":"pp8xxqtw6njca8s","previousEventId":"gzfdeu9o1n37fkc","operationId":"s2s0kv8oh74ycu9"}
{"type":"operationEnd","operationId":"s2s0kv8oh74ycu9","timestamp":1677087957839,"id":"kmojigdh4el15mn","previousEventId":"9dlbahlf7q7fvze","previousOperationId":"pd6ga3nw1e08atw"}
{"type":"operationEnd","operationId":"t0o3ua1wpspifn1","timestamp":1677087957839,"id":"tv9tqwh28lgv6xf","previousEventId":"kmojigdh4el15mn","previousOperationId":"pd6ga3nw1e08atw"}
{"type":"log","timestamp":1677087957839,"level":"debug","message":"Base url not specified, skipping its injection.","meta":{"rootId":"qzornug3w5avigq","id":"qzornug3w5avigq"},"id":"p0p59on4ofxvjz0","previousOperationId":"t0o3ua1wpspifn1"}
{"type":"operationStart","subtype":"engine","name":"handlebars","timestamp":1677087957839,"id":"kk3v9coty2404fd","previousEventId":"tv9tqwh28lgv6xf","operationId":"rsxf26k8xgcgzg8","previousOperationId":"t0o3ua1wpspifn1"}
{"type":"log","timestamp":1677087957839,"level":"debug","message":"Rendering engine handlebars","meta":{"rootId":"qzornug3w5avigq","id":"qzornug3w5avigq"},"id":"hxe9qpxadf2ooa0","previousOperationId":"rsxf26k8xgcgzg8"}
{"type":"operationEnd","operationId":"rsxf26k8xgcgzg8","timestamp":1677087957847,"id":"2i31r8ozd5y0yz5","previousEventId":"kk3v9coty2404fd","previousOperationId":"rsxf26k8xgcgzg8"}
{"type":"operationStart","subtype":"recipe","name":"chrome-pdf","timestamp":1677087957847,"id":"e6i08a7dg7rec0w","previousEventId":"2i31r8ozd5y0yz5","operationId":"cqtzcwtev5if5nr","previousOperationId":"rsxf26k8xgcgzg8"}
{"type":"log","timestamp":1677087957847,"level":"debug","message":"Executing recipe chrome-pdf","meta":{"rootId":"qzornug3w5avigq","id":"qzornug3w5avigq"},"id":"jd1onjrbabaqa7v","previousOperationId":"cqtzcwtev5if5nr"}
{"type":"log","timestamp":1677087957850,"level":"debug","message":"Converting with chrome HeadlessChrome/105.0.5173.0 using chrome-pool strategy","meta":{"rootId":"qzornug3w5avigq","id":"qzornug3w5avigq"},"id":"7h3jgckm2uau32j","previousOperationId":"cqtzcwtev5if5nr"}
{"type":"log","timestamp":1677087957927,"level":"debug","message":"Page request: GET (document) file:///C:/Users/Kris/AppData/Local/Temp/jsreport/autocleanup/8c5c65c9-43ce-4652-93e1-af1f919392c0-chrome-pdf.html","meta":{"rootId":"qzornug3w5avigq","id":"qzornug3w5avigq"},"id":"z937h70rlxk9wyl","previousOperationId":"cqtzcwtev5if5nr"}
{"type":"log","timestamp":1677087957945,"level":"debug","message":"Page request finished: GET (document) 200 file:///C:/Users/Kris/AppData/Local/Temp/jsreport/autocleanup/8c5c65c9-43ce-4652-93e1-af1f919392c0-chrome-pdf.html","meta":{"rootId":"qzornug3w5avigq","id":"qzornug3w5avigq"},"id":"j0ia9oq3vtqd55y","previousOperationId":"cqtzcwtev5if5nr"}
{"type":"log","timestamp":1677087957945,"level":"debug","message":"Page request: GET (stylesheet) https://cdnjs.cloudflare.com/ajax/libs/metro/4.1.5/css/metro.min.css","meta":{"rootId":"qzornug3w5avigq","id":"qzornug3w5avigq"},"id":"k4shwlmsms4t2s8","previousOperationId":"cqtzcwtev5if5nr"}
{"type":"log","timestamp":1677087957946,"level":"debug","message":"Page request: GET (script) https://cdnjs.cloudflare.com/ajax/libs/Chart.js/2.7.2/Chart.min.js","meta":{"rootId":"qzornug3w5avigq","id":"qzornug3w5avigq"},"id":"ojl0ri2ihvp2fkp","previousOperationId":"cqtzcwtev5if5nr"}
{"type":"log","timestamp":1677087957952,"level":"debug","message":"Page request finished: GET (script) 200 https://cdnjs.cloudflare.com/ajax/libs/Chart.js/2.7.2/Chart.min.js","meta":{"rootId":"qzornug3w5avigq","id":"qzornug3w5avigq"},"id":"4djfe1ou4mz3bkb","previousOperationId":"cqtzcwtev5if5nr"}
{"type":"log","timestamp":1677087957969,"level":"debug","message":"Page request finished: GET (stylesheet) 200 https://cdnjs.cloudflare.com/ajax/libs/metro/4.1.5/css/metro.min.css","meta":{"rootId":"qzornug3w5avigq","id":"qzornug3w5avigq"},"id":"8nrzctqrpgwt7iz","previousOperationId":"cqtzcwtev5if5nr"}
{"type":"log","timestamp":1677087958012,"level":"debug","message":"Running chrome with params {\"printBackground\":true,\"marginTop\":\"4cm\",\"marginRight\":\"1.5cm\",\"marginBottom\":\"1.5cm\",\"marginLeft\":\"1.5cm\",\"waitForJS\":false,\"timeout\":58503,\"margin\":{\"top\":\"4cm\",\"right\":\"1.5cm\",\"bottom\":\"1.5cm\",\"left\":\"1.5cm\"}}","meta":{"rootId":"qzornug3w5avigq","id":"qzornug3w5avigq"},"id":"qk281tsoajhvad5","previousOperationId":"cqtzcwtev5if5nr"}
{"type":"operationEnd","operationId":"cqtzcwtev5if5nr","timestamp":1677087958150,"id":"xwu9e5jmrjvqrje","previousEventId":"e6i08a7dg7rec0w","previousOperationId":"cqtzcwtev5if5nr"}
{"type":"log","timestamp":1677087958150,"level":"info","message":"pdf-utils is starting pdf processing","meta":{"rootId":"qzornug3w5avigq","id":"qzornug3w5avigq"},"id":"fq574p6mta1fozz","previousOperationId":"cqtzcwtev5if5nr"}
{"type":"operationStart","subtype":"pdfUtils","name":"pdf utils","timestamp":1677087958150,"id":"x7ewa897n61xxri","previousEventId":"xwu9e5jmrjvqrje","operationId":"kknfxonl2p2v0qe","previousOperationId":"cqtzcwtev5if5nr"}
{"type":"log","timestamp":1677087958150,"level":"debug","message":"pdf-utils detected 1 pdf operation(s) to process","meta":{"rootId":"qzornug3w5avigq","id":"qzornug3w5avigq"},"id":"828vgmdp1cwzovr","previousOperationId":"kknfxonl2p2v0qe"}
{"type":"log","timestamp":1677087958175,"level":"debug","message":"pdf-utils running pdf operation merge","meta":{"rootId":"qzornug3w5avigq","id":"qzornug3w5avigq"},"id":"pmvwglgzc4fk3xx","previousOperationId":"kknfxonl2p2v0qe"}
{"type":"operationStart","subtype":"pdfUtilsMerge","name":"pdf utils merge","previousOperationId":"kknfxonl2p2v0qe","timestamp":1677087958175,"id":"dvsn7ehan4sni9h","previousEventId":"x7ewa897n61xxri","operationId":"5tpvfetl9uq00ag"}
{"type":"operationStart","subtype":"render","name":"orders-header","previousOperationId":"5tpvfetl9uq00ag","timestamp":1677087958175,"id":"e8n3g7zhzds8m43","previousEventId":"dvsn7ehan4sni9h","operationId":"yx5jz6xnf2yv0x7"}
{"type":"log","timestamp":1677087958175,"level":"info","message":"Starting rendering (child) request","meta":{"rootId":"qzornug3w5avigq","id":"tw5vsnb63hxe3gk"},"id":"r9p1470n3ra26vv","previousOperationId":"yx5jz6xnf2yv0x7"}
{"type":"log","timestamp":1677087958176,"level":"info","message":"Rendering template { name: orders-header, recipe: chrome-pdf, engine: handlebars, preview: true }","meta":{"rootId":"qzornug3w5avigq","id":"tw5vsnb63hxe3gk"},"id":"nbjmae4ahn53nbm","previousOperationId":"yx5jz6xnf2yv0x7"}
{"type":"log","timestamp":1677087958176,"level":"debug","message":"Inline data specified.","meta":{"rootId":"qzornug3w5avigq","id":"tw5vsnb63hxe3gk"},"id":"qn06r7xdw9d9y64","previousOperationId":"yx5jz6xnf2yv0x7"}
{"type":"log","timestamp":1677087958179,"level":"debug","message":"Base url not specified, skipping its injection.","meta":{"rootId":"qzornug3w5avigq","id":"tw5vsnb63hxe3gk"},"id":"254sf67sfuae0qx","previousOperationId":"yx5jz6xnf2yv0x7"}
{"type":"operationStart","subtype":"engine","name":"handlebars","timestamp":1677087958179,"id":"haholhxhc6v6qwj","previousEventId":"e8n3g7zhzds8m43","operationId":"g7c7p134s903vig","previousOperationId":"yx5jz6xnf2yv0x7"}
{"type":"log","timestamp":1677087958179,"level":"debug","message":"Rendering engine handlebars","meta":{"rootId":"qzornug3w5avigq","id":"tw5vsnb63hxe3gk"},"id":"xxx8spkvisrm1lp","previousOperationId":"g7c7p134s903vig"}
{"type":"operationEnd","operationId":"g7c7p134s903vig","timestamp":1677087958202,"id":"zg60vj1tajswzvj","previousEventId":"haholhxhc6v6qwj","previousOperationId":"g7c7p134s903vig"}
{"type":"operationStart","subtype":"recipe","name":"chrome-pdf","timestamp":1677087958202,"id":"46al9fj3dyrwq9v","previousEventId":"zg60vj1tajswzvj","operationId":"0iklinerrns455i","previousOperationId":"g7c7p134s903vig"}
{"type":"log","timestamp":1677087958202,"level":"debug","message":"Executing recipe chrome-pdf","meta":{"rootId":"qzornug3w5avigq","id":"tw5vsnb63hxe3gk"},"id":"25yl84uv1shwesp","previousOperationId":"0iklinerrns455i"}
{"type":"log","timestamp":1677087958204,"level":"debug","message":"Converting with chrome HeadlessChrome/105.0.5173.0 using chrome-pool strategy","meta":{"rootId":"qzornug3w5avigq","id":"tw5vsnb63hxe3gk"},"id":"phenwi6f4g4rtwp","previousOperationId":"0iklinerrns455i"}
{"type":"log","timestamp":1677087958295,"level":"debug","message":"Page request: GET (document) file:///C:/Users/Kris/AppData/Local/Temp/jsreport/autocleanup/516b5b74-86e4-4ee7-b981-d44be4fe7e02-chrome-pdf.html","meta":{"rootId":"qzornug3w5avigq","id":"tw5vsnb63hxe3gk"},"id":"yxrmjhzdo4rg19p","previousOperationId":"0iklinerrns455i"}
{"type":"log","timestamp":1677087958305,"level":"debug","message":"Page request: GET (stylesheet) https://cdnjs.cloudflare.com/ajax/libs/metro/4.1.5/css/metro.min.css","meta":{"rootId":"qzornug3w5avigq","id":"tw5vsnb63hxe3gk"},"id":"28mcaq19uodohc2","previousOperationId":"0iklinerrns455i"}
{"type":"log","timestamp":1677087958305,"level":"debug","message":"Page request finished: GET (document) 200 file:///C:/Users/Kris/AppData/Local/Temp/jsreport/autocleanup/516b5b74-86e4-4ee7-b981-d44be4fe7e02-chrome-pdf.html","meta":{"rootId":"qzornug3w5avigq","id":"tw5vsnb63hxe3gk"},"id":"7ikdjvzkhtssq90","previousOperationId":"0iklinerrns455i"}
{"type":"log","timestamp":1677087958325,"level":"debug","message":"Page request finished: GET (stylesheet) 200 https://cdnjs.cloudflare.com/ajax/libs/metro/4.1.5/css/metro.min.css","meta":{"rootId":"qzornug3w5avigq","id":"tw5vsnb63hxe3gk"},"id":"v6tuwsade96asz6","previousOperationId":"0iklinerrns455i"}
{"type":"log","timestamp":1677087958344,"level":"debug","message":"Running chrome with params {\"printBackground\":true,\"marginTop\":\"1.5cm\",\"marginRight\":\"1.5cm\",\"marginLeft\":\"1.cm\",\"timeout\":58149,\"margin\":{\"top\":\"1.5cm\",\"right\":\"1.5cm\",\"left\":\"1.cm\"}}","meta":{"rootId":"qzornug3w5avigq","id":"tw5vsnb63hxe3gk"},"id":"prh9pqduuw3wcp8","previousOperationId":"0iklinerrns455i"}
{"type":"operationEnd","operationId":"0iklinerrns455i","timestamp":1677087958406,"id":"gvu1d7w2f99ffdp","previousEventId":"46al9fj3dyrwq9v","previousOperationId":"0iklinerrns455i"}
{"type":"log","timestamp":1677087958406,"level":"debug","message":"Skipping storing report.","meta":{"rootId":"qzornug3w5avigq","id":"tw5vsnb63hxe3gk"},"id":"g18dmk07ndwfqee","previousOperationId":"0iklinerrns455i"}
{"type":"log","timestamp":1677087958406,"level":"info","message":"Rendering (child) request finished in 2054 ms","meta":{"rootId":"qzornug3w5avigq","id":"tw5vsnb63hxe3gk"},"id":"l2bnt70hnh07fja","previousOperationId":"0iklinerrns455i"}
{"type":"operationEnd","subtype":"render","operationId":"yx5jz6xnf2yv0x7","timestamp":1677087958406,"id":"krf9kbhr40ao83g","previousEventId":"gvu1d7w2f99ffdp","previousOperationId":"0iklinerrns455i"}
{"type":"operationEnd","operationId":"5tpvfetl9uq00ag","timestamp":1677087958415,"id":"tdjvm704osnyybs","previousEventId":"dvsn7ehan4sni9h","previousOperationId":"5tpvfetl9uq00ag"}
{"type":"log","timestamp":1677087958415,"level":"debug","message":"pdf-utils postproces start","meta":{"rootId":"qzornug3w5avigq","id":"qzornug3w5avigq"},"id":"av0io35ydkiifmh","previousOperationId":"5tpvfetl9uq00ag"}
{"type":"log","timestamp":1677087958429,"level":"debug","message":"pdf-utils postproces end","meta":{"rootId":"qzornug3w5avigq","id":"qzornug3w5avigq"},"id":"lnbbiwyntgjdz4k","previousOperationId":"5tpvfetl9uq00ag"}
{"type":"operationEnd","operationId":"kknfxonl2p2v0qe","timestamp":1677087958429,"id":"8k2mecv3vj55icd","previousEventId":"tdjvm704osnyybs","previousOperationId":"5tpvfetl9uq00ag"}
{"type":"log","timestamp":1677087958429,"level":"info","message":"pdf-utils pdf processing was finished","meta":{"rootId":"qzornug3w5avigq","id":"qzornug3w5avigq"},"id":"zsxi9hh6ypcpndi","previousOperationId":"kknfxonl2p2v0qe"}
{"type":"log","timestamp":1677087958429,"level":"debug","message":"Skipping storing report.","meta":{"rootId":"qzornug3w5avigq","id":"qzornug3w5avigq"},"id":"y4b1w61g6s5jgy8","previousOperationId":"kknfxonl2p2v0qe"}
{"type":"log","timestamp":1677087958429,"level":"info","message":"Rendering request 13 finished in 2077 ms","meta":{"rootId":"qzornug3w5avigq","id":"qzornug3w5avigq"},"id":"d3j0pa5mo3mb69o","previousOperationId":"kknfxonl2p2v0qe"}
{"type":"operationEnd","subtype":"render","operationId":"pd6ga3nw1e08atw","timestamp":1677087958429,"id":"vj2klscy0793ral","previousEventId":"8k2mecv3vj55icd","previousOperationId":"kknfxonl2p2v0qe"}
{"type":"operationEnd","doDiffs":false,"previousEventId":"jr3naow5oksl8lt","previousOperationId":"1n6pfot1zkgu48c","operationId":"1n6pfot1zkgu48c","timestamp":1677087958462,"id":"nacioc0qabp1rz5"}
