{"type":"operationStart","subtype":"profile","data":{"_id":"xahGs5cxhLu2Tv3I","timestamp":"2023-02-22T17:47:14.095Z","state":"queued","mode":"standard","creationDate":"2023-02-22T17:47:14.096Z","modificationDate":"2023-02-22T17:47:14.096Z","shortid":"htLogVu","$entitySet":"profiles"},"doDiffs":false,"timestamp":1677088034096,"id":"2fvs4gh6smmpwsu","previousOperationId":null,"operationId":"jdt3w58md9s7f7k"}
{"type":"log","level":"info","message":"Render request 14 queued for execution and waiting for available worker","previousOperationId":"jdt3w58md9s7f7k","timestamp":1677088034096,"id":"czcg4yq1uud5tsf"}
{"type":"operationStart","subtype":"render","name":"orders-main","previousOperationId":"jdt3w58md9s7f7k","timestamp":1677088034104,"id":"7y06mn7cyo8nj5r","previousEventId":"2fvs4gh6smmpwsu","operationId":"yc4opwci289skh5"}
{"type":"log","timestamp":1677088034104,"level":"info","message":"Starting rendering request 14","meta":{"rootId":"s1xa6jti6xf1hif","id":"s1xa6jti6xf1hif"},"id":"rgrcj4xqqre3lhb","previousOperationId":"yc4opwci289skh5"}
{"type":"log","timestamp":1677088034104,"level":"info","message":"Rendering template { name: orders-main, recipe: chrome-pdf, engine: handlebars, preview: true }","meta":{"rootId":"s1xa6jti6xf1hif","id":"s1xa6jti6xf1hif"},"id":"qli0yceaq59mliv","previousOperationId":"yc4opwci289skh5"}
{"type":"log","timestamp":1677088034106,"level":"debug","message":"Data item not defined for this template.","meta":{"rootId":"s1xa6jti6xf1hif","id":"s1xa6jti6xf1hif"},"id":"3dsqopxuezv9zj7","previousOperationId":"yc4opwci289skh5"}
{"type":"log","timestamp":1677088034109,"level":"debug","message":"Executing script orders-script (beforeRender)","meta":{"rootId":"s1xa6jti6xf1hif","id":"s1xa6jti6xf1hif"},"id":"l5owv1l5kt8ikyf","previousOperationId":"yc4opwci289skh5"}
{"type":"operationStart","subtype":"scriptsBeforeRender","name":"scripts beforeRender","timestamp":1677088034117,"id":"3dcysc7v05qp87k","previousEventId":"7y06mn7cyo8nj5r","operationId":"kz7kegarw5mtybe","previousOperationId":"yc4opwci289skh5"}
{"type":"operationStart","subtype":"script","name":"scripts orders-script","previousOperationId":"kz7kegarw5mtybe","timestamp":1677088034117,"id":"sgd83mbkz56zd98","previousEventId":"3dcysc7v05qp87k","operationId":"93rxy5ibwiwr0kr"}
{"type":"operationEnd","operationId":"93rxy5ibwiwr0kr","timestamp":1677088035587,"id":"lv9mila8uzp7gau","previousEventId":"7y06mn7cyo8nj5r","previousOperationId":"yc4opwci289skh5"}
{"type":"operationEnd","operationId":"kz7kegarw5mtybe","timestamp":1677088035587,"id":"gprbbglf2a74ei1","previousEventId":"lv9mila8uzp7gau","previousOperationId":"yc4opwci289skh5"}
{"type":"log","timestamp":1677088035587,"level":"debug","message":"Base url not specified, skipping its injection.","meta":{"rootId":"s1xa6jti6xf1hif","id":"s1xa6jti6xf1hif"},"id":"1ma83322hj5mf60","previousOperationId":"kz7kegarw5mtybe"}
{"type":"operationStart","subtype":"engine","name":"handlebars","timestamp":1677088035587,"id":"p9gn4y0qeyniux3","previousEventId":"gprbbglf2a74ei1","operationId":"aeredxyanqf9kmy","previousOperationId":"kz7kegarw5mtybe"}
{"type":"log","timestamp":1677088035587,"level":"debug","message":"Rendering engine handlebars","meta":{"rootId":"s1xa6jti6xf1hif","id":"s1xa6jti6xf1hif"},"id":"5spp2c06ums536h","previousOperationId":"aeredxyanqf9kmy"}
{"type":"operationEnd","operationId":"aeredxyanqf9kmy","timestamp":1677088035597,"id":"bipavjgqef2tv2e","previousEventId":"p9gn4y0qeyniux3","previousOperationId":"aeredxyanqf9kmy"}
{"type":"operationStart","subtype":"recipe","name":"chrome-pdf","timestamp":1677088035598,"id":"e336wg9uqb92ngf","previousEventId":"bipavjgqef2tv2e","operationId":"x2003wpeqf27ff5","previousOperationId":"aeredxyanqf9kmy"}
{"type":"log","timestamp":1677088035598,"level":"debug","message":"Executing recipe chrome-pdf","meta":{"rootId":"s1xa6jti6xf1hif","id":"s1xa6jti6xf1hif"},"id":"jyw8n0sdsdyjde5","previousOperationId":"x2003wpeqf27ff5"}
{"type":"log","timestamp":1677088035600,"level":"debug","message":"Converting with chrome HeadlessChrome/105.0.5173.0 using chrome-pool strategy","meta":{"rootId":"s1xa6jti6xf1hif","id":"s1xa6jti6xf1hif"},"id":"qnwhy5ks39gdb5g","previousOperationId":"x2003wpeqf27ff5"}
{"type":"log","timestamp":1677088035698,"level":"debug","message":"Page request: GET (document) file:///C:/Users/Kris/AppData/Local/Temp/jsreport/autocleanup/89605eef-0557-4321-9bb2-b919cb9feac8-chrome-pdf.html","meta":{"rootId":"s1xa6jti6xf1hif","id":"s1xa6jti6xf1hif"},"id":"1cq7ripx7n33zl7","previousOperationId":"x2003wpeqf27ff5"}
{"type":"log","timestamp":1677088035712,"level":"debug","message":"Page request finished: GET (document) 200 file:///C:/Users/Kris/AppData/Local/Temp/jsreport/autocleanup/89605eef-0557-4321-9bb2-b919cb9feac8-chrome-pdf.html","meta":{"rootId":"s1xa6jti6xf1hif","id":"s1xa6jti6xf1hif"},"id":"v7wxvi83krzqw5u","previousOperationId":"x2003wpeqf27ff5"}
{"type":"log","timestamp":1677088035712,"level":"debug","message":"Page request: GET (stylesheet) https://cdnjs.cloudflare.com/ajax/libs/metro/4.1.5/css/metro.min.css","meta":{"rootId":"s1xa6jti6xf1hif","id":"s1xa6jti6xf1hif"},"id":"fh9nbpuca9dd3x4","previousOperationId":"x2003wpeqf27ff5"}
{"type":"log","timestamp":1677088035712,"level":"debug","message":"Page request: GET (script) https://cdnjs.cloudflare.com/ajax/libs/Chart.js/2.7.2/Chart.min.js","meta":{"rootId":"s1xa6jti6xf1hif","id":"s1xa6jti6xf1hif"},"id":"e5afrsgihp4oo78","previousOperationId":"x2003wpeqf27ff5"}
{"type":"log","timestamp":1677088035718,"level":"debug","message":"Page request finished: GET (script) 200 https://cdnjs.cloudflare.com/ajax/libs/Chart.js/2.7.2/Chart.min.js","meta":{"rootId":"s1xa6jti6xf1hif","id":"s1xa6jti6xf1hif"},"id":"xe8cq7z8v6p7bpu","previousOperationId":"x2003wpeqf27ff5"}
{"type":"log","timestamp":1677088035734,"level":"debug","message":"Page request finished: GET (stylesheet) 200 https://cdnjs.cloudflare.com/ajax/libs/metro/4.1.5/css/metro.min.css","meta":{"rootId":"s1xa6jti6xf1hif","id":"s1xa6jti6xf1hif"},"id":"y90zkdk1q1d7ise","previousOperationId":"x2003wpeqf27ff5"}
{"type":"log","timestamp":1677088035783,"level":"debug","message":"Running chrome with params {\"printBackground\":true,\"marginTop\":\"4cm\",\"marginRight\":\"1.5cm\",\"marginBottom\":\"1.5cm\",\"marginLeft\":\"1.5cm\",\"waitForJS\":false,\"timeout\":58496,\"margin\":{\"top\":\"4cm\",\"right\":\"1.5cm\",\"bottom\":\"1.5cm\",\"left\":\"1.5cm\"}}","meta":{"rootId":"s1xa6jti6xf1hif","id":"s1xa6jti6xf1hif"},"id":"ys7yab10fru2lsy","previousOperationId":"x2003wpeqf27ff5"}
{"type":"operationEnd","operationId":"x2003wpeqf27ff5","timestamp":1677088035917,"id":"en4gccy88vux9dn","previousEventId":"e336wg9uqb92ngf","previousOperationId":"x2003wpeqf27ff5"}
{"type":"log","timestamp":1677088035917,"level":"info","message":"pdf-utils is starting pdf processing","meta":{"rootId":"s1xa6jti6xf1hif","id":"s1xa6jti6xf1hif"},"id":"45crdupzmzhhlxm","previousOperationId":"x2003wpeqf27ff5"}
{"type":"operationStart","subtype":"pdfUtils","name":"pdf utils","timestamp":1677088035917,"id":"fwl7vhektrp7xzy","previousEventId":"en4gccy88vux9dn","operationId":"m7ki9bzjio1dn30","previousOperationId":"x2003wpeqf27ff5"}
{"type":"log","timestamp":1677088035917,"level":"debug","message":"pdf-utils detected 1 pdf operation(s) to process","meta":{"rootId":"s1xa6jti6xf1hif","id":"s1xa6jti6xf1hif"},"id":"kgd21tz8go9fv8p","previousOperationId":"m7ki9bzjio1dn30"}
{"type":"log","timestamp":1677088035946,"level":"debug","message":"pdf-utils running pdf operation merge","meta":{"rootId":"s1xa6jti6xf1hif","id":"s1xa6jti6xf1hif"},"id":"p82kr1krfghwok5","previousOperationId":"m7ki9bzjio1dn30"}
{"type":"operationStart","subtype":"pdfUtilsMerge","name":"pdf utils merge","previousOperationId":"m7ki9bzjio1dn30","timestamp":1677088035946,"id":"dizsx6mgb8ss4o5","previousEventId":"fwl7vhektrp7xzy","operationId":"t3x6z9k1lvohti6"}
{"type":"operationStart","subtype":"render","name":"orders-header","previousOperationId":"t3x6z9k1lvohti6","timestamp":1677088035947,"id":"380bnxmrbz9bzy2","previousEventId":"dizsx6mgb8ss4o5","operationId":"mp87okbj2oy8lp4"}
{"type":"log","timestamp":1677088035947,"level":"info","message":"Starting rendering (child) request","meta":{"rootId":"s1xa6jti6xf1hif","id":"38777qydmlrr17z"},"id":"7l0d94wj9wg2si2","previousOperationId":"mp87okbj2oy8lp4"}
{"type":"log","timestamp":1677088035947,"level":"info","message":"Rendering template { name: orders-header, recipe: chrome-pdf, engine: handlebars, preview: true }","meta":{"rootId":"s1xa6jti6xf1hif","id":"38777qydmlrr17z"},"id":"xo4a2erdq8f9le0","previousOperationId":"mp87okbj2oy8lp4"}
{"type":"log","timestamp":1677088035954,"level":"debug","message":"Inline data specified.","meta":{"rootId":"s1xa6jti6xf1hif","id":"38777qydmlrr17z"},"id":"uyqudp3qik7iyw2","previousOperationId":"mp87okbj2oy8lp4"}
{"type":"log","timestamp":1677088035960,"level":"debug","message":"Base url not specified, skipping its injection.","meta":{"rootId":"s1xa6jti6xf1hif","id":"38777qydmlrr17z"},"id":"3fi2j9u1bvgi5bz","previousOperationId":"mp87okbj2oy8lp4"}
{"type":"operationStart","subtype":"engine","name":"handlebars","timestamp":1677088035961,"id":"jzk9lss6pfvmpvp","previousEventId":"380bnxmrbz9bzy2","operationId":"ul15lgsmzn8ulu0","previousOperationId":"mp87okbj2oy8lp4"}
{"type":"log","timestamp":1677088035961,"level":"debug","message":"Rendering engine handlebars","meta":{"rootId":"s1xa6jti6xf1hif","id":"38777qydmlrr17z"},"id":"5jukaafcyldnkb7","previousOperationId":"ul15lgsmzn8ulu0"}
{"type":"operationEnd","operationId":"ul15lgsmzn8ulu0","timestamp":1677088035977,"id":"qdi4vywcaro7q7e","previousEventId":"jzk9lss6pfvmpvp","previousOperationId":"ul15lgsmzn8ulu0"}
{"type":"operationStart","subtype":"recipe","name":"chrome-pdf","timestamp":1677088035977,"id":"rgk3ogenrlsw2qe","previousEventId":"qdi4vywcaro7q7e","operationId":"vmh4aslgtj4h34e","previousOperationId":"ul15lgsmzn8ulu0"}
{"type":"log","timestamp":1677088035977,"level":"debug","message":"Executing recipe chrome-pdf","meta":{"rootId":"s1xa6jti6xf1hif","id":"38777qydmlrr17z"},"id":"nah2dwuszwnd3nr","previousOperationId":"vmh4aslgtj4h34e"}
{"type":"log","timestamp":1677088035979,"level":"debug","message":"Converting with chrome HeadlessChrome/105.0.5173.0 using chrome-pool strategy","meta":{"rootId":"s1xa6jti6xf1hif","id":"38777qydmlrr17z"},"id":"hw9dkdl2qrz13mw","previousOperationId":"vmh4aslgtj4h34e"}
{"type":"log","timestamp":1677088036064,"level":"debug","message":"Page request: GET (document) file:///C:/Users/Kris/AppData/Local/Temp/jsreport/autocleanup/4c9e23c9-5da9-4435-af53-bb91c68fe8eb-chrome-pdf.html","meta":{"rootId":"s1xa6jti6xf1hif","id":"38777qydmlrr17z"},"id":"vrn8e8imc5avs6i","previousOperationId":"vmh4aslgtj4h34e"}
{"type":"log","timestamp":1677088036074,"level":"debug","message":"Page request finished: GET (document) 200 file:///C:/Users/Kris/AppData/Local/Temp/jsreport/autocleanup/4c9e23c9-5da9-4435-af53-bb91c68fe8eb-chrome-pdf.html","meta":{"rootId":"s1xa6jti6xf1hif","id":"38777qydmlrr17z"},"id":"ioh9z8odxikzpkn","previousOperationId":"vmh4aslgtj4h34e"}
{"type":"log","timestamp":1677088036075,"level":"debug","message":"Page request: GET (stylesheet) https://cdnjs.cloudflare.com/ajax/libs/metro/4.1.5/css/metro.min.css","meta":{"rootId":"s1xa6jti6xf1hif","id":"38777qydmlrr17z"},"id":"div42nechkhe84j","previousOperationId":"vmh4aslgtj4h34e"}
{"type":"log","timestamp":1677088036098,"level":"debug","message":"Page request finished: GET (stylesheet) 200 https://cdnjs.cloudflare.com/ajax/libs/metro/4.1.5/css/metro.min.css","meta":{"rootId":"s1xa6jti6xf1hif","id":"38777qydmlrr17z"},"id":"ppvy5bd8znbzsbn","previousOperationId":"vmh4aslgtj4h34e"}
{"type":"log","timestamp":1677088036123,"level":"debug","message":"Running chrome with params {\"printBackground\":true,\"marginTop\":\"1.5cm\",\"marginRight\":\"1.5cm\",\"marginLeft\":\"1.cm\",\"timeout\":58117,\"margin\":{\"top\":\"1.5cm\",\"right\":\"1.5cm\",\"left\":\"1.cm\"}}","meta":{"rootId":"s1xa6jti6xf1hif","id":"38777qydmlrr17z"},"id":"q8a2o97xj3dw79l","previousOperationId":"vmh4aslgtj4h34e"}
{"type":"operationEnd","operationId":"vmh4aslgtj4h34e","timestamp":1677088036182,"id":"qb70yh29d60wr18","previousEventId":"rgk3ogenrlsw2qe","previousOperationId":"vmh4aslgtj4h34e"}
{"type":"log","timestamp":1677088036182,"level":"debug","message":"Skipping storing report.","meta":{"rootId":"s1xa6jti6xf1hif","id":"38777qydmlrr17z"},"id":"mqqdg4lz4nvr7a7","previousOperationId":"vmh4aslgtj4h34e"}
{"type":"log","timestamp":1677088036182,"level":"info","message":"Rendering (child) request finished in 2087 ms","meta":{"rootId":"s1xa6jti6xf1hif","id":"38777qydmlrr17z"},"id":"6vik7u8sf7erfo2","previousOperationId":"vmh4aslgtj4h34e"}
{"type":"operationEnd","subtype":"render","operationId":"mp87okbj2oy8lp4","timestamp":1677088036182,"id":"x1xsh5y1zwf6ofd","previousEventId":"qb70yh29d60wr18","previousOperationId":"vmh4aslgtj4h34e"}
{"type":"operationEnd","operationId":"t3x6z9k1lvohti6","timestamp":1677088036190,"id":"yp8l4nfnjrl59ij","previousEventId":"dizsx6mgb8ss4o5","previousOperationId":"t3x6z9k1lvohti6"}
{"type":"log","timestamp":1677088036190,"level":"debug","message":"pdf-utils postproces start","meta":{"rootId":"s1xa6jti6xf1hif","id":"s1xa6jti6xf1hif"},"id":"fy35c060xcofwty","previousOperationId":"t3x6z9k1lvohti6"}
{"type":"log","timestamp":1677088036198,"level":"debug","message":"pdf-utils postproces end","meta":{"rootId":"s1xa6jti6xf1hif","id":"s1xa6jti6xf1hif"},"id":"ngvp0oldstqfw2o","previousOperationId":"t3x6z9k1lvohti6"}
{"type":"operationEnd","operationId":"m7ki9bzjio1dn30","timestamp":1677088036198,"id":"6gbyztxbt1g4mg2","previousEventId":"yp8l4nfnjrl59ij","previousOperationId":"t3x6z9k1lvohti6"}
{"type":"log","timestamp":1677088036198,"level":"info","message":"pdf-utils pdf processing was finished","meta":{"rootId":"s1xa6jti6xf1hif","id":"s1xa6jti6xf1hif"},"id":"rfiokgu90i1p0p7","previousOperationId":"m7ki9bzjio1dn30"}
{"type":"log","timestamp":1677088036198,"level":"debug","message":"Skipping storing report.","meta":{"rootId":"s1xa6jti6xf1hif","id":"s1xa6jti6xf1hif"},"id":"wnca5s659uv4dwr","previousOperationId":"m7ki9bzjio1dn30"}
{"type":"log","timestamp":1677088036198,"level":"info","message":"Rendering request 14 finished in 2103 ms","meta":{"rootId":"s1xa6jti6xf1hif","id":"s1xa6jti6xf1hif"},"id":"zhl4fp34ov1b97b","previousOperationId":"m7ki9bzjio1dn30"}
{"type":"operationEnd","subtype":"render","operationId":"yc4opwci289skh5","timestamp":1677088036198,"id":"g2qcxz85qv24j81","previousEventId":"6gbyztxbt1g4mg2","previousOperationId":"m7ki9bzjio1dn30"}
{"type":"operationEnd","doDiffs":false,"previousEventId":"2fvs4gh6smmpwsu","previousOperationId":"jdt3w58md9s7f7k","operationId":"jdt3w58md9s7f7k","timestamp":1677088036208,"id":"qz2mzy3aorzaeew"}
