{"type":"operationStart","subtype":"profile","data":{"_id":"t9sKQHXxvg1mGf4z","timestamp":"2023-02-22T18:24:55.001Z","state":"queued","mode":"standard","creationDate":"2023-02-22T18:24:55.003Z","modificationDate":"2023-02-22T18:24:55.003Z","shortid":"DTgS9iy","$entitySet":"profiles"},"doDiffs":false,"timestamp":1677090295002,"id":"z94uvesm67eat94","previousOperationId":null,"operationId":"8u2pyeugs16ugus"}
{"type":"log","level":"info","message":"Render request 93 queued for execution and waiting for available worker","previousOperationId":"8u2pyeugs16ugus","timestamp":1677090295002,"id":"4swuv6jyg51p0jv"}
{"type":"operationStart","subtype":"render","name":"orders-main","previousOperationId":"8u2pyeugs16ugus","timestamp":1677090295011,"id":"0izy2y0i4d3w1f6","previousEventId":"z94uvesm67eat94","operationId":"fmpxsteobrqpgtv"}
{"type":"log","timestamp":1677090295011,"level":"info","message":"Starting rendering request 93","meta":{"rootId":"uhz1xzxb5p8crlh","id":"uhz1xzxb5p8crlh"},"id":"ggc9es7unguyjm8","previousOperationId":"fmpxsteobrqpgtv"}
{"type":"log","timestamp":1677090295011,"level":"info","message":"Rendering template { name: orders-main, recipe: chrome-pdf, engine: handlebars, preview: true }","meta":{"rootId":"uhz1xzxb5p8crlh","id":"uhz1xzxb5p8crlh"},"id":"beq7cry1rf5qadn","previousOperationId":"fmpxsteobrqpgtv"}
{"type":"log","timestamp":1677090295013,"level":"debug","message":"Data item not defined for this template.","meta":{"rootId":"uhz1xzxb5p8crlh","id":"uhz1xzxb5p8crlh"},"id":"8xgufz68jkeym36","previousOperationId":"fmpxsteobrqpgtv"}
{"type":"log","timestamp":1677090295015,"level":"debug","message":"Executing script orders-script (beforeRender)","meta":{"rootId":"uhz1xzxb5p8crlh","id":"uhz1xzxb5p8crlh"},"id":"yn2w4476o56xe1t","previousOperationId":"fmpxsteobrqpgtv"}
{"type":"operationStart","subtype":"scriptsBeforeRender","name":"scripts beforeRender","timestamp":1677090295026,"id":"zvx0vkgk4xp2wg7","previousEventId":"0izy2y0i4d3w1f6","operationId":"ikrfgxgmaq5ccp6","previousOperationId":"fmpxsteobrqpgtv"}
{"type":"operationStart","subtype":"script","name":"scripts orders-script","previousOperationId":"ikrfgxgmaq5ccp6","timestamp":1677090295026,"id":"sk5eu7wace9euat","previousEventId":"zvx0vkgk4xp2wg7","operationId":"qgrn3w3v9ecckgv"}
{"type":"operationEnd","operationId":"qgrn3w3v9ecckgv","timestamp":1677090296493,"id":"2x0ksnik7jicr8c","previousEventId":"0izy2y0i4d3w1f6","previousOperationId":"fmpxsteobrqpgtv"}
{"type":"operationEnd","operationId":"ikrfgxgmaq5ccp6","timestamp":1677090296493,"id":"2u98rbh6zym6pr0","previousEventId":"2x0ksnik7jicr8c","previousOperationId":"fmpxsteobrqpgtv"}
{"type":"log","timestamp":1677090296493,"level":"debug","message":"Base url not specified, skipping its injection.","meta":{"rootId":"uhz1xzxb5p8crlh","id":"uhz1xzxb5p8crlh"},"id":"xi1pys02kjjndfg","previousOperationId":"ikrfgxgmaq5ccp6"}
{"type":"operationStart","subtype":"engine","name":"handlebars","timestamp":1677090296493,"id":"ea3esnil1ra60gf","previousEventId":"2u98rbh6zym6pr0","operationId":"tzqjw1sv583i32s","previousOperationId":"ikrfgxgmaq5ccp6"}
{"type":"log","timestamp":1677090296493,"level":"debug","message":"Rendering engine handlebars","meta":{"rootId":"uhz1xzxb5p8crlh","id":"uhz1xzxb5p8crlh"},"id":"shb6hz6ldikrjsw","previousOperationId":"tzqjw1sv583i32s"}
{"type":"operationEnd","operationId":"tzqjw1sv583i32s","timestamp":1677090296502,"id":"k8tz5z95arxd52s","previousEventId":"ea3esnil1ra60gf","previousOperationId":"tzqjw1sv583i32s"}
{"type":"operationStart","subtype":"recipe","name":"chrome-pdf","timestamp":1677090296503,"id":"0xc4rv2x154pp8i","previousEventId":"k8tz5z95arxd52s","operationId":"2dibjbrltogqhmn","previousOperationId":"tzqjw1sv583i32s"}
{"type":"log","timestamp":1677090296503,"level":"debug","message":"Executing recipe chrome-pdf","meta":{"rootId":"uhz1xzxb5p8crlh","id":"uhz1xzxb5p8crlh"},"id":"1g5pwqjau09x0ew","previousOperationId":"2dibjbrltogqhmn"}
{"type":"log","timestamp":1677090296505,"level":"debug","message":"Converting with chrome HeadlessChrome/105.0.5173.0 using chrome-pool strategy","meta":{"rootId":"uhz1xzxb5p8crlh","id":"uhz1xzxb5p8crlh"},"id":"26bz2eo4i6rq7o5","previousOperationId":"2dibjbrltogqhmn"}
{"type":"log","timestamp":1677090296585,"level":"debug","message":"Page request: GET (document) file:///C:/Users/Kris/AppData/Local/Temp/jsreport/autocleanup/8657ac5b-f2ae-407c-8d59-e836150f85a8-chrome-pdf.html","meta":{"rootId":"uhz1xzxb5p8crlh","id":"uhz1xzxb5p8crlh"},"id":"t6kqmmts3g6nkfs","previousOperationId":"2dibjbrltogqhmn"}
{"type":"log","timestamp":1677090296599,"level":"debug","message":"Page request: GET (stylesheet) https://cdnjs.cloudflare.com/ajax/libs/metro/4.1.5/css/metro.min.css","meta":{"rootId":"uhz1xzxb5p8crlh","id":"uhz1xzxb5p8crlh"},"id":"r01fcyf9rhbilsy","previousOperationId":"2dibjbrltogqhmn"}
{"type":"log","timestamp":1677090296599,"level":"debug","message":"Page request finished: GET (document) 200 file:///C:/Users/Kris/AppData/Local/Temp/jsreport/autocleanup/8657ac5b-f2ae-407c-8d59-e836150f85a8-chrome-pdf.html","meta":{"rootId":"uhz1xzxb5p8crlh","id":"uhz1xzxb5p8crlh"},"id":"ffky1dzulg472oo","previousOperationId":"2dibjbrltogqhmn"}
{"type":"log","timestamp":1677090296599,"level":"debug","message":"Page request: GET (script) https://cdnjs.cloudflare.com/ajax/libs/Chart.js/2.7.2/Chart.min.js","meta":{"rootId":"uhz1xzxb5p8crlh","id":"uhz1xzxb5p8crlh"},"id":"za1zz4dv0baopvy","previousOperationId":"2dibjbrltogqhmn"}
{"type":"log","timestamp":1677090296604,"level":"debug","message":"Page request finished: GET (script) 200 https://cdnjs.cloudflare.com/ajax/libs/Chart.js/2.7.2/Chart.min.js","meta":{"rootId":"uhz1xzxb5p8crlh","id":"uhz1xzxb5p8crlh"},"id":"qbmh7wpnuyepo78","previousOperationId":"2dibjbrltogqhmn"}
{"type":"log","timestamp":1677090296624,"level":"debug","message":"Page request finished: GET (stylesheet) 200 https://cdnjs.cloudflare.com/ajax/libs/metro/4.1.5/css/metro.min.css","meta":{"rootId":"uhz1xzxb5p8crlh","id":"uhz1xzxb5p8crlh"},"id":"rzcfuq1c9c440zv","previousOperationId":"2dibjbrltogqhmn"}
{"type":"log","timestamp":1677090296669,"level":"debug","message":"Running chrome with params {\"printBackground\":true,\"marginTop\":\"4cm\",\"marginRight\":\"1.5cm\",\"marginBottom\":\"1.5cm\",\"marginLeft\":\"1.5cm\",\"waitForJS\":false,\"timeout\":58496,\"margin\":{\"top\":\"4cm\",\"right\":\"1.5cm\",\"bottom\":\"1.5cm\",\"left\":\"1.5cm\"}}","meta":{"rootId":"uhz1xzxb5p8crlh","id":"uhz1xzxb5p8crlh"},"id":"7n83bqbznftbz2b","previousOperationId":"2dibjbrltogqhmn"}
{"type":"operationEnd","operationId":"2dibjbrltogqhmn","timestamp":1677090296798,"id":"k2blrh92nijhyhg","previousEventId":"0xc4rv2x154pp8i","previousOperationId":"2dibjbrltogqhmn"}
{"type":"log","timestamp":1677090296798,"level":"info","message":"pdf-utils is starting pdf processing","meta":{"rootId":"uhz1xzxb5p8crlh","id":"uhz1xzxb5p8crlh"},"id":"e88mfse5x1f9nt8","previousOperationId":"2dibjbrltogqhmn"}
{"type":"operationStart","subtype":"pdfUtils","name":"pdf utils","timestamp":1677090296799,"id":"4txc3fqqk40anag","previousEventId":"k2blrh92nijhyhg","operationId":"87crf4yhiurjvif","previousOperationId":"2dibjbrltogqhmn"}
{"type":"log","timestamp":1677090296799,"level":"debug","message":"pdf-utils detected 1 pdf operation(s) to process","meta":{"rootId":"uhz1xzxb5p8crlh","id":"uhz1xzxb5p8crlh"},"id":"wgufyaglnu2bh6g","previousOperationId":"87crf4yhiurjvif"}
{"type":"log","timestamp":1677090296853,"level":"debug","message":"pdf-utils running pdf operation merge","meta":{"rootId":"uhz1xzxb5p8crlh","id":"uhz1xzxb5p8crlh"},"id":"b6uluitjbjbfo8o","previousOperationId":"87crf4yhiurjvif"}
{"type":"operationStart","subtype":"pdfUtilsMerge","name":"pdf utils merge","previousOperationId":"87crf4yhiurjvif","timestamp":1677090296853,"id":"q4hspepbq7oqx1z","previousEventId":"4txc3fqqk40anag","operationId":"m4bby73whl2llg4"}
{"type":"operationStart","subtype":"render","name":"orders-header","previousOperationId":"m4bby73whl2llg4","timestamp":1677090296856,"id":"l781qrxvcailagr","previousEventId":"q4hspepbq7oqx1z","operationId":"1vwmf8s1jjj7bge"}
{"type":"log","timestamp":1677090296856,"level":"info","message":"Starting rendering (child) request","meta":{"rootId":"uhz1xzxb5p8crlh","id":"gnwatteodc2hu7c"},"id":"l9r5grt9pfpdqby","previousOperationId":"1vwmf8s1jjj7bge"}
{"type":"log","timestamp":1677090296856,"level":"info","message":"Rendering template { name: orders-header, recipe: chrome-pdf, engine: handlebars, preview: true }","meta":{"rootId":"uhz1xzxb5p8crlh","id":"gnwatteodc2hu7c"},"id":"h7mblhigkb85cce","previousOperationId":"1vwmf8s1jjj7bge"}
{"type":"log","timestamp":1677090296857,"level":"debug","message":"Inline data specified.","meta":{"rootId":"uhz1xzxb5p8crlh","id":"gnwatteodc2hu7c"},"id":"j6t26o44pef1hiw","previousOperationId":"1vwmf8s1jjj7bge"}
{"type":"log","timestamp":1677090296859,"level":"debug","message":"Base url not specified, skipping its injection.","meta":{"rootId":"uhz1xzxb5p8crlh","id":"gnwatteodc2hu7c"},"id":"wnke6hmeslw0g4s","previousOperationId":"1vwmf8s1jjj7bge"}
{"type":"operationStart","subtype":"engine","name":"handlebars","timestamp":1677090296859,"id":"8do48waguldkk98","previousEventId":"l781qrxvcailagr","operationId":"t4gi3v2u7q3o8az","previousOperationId":"1vwmf8s1jjj7bge"}
{"type":"log","timestamp":1677090296859,"level":"debug","message":"Rendering engine handlebars","meta":{"rootId":"uhz1xzxb5p8crlh","id":"gnwatteodc2hu7c"},"id":"vd0mvls85vvm6fg","previousOperationId":"t4gi3v2u7q3o8az"}
{"type":"operationEnd","operationId":"t4gi3v2u7q3o8az","timestamp":1677090296875,"id":"s8ywsqpkb83w218","previousEventId":"8do48waguldkk98","previousOperationId":"t4gi3v2u7q3o8az"}
{"type":"operationStart","subtype":"recipe","name":"chrome-pdf","timestamp":1677090296875,"id":"vphlb07q8c4bbbj","previousEventId":"s8ywsqpkb83w218","operationId":"ovzureeinyyvaox","previousOperationId":"t4gi3v2u7q3o8az"}
{"type":"log","timestamp":1677090296875,"level":"debug","message":"Executing recipe chrome-pdf","meta":{"rootId":"uhz1xzxb5p8crlh","id":"gnwatteodc2hu7c"},"id":"n1qnfs4of1qpfr1","previousOperationId":"ovzureeinyyvaox"}
{"type":"log","timestamp":1677090296878,"level":"debug","message":"Converting with chrome HeadlessChrome/105.0.5173.0 using chrome-pool strategy","meta":{"rootId":"uhz1xzxb5p8crlh","id":"gnwatteodc2hu7c"},"id":"utfp420d8pe2cg4","previousOperationId":"ovzureeinyyvaox"}
{"type":"log","timestamp":1677090296969,"level":"debug","message":"Page request: GET (document) file:///C:/Users/Kris/AppData/Local/Temp/jsreport/autocleanup/47b99fbe-7a4f-4e02-a509-a2ab3b97b775-chrome-pdf.html","meta":{"rootId":"uhz1xzxb5p8crlh","id":"gnwatteodc2hu7c"},"id":"ibqhoxjp9szhf4e","previousOperationId":"ovzureeinyyvaox"}
{"type":"log","timestamp":1677090296978,"level":"debug","message":"Page request: GET (stylesheet) https://cdnjs.cloudflare.com/ajax/libs/metro/4.1.5/css/metro.min.css","meta":{"rootId":"uhz1xzxb5p8crlh","id":"gnwatteodc2hu7c"},"id":"2tuxjs817n177dq","previousOperationId":"ovzureeinyyvaox"}
{"type":"log","timestamp":1677090296979,"level":"debug","message":"Page request finished: GET (document) 200 file:///C:/Users/Kris/AppData/Local/Temp/jsreport/autocleanup/47b99fbe-7a4f-4e02-a509-a2ab3b97b775-chrome-pdf.html","meta":{"rootId":"uhz1xzxb5p8crlh","id":"gnwatteodc2hu7c"},"id":"xzgl7xfdd0vt1km","previousOperationId":"ovzureeinyyvaox"}
{"type":"log","timestamp":1677090297002,"level":"debug","message":"Page request finished: GET (stylesheet) 200 https://cdnjs.cloudflare.com/ajax/libs/metro/4.1.5/css/metro.min.css","meta":{"rootId":"uhz1xzxb5p8crlh","id":"gnwatteodc2hu7c"},"id":"oecgrtq4qrcrwbd","previousOperationId":"ovzureeinyyvaox"}
{"type":"log","timestamp":1677090297030,"level":"debug","message":"Running chrome with params {\"printBackground\":true,\"marginTop\":\"1.5cm\",\"marginRight\":\"1.5cm\",\"marginLeft\":\"1.cm\",\"timeout\":58124,\"margin\":{\"top\":\"1.5cm\",\"right\":\"1.5cm\",\"left\":\"1.cm\"}}","meta":{"rootId":"uhz1xzxb5p8crlh","id":"gnwatteodc2hu7c"},"id":"gw2ruo66pwsxurw","previousOperationId":"ovzureeinyyvaox"}
{"type":"operationEnd","operationId":"ovzureeinyyvaox","timestamp":1677090297084,"id":"6yaq95zbvmo01ym","previousEventId":"vphlb07q8c4bbbj","previousOperationId":"ovzureeinyyvaox"}
{"type":"log","timestamp":1677090297084,"level":"debug","message":"Skipping storing report.","meta":{"rootId":"uhz1xzxb5p8crlh","id":"gnwatteodc2hu7c"},"id":"dwy4uj6dsbu3pa5","previousOperationId":"ovzureeinyyvaox"}
{"type":"log","timestamp":1677090297084,"level":"info","message":"Rendering (child) request finished in 2083 ms","meta":{"rootId":"uhz1xzxb5p8crlh","id":"gnwatteodc2hu7c"},"id":"5c6ki6b9ergiixp","previousOperationId":"ovzureeinyyvaox"}
{"type":"operationEnd","subtype":"render","operationId":"1vwmf8s1jjj7bge","timestamp":1677090297084,"id":"hq7md10pi9176e9","previousEventId":"6yaq95zbvmo01ym","previousOperationId":"ovzureeinyyvaox"}
{"type":"operationEnd","operationId":"m4bby73whl2llg4","timestamp":1677090297097,"id":"g81i3kcnc8nbut9","previousEventId":"q4hspepbq7oqx1z","previousOperationId":"m4bby73whl2llg4"}
{"type":"log","timestamp":1677090297097,"level":"debug","message":"pdf-utils postproces start","meta":{"rootId":"uhz1xzxb5p8crlh","id":"uhz1xzxb5p8crlh"},"id":"070v95wk59gh8do","previousOperationId":"m4bby73whl2llg4"}
{"type":"log","timestamp":1677090297117,"level":"debug","message":"pdf-utils postproces end","meta":{"rootId":"uhz1xzxb5p8crlh","id":"uhz1xzxb5p8crlh"},"id":"p0nvj9o3m5474s0","previousOperationId":"m4bby73whl2llg4"}
{"type":"operationEnd","operationId":"87crf4yhiurjvif","timestamp":1677090297117,"id":"8kfc87ok2y0dfkp","previousEventId":"g81i3kcnc8nbut9","previousOperationId":"m4bby73whl2llg4"}
{"type":"log","timestamp":1677090297117,"level":"info","message":"pdf-utils pdf processing was finished","meta":{"rootId":"uhz1xzxb5p8crlh","id":"uhz1xzxb5p8crlh"},"id":"icp3tp79dnczpkz","previousOperationId":"87crf4yhiurjvif"}
{"type":"log","timestamp":1677090297118,"level":"debug","message":"Skipping storing report.","meta":{"rootId":"uhz1xzxb5p8crlh","id":"uhz1xzxb5p8crlh"},"id":"n0plgt2siljy6iy","previousOperationId":"87crf4yhiurjvif"}
{"type":"log","timestamp":1677090297118,"level":"info","message":"Rendering request 93 finished in 2117 ms","meta":{"rootId":"uhz1xzxb5p8crlh","id":"uhz1xzxb5p8crlh"},"id":"wi9bnfr1tu1megl","previousOperationId":"87crf4yhiurjvif"}
{"type":"operationEnd","subtype":"render","operationId":"fmpxsteobrqpgtv","timestamp":1677090297118,"id":"m24c5ab5jbqfk2f","previousEventId":"8kfc87ok2y0dfkp","previousOperationId":"87crf4yhiurjvif"}
{"type":"operationEnd","doDiffs":false,"previousEventId":"z94uvesm67eat94","previousOperationId":"8u2pyeugs16ugus","operationId":"8u2pyeugs16ugus","timestamp":1677090297126,"id":"z28uu8m9hxhlyka"}
