{"type":"operationStart","subtype":"profile","data":{"_id":"qbL9ZBqPLTnZVhrG","timestamp":"2023-02-16T17:19:53.733Z","state":"queued","mode":"standard","creationDate":"2023-02-16T17:19:53.734Z","modificationDate":"2023-02-16T17:19:53.734Z","shortid":"U3pk5pZ","$entitySet":"profiles"},"doDiffs":false,"timestamp":1676567993734,"id":"glol6hjv6rezzvd","previousOperationId":null,"operationId":"3h6w5cnpmydojj9"}
{"type":"log","level":"info","message":"Render request 4 queued for execution and waiting for available worker","previousOperationId":"3h6w5cnpmydojj9","timestamp":1676567993734,"id":"ablssjd0jul31jp"}
{"type":"operationStart","subtype":"render","name":"orders-main","previousOperationId":"3h6w5cnpmydojj9","timestamp":1676567993744,"id":"ol9tjcx7vn528ux","previousEventId":"glol6hjv6rezzvd","operationId":"1jpyzzhvl7gr1su"}
{"type":"log","timestamp":1676567993744,"level":"info","message":"Starting rendering request 4","meta":{"rootId":"vs1bdovelzjstd4","id":"vs1bdovelzjstd4"},"id":"sv9h6nmqp3kc0al","previousOperationId":"1jpyzzhvl7gr1su"}
{"type":"log","timestamp":1676567993744,"level":"info","message":"Rendering template { name: orders-main, recipe: chrome-pdf, engine: handlebars, preview: true }","meta":{"rootId":"vs1bdovelzjstd4","id":"vs1bdovelzjstd4"},"id":"xwmmqgd1jxsuy2a","previousOperationId":"1jpyzzhvl7gr1su"}
{"type":"log","timestamp":1676567993746,"level":"debug","message":"Data item not defined for this template.","meta":{"rootId":"vs1bdovelzjstd4","id":"vs1bdovelzjstd4"},"id":"2juixrl51pp87g5","previousOperationId":"1jpyzzhvl7gr1su"}
{"type":"log","timestamp":1676567993753,"level":"debug","message":"Executing script orders-script (beforeRender)","meta":{"rootId":"vs1bdovelzjstd4","id":"vs1bdovelzjstd4"},"id":"82p7thg197kjl1g","previousOperationId":"1jpyzzhvl7gr1su"}
{"type":"operationStart","subtype":"scriptsBeforeRender","name":"scripts beforeRender","timestamp":1676567993768,"id":"2rserjn2kspx3on","previousEventId":"ol9tjcx7vn528ux","operationId":"5wm0902tiyk9ubq","previousOperationId":"1jpyzzhvl7gr1su"}
{"type":"operationStart","subtype":"script","name":"scripts orders-script","previousOperationId":"5wm0902tiyk9ubq","timestamp":1676567993768,"id":"watssynpg9n4j3n","previousEventId":"2rserjn2kspx3on","operationId":"zf5u7mdk99gkx9l"}
{"type":"operationEnd","operationId":"zf5u7mdk99gkx9l","timestamp":1676567994996,"id":"mrzr514249xwmq2","previousEventId":"ol9tjcx7vn528ux","previousOperationId":"1jpyzzhvl7gr1su"}
{"type":"operationEnd","operationId":"5wm0902tiyk9ubq","timestamp":1676567994996,"id":"3hhp83kqkv6fgqb","previousEventId":"mrzr514249xwmq2","previousOperationId":"1jpyzzhvl7gr1su"}
{"type":"log","timestamp":1676567994996,"level":"debug","message":"Base url not specified, skipping its injection.","meta":{"rootId":"vs1bdovelzjstd4","id":"vs1bdovelzjstd4"},"id":"xwxh9k2pmm4fb2l","previousOperationId":"5wm0902tiyk9ubq"}
{"type":"operationStart","subtype":"engine","name":"handlebars","timestamp":1676567994996,"id":"01njd1hjl17nyy6","previousEventId":"3hhp83kqkv6fgqb","operationId":"m6gtgn2kvq7hf05","previousOperationId":"5wm0902tiyk9ubq"}
{"type":"log","timestamp":1676567994996,"level":"debug","message":"Rendering engine handlebars","meta":{"rootId":"vs1bdovelzjstd4","id":"vs1bdovelzjstd4"},"id":"c2uokud4o5aczlg","previousOperationId":"m6gtgn2kvq7hf05"}
{"type":"log","timestamp":1676567995008,"level":"debug","message":"(console:log) Pdf utils adding group field, value: \"France\"","meta":{"userLevel":true,"rootId":"vs1bdovelzjstd4","id":"vs1bdovelzjstd4"},"id":"4xsxp2yoa54idtv","previousOperationId":"m6gtgn2kvq7hf05"}
{"type":"log","timestamp":1676567995009,"level":"debug","message":"(console:log) Pdf utils adding group field, value: \"Germany\"","meta":{"userLevel":true,"rootId":"vs1bdovelzjstd4","id":"vs1bdovelzjstd4"},"id":"po81ckkqp354qmt","previousOperationId":"m6gtgn2kvq7hf05"}
{"type":"operationEnd","operationId":"m6gtgn2kvq7hf05","timestamp":1676567995009,"id":"e3gu67ump7cxd7x","previousEventId":"01njd1hjl17nyy6","previousOperationId":"m6gtgn2kvq7hf05"}
{"type":"operationStart","subtype":"recipe","name":"chrome-pdf","timestamp":1676567995010,"id":"ut7i3h5so63nwec","previousEventId":"e3gu67ump7cxd7x","operationId":"9ulqvgpe83tpneq","previousOperationId":"m6gtgn2kvq7hf05"}
{"type":"log","timestamp":1676567995010,"level":"debug","message":"Executing recipe chrome-pdf","meta":{"rootId":"vs1bdovelzjstd4","id":"vs1bdovelzjstd4"},"id":"lyqakhbsy387kua","previousOperationId":"9ulqvgpe83tpneq"}
{"type":"log","timestamp":1676567995013,"level":"debug","message":"Converting with chrome HeadlessChrome/105.0.5173.0 using chrome-pool strategy","meta":{"rootId":"vs1bdovelzjstd4","id":"vs1bdovelzjstd4"},"id":"9n4xbtj82oc43gk","previousOperationId":"9ulqvgpe83tpneq"}
{"type":"log","timestamp":1676567995102,"level":"debug","message":"Page request: GET (document) file:///C:/Users/Kris/AppData/Local/Temp/jsreport/autocleanup/8b79ff25-ffdd-4069-afaf-dd2f2599526b-chrome-pdf.html","meta":{"rootId":"vs1bdovelzjstd4","id":"vs1bdovelzjstd4"},"id":"dwrwnyvrzdgj8td","previousOperationId":"9ulqvgpe83tpneq"}
{"type":"log","timestamp":1676567995143,"level":"debug","message":"Page request finished: GET (document) 200 file:///C:/Users/Kris/AppData/Local/Temp/jsreport/autocleanup/8b79ff25-ffdd-4069-afaf-dd2f2599526b-chrome-pdf.html","meta":{"rootId":"vs1bdovelzjstd4","id":"vs1bdovelzjstd4"},"id":"onjhj9izygqt1hm","previousOperationId":"9ulqvgpe83tpneq"}
{"type":"log","timestamp":1676567995144,"level":"debug","message":"Page request: GET (stylesheet) https://cdnjs.cloudflare.com/ajax/libs/metro/4.1.5/css/metro.min.css","meta":{"rootId":"vs1bdovelzjstd4","id":"vs1bdovelzjstd4"},"id":"5kdj5fb885znh4y","previousOperationId":"9ulqvgpe83tpneq"}
{"type":"log","timestamp":1676567995144,"level":"debug","message":"Page request: GET (script) https://cdnjs.cloudflare.com/ajax/libs/Chart.js/2.7.2/Chart.min.js","meta":{"rootId":"vs1bdovelzjstd4","id":"vs1bdovelzjstd4"},"id":"qzx3jor5givqw2h","previousOperationId":"9ulqvgpe83tpneq"}
{"type":"log","timestamp":1676567995165,"level":"debug","message":"Page request finished: GET (stylesheet) 200 https://cdnjs.cloudflare.com/ajax/libs/metro/4.1.5/css/metro.min.css","meta":{"rootId":"vs1bdovelzjstd4","id":"vs1bdovelzjstd4"},"id":"rf4ixhph1nwcyuj","previousOperationId":"9ulqvgpe83tpneq"}
{"type":"log","timestamp":1676567995165,"level":"debug","message":"Page request finished: GET (script) 200 https://cdnjs.cloudflare.com/ajax/libs/Chart.js/2.7.2/Chart.min.js","meta":{"rootId":"vs1bdovelzjstd4","id":"vs1bdovelzjstd4"},"id":"dsdi8g6xngwir3r","previousOperationId":"9ulqvgpe83tpneq"}
{"type":"log","timestamp":1676567995292,"level":"debug","message":"Running chrome with params {\"printBackground\":true,\"marginTop\":\"4cm\",\"marginRight\":\"1.5cm\",\"marginBottom\":\"1.5cm\",\"marginLeft\":\"1.5cm\",\"waitForJS\":false,\"timeout\":58721,\"margin\":{\"top\":\"4cm\",\"right\":\"1.5cm\",\"bottom\":\"1.5cm\",\"left\":\"1.5cm\"}}","meta":{"rootId":"vs1bdovelzjstd4","id":"vs1bdovelzjstd4"},"id":"vpr91tst8fj1640","previousOperationId":"9ulqvgpe83tpneq"}
{"type":"operationEnd","operationId":"9ulqvgpe83tpneq","timestamp":1676567995470,"id":"skp87ozojns18xe","previousEventId":"ut7i3h5so63nwec","previousOperationId":"9ulqvgpe83tpneq"}
{"type":"log","timestamp":1676567995470,"level":"info","message":"pdf-utils is starting pdf processing","meta":{"rootId":"vs1bdovelzjstd4","id":"vs1bdovelzjstd4"},"id":"r9upyvecko9zvyr","previousOperationId":"9ulqvgpe83tpneq"}
{"type":"operationStart","subtype":"pdfUtils","name":"pdf utils","timestamp":1676567995470,"id":"ygbsnvcjz2xgb8m","previousEventId":"skp87ozojns18xe","operationId":"lgemsxoucb8bh41","previousOperationId":"9ulqvgpe83tpneq"}
{"type":"log","timestamp":1676567995470,"level":"debug","message":"pdf-utils detected 1 pdf operation(s) to process","meta":{"rootId":"vs1bdovelzjstd4","id":"vs1bdovelzjstd4"},"id":"5y0zcl757rrjrki","previousOperationId":"lgemsxoucb8bh41"}
{"type":"log","timestamp":1676567995544,"level":"debug","message":"pdf-utils running pdf operation merge","meta":{"rootId":"vs1bdovelzjstd4","id":"vs1bdovelzjstd4"},"id":"6vj61oiupok2g2e","previousOperationId":"lgemsxoucb8bh41"}
{"type":"operationStart","subtype":"pdfUtilsMerge","name":"pdf utils merge","previousOperationId":"lgemsxoucb8bh41","timestamp":1676567995544,"id":"k997wdyb6xflrgc","previousEventId":"ygbsnvcjz2xgb8m","operationId":"w4bstx9plqqtvin"}
{"type":"operationStart","subtype":"render","name":"orders-header","previousOperationId":"w4bstx9plqqtvin","timestamp":1676567995545,"id":"9hion07dwrtx0j3","previousEventId":"k997wdyb6xflrgc","operationId":"4ix0dazw79uiegu"}
{"type":"log","timestamp":1676567995545,"level":"info","message":"Starting rendering (child) request","meta":{"rootId":"vs1bdovelzjstd4","id":"y05zc8omw52tr5g"},"id":"2gbbut0uq88ggkr","previousOperationId":"4ix0dazw79uiegu"}
{"type":"log","timestamp":1676567995545,"level":"info","message":"Rendering template { name: orders-header, recipe: chrome-pdf, engine: handlebars, preview: true }","meta":{"rootId":"vs1bdovelzjstd4","id":"y05zc8omw52tr5g"},"id":"uo05zrmndylb0am","previousOperationId":"4ix0dazw79uiegu"}
{"type":"log","timestamp":1676567995551,"level":"debug","message":"Inline data specified.","meta":{"rootId":"vs1bdovelzjstd4","id":"y05zc8omw52tr5g"},"id":"ml7fujez3t8kegu","previousOperationId":"4ix0dazw79uiegu"}
{"type":"log","timestamp":1676567995553,"level":"debug","message":"Base url not specified, skipping its injection.","meta":{"rootId":"vs1bdovelzjstd4","id":"y05zc8omw52tr5g"},"id":"aconryopy3kug6y","previousOperationId":"4ix0dazw79uiegu"}
{"type":"operationStart","subtype":"engine","name":"handlebars","timestamp":1676567995553,"id":"89f6ki0b4wr23pj","previousEventId":"9hion07dwrtx0j3","operationId":"dw0metjofr2k8v8","previousOperationId":"4ix0dazw79uiegu"}
{"type":"log","timestamp":1676567995553,"level":"debug","message":"Rendering engine handlebars","meta":{"rootId":"vs1bdovelzjstd4","id":"y05zc8omw52tr5g"},"id":"175culs73x5d9e8","previousOperationId":"dw0metjofr2k8v8"}
{"type":"operationEnd","operationId":"dw0metjofr2k8v8","timestamp":1676567995569,"id":"ol2krr71g1d67b8","previousEventId":"89f6ki0b4wr23pj","previousOperationId":"dw0metjofr2k8v8"}
{"type":"operationStart","subtype":"recipe","name":"chrome-pdf","timestamp":1676567995569,"id":"7orbzu03jfswrf2","previousEventId":"ol2krr71g1d67b8","operationId":"qkbgde57lkfew18","previousOperationId":"dw0metjofr2k8v8"}
{"type":"log","timestamp":1676567995569,"level":"debug","message":"Executing recipe chrome-pdf","meta":{"rootId":"vs1bdovelzjstd4","id":"y05zc8omw52tr5g"},"id":"scj6yqdm1gcwsrz","previousOperationId":"qkbgde57lkfew18"}
{"type":"log","timestamp":1676567995571,"level":"debug","message":"Converting with chrome HeadlessChrome/105.0.5173.0 using chrome-pool strategy","meta":{"rootId":"vs1bdovelzjstd4","id":"y05zc8omw52tr5g"},"id":"4iu1nq8rfrwcd4i","previousOperationId":"qkbgde57lkfew18"}
{"type":"log","timestamp":1676567995673,"level":"debug","message":"Page request: GET (document) file:///C:/Users/Kris/AppData/Local/Temp/jsreport/autocleanup/11bf29b0-9dc7-4cf9-b835-1c6b9b761829-chrome-pdf.html","meta":{"rootId":"vs1bdovelzjstd4","id":"y05zc8omw52tr5g"},"id":"jwr1w2581y57h11","previousOperationId":"qkbgde57lkfew18"}
{"type":"log","timestamp":1676567995683,"level":"debug","message":"Page request: GET (stylesheet) https://cdnjs.cloudflare.com/ajax/libs/metro/4.1.5/css/metro.min.css","meta":{"rootId":"vs1bdovelzjstd4","id":"y05zc8omw52tr5g"},"id":"32icr0b7i5ddtdl","previousOperationId":"qkbgde57lkfew18"}
{"type":"log","timestamp":1676567995683,"level":"debug","message":"Page request finished: GET (document) 200 file:///C:/Users/Kris/AppData/Local/Temp/jsreport/autocleanup/11bf29b0-9dc7-4cf9-b835-1c6b9b761829-chrome-pdf.html","meta":{"rootId":"vs1bdovelzjstd4","id":"y05zc8omw52tr5g"},"id":"grdnd56maaebj6b","previousOperationId":"qkbgde57lkfew18"}
{"type":"log","timestamp":1676567995706,"level":"debug","message":"Page request finished: GET (stylesheet) 200 https://cdnjs.cloudflare.com/ajax/libs/metro/4.1.5/css/metro.min.css","meta":{"rootId":"vs1bdovelzjstd4","id":"y05zc8omw52tr5g"},"id":"sqd0737uo7iimso","previousOperationId":"qkbgde57lkfew18"}
{"type":"log","timestamp":1676567995730,"level":"debug","message":"Running chrome with params {\"printBackground\":true,\"marginTop\":\"1.5cm\",\"marginRight\":\"1.5cm\",\"marginLeft\":\"1.cm\",\"timeout\":58162,\"margin\":{\"top\":\"1.5cm\",\"right\":\"1.5cm\",\"left\":\"1.cm\"}}","meta":{"rootId":"vs1bdovelzjstd4","id":"y05zc8omw52tr5g"},"id":"ays4aj1h3gv43nz","previousOperationId":"qkbgde57lkfew18"}
{"type":"operationEnd","operationId":"qkbgde57lkfew18","timestamp":1676567995801,"id":"omwypkp0k18jz2j","previousEventId":"7orbzu03jfswrf2","previousOperationId":"qkbgde57lkfew18"}
{"type":"log","timestamp":1676567995801,"level":"debug","message":"Skipping storing report.","meta":{"rootId":"vs1bdovelzjstd4","id":"y05zc8omw52tr5g"},"id":"49aciwpukbqmroq","previousOperationId":"qkbgde57lkfew18"}
{"type":"log","timestamp":1676567995801,"level":"info","message":"Rendering (child) request finished in 2068 ms","meta":{"rootId":"vs1bdovelzjstd4","id":"y05zc8omw52tr5g"},"id":"t2x3ue7ki0x45by","previousOperationId":"qkbgde57lkfew18"}
{"type":"operationEnd","subtype":"render","operationId":"4ix0dazw79uiegu","timestamp":1676567995801,"id":"chu751mosuygf27","previousEventId":"omwypkp0k18jz2j","previousOperationId":"qkbgde57lkfew18"}
{"type":"operationEnd","operationId":"w4bstx9plqqtvin","timestamp":1676567995820,"id":"pyusnhtb2z4xjb0","previousEventId":"k997wdyb6xflrgc","previousOperationId":"w4bstx9plqqtvin"}
{"type":"log","timestamp":1676567995820,"level":"debug","message":"pdf-utils postproces start","meta":{"rootId":"vs1bdovelzjstd4","id":"vs1bdovelzjstd4"},"id":"1f95xnt5ozlcof9","previousOperationId":"w4bstx9plqqtvin"}
{"type":"log","timestamp":1676567995849,"level":"debug","message":"pdf-utils postproces end","meta":{"rootId":"vs1bdovelzjstd4","id":"vs1bdovelzjstd4"},"id":"619cct8m6omjoh1","previousOperationId":"w4bstx9plqqtvin"}
{"type":"operationEnd","operationId":"lgemsxoucb8bh41","timestamp":1676567995849,"id":"qfugqp6lzdh6a4l","previousEventId":"pyusnhtb2z4xjb0","previousOperationId":"w4bstx9plqqtvin"}
{"type":"log","timestamp":1676567995849,"level":"info","message":"pdf-utils pdf processing was finished","meta":{"rootId":"vs1bdovelzjstd4","id":"vs1bdovelzjstd4"},"id":"yyy5p0u2ldj1pt2","previousOperationId":"lgemsxoucb8bh41"}
{"type":"log","timestamp":1676567995849,"level":"debug","message":"Skipping storing report.","meta":{"rootId":"vs1bdovelzjstd4","id":"vs1bdovelzjstd4"},"id":"6i8p69im790yss2","previousOperationId":"lgemsxoucb8bh41"}
{"type":"log","timestamp":1676567995849,"level":"info","message":"Rendering request 4 finished in 2116 ms","meta":{"rootId":"vs1bdovelzjstd4","id":"vs1bdovelzjstd4"},"id":"ovjvp86tf0w74cs","previousOperationId":"lgemsxoucb8bh41"}
{"type":"operationEnd","subtype":"render","operationId":"1jpyzzhvl7gr1su","timestamp":1676567995849,"id":"akbgduly3zcyrs9","previousEventId":"qfugqp6lzdh6a4l","previousOperationId":"lgemsxoucb8bh41"}
{"type":"operationEnd","doDiffs":false,"previousEventId":"glol6hjv6rezzvd","previousOperationId":"3h6w5cnpmydojj9","operationId":"3h6w5cnpmydojj9","timestamp":1676567995862,"id":"tlyonkd8p9ruufh"}
