{"type":"operationStart","subtype":"profile","data":{"_id":"Fclpo2IWFBcW1E2D","timestamp":"2023-02-22T17:47:42.126Z","state":"queued","mode":"standard","creationDate":"2023-02-22T17:47:42.127Z","modificationDate":"2023-02-22T17:47:42.127Z","shortid":"7zN2kVj","$entitySet":"profiles"},"doDiffs":false,"timestamp":1677088062127,"id":"u8m297y9wecpro1","previousOperationId":null,"operationId":"jn3sa85q3ml6xdj"}
{"type":"log","level":"info","message":"Render request 15 queued for execution and waiting for available worker","previousOperationId":"jn3sa85q3ml6xdj","timestamp":1677088062127,"id":"pvlxkm61gspoybh"}
{"type":"operationStart","subtype":"render","name":"orders-main","previousOperationId":"jn3sa85q3ml6xdj","timestamp":1677088062138,"id":"us7t071c50b9e6s","previousEventId":"u8m297y9wecpro1","operationId":"jlds2tvojpzv2h4"}
{"type":"log","timestamp":1677088062138,"level":"info","message":"Starting rendering request 15","meta":{"rootId":"w2zjrdcrfo7sdaz","id":"w2zjrdcrfo7sdaz"},"id":"hj1q0bmjpqg924z","previousOperationId":"jlds2tvojpzv2h4"}
{"type":"log","timestamp":1677088062138,"level":"info","message":"Rendering template { name: orders-main, recipe: chrome-pdf, engine: handlebars, preview: true }","meta":{"rootId":"w2zjrdcrfo7sdaz","id":"w2zjrdcrfo7sdaz"},"id":"ogzj2ne5nigoajh","previousOperationId":"jlds2tvojpzv2h4"}
{"type":"log","timestamp":1677088062140,"level":"debug","message":"Data item not defined for this template.","meta":{"rootId":"w2zjrdcrfo7sdaz","id":"w2zjrdcrfo7sdaz"},"id":"zjxjjhg4y4591qz","previousOperationId":"jlds2tvojpzv2h4"}
{"type":"log","timestamp":1677088062143,"level":"debug","message":"Executing script orders-script (beforeRender)","meta":{"rootId":"w2zjrdcrfo7sdaz","id":"w2zjrdcrfo7sdaz"},"id":"2lnjphizfhlh397","previousOperationId":"jlds2tvojpzv2h4"}
{"type":"operationStart","subtype":"scriptsBeforeRender","name":"scripts beforeRender","timestamp":1677088062157,"id":"j3qvxm2zw5vuh5l","previousEventId":"us7t071c50b9e6s","operationId":"rcygzd35f9whs5h","previousOperationId":"jlds2tvojpzv2h4"}
{"type":"operationStart","subtype":"script","name":"scripts orders-script","previousOperationId":"rcygzd35f9whs5h","timestamp":1677088062157,"id":"hu8kmq5m1krvpei","previousEventId":"j3qvxm2zw5vuh5l","operationId":"wxwwrjr9sxc2p38"}
{"type":"operationEnd","operationId":"wxwwrjr9sxc2p38","timestamp":1677088063432,"id":"b68mhubyn6ajoxt","previousEventId":"us7t071c50b9e6s","previousOperationId":"jlds2tvojpzv2h4"}
{"type":"operationEnd","operationId":"rcygzd35f9whs5h","timestamp":1677088063432,"id":"gaqcb9xbijkgja5","previousEventId":"b68mhubyn6ajoxt","previousOperationId":"jlds2tvojpzv2h4"}
{"type":"log","timestamp":1677088063432,"level":"debug","message":"Base url not specified, skipping its injection.","meta":{"rootId":"w2zjrdcrfo7sdaz","id":"w2zjrdcrfo7sdaz"},"id":"gzloztkzkhchvd2","previousOperationId":"rcygzd35f9whs5h"}
{"type":"operationStart","subtype":"engine","name":"handlebars","timestamp":1677088063432,"id":"ng8zw0v1ao79x0g","previousEventId":"gaqcb9xbijkgja5","operationId":"c0h00nanhpl8h82","previousOperationId":"rcygzd35f9whs5h"}
{"type":"log","timestamp":1677088063432,"level":"debug","message":"Rendering engine handlebars","meta":{"rootId":"w2zjrdcrfo7sdaz","id":"w2zjrdcrfo7sdaz"},"id":"2yyria5apm3gzq8","previousOperationId":"c0h00nanhpl8h82"}
{"type":"operationEnd","operationId":"c0h00nanhpl8h82","timestamp":1677088063448,"id":"zfhdl02t0e2o7bk","previousEventId":"ng8zw0v1ao79x0g","previousOperationId":"c0h00nanhpl8h82"}
{"type":"operationStart","subtype":"recipe","name":"chrome-pdf","timestamp":1677088063448,"id":"mojwy1luvi0b5l5","previousEventId":"zfhdl02t0e2o7bk","operationId":"2fyailfnawrr3wj","previousOperationId":"c0h00nanhpl8h82"}
{"type":"log","timestamp":1677088063448,"level":"debug","message":"Executing recipe chrome-pdf","meta":{"rootId":"w2zjrdcrfo7sdaz","id":"w2zjrdcrfo7sdaz"},"id":"wjevvehynq610dk","previousOperationId":"2fyailfnawrr3wj"}
{"type":"log","timestamp":1677088063451,"level":"debug","message":"Converting with chrome HeadlessChrome/105.0.5173.0 using chrome-pool strategy","meta":{"rootId":"w2zjrdcrfo7sdaz","id":"w2zjrdcrfo7sdaz"},"id":"3k48d8siju0rkyr","previousOperationId":"2fyailfnawrr3wj"}
{"type":"log","timestamp":1677088063542,"level":"debug","message":"Page request: GET (document) file:///C:/Users/Kris/AppData/Local/Temp/jsreport/autocleanup/35cf997f-3db2-4075-9172-d9cb3fef5412-chrome-pdf.html","meta":{"rootId":"w2zjrdcrfo7sdaz","id":"w2zjrdcrfo7sdaz"},"id":"6mo2f837xsbifbl","previousOperationId":"2fyailfnawrr3wj"}
{"type":"log","timestamp":1677088063558,"level":"debug","message":"Page request: GET (stylesheet) https://cdnjs.cloudflare.com/ajax/libs/metro/4.1.5/css/metro.min.css","meta":{"rootId":"w2zjrdcrfo7sdaz","id":"w2zjrdcrfo7sdaz"},"id":"8rjbzkkuhxbmlgs","previousOperationId":"2fyailfnawrr3wj"}
{"type":"log","timestamp":1677088063558,"level":"debug","message":"Page request finished: GET (document) 200 file:///C:/Users/Kris/AppData/Local/Temp/jsreport/autocleanup/35cf997f-3db2-4075-9172-d9cb3fef5412-chrome-pdf.html","meta":{"rootId":"w2zjrdcrfo7sdaz","id":"w2zjrdcrfo7sdaz"},"id":"trdop3q4dxzi3nh","previousOperationId":"2fyailfnawrr3wj"}
{"type":"log","timestamp":1677088063558,"level":"debug","message":"Page request: GET (script) https://cdnjs.cloudflare.com/ajax/libs/Chart.js/2.7.2/Chart.min.js","meta":{"rootId":"w2zjrdcrfo7sdaz","id":"w2zjrdcrfo7sdaz"},"id":"9mqv3cby1sqf1mz","previousOperationId":"2fyailfnawrr3wj"}
{"type":"log","timestamp":1677088063563,"level":"debug","message":"Page request finished: GET (script) 200 https://cdnjs.cloudflare.com/ajax/libs/Chart.js/2.7.2/Chart.min.js","meta":{"rootId":"w2zjrdcrfo7sdaz","id":"w2zjrdcrfo7sdaz"},"id":"jps217b54yn3l9j","previousOperationId":"2fyailfnawrr3wj"}
{"type":"log","timestamp":1677088063582,"level":"debug","message":"Page request finished: GET (stylesheet) 200 https://cdnjs.cloudflare.com/ajax/libs/metro/4.1.5/css/metro.min.css","meta":{"rootId":"w2zjrdcrfo7sdaz","id":"w2zjrdcrfo7sdaz"},"id":"dfd2wgnuy5zmps0","previousOperationId":"2fyailfnawrr3wj"}
{"type":"log","timestamp":1677088063613,"level":"debug","message":"Running chrome with params {\"printBackground\":true,\"marginTop\":\"4cm\",\"marginRight\":\"1.5cm\",\"marginBottom\":\"1.5cm\",\"marginLeft\":\"1.5cm\",\"waitForJS\":false,\"timeout\":58676,\"margin\":{\"top\":\"4cm\",\"right\":\"1.5cm\",\"bottom\":\"1.5cm\",\"left\":\"1.5cm\"}}","meta":{"rootId":"w2zjrdcrfo7sdaz","id":"w2zjrdcrfo7sdaz"},"id":"l6fi8ns2gvlagnp","previousOperationId":"2fyailfnawrr3wj"}
{"type":"operationEnd","operationId":"2fyailfnawrr3wj","timestamp":1677088063669,"id":"pmgnnfeyb95pv73","previousEventId":"mojwy1luvi0b5l5","previousOperationId":"2fyailfnawrr3wj"}
{"type":"log","timestamp":1677088063669,"level":"info","message":"pdf-utils is starting pdf processing","meta":{"rootId":"w2zjrdcrfo7sdaz","id":"w2zjrdcrfo7sdaz"},"id":"rm9sj08ksvspypk","previousOperationId":"2fyailfnawrr3wj"}
{"type":"operationStart","subtype":"pdfUtils","name":"pdf utils","timestamp":1677088063669,"id":"noujufnv6b7dv2t","previousEventId":"pmgnnfeyb95pv73","operationId":"4432scd8b09tq7h","previousOperationId":"2fyailfnawrr3wj"}
{"type":"log","timestamp":1677088063669,"level":"debug","message":"pdf-utils detected 1 pdf operation(s) to process","meta":{"rootId":"w2zjrdcrfo7sdaz","id":"w2zjrdcrfo7sdaz"},"id":"rp3i5yffi5s3aqd","previousOperationId":"4432scd8b09tq7h"}
{"type":"log","timestamp":1677088063678,"level":"debug","message":"pdf-utils running pdf operation merge","meta":{"rootId":"w2zjrdcrfo7sdaz","id":"w2zjrdcrfo7sdaz"},"id":"gz1ys4ffdts1exq","previousOperationId":"4432scd8b09tq7h"}
{"type":"operationStart","subtype":"pdfUtilsMerge","name":"pdf utils merge","previousOperationId":"4432scd8b09tq7h","timestamp":1677088063678,"id":"n4efpwkivll7l0l","previousEventId":"noujufnv6b7dv2t","operationId":"8no116ayerni0qv"}
{"type":"operationStart","subtype":"render","name":"orders-header","previousOperationId":"8no116ayerni0qv","timestamp":1677088063679,"id":"hloxc8jof7qh1df","previousEventId":"n4efpwkivll7l0l","operationId":"hrnqe4yan21kzns"}
{"type":"log","timestamp":1677088063679,"level":"info","message":"Starting rendering (child) request","meta":{"rootId":"w2zjrdcrfo7sdaz","id":"qlwx09gp0s1svvp"},"id":"v2b7k54s5zjpi4m","previousOperationId":"hrnqe4yan21kzns"}
{"type":"log","timestamp":1677088063679,"level":"info","message":"Rendering template { name: orders-header, recipe: chrome-pdf, engine: handlebars, preview: true }","meta":{"rootId":"w2zjrdcrfo7sdaz","id":"qlwx09gp0s1svvp"},"id":"0iv8m4bmz2s8p5k","previousOperationId":"hrnqe4yan21kzns"}
{"type":"log","timestamp":1677088063687,"level":"debug","message":"Inline data specified.","meta":{"rootId":"w2zjrdcrfo7sdaz","id":"qlwx09gp0s1svvp"},"id":"rmp6ekaobefd9iu","previousOperationId":"hrnqe4yan21kzns"}
{"type":"log","timestamp":1677088063691,"level":"debug","message":"Base url not specified, skipping its injection.","meta":{"rootId":"w2zjrdcrfo7sdaz","id":"qlwx09gp0s1svvp"},"id":"px6nbiw9rjax9hq","previousOperationId":"hrnqe4yan21kzns"}
{"type":"operationStart","subtype":"engine","name":"handlebars","timestamp":1677088063691,"id":"fgzl4r8o5jpadja","previousEventId":"hloxc8jof7qh1df","operationId":"9c9cvhoysskvhap","previousOperationId":"hrnqe4yan21kzns"}
{"type":"log","timestamp":1677088063691,"level":"debug","message":"Rendering engine handlebars","meta":{"rootId":"w2zjrdcrfo7sdaz","id":"qlwx09gp0s1svvp"},"id":"rty5oxof72sow7z","previousOperationId":"9c9cvhoysskvhap"}
{"type":"operationEnd","operationId":"9c9cvhoysskvhap","timestamp":1677088063708,"id":"bngoxqj33y41jnw","previousEventId":"fgzl4r8o5jpadja","previousOperationId":"9c9cvhoysskvhap"}
{"type":"operationStart","subtype":"recipe","name":"chrome-pdf","timestamp":1677088063709,"id":"x1yyiicteowcul4","previousEventId":"bngoxqj33y41jnw","operationId":"ajlhcqlkdzlzyvj","previousOperationId":"9c9cvhoysskvhap"}
{"type":"log","timestamp":1677088063709,"level":"debug","message":"Executing recipe chrome-pdf","meta":{"rootId":"w2zjrdcrfo7sdaz","id":"qlwx09gp0s1svvp"},"id":"61h0sqdqae0d69q","previousOperationId":"ajlhcqlkdzlzyvj"}
{"type":"log","timestamp":1677088063711,"level":"debug","message":"Converting with chrome HeadlessChrome/105.0.5173.0 using chrome-pool strategy","meta":{"rootId":"w2zjrdcrfo7sdaz","id":"qlwx09gp0s1svvp"},"id":"lh3b8wbfph8qoak","previousOperationId":"ajlhcqlkdzlzyvj"}
{"type":"log","timestamp":1677088063809,"level":"debug","message":"Page request: GET (document) file:///C:/Users/Kris/AppData/Local/Temp/jsreport/autocleanup/639ece4c-1026-4d86-b343-8c3fe4627ff1-chrome-pdf.html","meta":{"rootId":"w2zjrdcrfo7sdaz","id":"qlwx09gp0s1svvp"},"id":"x06t3xbio3qx2ex","previousOperationId":"ajlhcqlkdzlzyvj"}
{"type":"log","timestamp":1677088063824,"level":"debug","message":"Page request finished: GET (document) 200 file:///C:/Users/Kris/AppData/Local/Temp/jsreport/autocleanup/639ece4c-1026-4d86-b343-8c3fe4627ff1-chrome-pdf.html","meta":{"rootId":"w2zjrdcrfo7sdaz","id":"qlwx09gp0s1svvp"},"id":"y3pncl28nquacju","previousOperationId":"ajlhcqlkdzlzyvj"}
{"type":"log","timestamp":1677088063824,"level":"debug","message":"Page request: GET (stylesheet) https://cdnjs.cloudflare.com/ajax/libs/metro/4.1.5/css/metro.min.css","meta":{"rootId":"w2zjrdcrfo7sdaz","id":"qlwx09gp0s1svvp"},"id":"2v7yd0xfoj72gez","previousOperationId":"ajlhcqlkdzlzyvj"}
{"type":"log","timestamp":1677088063844,"level":"debug","message":"Page request finished: GET (stylesheet) 200 https://cdnjs.cloudflare.com/ajax/libs/metro/4.1.5/css/metro.min.css","meta":{"rootId":"w2zjrdcrfo7sdaz","id":"qlwx09gp0s1svvp"},"id":"z2693y9wknrcnx5","previousOperationId":"ajlhcqlkdzlzyvj"}
{"type":"log","timestamp":1677088063863,"level":"debug","message":"Running chrome with params {\"printBackground\":true,\"marginTop\":\"1.5cm\",\"marginRight\":\"1.5cm\",\"marginLeft\":\"1.cm\",\"timeout\":58416,\"margin\":{\"top\":\"1.5cm\",\"right\":\"1.5cm\",\"left\":\"1.cm\"}}","meta":{"rootId":"w2zjrdcrfo7sdaz","id":"qlwx09gp0s1svvp"},"id":"um1t5n3manjg7s4","previousOperationId":"ajlhcqlkdzlzyvj"}
{"type":"operationEnd","operationId":"ajlhcqlkdzlzyvj","timestamp":1677088063914,"id":"hfoh8yaz1wgzdjw","previousEventId":"x1yyiicteowcul4","previousOperationId":"ajlhcqlkdzlzyvj"}
{"type":"log","timestamp":1677088063915,"level":"debug","message":"Skipping storing report.","meta":{"rootId":"w2zjrdcrfo7sdaz","id":"qlwx09gp0s1svvp"},"id":"vljld14jy06627h","previousOperationId":"ajlhcqlkdzlzyvj"}
{"type":"log","timestamp":1677088063915,"level":"info","message":"Rendering (child) request finished in 1789 ms","meta":{"rootId":"w2zjrdcrfo7sdaz","id":"qlwx09gp0s1svvp"},"id":"gpy80n8slvvo2vk","previousOperationId":"ajlhcqlkdzlzyvj"}
{"type":"operationEnd","subtype":"render","operationId":"hrnqe4yan21kzns","timestamp":1677088063915,"id":"n8whawzuc5iz45g","previousEventId":"hfoh8yaz1wgzdjw","previousOperationId":"ajlhcqlkdzlzyvj"}
{"type":"operationEnd","operationId":"8no116ayerni0qv","timestamp":1677088063923,"id":"njjukbyeisxr4mb","previousEventId":"n4efpwkivll7l0l","previousOperationId":"8no116ayerni0qv"}
{"type":"log","timestamp":1677088063923,"level":"debug","message":"pdf-utils postproces start","meta":{"rootId":"w2zjrdcrfo7sdaz","id":"w2zjrdcrfo7sdaz"},"id":"5qls8d4gjfxxk98","previousOperationId":"8no116ayerni0qv"}
{"type":"log","timestamp":1677088063928,"level":"debug","message":"pdf-utils postproces end","meta":{"rootId":"w2zjrdcrfo7sdaz","id":"w2zjrdcrfo7sdaz"},"id":"farluck3bfjiqph","previousOperationId":"8no116ayerni0qv"}
{"type":"operationEnd","operationId":"4432scd8b09tq7h","timestamp":1677088063928,"id":"a73fbmcxq8t57jo","previousEventId":"njjukbyeisxr4mb","previousOperationId":"8no116ayerni0qv"}
{"type":"log","timestamp":1677088063928,"level":"info","message":"pdf-utils pdf processing was finished","meta":{"rootId":"w2zjrdcrfo7sdaz","id":"w2zjrdcrfo7sdaz"},"id":"3iiwatl01v7c8oq","previousOperationId":"4432scd8b09tq7h"}
{"type":"log","timestamp":1677088063928,"level":"debug","message":"Skipping storing report.","meta":{"rootId":"w2zjrdcrfo7sdaz","id":"w2zjrdcrfo7sdaz"},"id":"yxymgoblscu6v23","previousOperationId":"4432scd8b09tq7h"}
{"type":"log","timestamp":1677088063928,"level":"info","message":"Rendering request 15 finished in 1802 ms","meta":{"rootId":"w2zjrdcrfo7sdaz","id":"w2zjrdcrfo7sdaz"},"id":"5cch97t401iec6p","previousOperationId":"4432scd8b09tq7h"}
{"type":"operationEnd","subtype":"render","operationId":"jlds2tvojpzv2h4","timestamp":1677088063928,"id":"l808mpgxwrgs8m4","previousEventId":"a73fbmcxq8t57jo","previousOperationId":"4432scd8b09tq7h"}
{"type":"operationEnd","doDiffs":false,"previousEventId":"u8m297y9wecpro1","previousOperationId":"jn3sa85q3ml6xdj","operationId":"jn3sa85q3ml6xdj","timestamp":1677088063937,"id":"mdrr0t6hotpc811"}
