{"type":"operationStart","subtype":"profile","data":{"_id":"BHkhCCrhP29SFzPt","timestamp":"2023-02-22T17:44:04.976Z","state":"queued","mode":"standard","creationDate":"2023-02-22T17:44:04.978Z","modificationDate":"2023-02-22T17:44:04.978Z","shortid":"PeM5C0j","$entitySet":"profiles"},"doDiffs":false,"timestamp":1677087844977,"id":"9p0cilgplzzb8wy","previousOperationId":null,"operationId":"r72z8t4svij1une"}
{"type":"log","level":"info","message":"Render request 11 queued for execution and waiting for available worker","previousOperationId":"r72z8t4svij1une","timestamp":1677087844977,"id":"ym64yqmiaaf6k5z"}
{"type":"operationStart","subtype":"render","name":"orders-main","previousOperationId":"r72z8t4svij1une","timestamp":1677087844989,"id":"r23ijr37nwc4dv2","previousEventId":"9p0cilgplzzb8wy","operationId":"hptyll7v8nlpzhb"}
{"type":"log","timestamp":1677087844989,"level":"info","message":"Starting rendering request 11","meta":{"rootId":"xnre17m9qe4ex71","id":"xnre17m9qe4ex71"},"id":"r26i73wtdwohni1","previousOperationId":"hptyll7v8nlpzhb"}
{"type":"log","timestamp":1677087844989,"level":"info","message":"Rendering template { name: orders-main, recipe: chrome-pdf, engine: handlebars, preview: true }","meta":{"rootId":"xnre17m9qe4ex71","id":"xnre17m9qe4ex71"},"id":"zi0xcgon5bxt1o8","previousOperationId":"hptyll7v8nlpzhb"}
{"type":"log","timestamp":1677087844991,"level":"debug","message":"Data item not defined for this template.","meta":{"rootId":"xnre17m9qe4ex71","id":"xnre17m9qe4ex71"},"id":"jzv2p3jsw5rynkt","previousOperationId":"hptyll7v8nlpzhb"}
{"type":"log","timestamp":1677087844996,"level":"debug","message":"Executing script orders-script (beforeRender)","meta":{"rootId":"xnre17m9qe4ex71","id":"xnre17m9qe4ex71"},"id":"6suw20iif6tp6oo","previousOperationId":"hptyll7v8nlpzhb"}
{"type":"operationStart","subtype":"scriptsBeforeRender","name":"scripts beforeRender","timestamp":1677087845010,"id":"ppl2lce54qjg2te","previousEventId":"r23ijr37nwc4dv2","operationId":"5sbkfj3jmyfmu1s","previousOperationId":"hptyll7v8nlpzhb"}
{"type":"operationStart","subtype":"script","name":"scripts orders-script","previousOperationId":"5sbkfj3jmyfmu1s","timestamp":1677087845010,"id":"8au8mk2mfovepql","previousEventId":"ppl2lce54qjg2te","operationId":"3cishmoe9l7qi9o"}
{"type":"operationEnd","operationId":"3cishmoe9l7qi9o","timestamp":1677087846307,"id":"xy9w5okvvn7rtkm","previousEventId":"r23ijr37nwc4dv2","previousOperationId":"hptyll7v8nlpzhb"}
{"type":"operationEnd","operationId":"5sbkfj3jmyfmu1s","timestamp":1677087846307,"id":"h6coi0k10ihruv7","previousEventId":"xy9w5okvvn7rtkm","previousOperationId":"hptyll7v8nlpzhb"}
{"type":"log","timestamp":1677087846307,"level":"debug","message":"Base url not specified, skipping its injection.","meta":{"rootId":"xnre17m9qe4ex71","id":"xnre17m9qe4ex71"},"id":"n6oecy4wneyithp","previousOperationId":"5sbkfj3jmyfmu1s"}
{"type":"operationStart","subtype":"engine","name":"handlebars","timestamp":1677087846307,"id":"yav2pbf6mhep9iw","previousEventId":"h6coi0k10ihruv7","operationId":"4luforyst1qkdoe","previousOperationId":"5sbkfj3jmyfmu1s"}
{"type":"log","timestamp":1677087846307,"level":"debug","message":"Rendering engine handlebars","meta":{"rootId":"xnre17m9qe4ex71","id":"xnre17m9qe4ex71"},"id":"3oyoqfdta3yclny","previousOperationId":"4luforyst1qkdoe"}
{"type":"operationEnd","operationId":"4luforyst1qkdoe","timestamp":1677087846317,"id":"s9qkwh2wnhp0yte","previousEventId":"yav2pbf6mhep9iw","previousOperationId":"4luforyst1qkdoe"}
{"type":"operationStart","subtype":"recipe","name":"chrome-pdf","timestamp":1677087846318,"id":"kuelw1rdood7rux","previousEventId":"s9qkwh2wnhp0yte","operationId":"fwcr4fvzbob6dhp","previousOperationId":"4luforyst1qkdoe"}
{"type":"log","timestamp":1677087846318,"level":"debug","message":"Executing recipe chrome-pdf","meta":{"rootId":"xnre17m9qe4ex71","id":"xnre17m9qe4ex71"},"id":"wmczcxaiw076562","previousOperationId":"fwcr4fvzbob6dhp"}
{"type":"log","timestamp":1677087846320,"level":"debug","message":"Converting with chrome HeadlessChrome/105.0.5173.0 using chrome-pool strategy","meta":{"rootId":"xnre17m9qe4ex71","id":"xnre17m9qe4ex71"},"id":"lp26iaoa5g7d6my","previousOperationId":"fwcr4fvzbob6dhp"}
{"type":"log","timestamp":1677087846404,"level":"debug","message":"Page request: GET (document) file:///C:/Users/Kris/AppData/Local/Temp/jsreport/autocleanup/25dee62b-8f27-4b96-8ede-0898e0ccab02-chrome-pdf.html","meta":{"rootId":"xnre17m9qe4ex71","id":"xnre17m9qe4ex71"},"id":"157v10nxsfd3xk6","previousOperationId":"fwcr4fvzbob6dhp"}
{"type":"log","timestamp":1677087846417,"level":"debug","message":"Page request finished: GET (document) 200 file:///C:/Users/Kris/AppData/Local/Temp/jsreport/autocleanup/25dee62b-8f27-4b96-8ede-0898e0ccab02-chrome-pdf.html","meta":{"rootId":"xnre17m9qe4ex71","id":"xnre17m9qe4ex71"},"id":"0vg5dddnczffct2","previousOperationId":"fwcr4fvzbob6dhp"}
{"type":"log","timestamp":1677087846417,"level":"debug","message":"Page request: GET (stylesheet) https://cdnjs.cloudflare.com/ajax/libs/metro/4.1.5/css/metro.min.css","meta":{"rootId":"xnre17m9qe4ex71","id":"xnre17m9qe4ex71"},"id":"ztn00c1m3r57132","previousOperationId":"fwcr4fvzbob6dhp"}
{"type":"log","timestamp":1677087846418,"level":"debug","message":"Page request: GET (script) https://cdnjs.cloudflare.com/ajax/libs/Chart.js/2.7.2/Chart.min.js","meta":{"rootId":"xnre17m9qe4ex71","id":"xnre17m9qe4ex71"},"id":"mqj4c0hiq8exomy","previousOperationId":"fwcr4fvzbob6dhp"}
{"type":"log","timestamp":1677087846424,"level":"debug","message":"Page request finished: GET (script) 200 https://cdnjs.cloudflare.com/ajax/libs/Chart.js/2.7.2/Chart.min.js","meta":{"rootId":"xnre17m9qe4ex71","id":"xnre17m9qe4ex71"},"id":"sazkd99pltzb7xv","previousOperationId":"fwcr4fvzbob6dhp"}
{"type":"log","timestamp":1677087846440,"level":"debug","message":"Page request finished: GET (stylesheet) 200 https://cdnjs.cloudflare.com/ajax/libs/metro/4.1.5/css/metro.min.css","meta":{"rootId":"xnre17m9qe4ex71","id":"xnre17m9qe4ex71"},"id":"y8tqkmd5o4tyflk","previousOperationId":"fwcr4fvzbob6dhp"}
{"type":"log","timestamp":1677087846484,"level":"debug","message":"Running chrome with params {\"printBackground\":true,\"marginTop\":\"4cm\",\"marginRight\":\"1.5cm\",\"marginBottom\":\"1.5cm\",\"marginLeft\":\"1.5cm\",\"waitForJS\":false,\"timeout\":58657,\"margin\":{\"top\":\"4cm\",\"right\":\"1.5cm\",\"bottom\":\"1.5cm\",\"left\":\"1.5cm\"}}","meta":{"rootId":"xnre17m9qe4ex71","id":"xnre17m9qe4ex71"},"id":"0mnx3ewpq78c593","previousOperationId":"fwcr4fvzbob6dhp"}
{"type":"operationEnd","operationId":"fwcr4fvzbob6dhp","timestamp":1677087846625,"id":"qcf4cy0klrxcohf","previousEventId":"kuelw1rdood7rux","previousOperationId":"fwcr4fvzbob6dhp"}
{"type":"log","timestamp":1677087846625,"level":"info","message":"pdf-utils is starting pdf processing","meta":{"rootId":"xnre17m9qe4ex71","id":"xnre17m9qe4ex71"},"id":"n4h5hvc8ay9v4q0","previousOperationId":"fwcr4fvzbob6dhp"}
{"type":"operationStart","subtype":"pdfUtils","name":"pdf utils","timestamp":1677087846625,"id":"7ky45fmo1mkdk6g","previousEventId":"qcf4cy0klrxcohf","operationId":"dh227n1zpxgo15l","previousOperationId":"fwcr4fvzbob6dhp"}
{"type":"log","timestamp":1677087846625,"level":"debug","message":"pdf-utils detected 1 pdf operation(s) to process","meta":{"rootId":"xnre17m9qe4ex71","id":"xnre17m9qe4ex71"},"id":"lid2hs89j1pkgou","previousOperationId":"dh227n1zpxgo15l"}
{"type":"log","timestamp":1677087846657,"level":"debug","message":"pdf-utils running pdf operation merge","meta":{"rootId":"xnre17m9qe4ex71","id":"xnre17m9qe4ex71"},"id":"b7snyl95g6x2guj","previousOperationId":"dh227n1zpxgo15l"}
{"type":"operationStart","subtype":"pdfUtilsMerge","name":"pdf utils merge","previousOperationId":"dh227n1zpxgo15l","timestamp":1677087846657,"id":"ubs4d6ws1dyw9yx","previousEventId":"7ky45fmo1mkdk6g","operationId":"r0v76nos8dzhwob"}
{"type":"operationStart","subtype":"render","name":"orders-header","previousOperationId":"r0v76nos8dzhwob","timestamp":1677087846658,"id":"nur4ox69rsbmar4","previousEventId":"ubs4d6ws1dyw9yx","operationId":"1z5zsyk5nb5lx4u"}
{"type":"log","timestamp":1677087846658,"level":"info","message":"Starting rendering (child) request","meta":{"rootId":"xnre17m9qe4ex71","id":"wf9wqg8s9uxszl8"},"id":"pmde4a831b5akmu","previousOperationId":"1z5zsyk5nb5lx4u"}
{"type":"log","timestamp":1677087846658,"level":"info","message":"Rendering template { name: orders-header, recipe: chrome-pdf, engine: handlebars, preview: true }","meta":{"rootId":"xnre17m9qe4ex71","id":"wf9wqg8s9uxszl8"},"id":"9x3b3r13u5z72n0","previousOperationId":"1z5zsyk5nb5lx4u"}
{"type":"log","timestamp":1677087846659,"level":"debug","message":"Inline data specified.","meta":{"rootId":"xnre17m9qe4ex71","id":"wf9wqg8s9uxszl8"},"id":"smynm3krldln7b1","previousOperationId":"1z5zsyk5nb5lx4u"}
{"type":"log","timestamp":1677087846660,"level":"debug","message":"Base url not specified, skipping its injection.","meta":{"rootId":"xnre17m9qe4ex71","id":"wf9wqg8s9uxszl8"},"id":"7vj6widfjfluesk","previousOperationId":"1z5zsyk5nb5lx4u"}
{"type":"operationStart","subtype":"engine","name":"handlebars","timestamp":1677087846660,"id":"k1inhfyn5youmi4","previousEventId":"nur4ox69rsbmar4","operationId":"ei2ffs831c4liy0","previousOperationId":"1z5zsyk5nb5lx4u"}
{"type":"log","timestamp":1677087846661,"level":"debug","message":"Rendering engine handlebars","meta":{"rootId":"xnre17m9qe4ex71","id":"wf9wqg8s9uxszl8"},"id":"kv7pak16ft0b21v","previousOperationId":"ei2ffs831c4liy0"}
{"type":"operationEnd","operationId":"ei2ffs831c4liy0","timestamp":1677087846677,"id":"22zoqtkcpvorz0f","previousEventId":"k1inhfyn5youmi4","previousOperationId":"ei2ffs831c4liy0"}
{"type":"operationStart","subtype":"recipe","name":"chrome-pdf","timestamp":1677087846677,"id":"keq0sb6mf7nfb8q","previousEventId":"22zoqtkcpvorz0f","operationId":"as137d5dh8ym8fe","previousOperationId":"ei2ffs831c4liy0"}
{"type":"log","timestamp":1677087846677,"level":"debug","message":"Executing recipe chrome-pdf","meta":{"rootId":"xnre17m9qe4ex71","id":"wf9wqg8s9uxszl8"},"id":"rqjlel8rwxryz3s","previousOperationId":"as137d5dh8ym8fe"}
{"type":"log","timestamp":1677087846679,"level":"debug","message":"Converting with chrome HeadlessChrome/105.0.5173.0 using chrome-pool strategy","meta":{"rootId":"xnre17m9qe4ex71","id":"wf9wqg8s9uxszl8"},"id":"5oq60phbuk8twdb","previousOperationId":"as137d5dh8ym8fe"}
{"type":"log","timestamp":1677087846762,"level":"debug","message":"Page request: GET (document) file:///C:/Users/Kris/AppData/Local/Temp/jsreport/autocleanup/63cfd256-288d-4f5c-b25d-f20bca8cbbb8-chrome-pdf.html","meta":{"rootId":"xnre17m9qe4ex71","id":"wf9wqg8s9uxszl8"},"id":"89pi2b1j4e5ge88","previousOperationId":"as137d5dh8ym8fe"}
{"type":"log","timestamp":1677087846770,"level":"debug","message":"Page request finished: GET (document) 200 file:///C:/Users/Kris/AppData/Local/Temp/jsreport/autocleanup/63cfd256-288d-4f5c-b25d-f20bca8cbbb8-chrome-pdf.html","meta":{"rootId":"xnre17m9qe4ex71","id":"wf9wqg8s9uxszl8"},"id":"ponus64ppl925ow","previousOperationId":"as137d5dh8ym8fe"}
{"type":"log","timestamp":1677087846770,"level":"debug","message":"Page request: GET (stylesheet) https://cdnjs.cloudflare.com/ajax/libs/metro/4.1.5/css/metro.min.css","meta":{"rootId":"xnre17m9qe4ex71","id":"wf9wqg8s9uxszl8"},"id":"w9tf1euxdwy47ku","previousOperationId":"as137d5dh8ym8fe"}
{"type":"log","timestamp":1677087846789,"level":"debug","message":"Page request finished: GET (stylesheet) 200 https://cdnjs.cloudflare.com/ajax/libs/metro/4.1.5/css/metro.min.css","meta":{"rootId":"xnre17m9qe4ex71","id":"wf9wqg8s9uxszl8"},"id":"45eq4nwgsjmrlgv","previousOperationId":"as137d5dh8ym8fe"}
{"type":"log","timestamp":1677087846812,"level":"debug","message":"Running chrome with params {\"printBackground\":true,\"marginTop\":\"1.5cm\",\"marginRight\":\"1.5cm\",\"marginLeft\":\"1.cm\",\"timeout\":58298,\"margin\":{\"top\":\"1.5cm\",\"right\":\"1.5cm\",\"left\":\"1.cm\"}}","meta":{"rootId":"xnre17m9qe4ex71","id":"wf9wqg8s9uxszl8"},"id":"141b37gcortfjmn","previousOperationId":"as137d5dh8ym8fe"}
{"type":"operationEnd","operationId":"as137d5dh8ym8fe","timestamp":1677087846866,"id":"p07npodgxhub47g","previousEventId":"keq0sb6mf7nfb8q","previousOperationId":"as137d5dh8ym8fe"}
{"type":"log","timestamp":1677087846866,"level":"debug","message":"Skipping storing report.","meta":{"rootId":"xnre17m9qe4ex71","id":"wf9wqg8s9uxszl8"},"id":"bgl7t8s877uzxgo","previousOperationId":"as137d5dh8ym8fe"}
{"type":"log","timestamp":1677087846867,"level":"info","message":"Rendering (child) request finished in 1891 ms","meta":{"rootId":"xnre17m9qe4ex71","id":"wf9wqg8s9uxszl8"},"id":"7j8olwcdwsy4dmo","previousOperationId":"as137d5dh8ym8fe"}
{"type":"operationEnd","subtype":"render","operationId":"1z5zsyk5nb5lx4u","timestamp":1677087846867,"id":"j8z78ze2o7cubed","previousEventId":"p07npodgxhub47g","previousOperationId":"as137d5dh8ym8fe"}
{"type":"operationEnd","operationId":"r0v76nos8dzhwob","timestamp":1677087846875,"id":"zd3qq5dvcw49qah","previousEventId":"ubs4d6ws1dyw9yx","previousOperationId":"r0v76nos8dzhwob"}
{"type":"log","timestamp":1677087846875,"level":"debug","message":"pdf-utils postproces start","meta":{"rootId":"xnre17m9qe4ex71","id":"xnre17m9qe4ex71"},"id":"ogtnhlyz5yxdm6k","previousOperationId":"r0v76nos8dzhwob"}
{"type":"log","timestamp":1677087846891,"level":"debug","message":"pdf-utils postproces end","meta":{"rootId":"xnre17m9qe4ex71","id":"xnre17m9qe4ex71"},"id":"hd04qkxkrh6h3ua","previousOperationId":"r0v76nos8dzhwob"}
{"type":"operationEnd","operationId":"dh227n1zpxgo15l","timestamp":1677087846891,"id":"o1md8fxwug20wbs","previousEventId":"zd3qq5dvcw49qah","previousOperationId":"r0v76nos8dzhwob"}
{"type":"log","timestamp":1677087846891,"level":"info","message":"pdf-utils pdf processing was finished","meta":{"rootId":"xnre17m9qe4ex71","id":"xnre17m9qe4ex71"},"id":"s1lvbn85ohfa07h","previousOperationId":"dh227n1zpxgo15l"}
{"type":"log","timestamp":1677087846891,"level":"debug","message":"Skipping storing report.","meta":{"rootId":"xnre17m9qe4ex71","id":"xnre17m9qe4ex71"},"id":"wrcrdhutaznn24w","previousOperationId":"dh227n1zpxgo15l"}
{"type":"log","timestamp":1677087846891,"level":"info","message":"Rendering request 11 finished in 1915 ms","meta":{"rootId":"xnre17m9qe4ex71","id":"xnre17m9qe4ex71"},"id":"yqye6umwdr2rtn0","previousOperationId":"dh227n1zpxgo15l"}
{"type":"operationEnd","subtype":"render","operationId":"hptyll7v8nlpzhb","timestamp":1677087846891,"id":"oakp1gutz5t07i6","previousEventId":"o1md8fxwug20wbs","previousOperationId":"dh227n1zpxgo15l"}
{"type":"operationEnd","doDiffs":false,"previousEventId":"9p0cilgplzzb8wy","previousOperationId":"r72z8t4svij1une","operationId":"r72z8t4svij1une","timestamp":1677087846902,"id":"y7cog731glmwpza"}
