{"type":"operationStart","subtype":"profile","data":{"_id":"yxxw3o5rTKKeKcTw","timestamp":"2023-02-22T17:40:59.325Z","state":"queued","mode":"standard","creationDate":"2023-02-22T17:40:59.327Z","modificationDate":"2023-02-22T17:40:59.327Z","shortid":"4b7kJaK","$entitySet":"profiles"},"doDiffs":false,"timestamp":1677087659326,"id":"spz92knc0e4ql1a","previousOperationId":null,"operationId":"wfx9hmqsytcmk2x"}
{"type":"log","level":"info","message":"Render request 5 queued for execution and waiting for available worker","previousOperationId":"wfx9hmqsytcmk2x","timestamp":1677087659326,"id":"jfs8dz3yes93tru"}
{"type":"operationStart","subtype":"render","name":"orders-main","previousOperationId":"wfx9hmqsytcmk2x","timestamp":1677087659335,"id":"fq77csovnywrrtu","previousEventId":"spz92knc0e4ql1a","operationId":"ywda4cn2b6516q6"}
{"type":"log","timestamp":1677087659335,"level":"info","message":"Starting rendering request 5","meta":{"rootId":"zr345soog3v8vvo","id":"zr345soog3v8vvo"},"id":"jzc2t8p4ta19yrw","previousOperationId":"ywda4cn2b6516q6"}
{"type":"log","timestamp":1677087659336,"level":"info","message":"Rendering template { name: orders-main, recipe: chrome-pdf, engine: handlebars, preview: true }","meta":{"rootId":"zr345soog3v8vvo","id":"zr345soog3v8vvo"},"id":"raury1v6boj51gf","previousOperationId":"ywda4cn2b6516q6"}
{"type":"log","timestamp":1677087659337,"level":"debug","message":"Data item not defined for this template.","meta":{"rootId":"zr345soog3v8vvo","id":"zr345soog3v8vvo"},"id":"73pcrwzxr3gd6fv","previousOperationId":"ywda4cn2b6516q6"}
{"type":"log","timestamp":1677087659340,"level":"debug","message":"Executing script orders-script (beforeRender)","meta":{"rootId":"zr345soog3v8vvo","id":"zr345soog3v8vvo"},"id":"t98qmpxpvpvyeqq","previousOperationId":"ywda4cn2b6516q6"}
{"type":"operationStart","subtype":"scriptsBeforeRender","name":"scripts beforeRender","timestamp":1677087659354,"id":"qtr65igl83ga40h","previousEventId":"fq77csovnywrrtu","operationId":"4tllb1fr4mj60w3","previousOperationId":"ywda4cn2b6516q6"}
{"type":"operationStart","subtype":"script","name":"scripts orders-script","previousOperationId":"4tllb1fr4mj60w3","timestamp":1677087659354,"id":"rx8em6zqp7jllec","previousEventId":"qtr65igl83ga40h","operationId":"eicylvn7l4jhej0"}
{"type":"operationEnd","operationId":"eicylvn7l4jhej0","timestamp":1677087660765,"id":"xdtf7t5bm9qcmgj","previousEventId":"fq77csovnywrrtu","previousOperationId":"ywda4cn2b6516q6"}
{"type":"operationEnd","operationId":"4tllb1fr4mj60w3","timestamp":1677087660765,"id":"peqd213znicoksz","previousEventId":"xdtf7t5bm9qcmgj","previousOperationId":"ywda4cn2b6516q6"}
{"type":"log","timestamp":1677087660765,"level":"debug","message":"Base url not specified, skipping its injection.","meta":{"rootId":"zr345soog3v8vvo","id":"zr345soog3v8vvo"},"id":"4h8qi8f6p8w5p8w","previousOperationId":"4tllb1fr4mj60w3"}
{"type":"operationStart","subtype":"engine","name":"handlebars","timestamp":1677087660766,"id":"ixq58xz29t9cgkf","previousEventId":"peqd213znicoksz","operationId":"i7qmvz0devdd20z","previousOperationId":"4tllb1fr4mj60w3"}
{"type":"log","timestamp":1677087660766,"level":"debug","message":"Rendering engine handlebars","meta":{"rootId":"zr345soog3v8vvo","id":"zr345soog3v8vvo"},"id":"herd84wcyg7y1mn","previousOperationId":"i7qmvz0devdd20z"}
{"type":"log","timestamp":1677087660777,"level":"debug","message":"(console:log) Pdf utils adding group field, value: \"France\"","meta":{"userLevel":true,"rootId":"zr345soog3v8vvo","id":"zr345soog3v8vvo"},"id":"uxu69vlilb1m7li","previousOperationId":"i7qmvz0devdd20z"}
{"type":"log","timestamp":1677087660777,"level":"debug","message":"(console:log) Pdf utils adding group field, value: \"Germany\"","meta":{"userLevel":true,"rootId":"zr345soog3v8vvo","id":"zr345soog3v8vvo"},"id":"5143yk90a310x39","previousOperationId":"i7qmvz0devdd20z"}
{"type":"operationEnd","operationId":"i7qmvz0devdd20z","timestamp":1677087660778,"id":"bcqx1acre1mb5dg","previousEventId":"ixq58xz29t9cgkf","previousOperationId":"i7qmvz0devdd20z"}
{"type":"operationStart","subtype":"recipe","name":"chrome-pdf","timestamp":1677087660778,"id":"dafa3czcrnkfipv","previousEventId":"bcqx1acre1mb5dg","operationId":"poecqjvm438ci8m","previousOperationId":"i7qmvz0devdd20z"}
{"type":"log","timestamp":1677087660778,"level":"debug","message":"Executing recipe chrome-pdf","meta":{"rootId":"zr345soog3v8vvo","id":"zr345soog3v8vvo"},"id":"6ngjcdl18peswwq","previousOperationId":"poecqjvm438ci8m"}
{"type":"log","timestamp":1677087660780,"level":"debug","message":"Converting with chrome HeadlessChrome/105.0.5173.0 using chrome-pool strategy","meta":{"rootId":"zr345soog3v8vvo","id":"zr345soog3v8vvo"},"id":"qfiy5xri2mdfxwi","previousOperationId":"poecqjvm438ci8m"}
{"type":"log","timestamp":1677087660879,"level":"debug","message":"Page request: GET (document) file:///C:/Users/Kris/AppData/Local/Temp/jsreport/autocleanup/35dacc26-bb82-4fbe-904c-b977a9c8820f-chrome-pdf.html","meta":{"rootId":"zr345soog3v8vvo","id":"zr345soog3v8vvo"},"id":"h1627ozofamu114","previousOperationId":"poecqjvm438ci8m"}
{"type":"log","timestamp":1677087660925,"level":"debug","message":"Page request finished: GET (document) 200 file:///C:/Users/Kris/AppData/Local/Temp/jsreport/autocleanup/35dacc26-bb82-4fbe-904c-b977a9c8820f-chrome-pdf.html","meta":{"rootId":"zr345soog3v8vvo","id":"zr345soog3v8vvo"},"id":"a9af6i6dszlb86v","previousOperationId":"poecqjvm438ci8m"}
{"type":"log","timestamp":1677087660926,"level":"debug","message":"Page request: GET (stylesheet) https://cdnjs.cloudflare.com/ajax/libs/metro/4.1.5/css/metro.min.css","meta":{"rootId":"zr345soog3v8vvo","id":"zr345soog3v8vvo"},"id":"fjl8js3e0gto3k1","previousOperationId":"poecqjvm438ci8m"}
{"type":"log","timestamp":1677087660926,"level":"debug","message":"Page request: GET (script) https://cdnjs.cloudflare.com/ajax/libs/Chart.js/2.7.2/Chart.min.js","meta":{"rootId":"zr345soog3v8vvo","id":"zr345soog3v8vvo"},"id":"ncnp3mzwp1jliy7","previousOperationId":"poecqjvm438ci8m"}
{"type":"log","timestamp":1677087660962,"level":"debug","message":"Page request finished: GET (stylesheet) 200 https://cdnjs.cloudflare.com/ajax/libs/metro/4.1.5/css/metro.min.css","meta":{"rootId":"zr345soog3v8vvo","id":"zr345soog3v8vvo"},"id":"o7weouw4rai6sb4","previousOperationId":"poecqjvm438ci8m"}
{"type":"log","timestamp":1677087660962,"level":"debug","message":"Page request finished: GET (script) 200 https://cdnjs.cloudflare.com/ajax/libs/Chart.js/2.7.2/Chart.min.js","meta":{"rootId":"zr345soog3v8vvo","id":"zr345soog3v8vvo"},"id":"6eu1h9hcedf1e32","previousOperationId":"poecqjvm438ci8m"}
{"type":"log","timestamp":1677087661054,"level":"debug","message":"Running chrome with params {\"printBackground\":true,\"marginTop\":\"4cm\",\"marginRight\":\"1.5cm\",\"marginBottom\":\"1.5cm\",\"marginLeft\":\"1.5cm\",\"waitForJS\":false,\"timeout\":58545,\"margin\":{\"top\":\"4cm\",\"right\":\"1.5cm\",\"bottom\":\"1.5cm\",\"left\":\"1.5cm\"}}","meta":{"rootId":"zr345soog3v8vvo","id":"zr345soog3v8vvo"},"id":"a42xk6rs29jfi7c","previousOperationId":"poecqjvm438ci8m"}
{"type":"operationEnd","operationId":"poecqjvm438ci8m","timestamp":1677087661231,"id":"6a9iau4j5odiaqo","previousEventId":"dafa3czcrnkfipv","previousOperationId":"poecqjvm438ci8m"}
{"type":"log","timestamp":1677087661231,"level":"info","message":"pdf-utils is starting pdf processing","meta":{"rootId":"zr345soog3v8vvo","id":"zr345soog3v8vvo"},"id":"x9cdkysaw7lat62","previousOperationId":"poecqjvm438ci8m"}
{"type":"operationStart","subtype":"pdfUtils","name":"pdf utils","timestamp":1677087661231,"id":"d5ovr5px7thnebx","previousEventId":"6a9iau4j5odiaqo","operationId":"v6ndaqa3zrc2x5n","previousOperationId":"poecqjvm438ci8m"}
{"type":"log","timestamp":1677087661231,"level":"debug","message":"pdf-utils detected 1 pdf operation(s) to process","meta":{"rootId":"zr345soog3v8vvo","id":"zr345soog3v8vvo"},"id":"1awvk77l87f02i1","previousOperationId":"v6ndaqa3zrc2x5n"}
{"type":"log","timestamp":1677087661297,"level":"debug","message":"pdf-utils running pdf operation merge","meta":{"rootId":"zr345soog3v8vvo","id":"zr345soog3v8vvo"},"id":"gw6s925paj21aj4","previousOperationId":"v6ndaqa3zrc2x5n"}
{"type":"operationStart","subtype":"pdfUtilsMerge","name":"pdf utils merge","previousOperationId":"v6ndaqa3zrc2x5n","timestamp":1677087661297,"id":"oisf7wg2otuo1af","previousEventId":"d5ovr5px7thnebx","operationId":"djydy2zl6gxdpkv"}
{"type":"operationStart","subtype":"render","name":"orders-header","previousOperationId":"djydy2zl6gxdpkv","timestamp":1677087661298,"id":"fu2ai0yfb5jdbq3","previousEventId":"oisf7wg2otuo1af","operationId":"b6zq0s1pjzzto7v"}
{"type":"log","timestamp":1677087661298,"level":"info","message":"Starting rendering (child) request","meta":{"rootId":"zr345soog3v8vvo","id":"qqfuq6dn6vv0ben"},"id":"hk9d7x3incbnxdd","previousOperationId":"b6zq0s1pjzzto7v"}
{"type":"log","timestamp":1677087661298,"level":"info","message":"Rendering template { name: orders-header, recipe: chrome-pdf, engine: handlebars, preview: true }","meta":{"rootId":"zr345soog3v8vvo","id":"qqfuq6dn6vv0ben"},"id":"ii4c4xxq3fgjv7i","previousOperationId":"b6zq0s1pjzzto7v"}
{"type":"log","timestamp":1677087661305,"level":"debug","message":"Inline data specified.","meta":{"rootId":"zr345soog3v8vvo","id":"qqfuq6dn6vv0ben"},"id":"l8fmy7v7798hxzf","previousOperationId":"b6zq0s1pjzzto7v"}
{"type":"log","timestamp":1677087661308,"level":"debug","message":"Base url not specified, skipping its injection.","meta":{"rootId":"zr345soog3v8vvo","id":"qqfuq6dn6vv0ben"},"id":"ixehylk2sqxe16i","previousOperationId":"b6zq0s1pjzzto7v"}
{"type":"operationStart","subtype":"engine","name":"handlebars","timestamp":1677087661308,"id":"qo0o9p58kghd92a","previousEventId":"fu2ai0yfb5jdbq3","operationId":"k48ufcgtdk7um1m","previousOperationId":"b6zq0s1pjzzto7v"}
{"type":"log","timestamp":1677087661308,"level":"debug","message":"Rendering engine handlebars","meta":{"rootId":"zr345soog3v8vvo","id":"qqfuq6dn6vv0ben"},"id":"9p1bljh7fveaihl","previousOperationId":"k48ufcgtdk7um1m"}
{"type":"operationEnd","operationId":"k48ufcgtdk7um1m","timestamp":1677087661323,"id":"jyhm3i4635ktoef","previousEventId":"qo0o9p58kghd92a","previousOperationId":"k48ufcgtdk7um1m"}
{"type":"operationStart","subtype":"recipe","name":"chrome-pdf","timestamp":1677087661323,"id":"u5x5z72lh8r7vnz","previousEventId":"jyhm3i4635ktoef","operationId":"gqkl4el8fjk4kmz","previousOperationId":"k48ufcgtdk7um1m"}
{"type":"log","timestamp":1677087661323,"level":"debug","message":"Executing recipe chrome-pdf","meta":{"rootId":"zr345soog3v8vvo","id":"qqfuq6dn6vv0ben"},"id":"qww7wyuglw22655","previousOperationId":"gqkl4el8fjk4kmz"}
{"type":"log","timestamp":1677087661325,"level":"debug","message":"Converting with chrome HeadlessChrome/105.0.5173.0 using chrome-pool strategy","meta":{"rootId":"zr345soog3v8vvo","id":"qqfuq6dn6vv0ben"},"id":"wryp9a6k85y7im2","previousOperationId":"gqkl4el8fjk4kmz"}
{"type":"log","timestamp":1677087661412,"level":"debug","message":"Page request: GET (document) file:///C:/Users/Kris/AppData/Local/Temp/jsreport/autocleanup/a56dfcb5-cc68-422d-b845-1dc018e56164-chrome-pdf.html","meta":{"rootId":"zr345soog3v8vvo","id":"qqfuq6dn6vv0ben"},"id":"uuun89j2t3yt5g9","previousOperationId":"gqkl4el8fjk4kmz"}
{"type":"log","timestamp":1677087661427,"level":"debug","message":"Page request finished: GET (document) 200 file:///C:/Users/Kris/AppData/Local/Temp/jsreport/autocleanup/a56dfcb5-cc68-422d-b845-1dc018e56164-chrome-pdf.html","meta":{"rootId":"zr345soog3v8vvo","id":"qqfuq6dn6vv0ben"},"id":"4ziqtq3ptm8t044","previousOperationId":"gqkl4el8fjk4kmz"}
{"type":"log","timestamp":1677087661427,"level":"debug","message":"Page request: GET (stylesheet) https://cdnjs.cloudflare.com/ajax/libs/metro/4.1.5/css/metro.min.css","meta":{"rootId":"zr345soog3v8vvo","id":"qqfuq6dn6vv0ben"},"id":"teg6auhq9gp9duf","previousOperationId":"gqkl4el8fjk4kmz"}
{"type":"log","timestamp":1677087661449,"level":"debug","message":"Page request finished: GET (stylesheet) 200 https://cdnjs.cloudflare.com/ajax/libs/metro/4.1.5/css/metro.min.css","meta":{"rootId":"zr345soog3v8vvo","id":"qqfuq6dn6vv0ben"},"id":"3rrlxkvjzyd5qq7","previousOperationId":"gqkl4el8fjk4kmz"}
{"type":"log","timestamp":1677087661475,"level":"debug","message":"Running chrome with params {\"printBackground\":true,\"marginTop\":\"1.5cm\",\"marginRight\":\"1.5cm\",\"marginLeft\":\"1.cm\",\"timeout\":58001,\"margin\":{\"top\":\"1.5cm\",\"right\":\"1.5cm\",\"left\":\"1.cm\"}}","meta":{"rootId":"zr345soog3v8vvo","id":"qqfuq6dn6vv0ben"},"id":"hxbyst487v4t8y1","previousOperationId":"gqkl4el8fjk4kmz"}
{"type":"operationEnd","operationId":"gqkl4el8fjk4kmz","timestamp":1677087661530,"id":"b49qcadgs3dquvm","previousEventId":"u5x5z72lh8r7vnz","previousOperationId":"gqkl4el8fjk4kmz"}
{"type":"log","timestamp":1677087661530,"level":"debug","message":"Skipping storing report.","meta":{"rootId":"zr345soog3v8vvo","id":"qqfuq6dn6vv0ben"},"id":"nj39cdpxdjt15to","previousOperationId":"gqkl4el8fjk4kmz"}
{"type":"log","timestamp":1677087661531,"level":"info","message":"Rendering (child) request finished in 2206 ms","meta":{"rootId":"zr345soog3v8vvo","id":"qqfuq6dn6vv0ben"},"id":"pmlrp6nxrkjrheb","previousOperationId":"gqkl4el8fjk4kmz"}
{"type":"operationEnd","subtype":"render","operationId":"b6zq0s1pjzzto7v","timestamp":1677087661531,"id":"ij76417oda82ssd","previousEventId":"b49qcadgs3dquvm","previousOperationId":"gqkl4el8fjk4kmz"}
{"type":"operationEnd","operationId":"djydy2zl6gxdpkv","timestamp":1677087661550,"id":"bdsye1sbu8lfb9v","previousEventId":"oisf7wg2otuo1af","previousOperationId":"djydy2zl6gxdpkv"}
{"type":"log","timestamp":1677087661550,"level":"debug","message":"pdf-utils postproces start","meta":{"rootId":"zr345soog3v8vvo","id":"zr345soog3v8vvo"},"id":"dptmo2h918ca19e","previousOperationId":"djydy2zl6gxdpkv"}
{"type":"log","timestamp":1677087661576,"level":"debug","message":"pdf-utils postproces end","meta":{"rootId":"zr345soog3v8vvo","id":"zr345soog3v8vvo"},"id":"xvr4svcgycqg91h","previousOperationId":"djydy2zl6gxdpkv"}
{"type":"operationEnd","operationId":"v6ndaqa3zrc2x5n","timestamp":1677087661576,"id":"o0hjr8sjcy92q7o","previousEventId":"bdsye1sbu8lfb9v","previousOperationId":"djydy2zl6gxdpkv"}
{"type":"log","timestamp":1677087661576,"level":"info","message":"pdf-utils pdf processing was finished","meta":{"rootId":"zr345soog3v8vvo","id":"zr345soog3v8vvo"},"id":"u5qmlvjmdbt6bwe","previousOperationId":"v6ndaqa3zrc2x5n"}
{"type":"log","timestamp":1677087661576,"level":"debug","message":"Skipping storing report.","meta":{"rootId":"zr345soog3v8vvo","id":"zr345soog3v8vvo"},"id":"5ectkz73zsvtqsx","previousOperationId":"v6ndaqa3zrc2x5n"}
{"type":"log","timestamp":1677087661576,"level":"info","message":"Rendering request 5 finished in 2251 ms","meta":{"rootId":"zr345soog3v8vvo","id":"zr345soog3v8vvo"},"id":"nzid9d0d4qnx7uq","previousOperationId":"v6ndaqa3zrc2x5n"}
{"type":"operationEnd","subtype":"render","operationId":"ywda4cn2b6516q6","timestamp":1677087661576,"id":"qmtk0vjuiwjo2ww","previousEventId":"o0hjr8sjcy92q7o","previousOperationId":"v6ndaqa3zrc2x5n"}
{"type":"operationEnd","doDiffs":false,"previousEventId":"spz92knc0e4ql1a","previousOperationId":"wfx9hmqsytcmk2x","operationId":"wfx9hmqsytcmk2x","timestamp":1677087661589,"id":"6plwuztn4x47ix8"}
