2023-01-27T14:04:01.242Z - error: Report render failed
(because) error when evaluating custom script /SpaceInVRs/SpaceInVRs-mainscript
Request failed with status code 400
AxiosError: Request failed with status code 400
    at settle (C:\Users\Kris\Desktop\2DAM\Project\SpaceInVRs\backend\jsreport\node_modules\axios\dist\node\axios.cjs:1859:12)
    at IncomingMessage.handleStreamEnd (C:\Users\Kris\Desktop\2DAM\Project\SpaceInVRs\backend\jsreport\node_modules\axios\dist\node\axios.cjs:2723:11)
    at IncomingMessage.emit (node:events:525:35)
    at IncomingMessage.emit (node:domain:552:15)
    at endReadableNT (node:internal/streams/readable:1358:12)
    at processTicksAndRejections (node:internal/process/task_queues:83:21) rootId=06emb0z359n4fpe, id=06emb0z359n4fpe
2023-01-27T14:05:06.371Z - error: Report render failed
(because) error when evaluating custom script /SpaceInVRs/SpaceInVRs-mainscript
Request failed with status code 400
AxiosError: Request failed with status code 400
    at settle (C:\Users\Kris\Desktop\2DAM\Project\SpaceInVRs\backend\jsreport\node_modules\axios\dist\node\axios.cjs:1859:12)
    at IncomingMessage.handleStreamEnd (C:\Users\Kris\Desktop\2DAM\Project\SpaceInVRs\backend\jsreport\node_modules\axios\dist\node\axios.cjs:2723:11)
    at IncomingMessage.emit (node:events:525:35)
    at IncomingMessage.emit (node:domain:552:15)
    at endReadableNT (node:internal/streams/readable:1358:12)
    at processTicksAndRejections (node:internal/process/task_queues:83:21) rootId=l1nrzw1zl6yx32p, id=l1nrzw1zl6yx32p
2023-01-27T14:10:18.418Z - error: Report render failed
(because) error when evaluating custom script /SpaceInVRs/SpaceInVRs-mainscript
Request failed with status code 400
AxiosError: Request failed with status code 400
    at settle (C:\Users\Kris\Desktop\2DAM\Project\SpaceInVRs\backend\jsreport\node_modules\axios\dist\node\axios.cjs:1859:12)
    at IncomingMessage.handleStreamEnd (C:\Users\Kris\Desktop\2DAM\Project\SpaceInVRs\backend\jsreport\node_modules\axios\dist\node\axios.cjs:2723:11)
    at IncomingMessage.emit (node:events:525:35)
    at IncomingMessage.emit (node:domain:552:15)
    at endReadableNT (node:internal/streams/readable:1358:12)
    at processTicksAndRejections (node:internal/process/task_queues:83:21) rootId=0ngx7d1w3lg8pxw, id=0ngx7d1w3lg8pxw
2023-01-27T14:16:59.218Z - error: Report render failed
(because) error when evaluating custom script /SpaceInVRs/SpaceInVRs-mainscript
Request failed with status code 400
AxiosError: Request failed with status code 400
    at settle (C:\Users\Kris\Desktop\2DAM\Project\SpaceInVRs\backend\jsreport\node_modules\axios\dist\node\axios.cjs:1859:12)
    at IncomingMessage.handleStreamEnd (C:\Users\Kris\Desktop\2DAM\Project\SpaceInVRs\backend\jsreport\node_modules\axios\dist\node\axios.cjs:2723:11)
    at IncomingMessage.emit (node:events:525:35)
    at IncomingMessage.emit (node:domain:552:15)
    at endReadableNT (node:internal/streams/readable:1358:12)
    at processTicksAndRejections (node:internal/process/task_queues:83:21) rootId=zwlluxrgj3zgul3, id=zwlluxrgj3zgul3
2023-01-27T14:17:00.968Z - error: Report render failed
(because) error when evaluating custom script /SpaceInVRs/SpaceInVRs-mainscript
Request failed with status code 400
AxiosError: Request failed with status code 400
    at settle (C:\Users\Kris\Desktop\2DAM\Project\SpaceInVRs\backend\jsreport\node_modules\axios\dist\node\axios.cjs:1859:12)
    at IncomingMessage.handleStreamEnd (C:\Users\Kris\Desktop\2DAM\Project\SpaceInVRs\backend\jsreport\node_modules\axios\dist\node\axios.cjs:2723:11)
    at IncomingMessage.emit (node:events:525:35)
    at IncomingMessage.emit (node:domain:552:15)
    at endReadableNT (node:internal/streams/readable:1358:12)
    at processTicksAndRejections (node:internal/process/task_queues:83:21) rootId=mfiyve304t2fy7l, id=mfiyve304t2fy7l
2023-01-27T14:17:19.176Z - error: Report render failed
(because) error when evaluating custom script /SpaceInVRs/SpaceInVRs-mainscript
Request failed with status code 400
AxiosError: Request failed with status code 400
    at settle (C:\Users\Kris\Desktop\2DAM\Project\SpaceInVRs\backend\jsreport\node_modules\axios\dist\node\axios.cjs:1859:12)
    at IncomingMessage.handleStreamEnd (C:\Users\Kris\Desktop\2DAM\Project\SpaceInVRs\backend\jsreport\node_modules\axios\dist\node\axios.cjs:2723:11)
    at IncomingMessage.emit (node:events:525:35)
    at IncomingMessage.emit (node:domain:552:15)
    at endReadableNT (node:internal/streams/readable:1358:12)
    at processTicksAndRejections (node:internal/process/task_queues:83:21) rootId=mcudl10jc6x8568, id=mcudl10jc6x8568
2023-01-27T14:17:28.708Z - error: Report render failed
(because) error when evaluating custom script /SpaceInVRs/SpaceInVRs-mainscript
Request failed with status code 400
AxiosError: Request failed with status code 400
    at settle (C:\Users\Kris\Desktop\2DAM\Project\SpaceInVRs\backend\jsreport\node_modules\axios\dist\node\axios.cjs:1859:12)
    at IncomingMessage.handleStreamEnd (C:\Users\Kris\Desktop\2DAM\Project\SpaceInVRs\backend\jsreport\node_modules\axios\dist\node\axios.cjs:2723:11)
    at IncomingMessage.emit (node:events:525:35)
    at IncomingMessage.emit (node:domain:552:15)
    at endReadableNT (node:internal/streams/readable:1358:12)
    at processTicksAndRejections (node:internal/process/task_queues:83:21) rootId=t2ae7mk9brwmdzg, id=t2ae7mk9brwmdzg
2023-01-27T14:18:10.730Z - error: Report render failed
(because) error when evaluating custom script /SpaceInVRs/SpaceInVRs-mainscript
Request failed with status code 400
AxiosError: Request failed with status code 400
    at settle (C:\Users\Kris\Desktop\2DAM\Project\SpaceInVRs\backend\jsreport\node_modules\axios\dist\node\axios.cjs:1859:12)
    at IncomingMessage.handleStreamEnd (C:\Users\Kris\Desktop\2DAM\Project\SpaceInVRs\backend\jsreport\node_modules\axios\dist\node\axios.cjs:2723:11)
    at IncomingMessage.emit (node:events:525:35)
    at IncomingMessage.emit (node:domain:552:15)
    at endReadableNT (node:internal/streams/readable:1358:12)
    at processTicksAndRejections (node:internal/process/task_queues:83:21) rootId=lj04j7fom2al6bx, id=lj04j7fom2al6bx
2023-01-27T14:18:53.585Z - error: Report render failed
(because) error when evaluating custom script /SpaceInVRs/SpaceInVRs-mainscript
Request failed with status code 400
AxiosError: Request failed with status code 400
    at settle (C:\Users\Kris\Desktop\2DAM\Project\SpaceInVRs\backend\jsreport\node_modules\axios\dist\node\axios.cjs:1859:12)
    at IncomingMessage.handleStreamEnd (C:\Users\Kris\Desktop\2DAM\Project\SpaceInVRs\backend\jsreport\node_modules\axios\dist\node\axios.cjs:2723:11)
    at IncomingMessage.emit (node:events:525:35)
    at IncomingMessage.emit (node:domain:552:15)
    at endReadableNT (node:internal/streams/readable:1358:12)
    at processTicksAndRejections (node:internal/process/task_queues:83:21) rootId=ouqr9px6a33tdoy, id=ouqr9px6a33tdoy
2023-01-27T15:15:35.778Z - error: Report render failed
(because) error when evaluating custom script /SpaceInVRs/SpaceInVRs-mainscript
Request failed with status code 400
AxiosError: Request failed with status code 400
    at settle (C:\Users\Kris\Desktop\2DAM\Project\SpaceInVRs\backend\jsreport\node_modules\axios\dist\node\axios.cjs:1859:12)
    at IncomingMessage.handleStreamEnd (C:\Users\Kris\Desktop\2DAM\Project\SpaceInVRs\backend\jsreport\node_modules\axios\dist\node\axios.cjs:2723:11)
    at IncomingMessage.emit (node:events:525:35)
    at IncomingMessage.emit (node:domain:552:15)
    at endReadableNT (node:internal/streams/readable:1358:12)
    at processTicksAndRejections (node:internal/process/task_queues:83:21) rootId=t9jfmm36wmbit8p, id=t9jfmm36wmbit8p
2023-01-27T15:15:36.672Z - error: Report render failed
(because) error when evaluating custom script /SpaceInVRs/SpaceInVRs-mainscript
Request failed with status code 400
AxiosError: Request failed with status code 400
    at settle (C:\Users\Kris\Desktop\2DAM\Project\SpaceInVRs\backend\jsreport\node_modules\axios\dist\node\axios.cjs:1859:12)
    at IncomingMessage.handleStreamEnd (C:\Users\Kris\Desktop\2DAM\Project\SpaceInVRs\backend\jsreport\node_modules\axios\dist\node\axios.cjs:2723:11)
    at IncomingMessage.emit (node:events:525:35)
    at IncomingMessage.emit (node:domain:552:15)
    at endReadableNT (node:internal/streams/readable:1358:12)
    at processTicksAndRejections (node:internal/process/task_queues:83:21) rootId=s4x411v03b1cbo5, id=s4x411v03b1cbo5
2023-01-27T15:15:37.317Z - error: Report render failed
(because) error when evaluating custom script /SpaceInVRs/SpaceInVRs-mainscript
Request failed with status code 400
AxiosError: Request failed with status code 400
    at settle (C:\Users\Kris\Desktop\2DAM\Project\SpaceInVRs\backend\jsreport\node_modules\axios\dist\node\axios.cjs:1859:12)
    at IncomingMessage.handleStreamEnd (C:\Users\Kris\Desktop\2DAM\Project\SpaceInVRs\backend\jsreport\node_modules\axios\dist\node\axios.cjs:2723:11)
    at IncomingMessage.emit (node:events:525:35)
    at IncomingMessage.emit (node:domain:552:15)
    at endReadableNT (node:internal/streams/readable:1358:12)
    at processTicksAndRejections (node:internal/process/task_queues:83:21) rootId=32q991dk2yeijau, id=32q991dk2yeijau
2023-01-27T15:16:08.133Z - error: Report render failed
(because) error when evaluating custom script /SpaceInVRs/SpaceInVRs-mainscript
Request failed with status code 400
AxiosError: Request failed with status code 400
    at settle (C:\Users\Kris\Desktop\2DAM\Project\SpaceInVRs\backend\jsreport\node_modules\axios\dist\node\axios.cjs:1859:12)
    at IncomingMessage.handleStreamEnd (C:\Users\Kris\Desktop\2DAM\Project\SpaceInVRs\backend\jsreport\node_modules\axios\dist\node\axios.cjs:2723:11)
    at IncomingMessage.emit (node:events:525:35)
    at IncomingMessage.emit (node:domain:552:15)
    at endReadableNT (node:internal/streams/readable:1358:12)
    at processTicksAndRejections (node:internal/process/task_queues:83:21) rootId=4hyymdr2fed3xkf, id=4hyymdr2fed3xkf
2023-01-27T15:18:19.010Z - error: Report render failed
(because) error when evaluating custom script /SpaceInVRs/SpaceInVRs-mainscript
Request failed with status code 400
AxiosError: Request failed with status code 400
    at settle (C:\Users\Kris\Desktop\2DAM\Project\SpaceInVRs\backend\jsreport\node_modules\axios\dist\node\axios.cjs:1859:12)
    at IncomingMessage.handleStreamEnd (C:\Users\Kris\Desktop\2DAM\Project\SpaceInVRs\backend\jsreport\node_modules\axios\dist\node\axios.cjs:2723:11)
    at IncomingMessage.emit (node:events:525:35)
    at IncomingMessage.emit (node:domain:552:15)
    at endReadableNT (node:internal/streams/readable:1358:12)
    at processTicksAndRejections (node:internal/process/task_queues:83:21) rootId=rfxx0h8th0ruya2, id=rfxx0h8th0ruya2
2023-01-27T15:25:21.089Z - error: Report render failed
(because) error when evaluating custom script /SpaceInVRs/SpaceInVRs-mainscript
Request failed with status code 400
AxiosError: Request failed with status code 400
    at settle (C:\Users\Kris\Desktop\2DAM\Project\SpaceInVRs\backend\jsreport\node_modules\axios\dist\node\axios.cjs:1859:12)
    at IncomingMessage.handleStreamEnd (C:\Users\Kris\Desktop\2DAM\Project\SpaceInVRs\backend\jsreport\node_modules\axios\dist\node\axios.cjs:2723:11)
    at IncomingMessage.emit (node:events:525:35)
    at IncomingMessage.emit (node:domain:552:15)
    at endReadableNT (node:internal/streams/readable:1358:12)
    at processTicksAndRejections (node:internal/process/task_queues:83:21) rootId=yh96zummkog7jrx, id=yh96zummkog7jrx
2023-01-27T15:25:38.482Z - error: Report render failed
(because) error when evaluating custom script /SpaceInVRs/SpaceInVRs-mainscript
Request failed with status code 400
AxiosError: Request failed with status code 400
    at settle (C:\Users\Kris\Desktop\2DAM\Project\SpaceInVRs\backend\jsreport\node_modules\axios\dist\node\axios.cjs:1859:12)
    at IncomingMessage.handleStreamEnd (C:\Users\Kris\Desktop\2DAM\Project\SpaceInVRs\backend\jsreport\node_modules\axios\dist\node\axios.cjs:2723:11)
    at IncomingMessage.emit (node:events:525:35)
    at IncomingMessage.emit (node:domain:552:15)
    at endReadableNT (node:internal/streams/readable:1358:12)
    at processTicksAndRejections (node:internal/process/task_queues:83:21) rootId=6bt5acl13niawii, id=6bt5acl13niawii
2023-01-27T15:25:50.559Z - error: Report render failed
(because) error when evaluating custom script /SpaceInVRs/SpaceInVRs-mainscript
Request failed with status code 400
AxiosError: Request failed with status code 400
    at settle (C:\Users\Kris\Desktop\2DAM\Project\SpaceInVRs\backend\jsreport\node_modules\axios\dist\node\axios.cjs:1859:12)
    at IncomingMessage.handleStreamEnd (C:\Users\Kris\Desktop\2DAM\Project\SpaceInVRs\backend\jsreport\node_modules\axios\dist\node\axios.cjs:2723:11)
    at IncomingMessage.emit (node:events:525:35)
    at IncomingMessage.emit (node:domain:552:15)
    at endReadableNT (node:internal/streams/readable:1358:12)
    at processTicksAndRejections (node:internal/process/task_queues:83:21) rootId=fnhlksko7kre5yb, id=fnhlksko7kre5yb
2023-01-27T15:32:05.136Z - error: Report render failed
(because) error when evaluating custom script /SpaceInVRs/SpaceInVRs-mainscript
Request failed with status code 400
AxiosError: Request failed with status code 400
    at settle (C:\Users\Kris\Desktop\2DAM\Project\SpaceInVRs\backend\jsreport\node_modules\axios\dist\node\axios.cjs:1859:12)
    at IncomingMessage.handleStreamEnd (C:\Users\Kris\Desktop\2DAM\Project\SpaceInVRs\backend\jsreport\node_modules\axios\dist\node\axios.cjs:2723:11)
    at IncomingMessage.emit (node:events:525:35)
    at IncomingMessage.emit (node:domain:552:15)
    at endReadableNT (node:internal/streams/readable:1358:12)
    at processTicksAndRejections (node:internal/process/task_queues:83:21) rootId=p7vob85mopp4up1, id=p7vob85mopp4up1
2023-01-27T15:34:23.129Z - error: Report render failed
(because) error when evaluating custom script /SpaceInVRs/SpaceInVRs-mainscript
Request failed with status code 400
AxiosError: Request failed with status code 400
    at settle (C:\Users\Kris\Desktop\2DAM\Project\SpaceInVRs\backend\jsreport\node_modules\axios\dist\node\axios.cjs:1859:12)
    at IncomingMessage.handleStreamEnd (C:\Users\Kris\Desktop\2DAM\Project\SpaceInVRs\backend\jsreport\node_modules\axios\dist\node\axios.cjs:2723:11)
    at IncomingMessage.emit (node:events:525:35)
    at IncomingMessage.emit (node:domain:552:15)
    at endReadableNT (node:internal/streams/readable:1358:12)
    at processTicksAndRejections (node:internal/process/task_queues:83:21) rootId=28mdn41tun69t3v, id=28mdn41tun69t3v
2023-01-27T15:35:01.557Z - error: Report render failed
(because) error when evaluating custom script /SpaceInVRs/SpaceInVRs-mainscript
Request failed with status code 400
AxiosError: Request failed with status code 400
    at settle (C:\Users\Kris\Desktop\2DAM\Project\SpaceInVRs\backend\jsreport\node_modules\axios\dist\node\axios.cjs:1859:12)
    at IncomingMessage.handleStreamEnd (C:\Users\Kris\Desktop\2DAM\Project\SpaceInVRs\backend\jsreport\node_modules\axios\dist\node\axios.cjs:2723:11)
    at IncomingMessage.emit (node:events:525:35)
    at IncomingMessage.emit (node:domain:552:15)
    at endReadableNT (node:internal/streams/readable:1358:12)
    at processTicksAndRejections (node:internal/process/task_queues:83:21) rootId=mw59xtt8f5z7qnf, id=mw59xtt8f5z7qnf
2023-01-27T15:37:12.083Z - error: Report render failed
(because) error when evaluating custom script /SpaceInVRs/SpaceInVRs-mainscript
Request failed with status code 400
AxiosError: Request failed with status code 400
    at settle (C:\Users\Kris\Desktop\2DAM\Project\SpaceInVRs\backend\jsreport\node_modules\axios\dist\node\axios.cjs:1859:12)
    at IncomingMessage.handleStreamEnd (C:\Users\Kris\Desktop\2DAM\Project\SpaceInVRs\backend\jsreport\node_modules\axios\dist\node\axios.cjs:2723:11)
    at IncomingMessage.emit (node:events:525:35)
    at IncomingMessage.emit (node:domain:552:15)
    at endReadableNT (node:internal/streams/readable:1358:12)
    at processTicksAndRejections (node:internal/process/task_queues:83:21) rootId=x2yewguc135dtfk, id=x2yewguc135dtfk
2023-01-27T15:44:53.088Z - error: Report render failed
(because) error when evaluating custom script /SpaceInVRs/SpaceInVRs-mainscript
Request failed with status code 400
AxiosError: Request failed with status code 400
    at settle (C:\Users\Kris\Desktop\2DAM\Project\SpaceInVRs\backend\jsreport\node_modules\axios\dist\node\axios.cjs:1859:12)
    at IncomingMessage.handleStreamEnd (C:\Users\Kris\Desktop\2DAM\Project\SpaceInVRs\backend\jsreport\node_modules\axios\dist\node\axios.cjs:2723:11)
    at IncomingMessage.emit (node:events:525:35)
    at IncomingMessage.emit (node:domain:552:15)
    at endReadableNT (node:internal/streams/readable:1358:12)
    at processTicksAndRejections (node:internal/process/task_queues:83:21) rootId=fd44gdrjgmwu185, id=fd44gdrjgmwu185
2023-01-27T15:46:02.964Z - error: Report render failed
(because) error when evaluating custom script /SpaceInVRs/SpaceInVRs-mainscript
Request failed with status code 400
AxiosError: Request failed with status code 400
    at settle (C:\Users\Kris\Desktop\2DAM\Project\SpaceInVRs\backend\jsreport\node_modules\axios\dist\node\axios.cjs:1859:12)
    at IncomingMessage.handleStreamEnd (C:\Users\Kris\Desktop\2DAM\Project\SpaceInVRs\backend\jsreport\node_modules\axios\dist\node\axios.cjs:2723:11)
    at IncomingMessage.emit (node:events:525:35)
    at IncomingMessage.emit (node:domain:552:15)
    at endReadableNT (node:internal/streams/readable:1358:12)
    at processTicksAndRejections (node:internal/process/task_queues:83:21) rootId=6eho22o6415qxc9, id=6eho22o6415qxc9
2023-01-27T15:46:33.057Z - error: Report render failed
(because) error when evaluating custom script /SpaceInVRs/SpaceInVRs-mainscript
Request failed with status code 400
AxiosError: Request failed with status code 400
    at settle (C:\Users\Kris\Desktop\2DAM\Project\SpaceInVRs\backend\jsreport\node_modules\axios\dist\node\axios.cjs:1859:12)
    at IncomingMessage.handleStreamEnd (C:\Users\Kris\Desktop\2DAM\Project\SpaceInVRs\backend\jsreport\node_modules\axios\dist\node\axios.cjs:2723:11)
    at IncomingMessage.emit (node:events:525:35)
    at IncomingMessage.emit (node:domain:552:15)
    at endReadableNT (node:internal/streams/readable:1358:12)
    at processTicksAndRejections (node:internal/process/task_queues:83:21) rootId=qqf82exyrodthf0, id=qqf82exyrodthf0
2023-01-27T15:47:04.116Z - error: Report render failed
(because) error when evaluating custom script /SpaceInVRs/SpaceInVRs-mainscript
Request failed with status code 400
AxiosError: Request failed with status code 400
    at settle (C:\Users\Kris\Desktop\2DAM\Project\SpaceInVRs\backend\jsreport\node_modules\axios\dist\node\axios.cjs:1859:12)
    at IncomingMessage.handleStreamEnd (C:\Users\Kris\Desktop\2DAM\Project\SpaceInVRs\backend\jsreport\node_modules\axios\dist\node\axios.cjs:2723:11)
    at IncomingMessage.emit (node:events:525:35)
    at IncomingMessage.emit (node:domain:552:15)
    at endReadableNT (node:internal/streams/readable:1358:12)
    at processTicksAndRejections (node:internal/process/task_queues:83:21) rootId=ncwhwrmlj0spfe5, id=ncwhwrmlj0spfe5
2023-01-27T15:50:31.987Z - error: Report render failed
(because) error when evaluating custom script /SpaceInVRs/SpaceInVRs-mainscript
Request failed with status code 500
AxiosError: Request failed with status code 500
    at settle (C:\Users\Kris\Desktop\2DAM\Project\SpaceInVRs\backend\jsreport\node_modules\axios\dist\node\axios.cjs:1859:12)
    at IncomingMessage.handleStreamEnd (C:\Users\Kris\Desktop\2DAM\Project\SpaceInVRs\backend\jsreport\node_modules\axios\dist\node\axios.cjs:2723:11)
    at IncomingMessage.emit (node:events:525:35)
    at IncomingMessage.emit (node:domain:552:15)
    at endReadableNT (node:internal/streams/readable:1358:12)
    at processTicksAndRejections (node:internal/process/task_queues:83:21) rootId=9coc1np38iw7oe3, id=9coc1np38iw7oe3
2023-01-27T15:54:40.272Z - error: Report render failed
(because) error when evaluating custom script /SpaceInVRs/SpaceInVRs-mainscript
Request failed with status code 400
AxiosError: Request failed with status code 400
    at settle (C:\Users\Kris\Desktop\2DAM\Project\SpaceInVRs\backend\jsreport\node_modules\axios\dist\node\axios.cjs:1859:12)
    at IncomingMessage.handleStreamEnd (C:\Users\Kris\Desktop\2DAM\Project\SpaceInVRs\backend\jsreport\node_modules\axios\dist\node\axios.cjs:2723:11)
    at IncomingMessage.emit (node:events:525:35)
    at IncomingMessage.emit (node:domain:552:15)
    at endReadableNT (node:internal/streams/readable:1358:12)
    at processTicksAndRejections (node:internal/process/task_queues:83:21) rootId=5sxjbu630j5iszj, id=5sxjbu630j5iszj
